[rospy.client][INFO] 2021-05-18 15:51:46,389: init_node, name[/servo_commands], pid[90164]
[xmlrpc][INFO] 2021-05-18 15:51:46,389: XML-RPC server binding to 0.0.0.0:0
[xmlrpc][INFO] 2021-05-18 15:51:46,390: Started XML-RPC server [http://ubuntu:34651/]
[rospy.impl.masterslave][INFO] 2021-05-18 15:51:46,390: _ready: http://ubuntu:34651/
[rospy.registration][INFO] 2021-05-18 15:51:46,391: Registering with master node http://localhost:11311
[xmlrpc][INFO] 2021-05-18 15:51:46,392: xml rpc node: starting XML-RPC server
[rospy.init][INFO] 2021-05-18 15:51:46,393: ROS Slave URI: [http://ubuntu:34651/]
[rospy.init][INFO] 2021-05-18 15:51:46,393: registered with master
[rospy.rosout][INFO] 2021-05-18 15:51:46,393: initializing /rosout core topic
[rospy.rosout][INFO] 2021-05-18 15:51:46,404: connected to core topic /rosout
[rospy.simtime][INFO] 2021-05-18 15:51:46,432: initializing /clock core topic
[rospy.simtime][INFO] 2021-05-18 15:51:46,452: connected to core topic /clock
[rospy.internal][INFO] 2021-05-18 15:51:46,482: topic[/vesc/low_level/ackermann_cmd_mux/output] adding connection to [http://ubuntu:40543/], count 0
[rospy.internal][INFO] 2021-05-18 15:51:46,632: topic[/rosout] adding connection to [/rosout], count 0
[rospy.internal][INFO] 2021-05-18 15:51:49,567: topic[/clock] adding connection to [http://ubuntu:36257/], count 0
[rospy.internal][INFO] 2021-05-18 15:51:51,472: topic[/racecar/left_rear_wheel_velocity_controller/command] adding connection to [/gazebo], count 0
[rospy.internal][INFO] 2021-05-18 15:51:51,683: topic[/racecar/left_front_wheel_velocity_controller/command] adding connection to [/gazebo], count 0
[rospy.internal][INFO] 2021-05-18 15:51:51,684: topic[/racecar/right_rear_wheel_velocity_controller/command] adding connection to [/gazebo], count 0
[rospy.internal][INFO] 2021-05-18 15:51:51,799: topic[/racecar/right_front_wheel_velocity_controller/command] adding connection to [/gazebo], count 0
[rospy.internal][INFO] 2021-05-18 15:51:51,973: topic[/racecar/left_steering_hinge_position_controller/command] adding connection to [/gazebo], count 0
[rospy.internal][INFO] 2021-05-18 15:51:51,973: topic[/racecar/right_steering_hinge_position_controller/command] adding connection to [/gazebo], count 0
[rospy.core][INFO] 2021-05-18 15:52:17,330: signal_shutdown [signal-2]
[rospy.internal][INFO] 2021-05-18 15:52:17,334: topic[/racecar/right_steering_hinge_position_controller/command] removing connection to /gazebo
[rospy.internal][INFO] 2021-05-18 15:52:17,335: topic[/racecar/left_rear_wheel_velocity_controller/command] removing connection to /gazebo
[rospy.internal][INFO] 2021-05-18 15:52:17,335: topic[/racecar/left_steering_hinge_position_controller/command] removing connection to /gazebo
[rospy.internal][INFO] 2021-05-18 15:52:17,335: topic[/racecar/right_rear_wheel_velocity_controller/command] removing connection to /gazebo
[rospy.internal][INFO] 2021-05-18 15:52:17,336: topic[/racecar/left_front_wheel_velocity_controller/command] removing connection to /gazebo
[rospy.internal][INFO] 2021-05-18 15:52:17,336: topic[/rosout] removing connection to /rosout
[rospy.internal][INFO] 2021-05-18 15:52:17,336: topic[/racecar/right_front_wheel_velocity_controller/command] removing connection to /gazebo
[rospy.internal][INFO] 2021-05-18 15:52:17,337: topic[/clock] removing connection to http://ubuntu:36257/
[rospy.internal][WARNING] 2021-05-18 15:52:17,338: Unknown error initiating TCP/IP socket to ubuntu:50041 (http://ubuntu:36257/): Traceback (most recent call last):
  File "/opt/ros/melodic/lib/python2.7/dist-packages/rospy/impl/tcpros_base.py", line 562, in connect
    self.read_header()
  File "/opt/ros/melodic/lib/python2.7/dist-packages/rospy/impl/tcpros_base.py", line 657, in read_header
    self._validate_header(read_ros_handshake_header(sock, self.read_buff, self.protocol.buff_size))
AttributeError: 'NoneType' object has no attribute 'buff_size'

[rospy.topics][ERROR] 2021-05-18 15:52:17,340: Traceback (most recent call last):
  File "/opt/ros/melodic/lib/python2.7/dist-packages/rospy/topics.py", line 326, in close
    c.close()
  File "/opt/ros/melodic/lib/python2.7/dist-packages/rospy/impl/tcpros_base.py", line 846, in close
    self.socket.close()
AttributeError: 'NoneType' object has no attribute 'close'

[rospy.internal][INFO] 2021-05-18 15:52:17,340: topic[/vesc/low_level/ackermann_cmd_mux/output] removing connection to http://ubuntu:40543/
[rospy.impl.masterslave][INFO] 2021-05-18 15:52:17,340: signal-2
[rospy.core][INFO] 2021-05-18 15:52:17,457: signal_shutdown [atexit]
