2021-04-14T07:35:22.775706Z 0 [Note] Giving 0 client threads a chance to die gracefully
2021-04-14T07:35:22.776828Z 0 [Note] Shutting down slave threads
2021-04-14T07:35:22.776848Z 0 [Note] Forcefully disconnecting 0 remaining clients
2021-04-14T07:35:22.788664Z 0 [Note] Event Scheduler: Purging the queue. 0 events
2021-04-14T07:35:22.826727Z 0 [Note] Binlog end
2021-04-14T07:35:23.119367Z 0 [Note] Shutting down plugin 'auth_socket'
2021-04-14T07:35:23.127310Z 0 [Note] Shutting down plugin 'ngram'
2021-04-14T07:35:23.127976Z 0 [Note] Shutting down plugin 'partition'
2021-04-14T07:35:23.127989Z 0 [Note] Shutting down plugin 'BLACKHOLE'
2021-04-14T07:35:23.132578Z 0 [Note] Shutting down plugin 'ARCHIVE'
2021-04-14T07:35:23.132592Z 0 [Note] Shutting down plugin 'PERFORMANCE_SCHEMA'
2021-04-14T07:35:23.135324Z 0 [Note] Shutting down plugin 'MRG_MYISAM'
2021-04-14T07:35:23.135340Z 0 [Note] Shutting down plugin 'MyISAM'
2021-04-14T07:35:23.140087Z 0 [Note] Shutting down plugin 'INNODB_SYS_VIRTUAL'
2021-04-14T07:35:23.146956Z 0 [Note] Shutting down plugin 'INNODB_SYS_DATAFILES'
2021-04-14T07:35:23.146969Z 0 [Note] Shutting down plugin 'INNODB_SYS_TABLESPACES'
2021-04-14T07:35:23.146972Z 0 [Note] Shutting down plugin 'INNODB_SYS_FOREIGN_COLS'
2021-04-14T07:35:23.146975Z 0 [Note] Shutting down plugin 'INNODB_SYS_FOREIGN'
2021-04-14T07:35:23.146977Z 0 [Note] Shutting down plugin 'INNODB_SYS_FIELDS'
2021-04-14T07:35:23.146979Z 0 [Note] Shutting down plugin 'INNODB_SYS_COLUMNS'
2021-04-14T07:35:23.146981Z 0 [Note] Shutting down plugin 'INNODB_SYS_INDEXES'
2021-04-14T07:35:23.146983Z 0 [Note] Shutting down plugin 'INNODB_SYS_TABLESTATS'
2021-04-14T07:35:23.146985Z 0 [Note] Shutting down plugin 'INNODB_SYS_TABLES'
2021-04-14T07:35:23.146988Z 0 [Note] Shutting down plugin 'INNODB_FT_INDEX_TABLE'
2021-04-14T07:35:23.146990Z 0 [Note] Shutting down plugin 'INNODB_FT_INDEX_CACHE'
2021-04-14T07:35:23.146992Z 0 [Note] Shutting down plugin 'INNODB_FT_CONFIG'
2021-04-14T07:35:23.146994Z 0 [Note] Shutting down plugin 'INNODB_FT_BEING_DELETED'
2021-04-14T07:35:23.146996Z 0 [Note] Shutting down plugin 'INNODB_FT_DELETED'
2021-04-14T07:35:23.146998Z 0 [Note] Shutting down plugin 'INNODB_FT_DEFAULT_STOPWORD'
2021-04-14T07:35:23.147000Z 0 [Note] Shutting down plugin 'INNODB_METRICS'
2021-04-14T07:35:23.147002Z 0 [Note] Shutting down plugin 'INNODB_TEMP_TABLE_INFO'
2021-04-14T07:35:23.147004Z 0 [Note] Shutting down plugin 'INNODB_BUFFER_POOL_STATS'
2021-04-14T07:35:23.147006Z 0 [Note] Shutting down plugin 'INNODB_BUFFER_PAGE_LRU'
2021-04-14T07:35:23.147008Z 0 [Note] Shutting down plugin 'INNODB_BUFFER_PAGE'
2021-04-14T07:35:23.147010Z 0 [Note] Shutting down plugin 'INNODB_CMP_PER_INDEX_RESET'
2021-04-14T07:35:23.147012Z 0 [Note] Shutting down plugin 'INNODB_CMP_PER_INDEX'
2021-04-14T07:35:23.147015Z 0 [Note] Shutting down plugin 'INNODB_CMPMEM_RESET'
2021-04-14T07:35:23.147884Z 0 [Note] Shutting down plugin 'INNODB_CMPMEM'
2021-04-14T07:35:23.147894Z 0 [Note] Shutting down plugin 'INNODB_CMP_RESET'
2021-04-14T07:35:23.147897Z 0 [Note] Shutting down plugin 'INNODB_CMP'
2021-04-14T07:35:23.147899Z 0 [Note] Shutting down plugin 'INNODB_LOCK_WAITS'
2021-04-14T07:35:23.147901Z 0 [Note] Shutting down plugin 'INNODB_LOCKS'
2021-04-14T07:35:23.147903Z 0 [Note] Shutting down plugin 'INNODB_TRX'
2021-04-14T07:35:23.147906Z 0 [Note] Shutting down plugin 'InnoDB'
2021-04-14T07:35:23.207254Z 0 [Note] InnoDB: FTS optimize thread exiting.
2021-04-14T07:35:23.216863Z 0 [Note] InnoDB: Starting shutdown...
2021-04-14T07:35:23.336886Z 0 [Note] InnoDB: Dumping buffer pool(s) to /var/lib/mysql/ib_buffer_pool
2021-04-14T07:35:23.343953Z 0 [Note] InnoDB: Buffer pool(s) dump completed at 210414  0:35:23
2021-04-14T07:35:26.574298Z 0 [Note] InnoDB: Shutdown completed; log sequence number 2890426
2021-04-14T07:35:26.575539Z 0 [Note] InnoDB: Removed temporary tablespace data file: "ibtmp1"
2021-04-14T07:35:26.575562Z 0 [Note] Shutting down plugin 'MEMORY'
2021-04-14T07:35:26.575574Z 0 [Note] Shutting down plugin 'CSV'
2021-04-14T07:35:26.575582Z 0 [Note] Shutting down plugin 'sha256_password'
2021-04-14T07:35:26.575591Z 0 [Note] Shutting down plugin 'mysql_native_password'
2021-04-14T07:35:26.600910Z 0 [Note] Shutting down plugin 'binlog'
2021-04-14T07:35:26.715206Z 0 [Note] 
