2021/04/27 13:48:48 [debug] 49204#49204: epoll add event: fd:6 op:1 ev:10000001
2021/04/27 13:48:48 [debug] 49204#49204: epoll add event: fd:7 op:1 ev:10000001
2021/04/27 13:48:48 [debug] 49205#49205: epoll add event: fd:6 op:1 ev:10000001
2021/04/27 13:48:48 [debug] 49205#49205: epoll add event: fd:7 op:1 ev:10000001
2021/04/27 13:48:48 [debug] 49206#49206: epoll add event: fd:6 op:1 ev:10000001
2021/04/27 13:48:48 [debug] 49206#49206: epoll add event: fd:7 op:1 ev:10000001
2021/04/27 13:48:48 [debug] 49207#49207: epoll add event: fd:6 op:1 ev:10000001
2021/04/27 13:48:48 [debug] 49207#49207: epoll add event: fd:7 op:1 ev:10000001
2021/04/27 13:48:48 [debug] 49205#49205: epoll del event: fd:6 op:2 ev:00000000
2021/04/27 13:48:48 [debug] 49204#49204: epoll del event: fd:6 op:2 ev:00000000
2021/04/27 13:48:48 [debug] 49207#49207: epoll del event: fd:6 op:2 ev:00000000
2021/04/27 13:48:48 [debug] 49205#49205: epoll del event: fd:7 op:2 ev:00000000
2021/04/27 13:48:48 [debug] 49204#49204: epoll del event: fd:7 op:2 ev:00000000
2021/04/27 13:48:48 [debug] 49206#49206: epoll del event: fd:6 op:2 ev:00000000
2021/04/27 13:48:48 [debug] 49207#49207: epoll del event: fd:7 op:2 ev:00000000
2021/04/27 13:48:48 [debug] 49206#49206: epoll del event: fd:7 op:2 ev:00000000
2021/04/27 13:48:49 [debug] 49218#49218: epoll add event: fd:6 op:1 ev:10000001
2021/04/27 13:48:49 [debug] 49218#49218: epoll add event: fd:7 op:1 ev:10000001
2021/04/27 13:48:49 [debug] 49219#49219: epoll add event: fd:6 op:1 ev:10000001
2021/04/27 13:48:49 [debug] 49219#49219: epoll add event: fd:7 op:1 ev:10000001
2021/04/27 13:48:49 [debug] 49220#49220: epoll add event: fd:6 op:1 ev:10000001
2021/04/27 13:48:49 [debug] 49220#49220: epoll add event: fd:7 op:1 ev:10000001
2021/04/27 13:48:49 [debug] 49221#49221: epoll add event: fd:6 op:1 ev:10000001
2021/04/27 13:48:49 [debug] 49221#49221: epoll add event: fd:7 op:1 ev:10000001
2021/04/27 13:48:52 [debug] 49218#49218: accept on 0.0.0.0:80, ready: 0
2021/04/27 13:48:52 [debug] 49218#49218: posix_memalign: 0000562906A0B920:512 @16
2021/04/27 13:48:52 [debug] 49218#49218: *1 accept: 127.0.0.1:47024 fd:13
2021/04/27 13:48:52 [debug] 49218#49218: *1 event timer add: 13: 60000:74007667
2021/04/27 13:48:52 [debug] 49218#49218: *1 reusable connection: 1
2021/04/27 13:48:52 [debug] 49218#49218: *1 epoll add event: fd:13 op:1 ev:80002001
2021/04/27 13:48:52 [debug] 49218#49218: *1 http wait request handler
2021/04/27 13:48:52 [debug] 49218#49218: *1 malloc: 0000562906A0C330:1024
2021/04/27 13:48:52 [debug] 49218#49218: *1 recv: eof:0, avail:1
2021/04/27 13:48:52 [debug] 49218#49218: *1 recv: fd:13 399 of 1024
2021/04/27 13:48:52 [debug] 49218#49218: *1 reusable connection: 0
2021/04/27 13:48:52 [debug] 49218#49218: *1 posix_memalign: 0000562906A22B40:4096 @16
2021/04/27 13:48:52 [debug] 49218#49218: *1 http process request line
2021/04/27 13:48:52 [debug] 49218#49218: *1 http request line: "GET / HTTP/1.1"
2021/04/27 13:48:52 [debug] 49218#49218: *1 http uri: "/"
2021/04/27 13:48:52 [debug] 49218#49218: *1 http args: ""
2021/04/27 13:48:52 [debug] 49218#49218: *1 http exten: ""
2021/04/27 13:48:52 [debug] 49218#49218: *1 posix_memalign: 0000562906A6AB20:4096 @16
2021/04/27 13:48:52 [debug] 49218#49218: *1 http process request header line
2021/04/27 13:48:52 [debug] 49218#49218: *1 http header: "Host: localhost"
2021/04/27 13:48:52 [debug] 49218#49218: *1 http header: "User-Agent: Mozilla/5.0 (X11; Ubuntu; Linux x86_64; rv:87.0) Gecko/20100101 Firefox/87.0"
2021/04/27 13:48:52 [debug] 49218#49218: *1 http header: "Accept: text/html,application/xhtml+xml,application/xml;q=0.9,image/webp,*/*;q=0.8"
2021/04/27 13:48:52 [debug] 49218#49218: *1 http header: "Accept-Language: zh-CN,zh;q=0.8,zh-TW;q=0.7,zh-HK;q=0.5,en-US;q=0.3,en;q=0.2"
2021/04/27 13:48:52 [debug] 49218#49218: *1 http header: "Accept-Encoding: gzip, deflate"
2021/04/27 13:48:52 [debug] 49218#49218: *1 http header: "Connection: keep-alive"
2021/04/27 13:48:52 [debug] 49218#49218: *1 http header: "Upgrade-Insecure-Requests: 1"
2021/04/27 13:48:52 [debug] 49218#49218: *1 http header: "Cache-Control: max-age=0"
2021/04/27 13:48:52 [debug] 49218#49218: *1 http header done
2021/04/27 13:48:52 [debug] 49218#49218: *1 event timer del: 13: 74007667
2021/04/27 13:48:52 [debug] 49218#49218: *1 generic phase: 0
2021/04/27 13:48:52 [debug] 49218#49218: *1 rewrite phase: 1
2021/04/27 13:48:52 [debug] 49218#49218: *1 test location: "/"
2021/04/27 13:48:52 [debug] 49218#49218: *1 using configuration "/"
2021/04/27 13:48:52 [debug] 49218#49218: *1 http cl:-1 max:1048576
2021/04/27 13:48:52 [debug] 49218#49218: *1 rewrite phase: 3
2021/04/27 13:48:52 [debug] 49218#49218: *1 post rewrite phase: 4
2021/04/27 13:48:52 [debug] 49218#49218: *1 generic phase: 5
2021/04/27 13:48:52 [debug] 49218#49218: *1 generic phase: 6
2021/04/27 13:48:52 [debug] 49218#49218: *1 generic phase: 7
2021/04/27 13:48:52 [debug] 49218#49218: *1 access phase: 8
2021/04/27 13:48:52 [debug] 49218#49218: *1 access phase: 9
2021/04/27 13:48:52 [debug] 49218#49218: *1 access phase: 10
2021/04/27 13:48:52 [debug] 49218#49218: *1 post access phase: 11
2021/04/27 13:48:52 [debug] 49218#49218: *1 generic phase: 12
2021/04/27 13:48:52 [debug] 49218#49218: *1 try files handler
2021/04/27 13:48:52 [debug] 49218#49218: *1 http script var: "/"
2021/04/27 13:48:52 [debug] 49218#49218: *1 trying to use file: "/" "/var/www/html/"
2021/04/27 13:48:52 [debug] 49218#49218: *1 http script var: "/"
2021/04/27 13:48:52 [debug] 49218#49218: *1 trying to use dir: "/" "/var/www/html/"
2021/04/27 13:48:52 [debug] 49218#49218: *1 try file uri: "/"
2021/04/27 13:48:52 [debug] 49218#49218: *1 generic phase: 13
2021/04/27 13:48:52 [debug] 49218#49218: *1 content phase: 14
2021/04/27 13:48:52 [debug] 49218#49218: *1 open index "/var/www/html/index.html"
2021/04/27 13:48:52 [debug] 49218#49218: *1 stat() "/var/www/html/index.html" failed (2: No such file or directory)
2021/04/27 13:48:52 [debug] 49218#49218: *1 http index check dir: "/var/www/html"
2021/04/27 13:48:52 [debug] 49218#49218: *1 open index "/var/www/html/index.htm"
2021/04/27 13:48:52 [debug] 49218#49218: *1 stat() "/var/www/html/index.htm" failed (2: No such file or directory)
2021/04/27 13:48:52 [debug] 49218#49218: *1 open index "/var/www/html/index.nginx-debian.html"
2021/04/27 13:48:52 [debug] 49218#49218: *1 internal redirect: "/index.nginx-debian.html?"
2021/04/27 13:48:52 [debug] 49218#49218: *1 rewrite phase: 1
2021/04/27 13:48:52 [debug] 49218#49218: *1 test location: "/"
2021/04/27 13:48:52 [debug] 49218#49218: *1 using configuration "/"
2021/04/27 13:48:52 [debug] 49218#49218: *1 http cl:-1 max:1048576
2021/04/27 13:48:52 [debug] 49218#49218: *1 rewrite phase: 3
2021/04/27 13:48:52 [debug] 49218#49218: *1 post rewrite phase: 4
2021/04/27 13:48:52 [debug] 49218#49218: *1 generic phase: 5
2021/04/27 13:48:52 [debug] 49218#49218: *1 generic phase: 6
2021/04/27 13:48:52 [debug] 49218#49218: *1 generic phase: 7
2021/04/27 13:48:52 [debug] 49218#49218: *1 access phase: 8
2021/04/27 13:48:52 [debug] 49218#49218: *1 access phase: 9
2021/04/27 13:48:52 [debug] 49218#49218: *1 access phase: 10
2021/04/27 13:48:52 [debug] 49218#49218: *1 post access phase: 11
2021/04/27 13:48:52 [debug] 49218#49218: *1 generic phase: 12
2021/04/27 13:48:52 [debug] 49218#49218: *1 try files handler
2021/04/27 13:48:52 [debug] 49218#49218: *1 http script var: "/index.nginx-debian.html"
2021/04/27 13:48:52 [debug] 49218#49218: *1 trying to use file: "/index.nginx-debian.html" "/var/www/html/index.nginx-debian.html"
2021/04/27 13:48:52 [debug] 49218#49218: *1 try file uri: "/index.nginx-debian.html"
2021/04/27 13:48:52 [debug] 49218#49218: *1 generic phase: 13
2021/04/27 13:48:52 [debug] 49218#49218: *1 content phase: 14
2021/04/27 13:48:52 [debug] 49218#49218: *1 content phase: 15
2021/04/27 13:48:52 [debug] 49218#49218: *1 content phase: 16
2021/04/27 13:48:52 [debug] 49218#49218: *1 content phase: 17
2021/04/27 13:48:52 [debug] 49218#49218: *1 content phase: 18
2021/04/27 13:48:52 [debug] 49218#49218: *1 http filename: "/var/www/html/index.nginx-debian.html"
2021/04/27 13:48:52 [debug] 49218#49218: *1 add cleanup: 0000562906A23980
2021/04/27 13:48:52 [debug] 49218#49218: *1 http static fd: 14
2021/04/27 13:48:52 [debug] 49218#49218: *1 http set discard body
2021/04/27 13:48:52 [debug] 49218#49218: *1 xslt filter header
2021/04/27 13:48:52 [debug] 49218#49218: *1 HTTP/1.1 200 OK
Server: nginx/1.14.0 (Ubuntu)
Date: Tue, 27 Apr 2021 05:48:52 GMT
Content-Type: text/html
Last-Modified: Fri, 23 Apr 2021 07:39:14 GMT
Transfer-Encoding: chunked
Connection: keep-alive
ETag: W/"608279a2-264"
Content-Encoding: gzip

2021/04/27 13:48:52 [debug] 49218#49218: *1 write new buf t:1 f:0 0000562906A6B058, pos 0000562906A6B058, size: 258 file: 0, size: 0
2021/04/27 13:48:52 [debug] 49218#49218: *1 http write filter: l:0 f:0 s:258
2021/04/27 13:48:52 [debug] 49218#49218: *1 http output filter "/index.nginx-debian.html?"
2021/04/27 13:48:52 [debug] 49218#49218: *1 http copy filter: "/index.nginx-debian.html?"
2021/04/27 13:48:52 [debug] 49218#49218: *1 read: 14, 0000562906A6B248, 612, 0
2021/04/27 13:48:52 [debug] 49218#49218: *1 image filter
2021/04/27 13:48:52 [debug] 49218#49218: *1 xslt filter body
2021/04/27 13:48:52 [debug] 49218#49218: *1 http postpone filter "/index.nginx-debian.html?" 0000562906A6B4B0
2021/04/27 13:48:52 [debug] 49218#49218: *1 http gzip filter
2021/04/27 13:48:52 [debug] 49218#49218: *1 malloc: 0000562906A2BE40:16384
2021/04/27 13:48:52 [debug] 49218#49218: *1 gzip alloc: n:1 s:5952 a:8192 p:0000562906A2BE40
2021/04/27 13:48:52 [debug] 49218#49218: *1 gzip alloc: n:1024 s:2 a:2048 p:0000562906A2DE40
2021/04/27 13:48:52 [debug] 49218#49218: *1 gzip alloc: n:1024 s:2 a:2048 p:0000562906A2E640
2021/04/27 13:48:52 [debug] 49218#49218: *1 gzip alloc: n:1024 s:2 a:2048 p:0000562906A2EE40
2021/04/27 13:48:52 [debug] 49218#49218: *1 gzip alloc: n:512 s:4 a:2048 p:0000562906A2F640
2021/04/27 13:48:52 [debug] 49218#49218: *1 gzip in: 0000562906A6B4D0
2021/04/27 13:48:52 [debug] 49218#49218: *1 gzip in_buf:0000562906A6B1F8 ni:0000562906A6B248 ai:612
2021/04/27 13:48:52 [debug] 49218#49218: *1 malloc: 0000562906A56DE0:4096
2021/04/27 13:48:52 [debug] 49218#49218: *1 deflate in: ni:0000562906A6B248 no:0000562906A56DE0 ai:612 ao:4096 fl:4 redo:0
2021/04/27 13:48:52 [debug] 49218#49218: *1 deflate out: ni:0000562906A6B4AC no:0000562906A56F4E ai:0 ao:3730 rc:1
2021/04/27 13:48:52 [debug] 49218#49218: *1 gzip in_buf:0000562906A6B1F8 pos:0000562906A6B248
2021/04/27 13:48:52 [debug] 49218#49218: *1 free: 0000562906A2BE40
2021/04/27 13:48:52 [debug] 49218#49218: *1 http chunk: 10
2021/04/27 13:48:52 [debug] 49218#49218: *1 http chunk: 374
2021/04/27 13:48:52 [debug] 49218#49218: *1 write old buf t:1 f:0 0000562906A6B058, pos 0000562906A6B058, size: 258 file: 0, size: 0
2021/04/27 13:48:52 [debug] 49218#49218: *1 write new buf t:1 f:0 0000562906A6B620, pos 0000562906A6B620, size: 5 file: 0, size: 0
2021/04/27 13:48:52 [debug] 49218#49218: *1 write new buf t:0 f:0 0000000000000000, pos 00005629058FA1A0, size: 10 file: 0, size: 0
2021/04/27 13:48:52 [debug] 49218#49218: *1 write new buf t:1 f:0 0000562906A56DE0, pos 0000562906A56DE0, size: 374 file: 0, size: 0
2021/04/27 13:48:52 [debug] 49218#49218: *1 write new buf t:0 f:0 0000000000000000, pos 00005629056CD4F5, size: 7 file: 0, size: 0
2021/04/27 13:48:52 [debug] 49218#49218: *1 http write filter: l:1 f:1 s:654
2021/04/27 13:48:52 [debug] 49218#49218: *1 http write filter limit 0
2021/04/27 13:48:52 [debug] 49218#49218: *1 writev: 654 of 654
2021/04/27 13:48:52 [debug] 49218#49218: *1 http write filter 0000000000000000
2021/04/27 13:48:52 [debug] 49218#49218: *1 http copy filter: 0 "/index.nginx-debian.html?"
2021/04/27 13:48:52 [debug] 49218#49218: *1 http finalize request: 0, "/index.nginx-debian.html?" a:1, c:2
2021/04/27 13:48:52 [debug] 49218#49218: *1 http request count:2 blk:0
2021/04/27 13:48:52 [debug] 49218#49218: *1 http finalize request: -4, "/index.nginx-debian.html?" a:1, c:1
2021/04/27 13:48:52 [debug] 49218#49218: *1 set http keepalive handler
2021/04/27 13:48:52 [debug] 49218#49218: *1 http close request
2021/04/27 13:48:52 [debug] 49218#49218: *1 http log handler
2021/04/27 13:48:52 [debug] 49218#49218: *1 run cleanup: 0000562906A23980
2021/04/27 13:48:52 [debug] 49218#49218: *1 file cleanup: fd:14
2021/04/27 13:48:52 [debug] 49218#49218: *1 free: 0000562906A56DE0
2021/04/27 13:48:52 [debug] 49218#49218: *1 free: 0000000000000000
2021/04/27 13:48:52 [debug] 49218#49218: *1 free: 0000562906A22B40, unused: 0
2021/04/27 13:48:52 [debug] 49218#49218: *1 free: 0000562906A6AB20, unused: 911
2021/04/27 13:48:52 [debug] 49218#49218: *1 free: 0000562906A0C330
2021/04/27 13:48:52 [debug] 49218#49218: *1 hc free: 0000000000000000
2021/04/27 13:48:52 [debug] 49218#49218: *1 hc busy: 0000000000000000 0
2021/04/27 13:48:52 [debug] 49218#49218: *1 tcp_nodelay
2021/04/27 13:48:52 [debug] 49218#49218: *1 reusable connection: 1
2021/04/27 13:48:52 [debug] 49218#49218: *1 event timer add: 13: 65000:74012667
2021/04/27 13:48:52 [debug] 49218#49218: *1 http keepalive handler
2021/04/27 13:48:52 [debug] 49218#49218: *1 malloc: 0000562906A0C330:1024
2021/04/27 13:48:52 [debug] 49218#49218: *1 recv: eof:0, avail:1
2021/04/27 13:48:52 [debug] 49218#49218: *1 recv: fd:13 348 of 1024
2021/04/27 13:48:52 [debug] 49218#49218: *1 reusable connection: 0
2021/04/27 13:48:52 [debug] 49218#49218: *1 posix_memalign: 0000562906A22B40:4096 @16
2021/04/27 13:48:52 [debug] 49218#49218: *1 event timer del: 13: 74012667
2021/04/27 13:48:52 [debug] 49218#49218: *1 http process request line
2021/04/27 13:48:52 [debug] 49218#49218: *1 http request line: "GET /favicon.ico HTTP/1.1"
2021/04/27 13:48:52 [debug] 49218#49218: *1 http uri: "/favicon.ico"
2021/04/27 13:48:52 [debug] 49218#49218: *1 http args: ""
2021/04/27 13:48:52 [debug] 49218#49218: *1 http exten: "ico"
2021/04/27 13:48:52 [debug] 49218#49218: *1 posix_memalign: 0000562906A6AB20:4096 @16
2021/04/27 13:48:52 [debug] 49218#49218: *1 http process request header line
2021/04/27 13:48:52 [debug] 49218#49218: *1 http header: "Host: localhost"
2021/04/27 13:48:52 [debug] 49218#49218: *1 http header: "User-Agent: Mozilla/5.0 (X11; Ubuntu; Linux x86_64; rv:87.0) Gecko/20100101 Firefox/87.0"
2021/04/27 13:48:52 [debug] 49218#49218: *1 http header: "Accept: image/webp,*/*"
2021/04/27 13:48:52 [debug] 49218#49218: *1 http header: "Accept-Language: zh-CN,zh;q=0.8,zh-TW;q=0.7,zh-HK;q=0.5,en-US;q=0.3,en;q=0.2"
2021/04/27 13:48:52 [debug] 49218#49218: *1 http header: "Accept-Encoding: gzip, deflate"
2021/04/27 13:48:52 [debug] 49218#49218: *1 http header: "Connection: keep-alive"
2021/04/27 13:48:52 [debug] 49218#49218: *1 http header: "Referer: http://localhost/"
2021/04/27 13:48:52 [debug] 49218#49218: *1 http header: "Cache-Control: max-age=0"
2021/04/27 13:48:52 [debug] 49218#49218: *1 http header done
2021/04/27 13:48:52 [debug] 49218#49218: *1 generic phase: 0
2021/04/27 13:48:52 [debug] 49218#49218: *1 rewrite phase: 1
2021/04/27 13:48:52 [debug] 49218#49218: *1 test location: "/"
2021/04/27 13:48:52 [debug] 49218#49218: *1 using configuration "/"
2021/04/27 13:48:52 [debug] 49218#49218: *1 http cl:-1 max:1048576
2021/04/27 13:48:52 [debug] 49218#49218: *1 rewrite phase: 3
2021/04/27 13:48:52 [debug] 49218#49218: *1 post rewrite phase: 4
2021/04/27 13:48:52 [debug] 49218#49218: *1 generic phase: 5
2021/04/27 13:48:52 [debug] 49218#49218: *1 generic phase: 6
2021/04/27 13:48:52 [debug] 49218#49218: *1 generic phase: 7
2021/04/27 13:48:52 [debug] 49218#49218: *1 access phase: 8
2021/04/27 13:48:52 [debug] 49218#49218: *1 access phase: 9
2021/04/27 13:48:52 [debug] 49218#49218: *1 access phase: 10
2021/04/27 13:48:52 [debug] 49218#49218: *1 post access phase: 11
2021/04/27 13:48:52 [debug] 49218#49218: *1 generic phase: 12
2021/04/27 13:48:52 [debug] 49218#49218: *1 try files handler
2021/04/27 13:48:52 [debug] 49218#49218: *1 http script var: "/favicon.ico"
2021/04/27 13:48:52 [debug] 49218#49218: *1 trying to use file: "/favicon.ico" "/var/www/html/favicon.ico"
2021/04/27 13:48:52 [debug] 49218#49218: *1 http script var: "/favicon.ico"
2021/04/27 13:48:52 [debug] 49218#49218: *1 trying to use dir: "/favicon.ico" "/var/www/html/favicon.ico"
2021/04/27 13:48:52 [debug] 49218#49218: *1 trying to use file: "=404" "/var/www/html=404"
2021/04/27 13:48:52 [debug] 49218#49218: *1 http finalize request: 404, "/favicon.ico?" a:1, c:1
2021/04/27 13:48:52 [debug] 49218#49218: *1 http special response: 404, "/favicon.ico?"
2021/04/27 13:48:52 [debug] 49218#49218: *1 http set discard body
2021/04/27 13:48:52 [debug] 49218#49218: *1 xslt filter header
2021/04/27 13:48:52 [debug] 49218#49218: *1 HTTP/1.1 404 Not Found
Server: nginx/1.14.0 (Ubuntu)
Date: Tue, 27 Apr 2021 05:48:52 GMT
Content-Type: text/html
Transfer-Encoding: chunked
Connection: keep-alive
Content-Encoding: gzip

2021/04/27 13:48:52 [debug] 49218#49218: *1 write new buf t:1 f:0 0000562906A23A68, pos 0000562906A23A68, size: 195 file: 0, size: 0
2021/04/27 13:48:52 [debug] 49218#49218: *1 http write filter: l:0 f:0 s:195
2021/04/27 13:48:52 [debug] 49218#49218: *1 http output filter "/favicon.ico?"
2021/04/27 13:48:52 [debug] 49218#49218: *1 http copy filter: "/favicon.ico?"
2021/04/27 13:48:52 [debug] 49218#49218: *1 image filter
2021/04/27 13:48:52 [debug] 49218#49218: *1 xslt filter body
2021/04/27 13:48:52 [debug] 49218#49218: *1 http postpone filter "/favicon.ico?" 0000562906A6B018
2021/04/27 13:48:52 [debug] 49218#49218: *1 http gzip filter
2021/04/27 13:48:52 [debug] 49218#49218: *1 malloc: 0000562906A2BE40:12288
2021/04/27 13:48:52 [debug] 49218#49218: *1 gzip alloc: n:1 s:5952 a:8192 p:0000562906A2BE40
2021/04/27 13:48:52 [debug] 49218#49218: *1 gzip alloc: n:512 s:2 a:1024 p:0000562906A2DE40
2021/04/27 13:48:52 [debug] 49218#49218: *1 gzip alloc: n:512 s:2 a:1024 p:0000562906A2E240
2021/04/27 13:48:52 [debug] 49218#49218: *1 gzip alloc: n:512 s:2 a:1024 p:0000562906A2E640
2021/04/27 13:48:52 [debug] 49218#49218: *1 gzip alloc: n:256 s:4 a:1024 p:0000562906A2EA40
2021/04/27 13:48:52 [debug] 49218#49218: *1 gzip in: 0000562906A6B048
2021/04/27 13:48:52 [debug] 49218#49218: *1 gzip in_buf:0000562906A6AF00 ni:00005629058F6880 ai:116
2021/04/27 13:48:52 [debug] 49218#49218: *1 malloc: 0000562906A56DE0:4096
2021/04/27 13:48:52 [debug] 49218#49218: *1 deflate in: ni:00005629058F6880 no:0000562906A56DE0 ai:116 ao:4096 fl:0 redo:0
2021/04/27 13:48:52 [debug] 49218#49218: *1 deflate out: ni:00005629058F68F4 no:0000562906A56DE0 ai:0 ao:4096 rc:0
2021/04/27 13:48:52 [debug] 49218#49218: *1 gzip in_buf:0000562906A6AF00 pos:00005629058F6880
2021/04/27 13:48:52 [debug] 49218#49218: *1 gzip in: 0000562906A6B058
2021/04/27 13:48:52 [debug] 49218#49218: *1 gzip in_buf:0000562906A6AF50 ni:00005629058F70A0 ai:62
2021/04/27 13:48:52 [debug] 49218#49218: *1 deflate in: ni:00005629058F70A0 no:0000562906A56DE0 ai:62 ao:4096 fl:4 redo:0
2021/04/27 13:48:52 [debug] 49218#49218: *1 deflate out: ni:00005629058F70DE no:0000562906A56E5B ai:0 ao:3973 rc:1
2021/04/27 13:48:52 [debug] 49218#49218: *1 gzip in_buf:0000562906A6AF50 pos:00005629058F70A0
2021/04/27 13:48:52 [debug] 49218#49218: *1 free: 0000562906A2BE40
2021/04/27 13:48:52 [debug] 49218#49218: *1 http chunk: 10
2021/04/27 13:48:52 [debug] 49218#49218: *1 http chunk: 131
2021/04/27 13:48:52 [debug] 49218#49218: *1 write old buf t:1 f:0 0000562906A23A68, pos 0000562906A23A68, size: 195 file: 0, size: 0
2021/04/27 13:48:52 [debug] 49218#49218: *1 write new buf t:1 f:0 0000562906A6B198, pos 0000562906A6B198, size: 4 file: 0, size: 0
2021/04/27 13:48:52 [debug] 49218#49218: *1 write new buf t:0 f:0 0000000000000000, pos 00005629058FA1A0, size: 10 file: 0, size: 0
2021/04/27 13:48:52 [debug] 49218#49218: *1 write new buf t:1 f:0 0000562906A56DE0, pos 0000562906A56DE0, size: 131 file: 0, size: 0
2021/04/27 13:48:52 [debug] 49218#49218: *1 write new buf t:0 f:0 0000000000000000, pos 00005629056CD4F5, size: 7 file: 0, size: 0
2021/04/27 13:48:52 [debug] 49218#49218: *1 http write filter: l:1 f:1 s:347
2021/04/27 13:48:52 [debug] 49218#49218: *1 http write filter limit 0
2021/04/27 13:48:52 [debug] 49218#49218: *1 writev: 347 of 347
2021/04/27 13:48:52 [debug] 49218#49218: *1 http write filter 0000000000000000
2021/04/27 13:48:52 [debug] 49218#49218: *1 http copy filter: 0 "/favicon.ico?"
2021/04/27 13:48:52 [debug] 49218#49218: *1 http finalize request: 0, "/favicon.ico?" a:1, c:1
2021/04/27 13:48:52 [debug] 49218#49218: *1 set http keepalive handler
2021/04/27 13:48:52 [debug] 49218#49218: *1 http close request
2021/04/27 13:48:52 [debug] 49218#49218: *1 http log handler
2021/04/27 13:48:52 [debug] 49218#49218: *1 free: 0000562906A56DE0
2021/04/27 13:48:52 [debug] 49218#49218: *1 free: 0000000000000000
2021/04/27 13:48:52 [debug] 49218#49218: *1 free: 0000562906A22B40, unused: 0
2021/04/27 13:48:52 [debug] 49218#49218: *1 free: 0000562906A6AB20, unused: 2044
2021/04/27 13:48:52 [debug] 49218#49218: *1 free: 0000562906A0C330
2021/04/27 13:48:52 [debug] 49218#49218: *1 hc free: 0000000000000000
2021/04/27 13:48:52 [debug] 49218#49218: *1 hc busy: 0000000000000000 0
2021/04/27 13:48:52 [debug] 49218#49218: *1 reusable connection: 1
2021/04/27 13:48:52 [debug] 49218#49218: *1 event timer add: 13: 65000:74012835
2021/04/27 13:48:52 [debug] 49218#49218: *1 http keepalive handler
2021/04/27 13:48:52 [debug] 49218#49218: *1 malloc: 0000562906A0C330:1024
2021/04/27 13:48:52 [debug] 49218#49218: *1 recv: eof:1, avail:1
2021/04/27 13:48:52 [debug] 49218#49218: *1 recv: fd:13 0 of 1024
2021/04/27 13:48:52 [info] 49218#49218: *1 client 127.0.0.1 closed keepalive connection
2021/04/27 13:48:52 [debug] 49218#49218: *1 close http connection: 13
2021/04/27 13:48:52 [debug] 49218#49218: *1 event timer del: 13: 74012835
2021/04/27 13:48:52 [debug] 49218#49218: *1 reusable connection: 0
2021/04/27 13:48:52 [debug] 49218#49218: *1 free: 0000562906A0C330
2021/04/27 13:48:52 [debug] 49218#49218: *1 free: 0000562906A0B920, unused: 136
2021/04/27 13:48:53 [debug] 49218#49218: accept on 0.0.0.0:80, ready: 0
2021/04/27 13:48:53 [debug] 49218#49218: posix_memalign: 0000562906A0B920:512 @16
2021/04/27 13:48:53 [debug] 49218#49218: *2 accept: 127.0.0.1:47026 fd:13
2021/04/27 13:48:53 [debug] 49218#49218: *2 event timer add: 13: 60000:74009247
2021/04/27 13:48:53 [debug] 49218#49218: *2 reusable connection: 1
2021/04/27 13:48:53 [debug] 49218#49218: *2 epoll add event: fd:13 op:1 ev:80002001
2021/04/27 13:48:53 [debug] 49218#49218: *2 http wait request handler
2021/04/27 13:48:53 [debug] 49218#49218: *2 malloc: 0000562906A0C330:1024
2021/04/27 13:48:53 [debug] 49218#49218: *2 recv: eof:0, avail:1
2021/04/27 13:48:53 [debug] 49218#49218: *2 recv: fd:13 482 of 1024
2021/04/27 13:48:53 [debug] 49218#49218: *2 reusable connection: 0
2021/04/27 13:48:53 [debug] 49218#49218: *2 posix_memalign: 0000562906A22B40:4096 @16
2021/04/27 13:48:53 [debug] 49218#49218: *2 http process request line
2021/04/27 13:48:53 [debug] 49218#49218: *2 http request line: "GET / HTTP/1.1"
2021/04/27 13:48:53 [debug] 49218#49218: *2 http uri: "/"
2021/04/27 13:48:53 [debug] 49218#49218: *2 http args: ""
2021/04/27 13:48:53 [debug] 49218#49218: *2 http exten: ""
2021/04/27 13:48:53 [debug] 49218#49218: *2 posix_memalign: 0000562906A6AB20:4096 @16
2021/04/27 13:48:53 [debug] 49218#49218: *2 http process request header line
2021/04/27 13:48:53 [debug] 49218#49218: *2 http header: "Host: localhost"
2021/04/27 13:48:53 [debug] 49218#49218: *2 http header: "User-Agent: Mozilla/5.0 (X11; Ubuntu; Linux x86_64; rv:87.0) Gecko/20100101 Firefox/87.0"
2021/04/27 13:48:53 [debug] 49218#49218: *2 http header: "Accept: text/html,application/xhtml+xml,application/xml;q=0.9,image/webp,*/*;q=0.8"
2021/04/27 13:48:53 [debug] 49218#49218: *2 http header: "Accept-Language: zh-CN,zh;q=0.8,zh-TW;q=0.7,zh-HK;q=0.5,en-US;q=0.3,en;q=0.2"
2021/04/27 13:48:53 [debug] 49218#49218: *2 http header: "Accept-Encoding: gzip, deflate"
2021/04/27 13:48:53 [debug] 49218#49218: *2 http header: "Connection: keep-alive"
2021/04/27 13:48:53 [debug] 49218#49218: *2 http header: "Upgrade-Insecure-Requests: 1"
2021/04/27 13:48:53 [debug] 49218#49218: *2 http header: "If-Modified-Since: Fri, 23 Apr 2021 07:39:14 GMT"
2021/04/27 13:48:53 [debug] 49218#49218: *2 http header: "If-None-Match: W/"608279a2-264""
2021/04/27 13:48:53 [debug] 49218#49218: *2 http header: "Cache-Control: max-age=0"
2021/04/27 13:48:53 [debug] 49218#49218: *2 http header done
2021/04/27 13:48:53 [debug] 49218#49218: *2 event timer del: 13: 74009247
2021/04/27 13:48:53 [debug] 49218#49218: *2 generic phase: 0
2021/04/27 13:48:53 [debug] 49218#49218: *2 rewrite phase: 1
2021/04/27 13:48:53 [debug] 49218#49218: *2 test location: "/"
2021/04/27 13:48:53 [debug] 49218#49218: *2 using configuration "/"
2021/04/27 13:48:53 [debug] 49218#49218: *2 http cl:-1 max:1048576
2021/04/27 13:48:53 [debug] 49218#49218: *2 rewrite phase: 3
2021/04/27 13:48:53 [debug] 49218#49218: *2 post rewrite phase: 4
2021/04/27 13:48:53 [debug] 49218#49218: *2 generic phase: 5
2021/04/27 13:48:53 [debug] 49218#49218: *2 generic phase: 6
2021/04/27 13:48:53 [debug] 49218#49218: *2 generic phase: 7
2021/04/27 13:48:53 [debug] 49218#49218: *2 access phase: 8
2021/04/27 13:48:53 [debug] 49218#49218: *2 access phase: 9
2021/04/27 13:48:53 [debug] 49218#49218: *2 access phase: 10
2021/04/27 13:48:53 [debug] 49218#49218: *2 post access phase: 11
2021/04/27 13:48:53 [debug] 49218#49218: *2 generic phase: 12
2021/04/27 13:48:53 [debug] 49218#49218: *2 try files handler
2021/04/27 13:48:53 [debug] 49218#49218: *2 http script var: "/"
2021/04/27 13:48:53 [debug] 49218#49218: *2 trying to use file: "/" "/var/www/html/"
2021/04/27 13:48:53 [debug] 49218#49218: *2 http script var: "/"
2021/04/27 13:48:53 [debug] 49218#49218: *2 trying to use dir: "/" "/var/www/html/"
2021/04/27 13:48:53 [debug] 49218#49218: *2 try file uri: "/"
2021/04/27 13:48:53 [debug] 49218#49218: *2 generic phase: 13
2021/04/27 13:48:53 [debug] 49218#49218: *2 content phase: 14
2021/04/27 13:48:53 [debug] 49218#49218: *2 open index "/var/www/html/index.html"
2021/04/27 13:48:53 [debug] 49218#49218: *2 stat() "/var/www/html/index.html" failed (2: No such file or directory)
2021/04/27 13:48:53 [debug] 49218#49218: *2 http index check dir: "/var/www/html"
2021/04/27 13:48:53 [debug] 49218#49218: *2 open index "/var/www/html/index.htm"
2021/04/27 13:48:53 [debug] 49218#49218: *2 stat() "/var/www/html/index.htm" failed (2: No such file or directory)
2021/04/27 13:48:53 [debug] 49218#49218: *2 open index "/var/www/html/index.nginx-debian.html"
2021/04/27 13:48:53 [debug] 49218#49218: *2 internal redirect: "/index.nginx-debian.html?"
2021/04/27 13:48:53 [debug] 49218#49218: *2 rewrite phase: 1
2021/04/27 13:48:53 [debug] 49218#49218: *2 test location: "/"
2021/04/27 13:48:53 [debug] 49218#49218: *2 using configuration "/"
2021/04/27 13:48:53 [debug] 49218#49218: *2 http cl:-1 max:1048576
2021/04/27 13:48:53 [debug] 49218#49218: *2 rewrite phase: 3
2021/04/27 13:48:53 [debug] 49218#49218: *2 post rewrite phase: 4
2021/04/27 13:48:53 [debug] 49218#49218: *2 generic phase: 5
2021/04/27 13:48:53 [debug] 49218#49218: *2 generic phase: 6
2021/04/27 13:48:53 [debug] 49218#49218: *2 generic phase: 7
2021/04/27 13:48:53 [debug] 49218#49218: *2 access phase: 8
2021/04/27 13:48:53 [debug] 49218#49218: *2 access phase: 9
2021/04/27 13:48:53 [debug] 49218#49218: *2 access phase: 10
2021/04/27 13:48:53 [debug] 49218#49218: *2 post access phase: 11
2021/04/27 13:48:53 [debug] 49218#49218: *2 generic phase: 12
2021/04/27 13:48:53 [debug] 49218#49218: *2 try files handler
2021/04/27 13:48:53 [debug] 49218#49218: *2 http script var: "/index.nginx-debian.html"
2021/04/27 13:48:53 [debug] 49218#49218: *2 trying to use file: "/index.nginx-debian.html" "/var/www/html/index.nginx-debian.html"
2021/04/27 13:48:53 [debug] 49218#49218: *2 try file uri: "/index.nginx-debian.html"
2021/04/27 13:48:53 [debug] 49218#49218: *2 generic phase: 13
2021/04/27 13:48:53 [debug] 49218#49218: *2 content phase: 14
2021/04/27 13:48:53 [debug] 49218#49218: *2 content phase: 15
2021/04/27 13:48:53 [debug] 49218#49218: *2 content phase: 16
2021/04/27 13:48:53 [debug] 49218#49218: *2 content phase: 17
2021/04/27 13:48:53 [debug] 49218#49218: *2 content phase: 18
2021/04/27 13:48:53 [debug] 49218#49218: *2 http filename: "/var/www/html/index.nginx-debian.html"
2021/04/27 13:48:53 [debug] 49218#49218: *2 add cleanup: 0000562906A239A0
2021/04/27 13:48:53 [debug] 49218#49218: *2 http static fd: 14
2021/04/27 13:48:53 [debug] 49218#49218: *2 http set discard body
2021/04/27 13:48:53 [debug] 49218#49218: *2 http ims:1619163554 lm:1619163554
2021/04/27 13:48:53 [debug] 49218#49218: *2 http im:"W/"608279a2-264"" etag:"608279a2-264"
2021/04/27 13:48:53 [debug] 49218#49218: *2 xslt filter header
2021/04/27 13:48:53 [debug] 49218#49218: *2 HTTP/1.1 304 Not Modified
Server: nginx/1.14.0 (Ubuntu)
Date: Tue, 27 Apr 2021 05:48:53 GMT
Last-Modified: Fri, 23 Apr 2021 07:39:14 GMT
Connection: keep-alive
ETag: "608279a2-264"

2021/04/27 13:48:53 [debug] 49218#49218: *2 write new buf t:1 f:0 0000562906A6AF50, pos 0000562906A6AF50, size: 189 file: 0, size: 0
2021/04/27 13:48:53 [debug] 49218#49218: *2 http write filter: l:1 f:0 s:189
2021/04/27 13:48:53 [debug] 49218#49218: *2 http write filter limit 0
2021/04/27 13:48:53 [debug] 49218#49218: *2 writev: 189 of 189
2021/04/27 13:48:53 [debug] 49218#49218: *2 http write filter 0000000000000000
2021/04/27 13:48:53 [debug] 49218#49218: *2 http finalize request: 0, "/index.nginx-debian.html?" a:1, c:2
2021/04/27 13:48:53 [debug] 49218#49218: *2 http request count:2 blk:0
2021/04/27 13:48:53 [debug] 49218#49218: *2 http finalize request: -4, "/index.nginx-debian.html?" a:1, c:1
2021/04/27 13:48:53 [debug] 49218#49218: *2 set http keepalive handler
2021/04/27 13:48:53 [debug] 49218#49218: *2 http close request
2021/04/27 13:48:53 [debug] 49218#49218: *2 http log handler
2021/04/27 13:48:53 [debug] 49218#49218: *2 run cleanup: 0000562906A239A0
2021/04/27 13:48:53 [debug] 49218#49218: *2 file cleanup: fd:14
2021/04/27 13:48:53 [debug] 49218#49218: *2 free: 0000562906A22B40, unused: 0
2021/04/27 13:48:53 [debug] 49218#49218: *2 free: 0000562906A6AB20, unused: 2650
2021/04/27 13:48:53 [debug] 49218#49218: *2 free: 0000562906A0C330
2021/04/27 13:48:53 [debug] 49218#49218: *2 hc free: 0000000000000000
2021/04/27 13:48:53 [debug] 49218#49218: *2 hc busy: 0000000000000000 0
2021/04/27 13:48:53 [debug] 49218#49218: *2 tcp_nodelay
2021/04/27 13:48:53 [debug] 49218#49218: *2 reusable connection: 1
2021/04/27 13:48:53 [debug] 49218#49218: *2 event timer add: 13: 65000:74014247
2021/04/27 13:49:29 [debug] 49221#49221: epoll del event: fd:6 op:2 ev:00000000
2021/04/27 13:49:29 [debug] 49219#49219: epoll del event: fd:6 op:2 ev:00000000
2021/04/27 13:49:29 [debug] 49221#49221: epoll del event: fd:7 op:2 ev:00000000
2021/04/27 13:49:29 [debug] 49219#49219: epoll del event: fd:7 op:2 ev:00000000
2021/04/27 13:49:29 [debug] 49218#49218: epoll del event: fd:6 op:2 ev:00000000
2021/04/27 13:49:29 [debug] 49218#49218: epoll del event: fd:7 op:2 ev:00000000
2021/04/27 13:49:29 [debug] 49218#49218: *2 http keepalive handler
2021/04/27 13:49:29 [debug] 49218#49218: *2 close http connection: 13
2021/04/27 13:49:29 [debug] 49218#49218: *2 event timer del: 13: 74014247
2021/04/27 13:49:29 [debug] 49218#49218: *2 reusable connection: 0
2021/04/27 13:49:29 [debug] 49218#49218: *2 free: 0000000000000000
2021/04/27 13:49:29 [debug] 49218#49218: *2 free: 0000562906A0B920, unused: 136
2021/04/27 13:49:29 [debug] 49220#49220: epoll del event: fd:6 op:2 ev:00000000
2021/04/27 13:49:29 [debug] 49220#49220: epoll del event: fd:7 op:2 ev:00000000
2021/04/27 13:49:29 [emerg] 49235#49235: invalid value "in" in "ssl_prefer_server_ciphers" directive, it must be "on" or "off" in /etc/nginx/nginx.conf:35
2021/04/27 13:49:30 [emerg] 49241#49241: invalid value "in" in "ssl_prefer_server_ciphers" directive, it must be "on" or "off" in /etc/nginx/nginx.conf:35
