2021-04-12T03:06:27.175291Z 0 [Note] Giving 0 client threads a chance to die gracefully
2021-04-12T03:06:27.175501Z 0 [Note] Shutting down slave threads
2021-04-12T03:06:27.191391Z 0 [Note] Forcefully disconnecting 0 remaining clients
2021-04-12T03:06:27.199517Z 0 [Note] Event Scheduler: Purging the queue. 0 events
2021-04-12T03:06:27.235060Z 0 [Note] Binlog end
2021-04-12T03:06:27.768557Z 0 [Note] Shutting down plugin 'auth_socket'
2021-04-12T03:06:27.789692Z 0 [Note] Shutting down plugin 'ngram'
2021-04-12T03:06:27.790001Z 0 [Note] Shutting down plugin 'partition'
2021-04-12T03:06:27.790015Z 0 [Note] Shutting down plugin 'BLACKHOLE'
2021-04-12T03:06:27.795571Z 0 [Note] Shutting down plugin 'ARCHIVE'
2021-04-12T03:06:27.795589Z 0 [Note] Shutting down plugin 'PERFORMANCE_SCHEMA'
2021-04-12T03:06:27.828761Z 0 [Note] Shutting down plugin 'MRG_MYISAM'
2021-04-12T03:06:27.836220Z 0 [Note] Shutting down plugin 'MyISAM'
2021-04-12T03:06:27.841804Z 0 [Note] Shutting down plugin 'INNODB_SYS_VIRTUAL'
2021-04-12T03:06:27.845577Z 0 [Note] Shutting down plugin 'INNODB_SYS_DATAFILES'
2021-04-12T03:06:27.845594Z 0 [Note] Shutting down plugin 'INNODB_SYS_TABLESPACES'
2021-04-12T03:06:27.845597Z 0 [Note] Shutting down plugin 'INNODB_SYS_FOREIGN_COLS'
2021-04-12T03:06:27.845599Z 0 [Note] Shutting down plugin 'INNODB_SYS_FOREIGN'
2021-04-12T03:06:27.845602Z 0 [Note] Shutting down plugin 'INNODB_SYS_FIELDS'
2021-04-12T03:06:27.845604Z 0 [Note] Shutting down plugin 'INNODB_SYS_COLUMNS'
2021-04-12T03:06:27.845606Z 0 [Note] Shutting down plugin 'INNODB_SYS_INDEXES'
2021-04-12T03:06:27.845608Z 0 [Note] Shutting down plugin 'INNODB_SYS_TABLESTATS'
2021-04-12T03:06:27.845611Z 0 [Note] Shutting down plugin 'INNODB_SYS_TABLES'
2021-04-12T03:06:27.845613Z 0 [Note] Shutting down plugin 'INNODB_FT_INDEX_TABLE'
2021-04-12T03:06:27.845615Z 0 [Note] Shutting down plugin 'INNODB_FT_INDEX_CACHE'
2021-04-12T03:06:27.845617Z 0 [Note] Shutting down plugin 'INNODB_FT_CONFIG'
2021-04-12T03:06:27.845619Z 0 [Note] Shutting down plugin 'INNODB_FT_BEING_DELETED'
2021-04-12T03:06:27.845622Z 0 [Note] Shutting down plugin 'INNODB_FT_DELETED'
2021-04-12T03:06:27.845624Z 0 [Note] Shutting down plugin 'INNODB_FT_DEFAULT_STOPWORD'
2021-04-12T03:06:27.845626Z 0 [Note] Shutting down plugin 'INNODB_METRICS'
2021-04-12T03:06:27.845628Z 0 [Note] Shutting down plugin 'INNODB_TEMP_TABLE_INFO'
2021-04-12T03:06:27.845814Z 0 [Note] Shutting down plugin 'INNODB_BUFFER_POOL_STATS'
2021-04-12T03:06:27.845824Z 0 [Note] Shutting down plugin 'INNODB_BUFFER_PAGE_LRU'
2021-04-12T03:06:27.845827Z 0 [Note] Shutting down plugin 'INNODB_BUFFER_PAGE'
2021-04-12T03:06:27.845829Z 0 [Note] Shutting down plugin 'INNODB_CMP_PER_INDEX_RESET'
2021-04-12T03:06:27.845831Z 0 [Note] Shutting down plugin 'INNODB_CMP_PER_INDEX'
2021-04-12T03:06:27.845834Z 0 [Note] Shutting down plugin 'INNODB_CMPMEM_RESET'
2021-04-12T03:06:27.845836Z 0 [Note] Shutting down plugin 'INNODB_CMPMEM'
2021-04-12T03:06:27.845838Z 0 [Note] Shutting down plugin 'INNODB_CMP_RESET'
2021-04-12T03:06:27.845840Z 0 [Note] Shutting down plugin 'INNODB_CMP'
2021-04-12T03:06:27.845843Z 0 [Note] Shutting down plugin 'INNODB_LOCK_WAITS'
2021-04-12T03:06:27.845845Z 0 [Note] Shutting down plugin 'INNODB_LOCKS'
2021-04-12T03:06:27.845847Z 0 [Note] Shutting down plugin 'INNODB_TRX'
2021-04-12T03:06:27.845850Z 0 [Note] Shutting down plugin 'InnoDB'
2021-04-12T03:06:27.899159Z 0 [Note] InnoDB: FTS optimize thread exiting.
2021-04-12T03:06:27.924924Z 0 [Note] InnoDB: Starting shutdown...
2021-04-12T03:06:28.045298Z 0 [Note] InnoDB: Dumping buffer pool(s) to /var/lib/mysql/ib_buffer_pool
2021-04-12T03:06:28.050803Z 0 [Note] InnoDB: Buffer pool(s) dump completed at 210412 11:06:28
2021-04-12T03:06:29.807002Z 0 [Note] InnoDB: Shutdown completed; log sequence number 238466141
2021-04-12T03:06:29.807881Z 0 [Note] InnoDB: Removed temporary tablespace data file: "ibtmp1"
2021-04-12T03:06:29.807901Z 0 [Note] Shutting down plugin 'MEMORY'
2021-04-12T03:06:29.808585Z 0 [Note] Shutting down plugin 'CSV'
2021-04-12T03:06:29.808609Z 0 [Note] Shutting down plugin 'sha256_password'
2021-04-12T03:06:29.808903Z 0 [Note] Shutting down plugin 'mysql_native_password'
2021-04-12T03:06:29.827090Z 0 [Note] Shutting down plugin 'binlog'
2021-04-12T03:06:29.845069Z 0 [Note] /usr/sbin/mysqld: Shutdown complete

2021-04-12T03:06:45.898263Z 0 [Warning] TIMESTAMP with implicit DEFAULT value is deprecated. Please use --explicit_defaults_for_timestamp server option (see documentation for more details).
2021-04-12T03:06:45.906230Z 0 [Note] /usr/sbin/mysqld (mysqld 5.7.33-0ubuntu0.18.04.1) starting as process 916 ...
2021-04-12T03:06:45.948288Z 0 [Note] InnoDB: PUNCH HOLE support available
2021-04-12T03:06:45.948342Z 0 [Note] InnoDB: Mutexes and rw_locks use GCC atomic builtins
2021-04-12T03:06:45.948350Z 0 [Note] InnoDB: Uses event mutexes
2021-04-12T03:06:45.948355Z 0 [Note] InnoDB: GCC builtin __atomic_thread_fence() is used for memory barrier
2021-04-12T03:06:45.948359Z 0 [Note] InnoDB: Compressed tables use zlib 1.2.11
2021-04-12T03:06:45.948363Z 0 [Note] InnoDB: Using Linux native AIO
2021-04-12T03:06:45.952237Z 0 [Note] InnoDB: Number of pools: 1
2021-04-12T03:06:45.959200Z 0 [Note] InnoDB: Using CPU crc32 instructions
2021-04-12T03:06:45.988117Z 0 [Note] InnoDB: Initializing buffer pool, total size = 128M, instances = 1, chunk size = 128M
2021-04-12T03:06:46.130170Z 0 [Note] InnoDB: Completed initialization of buffer pool
2021-04-12T03:06:46.168468Z 0 [Note] InnoDB: If the mysqld execution user is authorized, page cleaner thread priority can be changed. See the man page of setpriority().
2021-04-12T03:06:46.230419Z 0 [Note] InnoDB: Highest supported file format is Barracuda.
2021-04-12T03:06:46.481937Z 0 [Note] InnoDB: Creating shared tablespace for temporary tables
2021-04-12T03:06:46.482083Z 0 [Note] InnoDB: Setting file './ibtmp1' size to 12 MB. Physically writing the file full; Please wait ...
2021-04-12T03:06:46.638359Z 0 [Note] InnoDB: File './ibtmp1' size is now 12 MB.
2021-04-12T03:06:46.641922Z 0 [Note] InnoDB: 96 redo rollback segment(s) found. 96 redo rollback segment(s) are active.
2021-04-12T03:06:46.641966Z 0 [Note] InnoDB: 32 non-redo rollback segment(s) are active.
2021-04-12T03:06:46.645312Z 0 [Note] InnoDB: 5.7.33 started; log sequence number 238466141
2021-04-12T03:06:46.645799Z 0 [Note] Plugin 'FEDERATED' is disabled.
2021-04-12T03:06:46.646873Z 0 [Note] InnoDB: Loading buffer pool(s) from /var/lib/mysql/ib_buffer_pool
2021-04-12T03:06:46.722473Z 0 [Note] InnoDB: Buffer pool(s) load completed at 210412 11:06:46
2021-04-12T03:06:46.909143Z 0 [Note] Found ca.pem, server-cert.pem and server-key.pem in data directory. Trying to enable SSL support using them.
2021-04-12T03:06:46.909184Z 0 [Note] Skipping generation of SSL certificates as certificate files are present in data directory.
2021-04-12T03:06:46.919316Z 0 [Warning] CA certificate ca.pem is self signed.
2021-04-12T03:06:46.927316Z 0 [Note] Skipping generation of RSA key pair as key files are present in data directory.
2021-04-12T03:06:46.928749Z 0 [Note] Server hostname (bind-address): '127.0.0.1'; port: 3306
2021-04-12T03:06:46.928782Z 0 [Note]   - '127.0.0.1' resolves to '127.0.0.1';
2021-04-12T03:06:46.928805Z 0 [Note] Server socket created on IP: '127.0.0.1'.
2021-04-12T03:06:47.148081Z 0 [Note] Event Scheduler: Loaded 0 events
2021-04-12T03:06:47.148577Z 0 [Note] /usr/sbin/mysqld: ready for connections.
Version: '5.7.33-0ubuntu0.18.04.1'  socket: '/var/run/mysqld/mysqld.sock'  port: 3306  (Ubuntu)
