[rospy.client][INFO] 2021-05-02 14:15:02,700: init_node, name[/gazebo_odometry_node], pid[17347]
[xmlrpc][INFO] 2021-05-02 14:15:02,701: XML-RPC server binding to 0.0.0.0:0
[xmlrpc][INFO] 2021-05-02 14:15:02,701: Started XML-RPC server [http://ubuntu:39781/]
[rospy.impl.masterslave][INFO] 2021-05-02 14:15:02,701: _ready: http://ubuntu:39781/
[rospy.init][INFO] 2021-05-02 14:15:02,702: ROS Slave URI: [http://ubuntu:39781/]
[xmlrpc][INFO] 2021-05-02 14:15:02,702: xml rpc node: starting XML-RPC server
[rospy.registration][INFO] 2021-05-02 14:15:02,702: Registering with master node http://localhost:11311
[rospy.registration][INFO] 2021-05-02 14:15:02,703: Registering publisher topic [/vesc/odom] type [nav_msgs/Odometry] with master
[rospy.init][INFO] 2021-05-02 14:15:02,803: registered with master
[rospy.rosout][INFO] 2021-05-02 14:15:02,803: initializing /rosout core topic
[rospy.rosout][INFO] 2021-05-02 14:15:02,806: connected to core topic /rosout
[rospy.simtime][INFO] 2021-05-02 14:15:02,807: initializing /clock core topic
[rospy.simtime][INFO] 2021-05-02 14:15:02,812: connected to core topic /clock
[rospy.internal][INFO] 2021-05-02 14:15:02,949: topic[/vesc/odom] adding connection to [/better_odom], count 0
[rospy.internal][INFO] 2021-05-02 14:15:03,052: topic[/rosout] adding connection to [/rosout], count 0
[rospy.internal][INFO] 2021-05-02 14:15:04,315: topic[/gazebo/link_states] adding connection to [http://ubuntu:40925/], count 0
[rospy.internal][INFO] 2021-05-02 14:15:04,315: topic[/clock] adding connection to [http://ubuntu:40925/], count 0
[rospy.internal][INFO] 2021-05-02 14:15:21,332: topic[/vesc/odom] removing connection to /better_odom
[rospy.core][INFO] 2021-05-02 14:15:21,592: signal_shutdown [signal-2]
[rospy.internal][INFO] 2021-05-02 14:15:21,597: topic[/rosout] removing connection to /rosout
[rospy.internal][INFO] 2021-05-02 14:15:21,598: topic[/clock] removing connection to http://ubuntu:40925/
[rospy.internal][INFO] 2021-05-02 14:15:21,598: topic[/gazebo/link_states] removing connection to http://ubuntu:40925/
[rospy.impl.masterslave][INFO] 2021-05-02 14:15:21,599: signal-2
[rospy.core][INFO] 2021-05-02 14:15:21,701: signal_shutdown [atexit]
