[rosmaster.main][INFO] 2021-05-02 14:15:01,099: initialization complete, waiting for shutdown
[rosmaster.main][INFO] 2021-05-02 14:15:01,099: Starting ROS Master Node
[xmlrpc][INFO] 2021-05-02 14:15:01,100: XML-RPC server binding to 0.0.0.0:11311
[xmlrpc][INFO] 2021-05-02 14:15:01,101: Started XML-RPC server [http://ubuntu:11311/]
[xmlrpc][INFO] 2021-05-02 14:15:01,101: xml rpc node: starting XML-RPC server
[rosmaster.master][INFO] 2021-05-02 14:15:01,101: Master initialized: port[11311], uri[http://ubuntu:11311/]
[rosmaster.master][INFO] 2021-05-02 14:15:01,118: +PARAM [/run_id] by /roslaunch
[rosmaster.master][INFO] 2021-05-02 14:15:01,118: +PARAM [/roslaunch/uris/host_ubuntu__35553] by /roslaunch
[rosmaster.master][INFO] 2021-05-02 14:15:01,184: +PARAM [/use_sim_time] by /roslaunch
[rosmaster.master][INFO] 2021-05-02 14:15:01,184: +PARAM [/racecar/left_rear_wheel_velocity_controller/pid/i] by /roslaunch
[rosmaster.master][INFO] 2021-05-02 14:15:01,185: +PARAM [/vesc/low_level/ackermann_cmd_mux/yaml_cfg_file] by /roslaunch
[rosmaster.master][INFO] 2021-05-02 14:15:01,185: +PARAM [/racecar/left_front_wheel_velocity_controller/type] by /roslaunch
[rosmaster.master][INFO] 2021-05-02 14:15:01,185: +PARAM [/racecar/left_front_wheel_velocity_controller/joint] by /roslaunch
[rosmaster.master][INFO] 2021-05-02 14:15:01,186: +PARAM [/racecar/right_steering_hinge_position_controller/pid/p] by /roslaunch
[rosmaster.master][INFO] 2021-05-02 14:15:01,186: +PARAM [/racecar/left_rear_wheel_velocity_controller/pid/d] by /roslaunch
[rosmaster.master][INFO] 2021-05-02 14:15:01,185: +SERVICE [/rosout/get_loggers] /rosout http://ubuntu:37243/
[rosmaster.master][INFO] 2021-05-02 14:15:01,186: +PARAM [/gazebo/enable_ros_network] by /roslaunch
[rosmaster.master][INFO] 2021-05-02 14:15:01,186: +PARAM [/racecar/left_rear_wheel_velocity_controller/pid/i_clamp] by /roslaunch
[rosmaster.master][INFO] 2021-05-02 14:15:01,187: +PARAM [/racecar/right_steering_hinge_position_controller/pid/i] by /roslaunch
[rosmaster.master][INFO] 2021-05-02 14:15:01,187: +PARAM [/racecar/right_steering_hinge_position_controller/pid/d] by /roslaunch
[rosmaster.master][INFO] 2021-05-02 14:15:01,187: +PARAM [/racecar/left_rear_wheel_velocity_controller/pid/p] by /roslaunch
[rosmaster.master][INFO] 2021-05-02 14:15:01,187: +SERVICE [/rosout/set_logger_level] /rosout http://ubuntu:37243/
[rosmaster.master][INFO] 2021-05-02 14:15:01,188: +PARAM [/keyboard_teleop/speed] by /roslaunch
[rosmaster.master][INFO] 2021-05-02 14:15:01,188: +PARAM [/racecar/joint_state_controller/publish_rate] by /roslaunch
[rosmaster.master][INFO] 2021-05-02 14:15:01,188: +PARAM [/racecar/right_front_wheel_velocity_controller/type] by /roslaunch
[rosmaster.master][INFO] 2021-05-02 14:15:01,188: +PARAM [/racecar/left_steering_hinge_position_controller/pid/i] by /roslaunch
[rosmaster.master][INFO] 2021-05-02 14:15:01,188: +PARAM [/racecar/right_front_wheel_velocity_controller/pid/p] by /roslaunch
[rosmaster.master][INFO] 2021-05-02 14:15:01,189: +PARAM [/racecar/left_steering_hinge_position_controller/pid/d] by /roslaunch
[rosmaster.master][INFO] 2021-05-02 14:15:01,189: +PARAM [/racecar/right_front_wheel_velocity_controller/pid/i_clamp] by /roslaunch
[rosmaster.master][INFO] 2021-05-02 14:15:01,189: +PARAM [/racecar/right_steering_hinge_position_controller/joint] by /roslaunch
[rosmaster.master][INFO] 2021-05-02 14:15:01,189: +PARAM [/vesc/high_level/ackermann_cmd_mux/yaml_cfg_file] by /roslaunch
[rosmaster.master][INFO] 2021-05-02 14:15:01,189: +PARAM [/racecar/right_rear_wheel_velocity_controller/joint] by /roslaunch
[rosmaster.master][INFO] 2021-05-02 14:15:01,189: +PARAM [/racecar/right_front_wheel_velocity_controller/pid/d] by /roslaunch
[rosmaster.master][INFO] 2021-05-02 14:15:01,190: +PARAM [/racecar/joint_state_controller/type] by /roslaunch
[rosmaster.master][INFO] 2021-05-02 14:15:01,190: +PARAM [/racecar/left_front_wheel_velocity_controller/pid/i_clamp] by /roslaunch
[rosmaster.master][INFO] 2021-05-02 14:15:01,191: +PARAM [/racecar/left_steering_hinge_position_controller/pid/p] by /roslaunch
[rosmaster.master][INFO] 2021-05-02 14:15:01,191: +PARAM [/racecar/right_front_wheel_velocity_controller/pid/i] by /roslaunch
[rosmaster.master][INFO] 2021-05-02 14:15:01,191: +PARAM [/racecar/left_rear_wheel_velocity_controller/joint] by /roslaunch
[rosmaster.master][INFO] 2021-05-02 14:15:01,192: +PARAM [/rosdistro] by /roslaunch
[rosmaster.master][INFO] 2021-05-02 14:15:01,192: +PARAM [/robot_description] by /roslaunch
[rosmaster.master][INFO] 2021-05-02 14:15:01,192: +PARAM [/racecar/right_front_wheel_velocity_controller/joint] by /roslaunch
[rosmaster.master][INFO] 2021-05-02 14:15:01,192: +PARAM [/racecar/left_front_wheel_velocity_controller/pid/d] by /roslaunch
[rosmaster.master][INFO] 2021-05-02 14:15:01,192: +PARAM [/racecar/right_steering_hinge_position_controller/type] by /roslaunch
[rosmaster.master][INFO] 2021-05-02 14:15:01,192: +PARAM [/rosversion] by /roslaunch
[rosmaster.master][INFO] 2021-05-02 14:15:01,192: +PARAM [/racecar/left_steering_hinge_position_controller/type] by /roslaunch
[rosmaster.master][INFO] 2021-05-02 14:15:01,192: +PARAM [/racecar/left_steering_hinge_position_controller/joint] by /roslaunch
[rosmaster.master][INFO] 2021-05-02 14:15:01,193: +PARAM [/racecar/right_rear_wheel_velocity_controller/pid/p] by /roslaunch
[rosmaster.master][INFO] 2021-05-02 14:15:01,193: +PARAM [/racecar/left_front_wheel_velocity_controller/pid/p] by /roslaunch
[rosmaster.master][INFO] 2021-05-02 14:15:01,193: +PARAM [/racecar/right_rear_wheel_velocity_controller/type] by /roslaunch
[rosmaster.master][INFO] 2021-05-02 14:15:01,193: +PARAM [/racecar/right_rear_wheel_velocity_controller/pid/d] by /roslaunch
[rosmaster.master][INFO] 2021-05-02 14:15:01,194: +PARAM [/racecar/right_rear_wheel_velocity_controller/pid/i_clamp] by /roslaunch
[rosmaster.master][INFO] 2021-05-02 14:15:01,194: +PARAM [/racecar/left_front_wheel_velocity_controller/pid/i] by /roslaunch
[rosmaster.master][INFO] 2021-05-02 14:15:01,194: +PARAM [/keyboard_teleop/max_steering_angle] by /roslaunch
[rosmaster.master][INFO] 2021-05-02 14:15:01,194: +PARAM [/racecar/left_rear_wheel_velocity_controller/type] by /roslaunch
[rosmaster.master][INFO] 2021-05-02 14:15:01,194: +PARAM [/racecar/right_rear_wheel_velocity_controller/pid/i] by /roslaunch
[rosmaster.master][INFO] 2021-05-02 14:15:01,198: +SUB [/clock] /rosout http://ubuntu:37243/
[rosmaster.master][INFO] 2021-05-02 14:15:01,198: +PUB [/rosout_agg] /rosout http://ubuntu:37243/
[rosmaster.master][INFO] 2021-05-02 14:15:01,201: +SUB [/rosout] /rosout http://ubuntu:37243/
[rosmaster.master][INFO] 2021-05-02 14:15:01,307: +PUB [/rosout] /robot_state_publisher http://ubuntu:40081/
[rosmaster.master][INFO] 2021-05-02 14:15:01,313: +SERVICE [/robot_state_publisher/get_loggers] /robot_state_publisher http://ubuntu:40081/
[rosmaster.master][INFO] 2021-05-02 14:15:01,317: +SERVICE [/robot_state_publisher/set_logger_level] /robot_state_publisher http://ubuntu:40081/
[rosmaster.master][INFO] 2021-05-02 14:15:01,338: +PUB [/rosout] /vesc/mux_chainer http://ubuntu:44393/
[rosmaster.master][INFO] 2021-05-02 14:15:01,341: +SERVICE [/vesc/mux_chainer/get_loggers] /vesc/mux_chainer http://ubuntu:44393/
[rosmaster.master][INFO] 2021-05-02 14:15:01,342: +SUB [/clock] /robot_state_publisher http://ubuntu:40081/
[rosmaster.master][INFO] 2021-05-02 14:15:01,345: +SERVICE [/vesc/mux_chainer/set_logger_level] /vesc/mux_chainer http://ubuntu:44393/
[rosmaster.master][INFO] 2021-05-02 14:15:01,360: +PUB [/tf] /robot_state_publisher http://ubuntu:40081/
[rosmaster.master][INFO] 2021-05-02 14:15:01,361: +PUB [/tf_static] /robot_state_publisher http://ubuntu:40081/
[rosmaster.master][INFO] 2021-05-02 14:15:01,388: +SUB [/clock] /vesc/mux_chainer http://ubuntu:44393/
[rosmaster.master][INFO] 2021-05-02 14:15:01,391: +PUB [/rosout] /vesc/mux_topic_backward_compat_safety http://ubuntu:39139/
[rosmaster.master][INFO] 2021-05-02 14:15:01,398: +SERVICE [/vesc/mux_topic_backward_compat_safety/get_loggers] /vesc/mux_topic_backward_compat_safety http://ubuntu:39139/
[rosmaster.master][INFO] 2021-05-02 14:15:01,399: +SERVICE [/vesc/mux_topic_backward_compat_safety/set_logger_level] /vesc/mux_topic_backward_compat_safety http://ubuntu:39139/
[rosmaster.master][INFO] 2021-05-02 14:15:01,403: publisherUpdate[/rosout] -> http://ubuntu:37243/ ['http://ubuntu:40081/']
[rosmaster.master][INFO] 2021-05-02 14:15:01,405: publisherUpdate[/rosout] -> http://ubuntu:37243/ ['http://ubuntu:40081/']: sec=0.00, result=[1, '', 0]
[rosmaster.master][INFO] 2021-05-02 14:15:01,405: publisherUpdate[/rosout] -> http://ubuntu:37243/ ['http://ubuntu:40081/', 'http://ubuntu:44393/']
[rosmaster.master][INFO] 2021-05-02 14:15:01,407: publisherUpdate[/rosout] -> http://ubuntu:37243/ ['http://ubuntu:40081/', 'http://ubuntu:44393/']: sec=0.00, result=[1, '', 0]
[rosmaster.master][INFO] 2021-05-02 14:15:01,407: publisherUpdate[/rosout] -> http://ubuntu:37243/ ['http://ubuntu:40081/', 'http://ubuntu:44393/', 'http://ubuntu:39139/']
[rosmaster.master][INFO] 2021-05-02 14:15:01,408: publisherUpdate[/rosout] -> http://ubuntu:37243/ ['http://ubuntu:40081/', 'http://ubuntu:44393/', 'http://ubuntu:39139/']: sec=0.00, result=[1, '', 0]
[rosmaster.master][INFO] 2021-05-02 14:15:01,408: +PUB [/rosout] /vesc/mux_topic_backward_compat_teleop http://ubuntu:41755/
[rosmaster.master][INFO] 2021-05-02 14:15:01,409: publisherUpdate[/rosout] -> http://ubuntu:37243/ ['http://ubuntu:40081/', 'http://ubuntu:44393/', 'http://ubuntu:39139/', 'http://ubuntu:41755/']
[rosmaster.master][INFO] 2021-05-02 14:15:01,410: publisherUpdate[/rosout] -> http://ubuntu:37243/ ['http://ubuntu:40081/', 'http://ubuntu:44393/', 'http://ubuntu:39139/', 'http://ubuntu:41755/']: sec=0.00, result=[1, '', 0]
[rosmaster.master][INFO] 2021-05-02 14:15:01,410: +SUB [/racecar/joint_states] /robot_state_publisher http://ubuntu:40081/
[rosmaster.master][INFO] 2021-05-02 14:15:01,425: +SERVICE [/vesc/mux_topic_backward_compat_teleop/get_loggers] /vesc/mux_topic_backward_compat_teleop http://ubuntu:41755/
[rosmaster.master][INFO] 2021-05-02 14:15:01,432: +SERVICE [/vesc/mux_topic_backward_compat_teleop/set_logger_level] /vesc/mux_topic_backward_compat_teleop http://ubuntu:41755/
[rosmaster.master][INFO] 2021-05-02 14:15:01,438: +PUB [/rosout] /vesc/mux_topic_backward_compat_navigation http://ubuntu:38659/
[rosmaster.master][INFO] 2021-05-02 14:15:01,450: +SERVICE [/vesc/mux_topic_backward_compat_navigation/get_loggers] /vesc/mux_topic_backward_compat_navigation http://ubuntu:38659/
[rosmaster.master][INFO] 2021-05-02 14:15:01,453: +SUB [/vesc/high_level/ackermann_cmd_mux/output] /vesc/mux_chainer http://ubuntu:44393/
[rosmaster.master][INFO] 2021-05-02 14:15:01,457: +SUB [/clock] /vesc/mux_topic_backward_compat_safety http://ubuntu:39139/
[rosmaster.master][INFO] 2021-05-02 14:15:01,458: +SERVICE [/vesc/mux_topic_backward_compat_navigation/set_logger_level] /vesc/mux_topic_backward_compat_navigation http://ubuntu:38659/
[rosmaster.master][INFO] 2021-05-02 14:15:01,486: +SUB [/clock] /vesc/mux_topic_backward_compat_teleop http://ubuntu:41755/
[rosmaster.master][INFO] 2021-05-02 14:15:01,493: +SUB [/vesc/ackermann_cmd_mux/input/safety] /vesc/mux_topic_backward_compat_safety http://ubuntu:39139/
[rosmaster.master][INFO] 2021-05-02 14:15:01,504: publisherUpdate[/rosout] -> http://ubuntu:37243/ ['http://ubuntu:40081/', 'http://ubuntu:44393/', 'http://ubuntu:39139/', 'http://ubuntu:41755/', 'http://ubuntu:38659/']
[rosmaster.master][INFO] 2021-05-02 14:15:01,506: publisherUpdate[/rosout] -> http://ubuntu:37243/ ['http://ubuntu:40081/', 'http://ubuntu:44393/', 'http://ubuntu:39139/', 'http://ubuntu:41755/', 'http://ubuntu:38659/']: sec=0.00, result=[1, '', 0]
[rosmaster.master][INFO] 2021-05-02 14:15:01,513: +PUB [/rosout] /vesc/high_level/ackermann_cmd_mux http://ubuntu:38643/
[rosmaster.master][INFO] 2021-05-02 14:15:01,514: publisherUpdate[/rosout] -> http://ubuntu:37243/ ['http://ubuntu:40081/', 'http://ubuntu:44393/', 'http://ubuntu:39139/', 'http://ubuntu:41755/', 'http://ubuntu:38659/', 'http://ubuntu:38643/']
[rosmaster.master][INFO] 2021-05-02 14:15:01,515: publisherUpdate[/rosout] -> http://ubuntu:37243/ ['http://ubuntu:40081/', 'http://ubuntu:44393/', 'http://ubuntu:39139/', 'http://ubuntu:41755/', 'http://ubuntu:38659/', 'http://ubuntu:38643/']: sec=0.00, result=[1, '', 0]
[rosmaster.master][INFO] 2021-05-02 14:15:01,515: +SUB [/clock] /vesc/mux_topic_backward_compat_navigation http://ubuntu:38659/
[rosmaster.master][INFO] 2021-05-02 14:15:01,516: +SERVICE [/vesc/high_level/ackermann_cmd_mux/get_loggers] /vesc/high_level/ackermann_cmd_mux http://ubuntu:38643/
[rosmaster.master][INFO] 2021-05-02 14:15:01,528: +SUB [/vesc/ackermann_cmd_mux/input/teleop] /vesc/mux_topic_backward_compat_teleop http://ubuntu:41755/
[rosmaster.master][INFO] 2021-05-02 14:15:01,530: +SERVICE [/vesc/high_level/ackermann_cmd_mux/set_logger_level] /vesc/high_level/ackermann_cmd_mux http://ubuntu:38643/
[rosmaster.master][INFO] 2021-05-02 14:15:01,569: +PUB [/rosout] /better_odom http://ubuntu:45919/
[rosmaster.master][INFO] 2021-05-02 14:15:01,576: +SERVICE [/better_odom/get_loggers] /better_odom http://ubuntu:45919/
[rosmaster.master][INFO] 2021-05-02 14:15:01,577: +SUB [/clock] /vesc/high_level/ackermann_cmd_mux http://ubuntu:38643/
[rosmaster.master][INFO] 2021-05-02 14:15:01,581: +CACHEDPARAM [/rosout_disable_topics_generation] by /vesc/high_level/ackermann_cmd_mux
[rosmaster.master][INFO] 2021-05-02 14:15:01,585: +SUB [/vesc/ackermann_cmd_mux/input/navigation] /vesc/mux_topic_backward_compat_navigation http://ubuntu:38659/
[rosmaster.master][INFO] 2021-05-02 14:15:01,588: +SERVICE [/better_odom/set_logger_level] /better_odom http://ubuntu:45919/
[rosmaster.master][INFO] 2021-05-02 14:15:01,593: +PUB [/rosout] /vesc/high_level/ackermann_cmd_mux_nodelet_manager http://ubuntu:40425/
[rosmaster.master][INFO] 2021-05-02 14:15:01,602: +PARAM [/vesc/high_level/ackermann_cmd_mux] by /vesc/high_level/ackermann_cmd_mux
[rosmaster.master][INFO] 2021-05-02 14:15:01,602: +PUB [/rosout] /vesc/low_level/ackermann_cmd_mux http://ubuntu:43023/
[rosmaster.master][INFO] 2021-05-02 14:15:01,604: +SERVICE [/vesc/low_level/ackermann_cmd_mux/get_loggers] /vesc/low_level/ackermann_cmd_mux http://ubuntu:43023/
[rosmaster.master][INFO] 2021-05-02 14:15:01,605: +SERVICE [/vesc/low_level/ackermann_cmd_mux/set_logger_level] /vesc/low_level/ackermann_cmd_mux http://ubuntu:43023/
[rosmaster.master][INFO] 2021-05-02 14:15:01,609: publisherUpdate[/rosout] -> http://ubuntu:37243/ ['http://ubuntu:40081/', 'http://ubuntu:44393/', 'http://ubuntu:39139/', 'http://ubuntu:41755/', 'http://ubuntu:38659/', 'http://ubuntu:38643/', 'http://ubuntu:45919/']
[rosmaster.master][INFO] 2021-05-02 14:15:01,610: +SERVICE [/vesc/high_level/ackermann_cmd_mux_nodelet_manager/get_loggers] /vesc/high_level/ackermann_cmd_mux_nodelet_manager http://ubuntu:40425/
[rosmaster.master][INFO] 2021-05-02 14:15:01,621: publisherUpdate[/rosout] -> http://ubuntu:37243/ ['http://ubuntu:40081/', 'http://ubuntu:44393/', 'http://ubuntu:39139/', 'http://ubuntu:41755/', 'http://ubuntu:38659/', 'http://ubuntu:38643/', 'http://ubuntu:45919/']: sec=0.00, result=[1, '', 0]
[rosmaster.master][INFO] 2021-05-02 14:15:01,622: publisherUpdate[/rosout] -> http://ubuntu:37243/ ['http://ubuntu:40081/', 'http://ubuntu:44393/', 'http://ubuntu:39139/', 'http://ubuntu:41755/', 'http://ubuntu:38659/', 'http://ubuntu:38643/', 'http://ubuntu:45919/', 'http://ubuntu:40425/']
[rosmaster.master][INFO] 2021-05-02 14:15:01,629: publisherUpdate[/rosout] -> http://ubuntu:37243/ ['http://ubuntu:40081/', 'http://ubuntu:44393/', 'http://ubuntu:39139/', 'http://ubuntu:41755/', 'http://ubuntu:38659/', 'http://ubuntu:38643/', 'http://ubuntu:45919/', 'http://ubuntu:40425/']: sec=0.01, result=[1, '', 0]
[rosmaster.master][INFO] 2021-05-02 14:15:01,629: publisherUpdate[/rosout] -> http://ubuntu:37243/ ['http://ubuntu:40081/', 'http://ubuntu:44393/', 'http://ubuntu:39139/', 'http://ubuntu:41755/', 'http://ubuntu:38659/', 'http://ubuntu:38643/', 'http://ubuntu:45919/', 'http://ubuntu:40425/', 'http://ubuntu:43023/']
[rosmaster.master][INFO] 2021-05-02 14:15:01,630: publisherUpdate[/rosout] -> http://ubuntu:37243/ ['http://ubuntu:40081/', 'http://ubuntu:44393/', 'http://ubuntu:39139/', 'http://ubuntu:41755/', 'http://ubuntu:38659/', 'http://ubuntu:38643/', 'http://ubuntu:45919/', 'http://ubuntu:40425/', 'http://ubuntu:43023/']: sec=0.00, result=[1, '', 0]
[rosmaster.master][INFO] 2021-05-02 14:15:01,632: +SERVICE [/vesc/high_level/ackermann_cmd_mux_nodelet_manager/set_logger_level] /vesc/high_level/ackermann_cmd_mux_nodelet_manager http://ubuntu:40425/
[rosmaster.master][INFO] 2021-05-02 14:15:01,654: +SUB [/clock] /better_odom http://ubuntu:45919/
[rosmaster.master][INFO] 2021-05-02 14:15:01,661: +SUB [/clock] /vesc/low_level/ackermann_cmd_mux http://ubuntu:43023/
[rosmaster.master][INFO] 2021-05-02 14:15:01,665: +CACHEDPARAM [/rosout_disable_topics_generation] by /vesc/low_level/ackermann_cmd_mux
[rosmaster.master][INFO] 2021-05-02 14:15:01,686: +PARAM [/vesc/low_level/ackermann_cmd_mux] by /vesc/low_level/ackermann_cmd_mux
[rosmaster.master][INFO] 2021-05-02 14:15:01,693: +SUB [/clock] /vesc/high_level/ackermann_cmd_mux_nodelet_manager http://ubuntu:40425/
[rosmaster.master][INFO] 2021-05-02 14:15:01,717: +CACHEDPARAM [/rosout_disable_topics_generation] by /vesc/high_level/ackermann_cmd_mux_nodelet_manager
[rosmaster.master][INFO] 2021-05-02 14:15:01,717: +SUB [/vesc/odom] /better_odom http://ubuntu:45919/
[rosmaster.master][INFO] 2021-05-02 14:15:01,720: +PUB [/rosout] /vesc/low_level/ackermann_cmd_mux_nodelet_manager http://ubuntu:43599/
[rosmaster.master][INFO] 2021-05-02 14:15:01,725: publisherUpdate[/rosout] -> http://ubuntu:37243/ ['http://ubuntu:40081/', 'http://ubuntu:44393/', 'http://ubuntu:39139/', 'http://ubuntu:41755/', 'http://ubuntu:38659/', 'http://ubuntu:38643/', 'http://ubuntu:45919/', 'http://ubuntu:40425/', 'http://ubuntu:43023/', 'http://ubuntu:43599/']
[rosmaster.master][INFO] 2021-05-02 14:15:01,726: publisherUpdate[/rosout] -> http://ubuntu:37243/ ['http://ubuntu:40081/', 'http://ubuntu:44393/', 'http://ubuntu:39139/', 'http://ubuntu:41755/', 'http://ubuntu:38659/', 'http://ubuntu:38643/', 'http://ubuntu:45919/', 'http://ubuntu:40425/', 'http://ubuntu:43023/', 'http://ubuntu:43599/']: sec=0.00, result=[1, '', 0]
[rosmaster.master][INFO] 2021-05-02 14:15:01,728: +SERVICE [/vesc/low_level/ackermann_cmd_mux_nodelet_manager/get_loggers] /vesc/low_level/ackermann_cmd_mux_nodelet_manager http://ubuntu:43599/
[rosmaster.master][INFO] 2021-05-02 14:15:01,729: +SERVICE [/vesc/low_level/ackermann_cmd_mux_nodelet_manager/set_logger_level] /vesc/low_level/ackermann_cmd_mux_nodelet_manager http://ubuntu:43599/
[rosmaster.master][INFO] 2021-05-02 14:15:01,733: +CACHEDPARAM [/rosout/omit_topics] by /rosout
[rosmaster.master][INFO] 2021-05-02 14:15:01,734: +SERVICE [/vesc/high_level/ackermann_cmd_mux_nodelet_manager/load_nodelet] /vesc/high_level/ackermann_cmd_mux_nodelet_manager http://ubuntu:40425/
[rosmaster.master][INFO] 2021-05-02 14:15:01,745: +SERVICE [/vesc/high_level/ackermann_cmd_mux_nodelet_manager/unload_nodelet] /vesc/high_level/ackermann_cmd_mux_nodelet_manager http://ubuntu:40425/
[rosmaster.master][INFO] 2021-05-02 14:15:01,750: +SERVICE [/vesc/high_level/ackermann_cmd_mux_nodelet_manager/list] /vesc/high_level/ackermann_cmd_mux_nodelet_manager http://ubuntu:40425/
[rosmaster.master][INFO] 2021-05-02 14:15:01,765: +SUB [/clock] /vesc/low_level/ackermann_cmd_mux_nodelet_manager http://ubuntu:43599/
[rosmaster.master][INFO] 2021-05-02 14:15:01,775: +CACHEDPARAM [/rosout_disable_topics_generation] by /vesc/low_level/ackermann_cmd_mux_nodelet_manager
[rosmaster.master][INFO] 2021-05-02 14:15:01,778: +SERVICE [/vesc/high_level/ackermann_cmd_mux/set_parameters] /vesc/high_level/ackermann_cmd_mux_nodelet_manager http://ubuntu:40425/
[rosmaster.master][INFO] 2021-05-02 14:15:01,783: +PUB [/vesc/high_level/ackermann_cmd_mux/parameter_descriptions] /vesc/high_level/ackermann_cmd_mux_nodelet_manager http://ubuntu:40425/
[rosmaster.master][INFO] 2021-05-02 14:15:01,785: +SERVICE [/vesc/low_level/ackermann_cmd_mux_nodelet_manager/load_nodelet] /vesc/low_level/ackermann_cmd_mux_nodelet_manager http://ubuntu:43599/
[rosmaster.master][INFO] 2021-05-02 14:15:01,786: +PUB [/vesc/high_level/ackermann_cmd_mux/parameter_updates] /vesc/high_level/ackermann_cmd_mux_nodelet_manager http://ubuntu:40425/
[rosmaster.master][INFO] 2021-05-02 14:15:01,786: +SERVICE [/vesc/low_level/ackermann_cmd_mux_nodelet_manager/unload_nodelet] /vesc/low_level/ackermann_cmd_mux_nodelet_manager http://ubuntu:43599/
[rosmaster.master][INFO] 2021-05-02 14:15:01,790: +SERVICE [/vesc/low_level/ackermann_cmd_mux_nodelet_manager/list] /vesc/low_level/ackermann_cmd_mux_nodelet_manager http://ubuntu:43599/
[rosmaster.master][INFO] 2021-05-02 14:15:01,795: +PARAM [/vesc/high_level/ackermann_cmd_mux/yaml_cfg_file] by /vesc/high_level/ackermann_cmd_mux_nodelet_manager
[rosmaster.master][INFO] 2021-05-02 14:15:01,799: +PUB [/vesc/high_level/ackermann_cmd_mux/output] /vesc/high_level/ackermann_cmd_mux_nodelet_manager http://ubuntu:40425/
[rosmaster.master][INFO] 2021-05-02 14:15:01,809: +SERVICE [/vesc/low_level/ackermann_cmd_mux/set_parameters] /vesc/low_level/ackermann_cmd_mux_nodelet_manager http://ubuntu:43599/
[rosmaster.master][INFO] 2021-05-02 14:15:01,820: publisherUpdate[/vesc/high_level/ackermann_cmd_mux/output] -> http://ubuntu:44393/ ['http://ubuntu:40425/']
[rosmaster.master][INFO] 2021-05-02 14:15:01,822: +SUB [/vesc/high_level/ackermann_cmd_mux/input/nav_0] /vesc/high_level/ackermann_cmd_mux_nodelet_manager http://ubuntu:40425/
[rosmaster.master][INFO] 2021-05-02 14:15:01,823: publisherUpdate[/vesc/high_level/ackermann_cmd_mux/output] -> http://ubuntu:44393/ ['http://ubuntu:40425/']: sec=0.00, result=[1, '', 0]
[rosmaster.master][INFO] 2021-05-02 14:15:01,826: +PUB [/vesc/low_level/ackermann_cmd_mux/parameter_descriptions] /vesc/low_level/ackermann_cmd_mux_nodelet_manager http://ubuntu:43599/
[rosmaster.master][INFO] 2021-05-02 14:15:01,845: +SUB [/vesc/high_level/ackermann_cmd_mux/input/nav_1] /vesc/high_level/ackermann_cmd_mux_nodelet_manager http://ubuntu:40425/
[rosmaster.master][INFO] 2021-05-02 14:15:01,847: +PUB [/vesc/low_level/ackermann_cmd_mux/parameter_updates] /vesc/low_level/ackermann_cmd_mux_nodelet_manager http://ubuntu:43599/
[rosmaster.master][INFO] 2021-05-02 14:15:01,850: +PARAM [/vesc/low_level/ackermann_cmd_mux/yaml_cfg_file] by /vesc/low_level/ackermann_cmd_mux_nodelet_manager
[rosmaster.master][INFO] 2021-05-02 14:15:01,852: +PUB [/vesc/low_level/ackermann_cmd_mux/output] /vesc/low_level/ackermann_cmd_mux_nodelet_manager http://ubuntu:43599/
[rosmaster.master][INFO] 2021-05-02 14:15:01,861: +SUB [/vesc/high_level/ackermann_cmd_mux/input/nav_2] /vesc/high_level/ackermann_cmd_mux_nodelet_manager http://ubuntu:40425/
[rosmaster.master][INFO] 2021-05-02 14:15:01,870: +SUB [/vesc/low_level/ackermann_cmd_mux/input/teleop] /vesc/low_level/ackermann_cmd_mux_nodelet_manager http://ubuntu:43599/
[rosmaster.master][INFO] 2021-05-02 14:15:01,873: +SUB [/vesc/high_level/ackermann_cmd_mux/input/nav_3] /vesc/high_level/ackermann_cmd_mux_nodelet_manager http://ubuntu:40425/
[rosmaster.master][INFO] 2021-05-02 14:15:01,884: +SUB [/vesc/high_level/ackermann_cmd_mux/input/default] /vesc/high_level/ackermann_cmd_mux_nodelet_manager http://ubuntu:40425/
[rosmaster.master][INFO] 2021-05-02 14:15:01,887: +PARAM [/vesc/high_level/ackermann_cmd_mux/yaml_cfg_file] by /vesc/high_level/ackermann_cmd_mux_nodelet_manager
[rosmaster.master][INFO] 2021-05-02 14:15:01,887: +SUB [/vesc/low_level/ackermann_cmd_mux/input/safety] /vesc/low_level/ackermann_cmd_mux_nodelet_manager http://ubuntu:43599/
[rosmaster.master][INFO] 2021-05-02 14:15:01,891: +PUB [/vesc/high_level/ackermann_cmd_mux/active] /vesc/high_level/ackermann_cmd_mux_nodelet_manager http://ubuntu:40425/
[rosmaster.master][INFO] 2021-05-02 14:15:01,895: +PUB [/vesc/high_level/ackermann_cmd_mux_nodelet_manager/bond] /vesc/high_level/ackermann_cmd_mux_nodelet_manager http://ubuntu:40425/
[rosmaster.master][INFO] 2021-05-02 14:15:01,901: +SUB [/vesc/low_level/ackermann_cmd_mux/input/navigation] /vesc/low_level/ackermann_cmd_mux_nodelet_manager http://ubuntu:43599/
[rosmaster.master][INFO] 2021-05-02 14:15:01,903: +PARAM [/vesc/low_level/ackermann_cmd_mux/yaml_cfg_file] by /vesc/low_level/ackermann_cmd_mux_nodelet_manager
[rosmaster.master][INFO] 2021-05-02 14:15:01,904: +PUB [/vesc/low_level/ackermann_cmd_mux/active] /vesc/low_level/ackermann_cmd_mux_nodelet_manager http://ubuntu:43599/
[rosmaster.master][INFO] 2021-05-02 14:15:01,909: +PUB [/vesc/low_level/ackermann_cmd_mux_nodelet_manager/bond] /vesc/low_level/ackermann_cmd_mux_nodelet_manager http://ubuntu:43599/
[rosmaster.master][INFO] 2021-05-02 14:15:01,910: +SUB [/vesc/high_level/ackermann_cmd_mux_nodelet_manager/bond] /vesc/high_level/ackermann_cmd_mux_nodelet_manager http://ubuntu:40425/
[rosmaster.master][INFO] 2021-05-02 14:15:01,921: +SUB [/vesc/low_level/ackermann_cmd_mux_nodelet_manager/bond] /vesc/low_level/ackermann_cmd_mux_nodelet_manager http://ubuntu:43599/
[rosmaster.master][INFO] 2021-05-02 14:15:01,930: +PUB [/vesc/low_level/ackermann_cmd_mux_nodelet_manager/bond] /vesc/low_level/ackermann_cmd_mux http://ubuntu:43023/
[rosmaster.master][INFO] 2021-05-02 14:15:01,932: +SUB [/vesc/low_level/ackermann_cmd_mux_nodelet_manager/bond] /vesc/low_level/ackermann_cmd_mux http://ubuntu:43023/
[rosmaster.master][INFO] 2021-05-02 14:15:01,937: publisherUpdate[/vesc/low_level/ackermann_cmd_mux_nodelet_manager/bond] -> http://ubuntu:43599/ ['http://ubuntu:43599/', 'http://ubuntu:43023/']
[rosmaster.master][INFO] 2021-05-02 14:15:01,941: publisherUpdate[/vesc/low_level/ackermann_cmd_mux_nodelet_manager/bond] -> http://ubuntu:43599/ ['http://ubuntu:43599/', 'http://ubuntu:43023/']: sec=0.00, result=[1, '', 0]
[rosmaster.master][INFO] 2021-05-02 14:15:02,029: +PUB [/vesc/high_level/ackermann_cmd_mux_nodelet_manager/bond] /vesc/high_level/ackermann_cmd_mux http://ubuntu:38643/
[rosmaster.master][INFO] 2021-05-02 14:15:02,038: +SUB [/vesc/high_level/ackermann_cmd_mux_nodelet_manager/bond] /vesc/high_level/ackermann_cmd_mux http://ubuntu:38643/
[rosmaster.master][INFO] 2021-05-02 14:15:02,042: publisherUpdate[/vesc/high_level/ackermann_cmd_mux_nodelet_manager/bond] -> http://ubuntu:40425/ ['http://ubuntu:40425/', 'http://ubuntu:38643/']
[rosmaster.master][INFO] 2021-05-02 14:15:02,045: publisherUpdate[/vesc/high_level/ackermann_cmd_mux_nodelet_manager/bond] -> http://ubuntu:40425/ ['http://ubuntu:40425/', 'http://ubuntu:38643/']: sec=0.00, result=[1, '', 0]
[rosmaster.master][INFO] 2021-05-02 14:15:02,110: +PUB [/rosout] /racecar/controller_manager http://ubuntu:41151/
[rosmaster.master][INFO] 2021-05-02 14:15:02,114: +SUB [/clock] /racecar/controller_manager http://ubuntu:41151/
[rosmaster.master][INFO] 2021-05-02 14:15:02,115: +SERVICE [/racecar/controller_manager/get_loggers] /racecar/controller_manager http://ubuntu:41151/
[rosmaster.master][INFO] 2021-05-02 14:15:02,116: +SERVICE [/racecar/controller_manager/set_logger_level] /racecar/controller_manager http://ubuntu:41151/
[rosmaster.master][INFO] 2021-05-02 14:15:02,117: +CACHEDPARAM [/rosout_disable_topics_generation] by /racecar/controller_manager
[rosmaster.master][INFO] 2021-05-02 14:15:02,128: publisherUpdate[/rosout] -> http://ubuntu:37243/ ['http://ubuntu:40081/', 'http://ubuntu:44393/', 'http://ubuntu:39139/', 'http://ubuntu:41755/', 'http://ubuntu:38659/', 'http://ubuntu:38643/', 'http://ubuntu:45919/', 'http://ubuntu:40425/', 'http://ubuntu:43023/', 'http://ubuntu:43599/', 'http://ubuntu:41151/']
[rosmaster.master][INFO] 2021-05-02 14:15:02,129: publisherUpdate[/rosout] -> http://ubuntu:37243/ ['http://ubuntu:40081/', 'http://ubuntu:44393/', 'http://ubuntu:39139/', 'http://ubuntu:41755/', 'http://ubuntu:38659/', 'http://ubuntu:38643/', 'http://ubuntu:45919/', 'http://ubuntu:40425/', 'http://ubuntu:43023/', 'http://ubuntu:43599/', 'http://ubuntu:41151/']: sec=0.00, result=[1, '', 0]
[rosmaster.master][INFO] 2021-05-02 14:15:02,162: +PUB [/rosout] /servo_commands http://ubuntu:34853/
[rosmaster.master][INFO] 2021-05-02 14:15:02,178: +SUB [/clock] /servo_commands http://ubuntu:34853/
[rosmaster.master][INFO] 2021-05-02 14:15:02,185: +SERVICE [/servo_commands/get_loggers] /servo_commands http://ubuntu:34853/
[rosmaster.master][INFO] 2021-05-02 14:15:02,186: +SERVICE [/servo_commands/set_logger_level] /servo_commands http://ubuntu:34853/
[rosmaster.master][INFO] 2021-05-02 14:15:02,194: +SUB [/vesc/low_level/ackermann_cmd_mux/output] /servo_commands http://ubuntu:34853/
[rosmaster.master][INFO] 2021-05-02 14:15:02,230: publisherUpdate[/rosout] -> http://ubuntu:37243/ ['http://ubuntu:40081/', 'http://ubuntu:44393/', 'http://ubuntu:39139/', 'http://ubuntu:41755/', 'http://ubuntu:38659/', 'http://ubuntu:38643/', 'http://ubuntu:45919/', 'http://ubuntu:40425/', 'http://ubuntu:43023/', 'http://ubuntu:43599/', 'http://ubuntu:41151/', 'http://ubuntu:34853/']
[rosmaster.master][INFO] 2021-05-02 14:15:02,231: publisherUpdate[/rosout] -> http://ubuntu:37243/ ['http://ubuntu:40081/', 'http://ubuntu:44393/', 'http://ubuntu:39139/', 'http://ubuntu:41755/', 'http://ubuntu:38659/', 'http://ubuntu:38643/', 'http://ubuntu:45919/', 'http://ubuntu:40425/', 'http://ubuntu:43023/', 'http://ubuntu:43599/', 'http://ubuntu:41151/', 'http://ubuntu:34853/']: sec=0.00, result=[1, '', 0]
[rosmaster.master][INFO] 2021-05-02 14:15:02,364: +PUB [/rosout] /keyboard_teleop http://ubuntu:44231/
[rosmaster.master][INFO] 2021-05-02 14:15:02,373: +SUB [/clock] /keyboard_teleop http://ubuntu:44231/
[rosmaster.master][INFO] 2021-05-02 14:15:02,375: +SERVICE [/keyboard_teleop/get_loggers] /keyboard_teleop http://ubuntu:44231/
[rosmaster.master][INFO] 2021-05-02 14:15:02,377: +SERVICE [/keyboard_teleop/set_logger_level] /keyboard_teleop http://ubuntu:44231/
[rosmaster.master][INFO] 2021-05-02 14:15:02,384: +PUB [/vesc/low_level/ackermann_cmd_mux/input/teleop] /keyboard_teleop http://ubuntu:44231/
[rosmaster.master][INFO] 2021-05-02 14:15:02,432: publisherUpdate[/rosout] -> http://ubuntu:37243/ ['http://ubuntu:40081/', 'http://ubuntu:44393/', 'http://ubuntu:39139/', 'http://ubuntu:41755/', 'http://ubuntu:38659/', 'http://ubuntu:38643/', 'http://ubuntu:45919/', 'http://ubuntu:40425/', 'http://ubuntu:43023/', 'http://ubuntu:43599/', 'http://ubuntu:41151/', 'http://ubuntu:34853/', 'http://ubuntu:44231/']
[rosmaster.master][INFO] 2021-05-02 14:15:02,433: publisherUpdate[/rosout] -> http://ubuntu:37243/ ['http://ubuntu:40081/', 'http://ubuntu:44393/', 'http://ubuntu:39139/', 'http://ubuntu:41755/', 'http://ubuntu:38659/', 'http://ubuntu:38643/', 'http://ubuntu:45919/', 'http://ubuntu:40425/', 'http://ubuntu:43023/', 'http://ubuntu:43599/', 'http://ubuntu:41151/', 'http://ubuntu:34853/', 'http://ubuntu:44231/']: sec=0.00, result=[1, '', 0]
[rosmaster.master][INFO] 2021-05-02 14:15:02,433: publisherUpdate[/vesc/low_level/ackermann_cmd_mux/input/teleop] -> http://ubuntu:43599/ ['http://ubuntu:44231/']
[rosmaster.master][INFO] 2021-05-02 14:15:02,435: publisherUpdate[/vesc/low_level/ackermann_cmd_mux/input/teleop] -> http://ubuntu:43599/ ['http://ubuntu:44231/']: sec=0.00, result=[1, '', 0]
[rosmaster.master][INFO] 2021-05-02 14:15:02,512: +SERVICE [/vesc/zero_ackermann_cmd/get_loggers] /vesc/zero_ackermann_cmd http://ubuntu:45751/
[rosmaster.master][INFO] 2021-05-02 14:15:02,513: +PUB [/rosout] /gazebo_gui http://ubuntu:36259/
[rosmaster.master][INFO] 2021-05-02 14:15:02,514: +SERVICE [/vesc/zero_ackermann_cmd/set_logger_level] /vesc/zero_ackermann_cmd http://ubuntu:45751/
[rosmaster.master][INFO] 2021-05-02 14:15:02,515: +SERVICE [/gazebo_gui/get_loggers] /gazebo_gui http://ubuntu:36259/
[rosmaster.master][INFO] 2021-05-02 14:15:02,516: +SERVICE [/gazebo_gui/set_logger_level] /gazebo_gui http://ubuntu:36259/
[rosmaster.master][INFO] 2021-05-02 14:15:02,518: +PUB [/vesc/high_level/ackermann_cmd_mux/input/default] /vesc/zero_ackermann_cmd http://ubuntu:45751/
[rosmaster.master][INFO] 2021-05-02 14:15:02,524: +SUB [/clock] /gazebo_gui http://ubuntu:36259/
[rosmaster.master][INFO] 2021-05-02 14:15:02,529: +CACHEDPARAM [/rosout_disable_topics_generation] by /gazebo_gui
[rosmaster.master][INFO] 2021-05-02 14:15:02,535: publisherUpdate[/rosout] -> http://ubuntu:37243/ ['http://ubuntu:40081/', 'http://ubuntu:44393/', 'http://ubuntu:39139/', 'http://ubuntu:41755/', 'http://ubuntu:38659/', 'http://ubuntu:38643/', 'http://ubuntu:45919/', 'http://ubuntu:40425/', 'http://ubuntu:43023/', 'http://ubuntu:43599/', 'http://ubuntu:41151/', 'http://ubuntu:34853/', 'http://ubuntu:44231/', 'http://ubuntu:36259/']
[rosmaster.master][INFO] 2021-05-02 14:15:02,535: publisherUpdate[/vesc/high_level/ackermann_cmd_mux/input/default] -> http://ubuntu:40425/ ['http://ubuntu:45751/']
[rosmaster.master][INFO] 2021-05-02 14:15:02,537: publisherUpdate[/rosout] -> http://ubuntu:37243/ ['http://ubuntu:40081/', 'http://ubuntu:44393/', 'http://ubuntu:39139/', 'http://ubuntu:41755/', 'http://ubuntu:38659/', 'http://ubuntu:38643/', 'http://ubuntu:45919/', 'http://ubuntu:40425/', 'http://ubuntu:43023/', 'http://ubuntu:43599/', 'http://ubuntu:41151/', 'http://ubuntu:34853/', 'http://ubuntu:44231/', 'http://ubuntu:36259/']: sec=0.00, result=[1, '', 0]
[rosmaster.master][INFO] 2021-05-02 14:15:02,540: publisherUpdate[/vesc/high_level/ackermann_cmd_mux/input/default] -> http://ubuntu:40425/ ['http://ubuntu:45751/']: sec=0.00, result=[1, '', 0]
[rosmaster.master][INFO] 2021-05-02 14:15:02,541: +PUB [/rosout] /gazebo http://ubuntu:40925/
[rosmaster.master][INFO] 2021-05-02 14:15:02,542: +SERVICE [/gazebo/get_loggers] /gazebo http://ubuntu:40925/
[rosmaster.master][INFO] 2021-05-02 14:15:02,543: +SERVICE [/gazebo/set_logger_level] /gazebo http://ubuntu:40925/
[rosmaster.master][INFO] 2021-05-02 14:15:02,546: +SUB [/clock] /gazebo http://ubuntu:40925/
[rosmaster.master][INFO] 2021-05-02 14:15:02,551: publisherUpdate[/rosout] -> http://ubuntu:37243/ ['http://ubuntu:40081/', 'http://ubuntu:44393/', 'http://ubuntu:39139/', 'http://ubuntu:41755/', 'http://ubuntu:38659/', 'http://ubuntu:38643/', 'http://ubuntu:45919/', 'http://ubuntu:40425/', 'http://ubuntu:43023/', 'http://ubuntu:43599/', 'http://ubuntu:41151/', 'http://ubuntu:34853/', 'http://ubuntu:44231/', 'http://ubuntu:36259/', 'http://ubuntu:40925/']
[rosmaster.master][INFO] 2021-05-02 14:15:02,555: +CACHEDPARAM [/rosout_disable_topics_generation] by /gazebo
[rosmaster.master][INFO] 2021-05-02 14:15:02,557: publisherUpdate[/rosout] -> http://ubuntu:37243/ ['http://ubuntu:40081/', 'http://ubuntu:44393/', 'http://ubuntu:39139/', 'http://ubuntu:41755/', 'http://ubuntu:38659/', 'http://ubuntu:38643/', 'http://ubuntu:45919/', 'http://ubuntu:40425/', 'http://ubuntu:43023/', 'http://ubuntu:43599/', 'http://ubuntu:41151/', 'http://ubuntu:34853/', 'http://ubuntu:44231/', 'http://ubuntu:36259/', 'http://ubuntu:40925/']: sec=0.01, result=[1, '', 0]
[rosmaster.master][INFO] 2021-05-02 14:15:02,704: +PUB [/vesc/odom] /gazebo_odometry_node http://ubuntu:39781/
[rosmaster.master][INFO] 2021-05-02 14:15:02,739: publisherUpdate[/vesc/odom] -> http://ubuntu:45919/ ['http://ubuntu:39781/']
[rosmaster.master][INFO] 2021-05-02 14:15:02,741: publisherUpdate[/vesc/odom] -> http://ubuntu:45919/ ['http://ubuntu:39781/']: sec=0.00, result=[1, '', 0]
[rosmaster.master][INFO] 2021-05-02 14:15:02,805: +PUB [/rosout] /gazebo_odometry_node http://ubuntu:39781/
[rosmaster.master][INFO] 2021-05-02 14:15:02,811: +SUB [/clock] /gazebo_odometry_node http://ubuntu:39781/
[rosmaster.master][INFO] 2021-05-02 14:15:02,813: +SERVICE [/gazebo_odometry_node/get_loggers] /gazebo_odometry_node http://ubuntu:39781/
[rosmaster.master][INFO] 2021-05-02 14:15:02,815: +SERVICE [/gazebo_odometry_node/set_logger_level] /gazebo_odometry_node http://ubuntu:39781/
[rosmaster.master][INFO] 2021-05-02 14:15:02,817: +PUB [/tf] /gazebo_odometry_node http://ubuntu:39781/
[rosmaster.master][INFO] 2021-05-02 14:15:02,819: +SUB [/gazebo/link_states] /gazebo_odometry_node http://ubuntu:39781/
[rosmaster.master][INFO] 2021-05-02 14:15:02,841: publisherUpdate[/rosout] -> http://ubuntu:37243/ ['http://ubuntu:40081/', 'http://ubuntu:44393/', 'http://ubuntu:39139/', 'http://ubuntu:41755/', 'http://ubuntu:38659/', 'http://ubuntu:38643/', 'http://ubuntu:45919/', 'http://ubuntu:40425/', 'http://ubuntu:43023/', 'http://ubuntu:43599/', 'http://ubuntu:41151/', 'http://ubuntu:34853/', 'http://ubuntu:44231/', 'http://ubuntu:36259/', 'http://ubuntu:40925/', 'http://ubuntu:39781/']
[rosmaster.master][INFO] 2021-05-02 14:15:02,844: publisherUpdate[/rosout] -> http://ubuntu:37243/ ['http://ubuntu:40081/', 'http://ubuntu:44393/', 'http://ubuntu:39139/', 'http://ubuntu:41755/', 'http://ubuntu:38659/', 'http://ubuntu:38643/', 'http://ubuntu:45919/', 'http://ubuntu:40425/', 'http://ubuntu:43023/', 'http://ubuntu:43599/', 'http://ubuntu:41151/', 'http://ubuntu:34853/', 'http://ubuntu:44231/', 'http://ubuntu:36259/', 'http://ubuntu:40925/', 'http://ubuntu:39781/']: sec=0.00, result=[1, '', 0]
[rosmaster.master][INFO] 2021-05-02 14:15:02,857: +PUB [/vesc/low_level/ackermann_cmd_mux/input/navigation] /vesc/mux_chainer http://ubuntu:44393/
[rosmaster.master][INFO] 2021-05-02 14:15:02,861: publisherUpdate[/vesc/low_level/ackermann_cmd_mux/input/navigation] -> http://ubuntu:43599/ ['http://ubuntu:44393/']
[rosmaster.master][INFO] 2021-05-02 14:15:02,863: +CACHEDPARAM [/rosout_disable_topics_generation] by /vesc/mux_chainer
[rosmaster.master][INFO] 2021-05-02 14:15:02,867: publisherUpdate[/vesc/low_level/ackermann_cmd_mux/input/navigation] -> http://ubuntu:43599/ ['http://ubuntu:44393/']: sec=0.00, result=[1, '', 0]
[rosmaster.master][INFO] 2021-05-02 14:15:03,189: +PUB [/racecar/left_rear_wheel_velocity_controller/command] /servo_commands http://ubuntu:34853/
[rosmaster.master][INFO] 2021-05-02 14:15:03,191: +PUB [/racecar/right_rear_wheel_velocity_controller/command] /servo_commands http://ubuntu:34853/
[rosmaster.master][INFO] 2021-05-02 14:15:03,192: +PUB [/racecar/left_front_wheel_velocity_controller/command] /servo_commands http://ubuntu:34853/
[rosmaster.master][INFO] 2021-05-02 14:15:03,193: +PUB [/racecar/right_front_wheel_velocity_controller/command] /servo_commands http://ubuntu:34853/
[rosmaster.master][INFO] 2021-05-02 14:15:03,194: +PUB [/racecar/left_steering_hinge_position_controller/command] /servo_commands http://ubuntu:34853/
[rosmaster.master][INFO] 2021-05-02 14:15:03,195: +PUB [/racecar/right_steering_hinge_position_controller/command] /servo_commands http://ubuntu:34853/
[rosmaster.master][INFO] 2021-05-02 14:15:04,238: +PUB [/clock] /gazebo http://ubuntu:40925/
[rosmaster.master][INFO] 2021-05-02 14:15:04,240: +SERVICE [/gazebo/spawn_sdf_model] /gazebo http://ubuntu:40925/
[rosmaster.master][INFO] 2021-05-02 14:15:04,240: +SERVICE [/gazebo/spawn_urdf_model] /gazebo http://ubuntu:40925/
[rosmaster.master][INFO] 2021-05-02 14:15:04,241: +SERVICE [/gazebo/delete_model] /gazebo http://ubuntu:40925/
[rosmaster.master][INFO] 2021-05-02 14:15:04,241: +SERVICE [/gazebo/delete_light] /gazebo http://ubuntu:40925/
[rosmaster.master][INFO] 2021-05-02 14:15:04,242: +SERVICE [/gazebo/get_model_properties] /gazebo http://ubuntu:40925/
[rosmaster.master][INFO] 2021-05-02 14:15:04,242: +SERVICE [/gazebo/get_model_state] /gazebo http://ubuntu:40925/
[rosmaster.master][INFO] 2021-05-02 14:15:04,243: +SERVICE [/gazebo/get_world_properties] /gazebo http://ubuntu:40925/
[rosmaster.master][INFO] 2021-05-02 14:15:04,243: +SERVICE [/gazebo/get_joint_properties] /gazebo http://ubuntu:40925/
[rosmaster.master][INFO] 2021-05-02 14:15:04,243: +SERVICE [/gazebo/get_link_properties] /gazebo http://ubuntu:40925/
[rosmaster.master][INFO] 2021-05-02 14:15:04,244: +SERVICE [/gazebo/get_link_state] /gazebo http://ubuntu:40925/
[rosmaster.master][INFO] 2021-05-02 14:15:04,245: +SERVICE [/gazebo/get_light_properties] /gazebo http://ubuntu:40925/
[rosmaster.master][INFO] 2021-05-02 14:15:04,245: +SERVICE [/gazebo/set_light_properties] /gazebo http://ubuntu:40925/
[rosmaster.master][INFO] 2021-05-02 14:15:04,245: +SERVICE [/gazebo/get_physics_properties] /gazebo http://ubuntu:40925/
[rosmaster.master][INFO] 2021-05-02 14:15:04,246: +PUB [/gazebo/link_states] /gazebo http://ubuntu:40925/
[rosmaster.master][INFO] 2021-05-02 14:15:04,247: +PUB [/gazebo/model_states] /gazebo http://ubuntu:40925/
[rosmaster.master][INFO] 2021-05-02 14:15:04,247: +SERVICE [/gazebo/set_link_properties] /gazebo http://ubuntu:40925/
[rosmaster.master][INFO] 2021-05-02 14:15:04,247: +SERVICE [/gazebo/set_physics_properties] /gazebo http://ubuntu:40925/
[rosmaster.master][INFO] 2021-05-02 14:15:04,248: +SERVICE [/gazebo/set_model_state] /gazebo http://ubuntu:40925/
[rosmaster.master][INFO] 2021-05-02 14:15:04,248: +SERVICE [/gazebo/set_model_configuration] /gazebo http://ubuntu:40925/
[rosmaster.master][INFO] 2021-05-02 14:15:04,249: +SERVICE [/gazebo/set_joint_properties] /gazebo http://ubuntu:40925/
[rosmaster.master][INFO] 2021-05-02 14:15:04,249: +SERVICE [/gazebo/set_link_state] /gazebo http://ubuntu:40925/
[rosmaster.master][INFO] 2021-05-02 14:15:04,250: publisherUpdate[/clock] -> http://ubuntu:37243/ ['http://ubuntu:40925/']
[rosmaster.master][INFO] 2021-05-02 14:15:04,250: publisherUpdate[/clock] -> http://ubuntu:37243/ ['http://ubuntu:40925/']: sec=0.00, result=[1, '', 0]
[rosmaster.master][INFO] 2021-05-02 14:15:04,250: publisherUpdate[/clock] -> http://ubuntu:40081/ ['http://ubuntu:40925/']
[rosmaster.master][INFO] 2021-05-02 14:15:04,251: publisherUpdate[/clock] -> http://ubuntu:40081/ ['http://ubuntu:40925/']: sec=0.00, result=[1, '', 0]
[rosmaster.master][INFO] 2021-05-02 14:15:04,251: publisherUpdate[/clock] -> http://ubuntu:44393/ ['http://ubuntu:40925/']
[rosmaster.master][INFO] 2021-05-02 14:15:04,252: publisherUpdate[/clock] -> http://ubuntu:44393/ ['http://ubuntu:40925/']: sec=0.00, result=[1, '', 0]
[rosmaster.master][INFO] 2021-05-02 14:15:04,252: publisherUpdate[/clock] -> http://ubuntu:39139/ ['http://ubuntu:40925/']
[rosmaster.master][INFO] 2021-05-02 14:15:04,253: publisherUpdate[/clock] -> http://ubuntu:39139/ ['http://ubuntu:40925/']: sec=0.00, result=[1, '', 0]
[rosmaster.master][INFO] 2021-05-02 14:15:04,253: publisherUpdate[/clock] -> http://ubuntu:41755/ ['http://ubuntu:40925/']
[rosmaster.master][INFO] 2021-05-02 14:15:04,254: publisherUpdate[/clock] -> http://ubuntu:38659/ ['http://ubuntu:40925/']
[rosmaster.master][INFO] 2021-05-02 14:15:04,254: publisherUpdate[/clock] -> http://ubuntu:41755/ ['http://ubuntu:40925/']: sec=0.00, result=[1, '', 0]
[rosmaster.master][INFO] 2021-05-02 14:15:04,255: publisherUpdate[/clock] -> http://ubuntu:38643/ ['http://ubuntu:40925/']
[rosmaster.master][INFO] 2021-05-02 14:15:04,256: publisherUpdate[/clock] -> http://ubuntu:38643/ ['http://ubuntu:40925/']: sec=0.00, result=[1, '', 0]
[rosmaster.master][INFO] 2021-05-02 14:15:04,257: publisherUpdate[/clock] -> http://ubuntu:38659/ ['http://ubuntu:40925/']: sec=0.00, result=[1, '', 0]
[rosmaster.master][INFO] 2021-05-02 14:15:04,257: +SUB [/gazebo/set_link_state] /gazebo http://ubuntu:40925/
[rosmaster.master][INFO] 2021-05-02 14:15:04,257: publisherUpdate[/clock] -> http://ubuntu:45919/ ['http://ubuntu:40925/']
[rosmaster.master][INFO] 2021-05-02 14:15:04,257: publisherUpdate[/clock] -> http://ubuntu:43023/ ['http://ubuntu:40925/']
[rosmaster.master][INFO] 2021-05-02 14:15:04,261: publisherUpdate[/clock] -> http://ubuntu:45919/ ['http://ubuntu:40925/']: sec=0.00, result=[1, '', 0]
[rosmaster.master][INFO] 2021-05-02 14:15:04,261: publisherUpdate[/clock] -> http://ubuntu:43023/ ['http://ubuntu:40925/']: sec=0.00, result=[1, '', 0]
[rosmaster.master][INFO] 2021-05-02 14:15:04,262: publisherUpdate[/clock] -> http://ubuntu:40425/ ['http://ubuntu:40925/']
[rosmaster.master][INFO] 2021-05-02 14:15:04,262: publisherUpdate[/clock] -> http://ubuntu:43599/ ['http://ubuntu:40925/']
[rosmaster.master][INFO] 2021-05-02 14:15:04,265: publisherUpdate[/clock] -> http://ubuntu:43599/ ['http://ubuntu:40925/']: sec=0.00, result=[1, '', 0]
[rosmaster.master][INFO] 2021-05-02 14:15:04,267: publisherUpdate[/clock] -> http://ubuntu:40425/ ['http://ubuntu:40925/']: sec=0.00, result=[1, '', 0]
[rosmaster.master][INFO] 2021-05-02 14:15:04,267: publisherUpdate[/clock] -> http://ubuntu:34853/ ['http://ubuntu:40925/']
[rosmaster.master][INFO] 2021-05-02 14:15:04,267: publisherUpdate[/clock] -> http://ubuntu:41151/ ['http://ubuntu:40925/']
[rosmaster.master][INFO] 2021-05-02 14:15:04,269: +SUB [/gazebo/set_model_state] /gazebo http://ubuntu:40925/
[rosmaster.master][INFO] 2021-05-02 14:15:04,270: +SERVICE [/gazebo/pause_physics] /gazebo http://ubuntu:40925/
[rosmaster.master][INFO] 2021-05-02 14:15:04,270: +SERVICE [/gazebo/unpause_physics] /gazebo http://ubuntu:40925/
[rosmaster.master][INFO] 2021-05-02 14:15:04,271: publisherUpdate[/clock] -> http://ubuntu:41151/ ['http://ubuntu:40925/']: sec=0.00, result=[1, '', 0]
[rosmaster.master][INFO] 2021-05-02 14:15:04,271: publisherUpdate[/clock] -> http://ubuntu:34853/ ['http://ubuntu:40925/']: sec=0.00, result=[1, '', 0]
[rosmaster.master][INFO] 2021-05-02 14:15:04,272: publisherUpdate[/clock] -> http://ubuntu:44231/ ['http://ubuntu:40925/']
[rosmaster.master][INFO] 2021-05-02 14:15:04,272: publisherUpdate[/clock] -> http://ubuntu:36259/ ['http://ubuntu:40925/']
[rosmaster.master][INFO] 2021-05-02 14:15:04,272: +SERVICE [/gazebo/apply_body_wrench] /gazebo http://ubuntu:40925/
[rosmaster.master][INFO] 2021-05-02 14:15:04,273: +SERVICE [/gazebo/apply_joint_effort] /gazebo http://ubuntu:40925/
[rosmaster.master][INFO] 2021-05-02 14:15:04,274: +SERVICE [/gazebo/clear_joint_forces] /gazebo http://ubuntu:40925/
[rosmaster.master][INFO] 2021-05-02 14:15:04,275: publisherUpdate[/clock] -> http://ubuntu:40925/ ['http://ubuntu:40925/']
[rosmaster.master][INFO] 2021-05-02 14:15:04,277: publisherUpdate[/clock] -> http://ubuntu:36259/ ['http://ubuntu:40925/']: sec=0.00, result=[1, '', 0]
[rosmaster.master][INFO] 2021-05-02 14:15:04,277: publisherUpdate[/clock] -> http://ubuntu:39781/ ['http://ubuntu:40925/']
[rosmaster.master][INFO] 2021-05-02 14:15:04,278: +SERVICE [/gazebo/clear_body_wrenches] /gazebo http://ubuntu:40925/
[rosmaster.master][INFO] 2021-05-02 14:15:04,278: +SERVICE [/gazebo/reset_simulation] /gazebo http://ubuntu:40925/
[rosmaster.master][INFO] 2021-05-02 14:15:04,279: publisherUpdate[/clock] -> http://ubuntu:44231/ ['http://ubuntu:40925/']: sec=0.01, result=[1, '', 0]
[rosmaster.master][INFO] 2021-05-02 14:15:04,281: publisherUpdate[/clock] -> http://ubuntu:39781/ ['http://ubuntu:40925/']: sec=0.00, result=[1, '', 0]
[rosmaster.master][INFO] 2021-05-02 14:15:04,282: publisherUpdate[/clock] -> http://ubuntu:40925/ ['http://ubuntu:40925/']: sec=0.01, result=[1, '', 0]
[rosmaster.master][INFO] 2021-05-02 14:15:04,283: +SERVICE [/gazebo/reset_world] /gazebo http://ubuntu:40925/
[rosmaster.master][INFO] 2021-05-02 14:15:04,283: publisherUpdate[/gazebo/link_states] -> http://ubuntu:39781/ ['http://ubuntu:40925/']
[rosmaster.master][INFO] 2021-05-02 14:15:04,285: +SERVICE [/gazebo/set_parameters] /gazebo http://ubuntu:40925/
[rosmaster.master][INFO] 2021-05-02 14:15:04,286: publisherUpdate[/gazebo/link_states] -> http://ubuntu:39781/ ['http://ubuntu:40925/']: sec=0.00, result=[1, '', 0]
[rosmaster.master][INFO] 2021-05-02 14:15:04,287: +PUB [/gazebo/parameter_descriptions] /gazebo http://ubuntu:40925/
[rosmaster.master][INFO] 2021-05-02 14:15:04,288: +PUB [/gazebo/parameter_updates] /gazebo http://ubuntu:40925/
[rosmaster.master][INFO] 2021-05-02 14:15:04,301: +PARAM [/gazebo/time_step] by /gazebo
[rosmaster.master][INFO] 2021-05-02 14:15:04,302: +PARAM [/gazebo/max_update_rate] by /gazebo
[rosmaster.master][INFO] 2021-05-02 14:15:04,303: +PARAM [/gazebo/gravity_x] by /gazebo
[rosmaster.master][INFO] 2021-05-02 14:15:04,303: +PARAM [/gazebo/gravity_y] by /gazebo
[rosmaster.master][INFO] 2021-05-02 14:15:04,305: +PARAM [/gazebo/gravity_z] by /gazebo
[rosmaster.master][INFO] 2021-05-02 14:15:04,305: +PARAM [/gazebo/auto_disable_bodies] by /gazebo
[rosmaster.master][INFO] 2021-05-02 14:15:04,306: +PARAM [/gazebo/sor_pgs_precon_iters] by /gazebo
[rosmaster.master][INFO] 2021-05-02 14:15:04,307: +PARAM [/gazebo/sor_pgs_iters] by /gazebo
[rosmaster.master][INFO] 2021-05-02 14:15:04,307: +PARAM [/gazebo/sor_pgs_w] by /gazebo
[rosmaster.master][INFO] 2021-05-02 14:15:04,308: +PARAM [/gazebo/sor_pgs_rms_error_tol] by /gazebo
[rosmaster.master][INFO] 2021-05-02 14:15:04,309: +PARAM [/gazebo/cfm] by /gazebo
[rosmaster.master][INFO] 2021-05-02 14:15:04,310: +PARAM [/gazebo/erp] by /gazebo
[rosmaster.master][INFO] 2021-05-02 14:15:04,311: +PARAM [/gazebo/contact_surface_layer] by /gazebo
[rosmaster.master][INFO] 2021-05-02 14:15:04,312: +PARAM [/gazebo/contact_max_correcting_vel] by /gazebo
[rosmaster.master][INFO] 2021-05-02 14:15:04,312: +PARAM [/gazebo/max_contacts] by /gazebo
[rosmaster.master][INFO] 2021-05-02 14:15:04,319: +PARAM [/gazebo/time_step] by /gazebo
[rosmaster.master][INFO] 2021-05-02 14:15:04,320: +PARAM [/gazebo/max_update_rate] by /gazebo
[rosmaster.master][INFO] 2021-05-02 14:15:04,321: +PARAM [/gazebo/gravity_x] by /gazebo
[rosmaster.master][INFO] 2021-05-02 14:15:04,321: +PARAM [/gazebo/gravity_y] by /gazebo
[rosmaster.master][INFO] 2021-05-02 14:15:04,322: +PARAM [/gazebo/gravity_z] by /gazebo
[rosmaster.master][INFO] 2021-05-02 14:15:04,322: +PARAM [/gazebo/auto_disable_bodies] by /gazebo
[rosmaster.master][INFO] 2021-05-02 14:15:04,323: +PARAM [/gazebo/sor_pgs_precon_iters] by /gazebo
[rosmaster.master][INFO] 2021-05-02 14:15:04,324: +PARAM [/gazebo/sor_pgs_iters] by /gazebo
[rosmaster.master][INFO] 2021-05-02 14:15:04,326: +PARAM [/gazebo/sor_pgs_w] by /gazebo
[rosmaster.master][INFO] 2021-05-02 14:15:04,327: +PARAM [/gazebo/sor_pgs_rms_error_tol] by /gazebo
[rosmaster.master][INFO] 2021-05-02 14:15:04,327: +PARAM [/gazebo/cfm] by /gazebo
[rosmaster.master][INFO] 2021-05-02 14:15:04,328: +PARAM [/gazebo/erp] by /gazebo
[rosmaster.master][INFO] 2021-05-02 14:15:04,329: +PARAM [/gazebo/contact_surface_layer] by /gazebo
[rosmaster.master][INFO] 2021-05-02 14:15:04,329: +PARAM [/gazebo/contact_max_correcting_vel] by /gazebo
[rosmaster.master][INFO] 2021-05-02 14:15:04,330: +PARAM [/gazebo/max_contacts] by /gazebo
[rosmaster.master][INFO] 2021-05-02 14:15:04,395: +PUB [/pf/pose/odom] /better_odom http://ubuntu:45919/
[rosmaster.master][INFO] 2021-05-02 14:15:04,396: +CACHEDPARAM [/rosout_disable_topics_generation] by /better_odom
[rosmaster.master][INFO] 2021-05-02 14:15:21,300: -PUB [/rosout] /better_odom http://ubuntu:45919/
[rosmaster.master][INFO] 2021-05-02 14:15:21,302: -PUB [/vesc/high_level/ackermann_cmd_mux/input/default] /vesc/zero_ackermann_cmd http://ubuntu:45751/
[rosmaster.master][INFO] 2021-05-02 14:15:21,302: -SERVICE [/vesc/zero_ackermann_cmd/get_loggers] /vesc/zero_ackermann_cmd rosrpc://ubuntu:32781
[rosmaster.master][INFO] 2021-05-02 14:15:21,302: -SERVICE [/vesc/zero_ackermann_cmd/set_logger_level] /vesc/zero_ackermann_cmd rosrpc://ubuntu:32781
[rosmaster.master][INFO] 2021-05-02 14:15:21,306: -PUB [/pf/pose/odom] /better_odom http://ubuntu:45919/
[rosmaster.master][INFO] 2021-05-02 14:15:21,307: -SUB [/clock] /better_odom http://ubuntu:45919/
[rosmaster.master][INFO] 2021-05-02 14:15:21,308: -SUB [/vesc/odom] /better_odom http://ubuntu:45919/
[rosmaster.master][INFO] 2021-05-02 14:15:21,308: -SERVICE [/better_odom/get_loggers] /better_odom rosrpc://ubuntu:53751
[rosmaster.master][INFO] 2021-05-02 14:15:21,309: -SERVICE [/better_odom/set_logger_level] /better_odom rosrpc://ubuntu:53751
[rosmaster.master][INFO] 2021-05-02 14:15:21,310: -CACHEDPARAM [/rosout_disable_topics_generation] by /better_odom
[rosmaster.master][INFO] 2021-05-02 14:15:21,327: publisherUpdate[/rosout] -> http://ubuntu:37243/ ['http://ubuntu:40081/', 'http://ubuntu:44393/', 'http://ubuntu:39139/', 'http://ubuntu:41755/', 'http://ubuntu:38659/', 'http://ubuntu:38643/', 'http://ubuntu:40425/', 'http://ubuntu:43023/', 'http://ubuntu:43599/', 'http://ubuntu:41151/', 'http://ubuntu:34853/', 'http://ubuntu:44231/', 'http://ubuntu:36259/', 'http://ubuntu:40925/', 'http://ubuntu:39781/']
[rosmaster.master][INFO] 2021-05-02 14:15:21,328: publisherUpdate[/rosout] -> http://ubuntu:37243/ ['http://ubuntu:40081/', 'http://ubuntu:44393/', 'http://ubuntu:39139/', 'http://ubuntu:41755/', 'http://ubuntu:38659/', 'http://ubuntu:38643/', 'http://ubuntu:40425/', 'http://ubuntu:43023/', 'http://ubuntu:43599/', 'http://ubuntu:41151/', 'http://ubuntu:34853/', 'http://ubuntu:44231/', 'http://ubuntu:36259/', 'http://ubuntu:40925/', 'http://ubuntu:39781/']: sec=0.00, result=[1, '', 0]
[rosmaster.master][INFO] 2021-05-02 14:15:21,328: publisherUpdate[/vesc/high_level/ackermann_cmd_mux/input/default] -> http://ubuntu:40425/ []
[rosmaster.master][INFO] 2021-05-02 14:15:21,329: publisherUpdate[/vesc/high_level/ackermann_cmd_mux/input/default] -> http://ubuntu:40425/ []: sec=0.00, result=[1, '', 0]
[rosmaster.master][INFO] 2021-05-02 14:15:21,397: -PUB [/rosout] /vesc/mux_topic_backward_compat_teleop http://ubuntu:41755/
[rosmaster.master][INFO] 2021-05-02 14:15:21,398: -PUB [/rosout] /vesc/mux_chainer http://ubuntu:44393/
[rosmaster.master][INFO] 2021-05-02 14:15:21,399: -SUB [/clock] /vesc/mux_topic_backward_compat_teleop http://ubuntu:41755/
[rosmaster.master][INFO] 2021-05-02 14:15:21,400: -SUB [/vesc/ackermann_cmd_mux/input/teleop] /vesc/mux_topic_backward_compat_teleop http://ubuntu:41755/
[rosmaster.master][INFO] 2021-05-02 14:15:21,402: -PUB [/vesc/low_level/ackermann_cmd_mux/input/navigation] /vesc/mux_chainer http://ubuntu:44393/
[rosmaster.master][INFO] 2021-05-02 14:15:21,404: -PUB [/rosout] /vesc/mux_topic_backward_compat_safety http://ubuntu:39139/
[rosmaster.master][INFO] 2021-05-02 14:15:21,406: -PUB [/rosout] /vesc/mux_topic_backward_compat_navigation http://ubuntu:38659/
[rosmaster.master][INFO] 2021-05-02 14:15:21,408: -SUB [/clock] /vesc/mux_topic_backward_compat_safety http://ubuntu:39139/
[rosmaster.master][INFO] 2021-05-02 14:15:21,413: -SUB [/clock] /vesc/mux_chainer http://ubuntu:44393/
[rosmaster.master][INFO] 2021-05-02 14:15:21,414: -PUB [/rosout] /vesc/low_level/ackermann_cmd_mux_nodelet_manager http://ubuntu:43599/
[rosmaster.master][INFO] 2021-05-02 14:15:21,415: -SUB [/clock] /vesc/mux_topic_backward_compat_navigation http://ubuntu:38659/
[rosmaster.master][INFO] 2021-05-02 14:15:21,420: -SUB [/vesc/high_level/ackermann_cmd_mux/output] /vesc/mux_chainer http://ubuntu:44393/
[rosmaster.master][INFO] 2021-05-02 14:15:21,422: -PUB [/vesc/low_level/ackermann_cmd_mux/parameter_descriptions] /vesc/low_level/ackermann_cmd_mux_nodelet_manager http://ubuntu:43599/
[rosmaster.master][INFO] 2021-05-02 14:15:21,423: -SUB [/vesc/ackermann_cmd_mux/input/navigation] /vesc/mux_topic_backward_compat_navigation http://ubuntu:38659/
[rosmaster.master][INFO] 2021-05-02 14:15:21,424: -SUB [/vesc/ackermann_cmd_mux/input/safety] /vesc/mux_topic_backward_compat_safety http://ubuntu:39139/
[rosmaster.master][INFO] 2021-05-02 14:15:21,426: -PUB [/vesc/low_level/ackermann_cmd_mux/parameter_updates] /vesc/low_level/ackermann_cmd_mux_nodelet_manager http://ubuntu:43599/
[rosmaster.master][INFO] 2021-05-02 14:15:21,427: -SERVICE [/vesc/mux_chainer/get_loggers] /vesc/mux_chainer rosrpc://ubuntu:49995
[rosmaster.master][INFO] 2021-05-02 14:15:21,429: publisherUpdate[/rosout] -> http://ubuntu:37243/ ['http://ubuntu:40081/', 'http://ubuntu:44393/', 'http://ubuntu:39139/', 'http://ubuntu:38659/', 'http://ubuntu:38643/', 'http://ubuntu:40425/', 'http://ubuntu:43023/', 'http://ubuntu:43599/', 'http://ubuntu:41151/', 'http://ubuntu:34853/', 'http://ubuntu:44231/', 'http://ubuntu:36259/', 'http://ubuntu:40925/', 'http://ubuntu:39781/']
[rosmaster.master][INFO] 2021-05-02 14:15:21,429: -SERVICE [/vesc/mux_topic_backward_compat_teleop/get_loggers] /vesc/mux_topic_backward_compat_teleop rosrpc://ubuntu:33399
[rosmaster.master][INFO] 2021-05-02 14:15:21,430: publisherUpdate[/rosout] -> http://ubuntu:37243/ ['http://ubuntu:40081/', 'http://ubuntu:44393/', 'http://ubuntu:39139/', 'http://ubuntu:38659/', 'http://ubuntu:38643/', 'http://ubuntu:40425/', 'http://ubuntu:43023/', 'http://ubuntu:43599/', 'http://ubuntu:41151/', 'http://ubuntu:34853/', 'http://ubuntu:44231/', 'http://ubuntu:36259/', 'http://ubuntu:40925/', 'http://ubuntu:39781/']: sec=0.00, result=[1, '', 0]
[rosmaster.master][INFO] 2021-05-02 14:15:21,431: publisherUpdate[/rosout] -> http://ubuntu:37243/ ['http://ubuntu:40081/', 'http://ubuntu:39139/', 'http://ubuntu:38659/', 'http://ubuntu:38643/', 'http://ubuntu:40425/', 'http://ubuntu:43023/', 'http://ubuntu:43599/', 'http://ubuntu:41151/', 'http://ubuntu:34853/', 'http://ubuntu:44231/', 'http://ubuntu:36259/', 'http://ubuntu:40925/', 'http://ubuntu:39781/']
[rosmaster.master][INFO] 2021-05-02 14:15:21,431: publisherUpdate[/vesc/low_level/ackermann_cmd_mux/input/navigation] -> http://ubuntu:43599/ []
[rosmaster.master][INFO] 2021-05-02 14:15:21,432: publisherUpdate[/vesc/low_level/ackermann_cmd_mux/input/navigation] -> http://ubuntu:43599/ []: sec=0.00, exception=<Fault -1: 'publisherUpdate: unknown method name'>
[rosmaster.threadpool][ERROR] 2021-05-02 14:15:21,433: Traceback (most recent call last):
  File "/opt/ros/melodic/lib/python2.7/dist-packages/rosmaster/threadpool.py", line 218, in run
    result = cmd(*args)
  File "/opt/ros/melodic/lib/python2.7/dist-packages/rosmaster/master_api.py", line 210, in publisher_update_task
    ret = xmlrpcapi(api).publisherUpdate('/master', topic, pub_uris)
  File "/usr/lib/python2.7/xmlrpclib.py", line 1243, in __call__
    return self.__send(self.__name, args)
  File "/usr/lib/python2.7/xmlrpclib.py", line 1602, in __request
    verbose=self.__verbose
  File "/usr/lib/python2.7/xmlrpclib.py", line 1283, in request
    return self.single_request(host, handler, request_body, verbose)
  File "/usr/lib/python2.7/xmlrpclib.py", line 1316, in single_request
    return self.parse_response(response)
  File "/usr/lib/python2.7/xmlrpclib.py", line 1493, in parse_response
    return u.close()
  File "/usr/lib/python2.7/xmlrpclib.py", line 800, in close
    raise Fault(**self._stack[0])
Fault: <Fault -1: 'publisherUpdate: unknown method name'>

[rosmaster.master][INFO] 2021-05-02 14:15:21,432: -SERVICE [/vesc/mux_topic_backward_compat_navigation/get_loggers] /vesc/mux_topic_backward_compat_navigation rosrpc://ubuntu:53191
[rosmaster.master][INFO] 2021-05-02 14:15:21,434: -PUB [/vesc/low_level/ackermann_cmd_mux/output] /vesc/low_level/ackermann_cmd_mux_nodelet_manager http://ubuntu:43599/
[rosmaster.master][INFO] 2021-05-02 14:15:21,434: -SERVICE [/vesc/mux_topic_backward_compat_safety/get_loggers] /vesc/mux_topic_backward_compat_safety rosrpc://ubuntu:37463
[rosmaster.master][INFO] 2021-05-02 14:15:21,436: -PUB [/rosout] /vesc/high_level/ackermann_cmd_mux_nodelet_manager http://ubuntu:40425/
[rosmaster.master][INFO] 2021-05-02 14:15:21,436: -SERVICE [/vesc/mux_chainer/set_logger_level] /vesc/mux_chainer rosrpc://ubuntu:49995
[rosmaster.master][INFO] 2021-05-02 14:15:21,438: -SERVICE [/vesc/mux_topic_backward_compat_teleop/set_logger_level] /vesc/mux_topic_backward_compat_teleop rosrpc://ubuntu:33399
[rosmaster.master][INFO] 2021-05-02 14:15:21,443: publisherUpdate[/rosout] -> http://ubuntu:37243/ ['http://ubuntu:40081/', 'http://ubuntu:39139/', 'http://ubuntu:38659/', 'http://ubuntu:38643/', 'http://ubuntu:40425/', 'http://ubuntu:43023/', 'http://ubuntu:43599/', 'http://ubuntu:41151/', 'http://ubuntu:34853/', 'http://ubuntu:44231/', 'http://ubuntu:36259/', 'http://ubuntu:40925/', 'http://ubuntu:39781/']: sec=0.01, result=[1, '', 0]
[rosmaster.master][INFO] 2021-05-02 14:15:21,444: publisherUpdate[/vesc/low_level/ackermann_cmd_mux/output] -> http://ubuntu:34853/ []
[rosmaster.master][INFO] 2021-05-02 14:15:21,445: publisherUpdate[/rosout] -> http://ubuntu:37243/ ['http://ubuntu:40081/', 'http://ubuntu:38659/', 'http://ubuntu:38643/', 'http://ubuntu:40425/', 'http://ubuntu:43023/', 'http://ubuntu:43599/', 'http://ubuntu:41151/', 'http://ubuntu:34853/', 'http://ubuntu:44231/', 'http://ubuntu:36259/', 'http://ubuntu:40925/', 'http://ubuntu:39781/']
[rosmaster.master][INFO] 2021-05-02 14:15:21,446: publisherUpdate[/vesc/low_level/ackermann_cmd_mux/output] -> http://ubuntu:34853/ []: sec=0.00, result=[1, '', 0]
[rosmaster.master][INFO] 2021-05-02 14:15:21,448: -PUB [/vesc/low_level/ackermann_cmd_mux/active] /vesc/low_level/ackermann_cmd_mux_nodelet_manager http://ubuntu:43599/
[rosmaster.master][INFO] 2021-05-02 14:15:21,448: -SERVICE [/vesc/mux_topic_backward_compat_safety/set_logger_level] /vesc/mux_topic_backward_compat_safety rosrpc://ubuntu:37463
[rosmaster.master][INFO] 2021-05-02 14:15:21,450: -SERVICE [/vesc/mux_topic_backward_compat_navigation/set_logger_level] /vesc/mux_topic_backward_compat_navigation rosrpc://ubuntu:53191
[rosmaster.master][INFO] 2021-05-02 14:15:21,452: -PUB [/vesc/high_level/ackermann_cmd_mux/parameter_descriptions] /vesc/high_level/ackermann_cmd_mux_nodelet_manager http://ubuntu:40425/
[rosmaster.master][INFO] 2021-05-02 14:15:21,453: -CACHEDPARAM [/rosout_disable_topics_generation] by /vesc/mux_chainer
[rosmaster.master][INFO] 2021-05-02 14:15:21,455: publisherUpdate[/rosout] -> http://ubuntu:37243/ ['http://ubuntu:40081/', 'http://ubuntu:38659/', 'http://ubuntu:38643/', 'http://ubuntu:40425/', 'http://ubuntu:43023/', 'http://ubuntu:43599/', 'http://ubuntu:41151/', 'http://ubuntu:34853/', 'http://ubuntu:44231/', 'http://ubuntu:36259/', 'http://ubuntu:40925/', 'http://ubuntu:39781/']: sec=0.01, result=[1, '', 0]
[rosmaster.master][INFO] 2021-05-02 14:15:21,456: publisherUpdate[/rosout] -> http://ubuntu:37243/ ['http://ubuntu:40081/', 'http://ubuntu:38643/', 'http://ubuntu:40425/', 'http://ubuntu:43023/', 'http://ubuntu:43599/', 'http://ubuntu:41151/', 'http://ubuntu:34853/', 'http://ubuntu:44231/', 'http://ubuntu:36259/', 'http://ubuntu:40925/', 'http://ubuntu:39781/']
[rosmaster.master][INFO] 2021-05-02 14:15:21,458: publisherUpdate[/rosout] -> http://ubuntu:37243/ ['http://ubuntu:40081/', 'http://ubuntu:38643/', 'http://ubuntu:40425/', 'http://ubuntu:43023/', 'http://ubuntu:43599/', 'http://ubuntu:41151/', 'http://ubuntu:34853/', 'http://ubuntu:44231/', 'http://ubuntu:36259/', 'http://ubuntu:40925/', 'http://ubuntu:39781/']: sec=0.00, result=[1, '', 0]
[rosmaster.master][INFO] 2021-05-02 14:15:21,458: publisherUpdate[/rosout] -> http://ubuntu:37243/ ['http://ubuntu:40081/', 'http://ubuntu:38643/', 'http://ubuntu:40425/', 'http://ubuntu:43023/', 'http://ubuntu:41151/', 'http://ubuntu:34853/', 'http://ubuntu:44231/', 'http://ubuntu:36259/', 'http://ubuntu:40925/', 'http://ubuntu:39781/']
[rosmaster.master][INFO] 2021-05-02 14:15:21,462: -PUB [/vesc/low_level/ackermann_cmd_mux_nodelet_manager/bond] /vesc/low_level/ackermann_cmd_mux_nodelet_manager http://ubuntu:43599/
[rosmaster.master][INFO] 2021-05-02 14:15:21,463: -PUB [/vesc/high_level/ackermann_cmd_mux/parameter_updates] /vesc/high_level/ackermann_cmd_mux_nodelet_manager http://ubuntu:40425/
[rosmaster.master][INFO] 2021-05-02 14:15:21,464: -SUB [/clock] /vesc/low_level/ackermann_cmd_mux_nodelet_manager http://ubuntu:43599/
[rosmaster.master][INFO] 2021-05-02 14:15:21,464: -PUB [/vesc/high_level/ackermann_cmd_mux/output] /vesc/high_level/ackermann_cmd_mux_nodelet_manager http://ubuntu:40425/
[rosmaster.master][INFO] 2021-05-02 14:15:21,466: -SUB [/vesc/low_level/ackermann_cmd_mux/input/teleop] /vesc/low_level/ackermann_cmd_mux_nodelet_manager http://ubuntu:43599/
[rosmaster.master][INFO] 2021-05-02 14:15:21,467: -PUB [/vesc/high_level/ackermann_cmd_mux/active] /vesc/high_level/ackermann_cmd_mux_nodelet_manager http://ubuntu:40425/
[rosmaster.master][INFO] 2021-05-02 14:15:21,468: -SUB [/vesc/low_level/ackermann_cmd_mux/input/safety] /vesc/low_level/ackermann_cmd_mux_nodelet_manager http://ubuntu:43599/
[rosmaster.master][INFO] 2021-05-02 14:15:21,470: -PUB [/vesc/high_level/ackermann_cmd_mux_nodelet_manager/bond] /vesc/high_level/ackermann_cmd_mux_nodelet_manager http://ubuntu:40425/
[rosmaster.master][INFO] 2021-05-02 14:15:21,473: -SUB [/vesc/low_level/ackermann_cmd_mux/input/navigation] /vesc/low_level/ackermann_cmd_mux_nodelet_manager http://ubuntu:43599/
[rosmaster.master][INFO] 2021-05-02 14:15:21,474: -SUB [/vesc/low_level/ackermann_cmd_mux_nodelet_manager/bond] /vesc/low_level/ackermann_cmd_mux_nodelet_manager http://ubuntu:43599/
[rosmaster.master][INFO] 2021-05-02 14:15:21,474: -SUB [/clock] /vesc/high_level/ackermann_cmd_mux_nodelet_manager http://ubuntu:40425/
[rosmaster.master][INFO] 2021-05-02 14:15:21,477: -SERVICE [/vesc/low_level/ackermann_cmd_mux_nodelet_manager/get_loggers] /vesc/low_level/ackermann_cmd_mux_nodelet_manager rosrpc://ubuntu:40103
[rosmaster.master][INFO] 2021-05-02 14:15:21,478: -SUB [/vesc/high_level/ackermann_cmd_mux/input/nav_0] /vesc/high_level/ackermann_cmd_mux_nodelet_manager http://ubuntu:40425/
[rosmaster.master][INFO] 2021-05-02 14:15:21,480: -SUB [/vesc/high_level/ackermann_cmd_mux/input/nav_1] /vesc/high_level/ackermann_cmd_mux_nodelet_manager http://ubuntu:40425/
[rosmaster.master][INFO] 2021-05-02 14:15:21,482: -SERVICE [/vesc/low_level/ackermann_cmd_mux_nodelet_manager/set_logger_level] /vesc/low_level/ackermann_cmd_mux_nodelet_manager rosrpc://ubuntu:40103
[rosmaster.master][INFO] 2021-05-02 14:15:21,483: -SUB [/vesc/high_level/ackermann_cmd_mux/input/nav_2] /vesc/high_level/ackermann_cmd_mux_nodelet_manager http://ubuntu:40425/
[rosmaster.master][INFO] 2021-05-02 14:15:21,485: -SUB [/vesc/high_level/ackermann_cmd_mux/input/nav_3] /vesc/high_level/ackermann_cmd_mux_nodelet_manager http://ubuntu:40425/
[rosmaster.master][INFO] 2021-05-02 14:15:21,486: -SERVICE [/vesc/low_level/ackermann_cmd_mux_nodelet_manager/load_nodelet] /vesc/low_level/ackermann_cmd_mux_nodelet_manager rosrpc://ubuntu:40103
[rosmaster.master][INFO] 2021-05-02 14:15:21,495: -SUB [/vesc/high_level/ackermann_cmd_mux/input/default] /vesc/high_level/ackermann_cmd_mux_nodelet_manager http://ubuntu:40425/
[rosmaster.master][INFO] 2021-05-02 14:15:21,498: -SUB [/vesc/high_level/ackermann_cmd_mux_nodelet_manager/bond] /vesc/high_level/ackermann_cmd_mux_nodelet_manager http://ubuntu:40425/
[rosmaster.master][INFO] 2021-05-02 14:15:21,496: publisherUpdate[/rosout] -> http://ubuntu:37243/ ['http://ubuntu:40081/', 'http://ubuntu:38643/', 'http://ubuntu:40425/', 'http://ubuntu:43023/', 'http://ubuntu:41151/', 'http://ubuntu:34853/', 'http://ubuntu:44231/', 'http://ubuntu:36259/', 'http://ubuntu:40925/', 'http://ubuntu:39781/']: sec=0.03, result=[1, '', 0]
[rosmaster.master][INFO] 2021-05-02 14:15:21,498: publisherUpdate[/rosout] -> http://ubuntu:37243/ ['http://ubuntu:40081/', 'http://ubuntu:38643/', 'http://ubuntu:43023/', 'http://ubuntu:41151/', 'http://ubuntu:34853/', 'http://ubuntu:44231/', 'http://ubuntu:36259/', 'http://ubuntu:40925/', 'http://ubuntu:39781/']
[rosmaster.master][INFO] 2021-05-02 14:15:21,499: -SERVICE [/vesc/high_level/ackermann_cmd_mux_nodelet_manager/get_loggers] /vesc/high_level/ackermann_cmd_mux_nodelet_manager rosrpc://ubuntu:59817
[rosmaster.master][INFO] 2021-05-02 14:15:21,500: -SERVICE [/vesc/high_level/ackermann_cmd_mux_nodelet_manager/set_logger_level] /vesc/high_level/ackermann_cmd_mux_nodelet_manager rosrpc://ubuntu:59817
[rosmaster.master][INFO] 2021-05-02 14:15:21,500: -SERVICE [/vesc/high_level/ackermann_cmd_mux_nodelet_manager/load_nodelet] /vesc/high_level/ackermann_cmd_mux_nodelet_manager rosrpc://ubuntu:59817
[rosmaster.master][INFO] 2021-05-02 14:15:21,501: -SERVICE [/vesc/low_level/ackermann_cmd_mux_nodelet_manager/unload_nodelet] /vesc/low_level/ackermann_cmd_mux_nodelet_manager rosrpc://ubuntu:40103
[rosmaster.master][INFO] 2021-05-02 14:15:21,504: -SERVICE [/vesc/high_level/ackermann_cmd_mux_nodelet_manager/unload_nodelet] /vesc/high_level/ackermann_cmd_mux_nodelet_manager rosrpc://ubuntu:59817
[rosmaster.master][INFO] 2021-05-02 14:15:21,509: -SERVICE [/vesc/low_level/ackermann_cmd_mux_nodelet_manager/list] /vesc/low_level/ackermann_cmd_mux_nodelet_manager rosrpc://ubuntu:40103
[rosmaster.master][INFO] 2021-05-02 14:15:21,511: -SERVICE [/vesc/high_level/ackermann_cmd_mux_nodelet_manager/list] /vesc/high_level/ackermann_cmd_mux_nodelet_manager rosrpc://ubuntu:59817
[rosmaster.master][INFO] 2021-05-02 14:15:21,512: -SERVICE [/vesc/high_level/ackermann_cmd_mux/set_parameters] /vesc/high_level/ackermann_cmd_mux_nodelet_manager rosrpc://ubuntu:59817
[rosmaster.master][INFO] 2021-05-02 14:15:21,513: publisherUpdate[/rosout] -> http://ubuntu:37243/ ['http://ubuntu:40081/', 'http://ubuntu:38643/', 'http://ubuntu:43023/', 'http://ubuntu:41151/', 'http://ubuntu:34853/', 'http://ubuntu:44231/', 'http://ubuntu:36259/', 'http://ubuntu:40925/', 'http://ubuntu:39781/']: sec=0.01, result=[1, '', 0]
[rosmaster.master][INFO] 2021-05-02 14:15:21,516: -SERVICE [/vesc/low_level/ackermann_cmd_mux/set_parameters] /vesc/low_level/ackermann_cmd_mux_nodelet_manager rosrpc://ubuntu:40103
[rosmaster.master][INFO] 2021-05-02 14:15:21,517: publisherUpdate[/vesc/low_level/ackermann_cmd_mux_nodelet_manager/bond] -> http://ubuntu:43599/ ['http://ubuntu:43023/']
[rosmaster.master][INFO] 2021-05-02 14:15:21,519: publisherUpdate[/vesc/low_level/ackermann_cmd_mux_nodelet_manager/bond] -> http://ubuntu:43599/ ['http://ubuntu:43023/']: sec=0.00, exception=<Fault -1: 'publisherUpdate: unknown method name'>
[rosmaster.threadpool][ERROR] 2021-05-02 14:15:21,520: Traceback (most recent call last):
  File "/opt/ros/melodic/lib/python2.7/dist-packages/rosmaster/threadpool.py", line 218, in run
    result = cmd(*args)
  File "/opt/ros/melodic/lib/python2.7/dist-packages/rosmaster/master_api.py", line 210, in publisher_update_task
    ret = xmlrpcapi(api).publisherUpdate('/master', topic, pub_uris)
  File "/usr/lib/python2.7/xmlrpclib.py", line 1243, in __call__
    return self.__send(self.__name, args)
  File "/usr/lib/python2.7/xmlrpclib.py", line 1602, in __request
    verbose=self.__verbose
  File "/usr/lib/python2.7/xmlrpclib.py", line 1283, in request
    return self.single_request(host, handler, request_body, verbose)
  File "/usr/lib/python2.7/xmlrpclib.py", line 1316, in single_request
    return self.parse_response(response)
  File "/usr/lib/python2.7/xmlrpclib.py", line 1493, in parse_response
    return u.close()
  File "/usr/lib/python2.7/xmlrpclib.py", line 800, in close
    raise Fault(**self._stack[0])
Fault: <Fault -1: 'publisherUpdate: unknown method name'>

[rosmaster.master][INFO] 2021-05-02 14:15:21,520: publisherUpdate[/vesc/low_level/ackermann_cmd_mux_nodelet_manager/bond] -> http://ubuntu:43023/ ['http://ubuntu:43023/']
[rosmaster.master][INFO] 2021-05-02 14:15:21,521: -CACHEDPARAM [/rosout_disable_topics_generation] by /vesc/high_level/ackermann_cmd_mux_nodelet_manager
[rosmaster.master][INFO] 2021-05-02 14:15:21,522: publisherUpdate[/vesc/low_level/ackermann_cmd_mux_nodelet_manager/bond] -> http://ubuntu:43023/ ['http://ubuntu:43023/']: sec=0.00, result=[1, '', 0]
[rosmaster.master][INFO] 2021-05-02 14:15:21,522: publisherUpdate[/vesc/high_level/ackermann_cmd_mux_nodelet_manager/bond] -> http://ubuntu:40425/ ['http://ubuntu:38643/']
[rosmaster.master][INFO] 2021-05-02 14:15:21,523: publisherUpdate[/vesc/high_level/ackermann_cmd_mux_nodelet_manager/bond] -> http://ubuntu:40425/ ['http://ubuntu:38643/']: sec=0.00, exception=<Fault -1: 'publisherUpdate: unknown method name'>
[rosmaster.threadpool][ERROR] 2021-05-02 14:15:21,524: Traceback (most recent call last):
  File "/opt/ros/melodic/lib/python2.7/dist-packages/rosmaster/threadpool.py", line 218, in run
    result = cmd(*args)
  File "/opt/ros/melodic/lib/python2.7/dist-packages/rosmaster/master_api.py", line 210, in publisher_update_task
    ret = xmlrpcapi(api).publisherUpdate('/master', topic, pub_uris)
  File "/usr/lib/python2.7/xmlrpclib.py", line 1243, in __call__
    return self.__send(self.__name, args)
  File "/usr/lib/python2.7/xmlrpclib.py", line 1602, in __request
    verbose=self.__verbose
  File "/usr/lib/python2.7/xmlrpclib.py", line 1283, in request
    return self.single_request(host, handler, request_body, verbose)
  File "/usr/lib/python2.7/xmlrpclib.py", line 1316, in single_request
    return self.parse_response(response)
  File "/usr/lib/python2.7/xmlrpclib.py", line 1493, in parse_response
    return u.close()
  File "/usr/lib/python2.7/xmlrpclib.py", line 800, in close
    raise Fault(**self._stack[0])
Fault: <Fault -1: 'publisherUpdate: unknown method name'>

[rosmaster.master][INFO] 2021-05-02 14:15:21,524: publisherUpdate[/vesc/high_level/ackermann_cmd_mux_nodelet_manager/bond] -> http://ubuntu:38643/ ['http://ubuntu:38643/']
[rosmaster.master][INFO] 2021-05-02 14:15:21,524: publisherUpdate[/vesc/high_level/ackermann_cmd_mux_nodelet_manager/bond] -> http://ubuntu:38643/ ['http://ubuntu:38643/']: sec=0.00, result=[1, '', 0]
[rosmaster.master][INFO] 2021-05-02 14:15:21,532: -CACHEDPARAM [/rosout_disable_topics_generation] by /vesc/low_level/ackermann_cmd_mux_nodelet_manager
[rosmaster.master][INFO] 2021-05-02 14:15:21,594: -SUB [/clock] /gazebo_odometry_node http://ubuntu:39781/
[rosmaster.master][INFO] 2021-05-02 14:15:21,594: -SUB [/gazebo/link_states] /gazebo_odometry_node http://ubuntu:39781/
[rosmaster.master][INFO] 2021-05-02 14:15:21,594: -PUB [/rosout] /gazebo_odometry_node http://ubuntu:39781/
[rosmaster.master][INFO] 2021-05-02 14:15:21,594: -PUB [/tf] /gazebo_odometry_node http://ubuntu:39781/
[rosmaster.master][INFO] 2021-05-02 14:15:21,595: -PUB [/vesc/odom] /gazebo_odometry_node http://ubuntu:39781/
[rosmaster.master][INFO] 2021-05-02 14:15:21,595: -SERVICE [/gazebo_odometry_node/get_loggers] /gazebo_odometry_node rosrpc://ubuntu:41367
[rosmaster.master][INFO] 2021-05-02 14:15:21,595: -SERVICE [/gazebo_odometry_node/set_logger_level] /gazebo_odometry_node rosrpc://ubuntu:41367
[rosmaster.master][INFO] 2021-05-02 14:15:21,609: -SUB [/clock] /servo_commands http://ubuntu:34853/
[rosmaster.master][INFO] 2021-05-02 14:15:21,609: -SUB [/vesc/low_level/ackermann_cmd_mux/output] /servo_commands http://ubuntu:34853/
[rosmaster.master][INFO] 2021-05-02 14:15:21,609: -PUB [/racecar/right_steering_hinge_position_controller/command] /servo_commands http://ubuntu:34853/
[rosmaster.master][INFO] 2021-05-02 14:15:21,609: -PUB [/racecar/left_rear_wheel_velocity_controller/command] /servo_commands http://ubuntu:34853/
[rosmaster.master][INFO] 2021-05-02 14:15:21,609: -PUB [/racecar/left_steering_hinge_position_controller/command] /servo_commands http://ubuntu:34853/
[rosmaster.master][INFO] 2021-05-02 14:15:21,610: -PUB [/racecar/right_rear_wheel_velocity_controller/command] /servo_commands http://ubuntu:34853/
[rosmaster.master][INFO] 2021-05-02 14:15:21,610: -PUB [/racecar/left_front_wheel_velocity_controller/command] /servo_commands http://ubuntu:34853/
[rosmaster.master][INFO] 2021-05-02 14:15:21,610: -PUB [/rosout] /servo_commands http://ubuntu:34853/
[rosmaster.master][INFO] 2021-05-02 14:15:21,610: -PUB [/racecar/right_front_wheel_velocity_controller/command] /servo_commands http://ubuntu:34853/
[rosmaster.master][INFO] 2021-05-02 14:15:21,610: -SERVICE [/servo_commands/set_logger_level] /servo_commands rosrpc://ubuntu:38765
[rosmaster.master][INFO] 2021-05-02 14:15:21,610: -SERVICE [/servo_commands/get_loggers] /servo_commands rosrpc://ubuntu:38765
[rosmaster.master][INFO] 2021-05-02 14:15:21,617: -SUB [/clock] /racecar/controller_manager http://ubuntu:41151/
[rosmaster.master][INFO] 2021-05-02 14:15:21,617: -PUB [/rosout] /racecar/controller_manager http://ubuntu:41151/
[rosmaster.master][INFO] 2021-05-02 14:15:21,617: -SERVICE [/racecar/controller_manager/set_logger_level] /racecar/controller_manager rosrpc://ubuntu:36091
[rosmaster.master][INFO] 2021-05-02 14:15:21,618: -SERVICE [/racecar/controller_manager/get_loggers] /racecar/controller_manager rosrpc://ubuntu:36091
[rosmaster.master][INFO] 2021-05-02 14:15:21,622: -PUB [/rosout] /vesc/low_level/ackermann_cmd_mux http://ubuntu:43023/
[rosmaster.master][INFO] 2021-05-02 14:15:21,623: -PUB [/vesc/low_level/ackermann_cmd_mux_nodelet_manager/bond] /vesc/low_level/ackermann_cmd_mux http://ubuntu:43023/
[rosmaster.master][INFO] 2021-05-02 14:15:21,624: -SUB [/clock] /vesc/low_level/ackermann_cmd_mux http://ubuntu:43023/
[rosmaster.master][INFO] 2021-05-02 14:15:21,625: -PUB [/rosout] /vesc/high_level/ackermann_cmd_mux http://ubuntu:38643/
[rosmaster.master][INFO] 2021-05-02 14:15:21,626: -SUB [/vesc/low_level/ackermann_cmd_mux_nodelet_manager/bond] /vesc/low_level/ackermann_cmd_mux http://ubuntu:43023/
[rosmaster.master][INFO] 2021-05-02 14:15:21,626: publisherUpdate[/rosout] -> http://ubuntu:37243/ ['http://ubuntu:40081/', 'http://ubuntu:38643/', 'http://ubuntu:43023/', 'http://ubuntu:41151/', 'http://ubuntu:34853/', 'http://ubuntu:44231/', 'http://ubuntu:36259/', 'http://ubuntu:40925/']
[rosmaster.master][INFO] 2021-05-02 14:15:21,627: -PUB [/vesc/high_level/ackermann_cmd_mux_nodelet_manager/bond] /vesc/high_level/ackermann_cmd_mux http://ubuntu:38643/
[rosmaster.master][INFO] 2021-05-02 14:15:21,628: -SUB [/clock] /vesc/high_level/ackermann_cmd_mux http://ubuntu:38643/
[rosmaster.master][INFO] 2021-05-02 14:15:21,628: -SERVICE [/vesc/low_level/ackermann_cmd_mux/get_loggers] /vesc/low_level/ackermann_cmd_mux rosrpc://ubuntu:40073
[rosmaster.master][INFO] 2021-05-02 14:15:21,629: publisherUpdate[/rosout] -> http://ubuntu:37243/ ['http://ubuntu:40081/', 'http://ubuntu:38643/', 'http://ubuntu:43023/', 'http://ubuntu:41151/', 'http://ubuntu:34853/', 'http://ubuntu:44231/', 'http://ubuntu:36259/', 'http://ubuntu:40925/']: sec=0.00, result=[1, '', 0]
[rosmaster.master][INFO] 2021-05-02 14:15:21,629: publisherUpdate[/rosout] -> http://ubuntu:37243/ ['http://ubuntu:40081/', 'http://ubuntu:38643/', 'http://ubuntu:43023/', 'http://ubuntu:41151/', 'http://ubuntu:44231/', 'http://ubuntu:36259/', 'http://ubuntu:40925/']
[rosmaster.master][INFO] 2021-05-02 14:15:21,629: -SUB [/vesc/high_level/ackermann_cmd_mux_nodelet_manager/bond] /vesc/high_level/ackermann_cmd_mux http://ubuntu:38643/
[rosmaster.master][INFO] 2021-05-02 14:15:21,630: -SERVICE [/vesc/high_level/ackermann_cmd_mux/get_loggers] /vesc/high_level/ackermann_cmd_mux rosrpc://ubuntu:41229
[rosmaster.master][INFO] 2021-05-02 14:15:21,630: -SERVICE [/vesc/high_level/ackermann_cmd_mux/set_logger_level] /vesc/high_level/ackermann_cmd_mux rosrpc://ubuntu:41229
[rosmaster.master][INFO] 2021-05-02 14:15:21,631: -CACHEDPARAM [/rosout_disable_topics_generation] by /vesc/high_level/ackermann_cmd_mux
[rosmaster.master][INFO] 2021-05-02 14:15:21,631: -SERVICE [/vesc/low_level/ackermann_cmd_mux/set_logger_level] /vesc/low_level/ackermann_cmd_mux rosrpc://ubuntu:40073
[rosmaster.master][INFO] 2021-05-02 14:15:21,632: publisherUpdate[/rosout] -> http://ubuntu:37243/ ['http://ubuntu:40081/', 'http://ubuntu:38643/', 'http://ubuntu:43023/', 'http://ubuntu:41151/', 'http://ubuntu:44231/', 'http://ubuntu:36259/', 'http://ubuntu:40925/']: sec=0.00, result=[1, '', 0]
[rosmaster.master][INFO] 2021-05-02 14:15:21,632: publisherUpdate[/rosout] -> http://ubuntu:37243/ ['http://ubuntu:40081/', 'http://ubuntu:38643/', 'http://ubuntu:43023/', 'http://ubuntu:44231/', 'http://ubuntu:36259/', 'http://ubuntu:40925/']
[rosmaster.master][INFO] 2021-05-02 14:15:21,633: -CACHEDPARAM [/rosout_disable_topics_generation] by /vesc/low_level/ackermann_cmd_mux
[rosmaster.master][INFO] 2021-05-02 14:15:21,633: publisherUpdate[/rosout] -> http://ubuntu:37243/ ['http://ubuntu:40081/', 'http://ubuntu:38643/', 'http://ubuntu:43023/', 'http://ubuntu:44231/', 'http://ubuntu:36259/', 'http://ubuntu:40925/']: sec=0.00, result=[1, '', 0]
[rosmaster.master][INFO] 2021-05-02 14:15:21,634: publisherUpdate[/vesc/low_level/ackermann_cmd_mux_nodelet_manager/bond] -> http://ubuntu:43023/ []
[rosmaster.master][INFO] 2021-05-02 14:15:21,634: publisherUpdate[/rosout] -> http://ubuntu:37243/ ['http://ubuntu:40081/', 'http://ubuntu:38643/', 'http://ubuntu:44231/', 'http://ubuntu:36259/', 'http://ubuntu:40925/']
[rosmaster.master][INFO] 2021-05-02 14:15:21,635: publisherUpdate[/vesc/low_level/ackermann_cmd_mux_nodelet_manager/bond] -> http://ubuntu:43023/ []: sec=0.00, exception=<Fault -1: 'publisherUpdate: unknown method name'>
[rosmaster.threadpool][ERROR] 2021-05-02 14:15:21,638: Traceback (most recent call last):
  File "/opt/ros/melodic/lib/python2.7/dist-packages/rosmaster/threadpool.py", line 218, in run
    result = cmd(*args)
  File "/opt/ros/melodic/lib/python2.7/dist-packages/rosmaster/master_api.py", line 210, in publisher_update_task
    ret = xmlrpcapi(api).publisherUpdate('/master', topic, pub_uris)
  File "/usr/lib/python2.7/xmlrpclib.py", line 1243, in __call__
    return self.__send(self.__name, args)
  File "/usr/lib/python2.7/xmlrpclib.py", line 1602, in __request
    verbose=self.__verbose
  File "/usr/lib/python2.7/xmlrpclib.py", line 1283, in request
    return self.single_request(host, handler, request_body, verbose)
  File "/usr/lib/python2.7/xmlrpclib.py", line 1316, in single_request
    return self.parse_response(response)
  File "/usr/lib/python2.7/xmlrpclib.py", line 1493, in parse_response
    return u.close()
  File "/usr/lib/python2.7/xmlrpclib.py", line 800, in close
    raise Fault(**self._stack[0])
Fault: <Fault -1: 'publisherUpdate: unknown method name'>

[rosmaster.master][INFO] 2021-05-02 14:15:21,638: publisherUpdate[/vesc/high_level/ackermann_cmd_mux_nodelet_manager/bond] -> http://ubuntu:38643/ []
[rosmaster.master][INFO] 2021-05-02 14:15:21,639: publisherUpdate[/vesc/high_level/ackermann_cmd_mux_nodelet_manager/bond] -> http://ubuntu:38643/ []: sec=0.00, exception=[Errno 111] Connection refused
[rosmaster.master][INFO] 2021-05-02 14:15:21,640: publisherUpdate[/rosout] -> http://ubuntu:37243/ ['http://ubuntu:40081/', 'http://ubuntu:38643/', 'http://ubuntu:44231/', 'http://ubuntu:36259/', 'http://ubuntu:40925/']: sec=0.01, result=[1, '', 0]
[rosmaster.threadpool][ERROR] 2021-05-02 14:15:21,640: Traceback (most recent call last):
  File "/opt/ros/melodic/lib/python2.7/dist-packages/rosmaster/threadpool.py", line 218, in run
    result = cmd(*args)
  File "/opt/ros/melodic/lib/python2.7/dist-packages/rosmaster/master_api.py", line 210, in publisher_update_task
    ret = xmlrpcapi(api).publisherUpdate('/master', topic, pub_uris)
  File "/usr/lib/python2.7/xmlrpclib.py", line 1243, in __call__
    return self.__send(self.__name, args)
  File "/usr/lib/python2.7/xmlrpclib.py", line 1602, in __request
    verbose=self.__verbose
  File "/usr/lib/python2.7/xmlrpclib.py", line 1283, in request
    return self.single_request(host, handler, request_body, verbose)
  File "/usr/lib/python2.7/xmlrpclib.py", line 1311, in single_request
    self.send_content(h, request_body)
  File "/usr/lib/python2.7/xmlrpclib.py", line 1459, in send_content
    connection.endheaders(request_body)
  File "/usr/lib/python2.7/httplib.py", line 1095, in endheaders
    self._send_output(message_body)
  File "/usr/lib/python2.7/httplib.py", line 898, in _send_output
    self.send(msg)
  File "/usr/lib/python2.7/httplib.py", line 860, in send
    self.connect()
  File "/usr/lib/python2.7/httplib.py", line 837, in connect
    self.timeout, self.source_address)
  File "/usr/lib/python2.7/socket.py", line 575, in create_connection
    raise err
error: [Errno 111] Connection refused

[rosmaster.master][INFO] 2021-05-02 14:15:21,640: publisherUpdate[/rosout] -> http://ubuntu:37243/ ['http://ubuntu:40081/', 'http://ubuntu:44231/', 'http://ubuntu:36259/', 'http://ubuntu:40925/']
[rosmaster.master][INFO] 2021-05-02 14:15:21,641: publisherUpdate[/rosout] -> http://ubuntu:37243/ ['http://ubuntu:40081/', 'http://ubuntu:44231/', 'http://ubuntu:36259/', 'http://ubuntu:40925/']: sec=0.00, result=[1, '', 0]
[rosmaster.master][INFO] 2021-05-02 14:15:21,699: -PUB [/rosout] /robot_state_publisher http://ubuntu:40081/
[rosmaster.master][INFO] 2021-05-02 14:15:21,699: -PUB [/tf] /robot_state_publisher http://ubuntu:40081/
[rosmaster.master][INFO] 2021-05-02 14:15:21,700: -PUB [/tf_static] /robot_state_publisher http://ubuntu:40081/
[rosmaster.master][INFO] 2021-05-02 14:15:21,700: -SUB [/clock] /robot_state_publisher http://ubuntu:40081/
[rosmaster.master][INFO] 2021-05-02 14:15:21,701: -SUB [/racecar/joint_states] /robot_state_publisher http://ubuntu:40081/
[rosmaster.master][INFO] 2021-05-02 14:15:21,701: -SERVICE [/robot_state_publisher/get_loggers] /robot_state_publisher rosrpc://ubuntu:59337
[rosmaster.master][INFO] 2021-05-02 14:15:21,701: -SERVICE [/robot_state_publisher/set_logger_level] /robot_state_publisher rosrpc://ubuntu:59337
[rosmaster.master][INFO] 2021-05-02 14:15:21,741: publisherUpdate[/rosout] -> http://ubuntu:37243/ ['http://ubuntu:44231/', 'http://ubuntu:36259/', 'http://ubuntu:40925/']
[rosmaster.master][INFO] 2021-05-02 14:15:21,742: publisherUpdate[/rosout] -> http://ubuntu:37243/ ['http://ubuntu:44231/', 'http://ubuntu:36259/', 'http://ubuntu:40925/']: sec=0.00, result=[1, '', 0]
[rosmaster.master][INFO] 2021-05-02 14:15:21,753: +CACHEDPARAM [/rosout_disable_topics_generation] by /racecar/controller_manager
[rosmaster.master][INFO] 2021-05-02 14:15:21,824: -SUB [/gazebo/set_link_state] /gazebo http://ubuntu:40925/
[rosmaster.master][INFO] 2021-05-02 14:15:21,825: -SUB [/gazebo/set_model_state] /gazebo http://ubuntu:40925/
[rosmaster.master][INFO] 2021-05-02 14:15:21,825: -PUB [/gazebo/link_states] /gazebo http://ubuntu:40925/
[rosmaster.master][INFO] 2021-05-02 14:15:21,826: -PUB [/gazebo/model_states] /gazebo http://ubuntu:40925/
[rosmaster.master][INFO] 2021-05-02 14:15:21,827: -PUB [/clock] /gazebo http://ubuntu:40925/
[rosmaster.master][INFO] 2021-05-02 14:15:21,828: -SERVICE [/gazebo/spawn_sdf_model] /gazebo rosrpc://ubuntu:46911
[rosmaster.master][INFO] 2021-05-02 14:15:21,828: -SERVICE [/gazebo/spawn_urdf_model] /gazebo rosrpc://ubuntu:46911
[rosmaster.master][INFO] 2021-05-02 14:15:21,829: -SERVICE [/gazebo/delete_model] /gazebo rosrpc://ubuntu:46911
[rosmaster.master][INFO] 2021-05-02 14:15:21,830: -SERVICE [/gazebo/delete_light] /gazebo rosrpc://ubuntu:46911
[rosmaster.master][INFO] 2021-05-02 14:15:21,830: -SERVICE [/gazebo/get_model_properties] /gazebo rosrpc://ubuntu:46911
[rosmaster.master][INFO] 2021-05-02 14:15:21,831: -SERVICE [/gazebo/get_model_state] /gazebo rosrpc://ubuntu:46911
[rosmaster.master][INFO] 2021-05-02 14:15:21,832: -SERVICE [/gazebo/get_world_properties] /gazebo rosrpc://ubuntu:46911
[rosmaster.master][INFO] 2021-05-02 14:15:21,833: -SERVICE [/gazebo/get_joint_properties] /gazebo rosrpc://ubuntu:46911
[rosmaster.master][INFO] 2021-05-02 14:15:21,834: -SERVICE [/gazebo/get_link_properties] /gazebo rosrpc://ubuntu:46911
[rosmaster.master][INFO] 2021-05-02 14:15:21,835: -SERVICE [/gazebo/get_link_state] /gazebo rosrpc://ubuntu:46911
[rosmaster.master][INFO] 2021-05-02 14:15:21,836: -SERVICE [/gazebo/get_light_properties] /gazebo rosrpc://ubuntu:46911
[rosmaster.master][INFO] 2021-05-02 14:15:21,836: -SERVICE [/gazebo/set_light_properties] /gazebo rosrpc://ubuntu:46911
[rosmaster.master][INFO] 2021-05-02 14:15:21,837: -SERVICE [/gazebo/get_physics_properties] /gazebo rosrpc://ubuntu:46911
[rosmaster.master][INFO] 2021-05-02 14:15:21,838: -SERVICE [/gazebo/set_link_properties] /gazebo rosrpc://ubuntu:46911
[rosmaster.master][INFO] 2021-05-02 14:15:21,838: -SERVICE [/gazebo/set_physics_properties] /gazebo rosrpc://ubuntu:46911
[rosmaster.master][INFO] 2021-05-02 14:15:21,839: -SERVICE [/gazebo/set_model_state] /gazebo rosrpc://ubuntu:46911
[rosmaster.master][INFO] 2021-05-02 14:15:21,839: -SERVICE [/gazebo/set_model_configuration] /gazebo rosrpc://ubuntu:46911
[rosmaster.master][INFO] 2021-05-02 14:15:21,840: -SERVICE [/gazebo/set_joint_properties] /gazebo rosrpc://ubuntu:46911
[rosmaster.master][INFO] 2021-05-02 14:15:21,840: -SERVICE [/gazebo/set_link_state] /gazebo rosrpc://ubuntu:46911
[rosmaster.master][INFO] 2021-05-02 14:15:21,841: -SERVICE [/gazebo/pause_physics] /gazebo rosrpc://ubuntu:46911
[rosmaster.master][INFO] 2021-05-02 14:15:21,842: -SERVICE [/gazebo/unpause_physics] /gazebo rosrpc://ubuntu:46911
[rosmaster.master][INFO] 2021-05-02 14:15:21,842: -SERVICE [/gazebo/apply_body_wrench] /gazebo rosrpc://ubuntu:46911
[rosmaster.master][INFO] 2021-05-02 14:15:21,843: publisherUpdate[/clock] -> http://ubuntu:37243/ []
[rosmaster.master][INFO] 2021-05-02 14:15:21,843: publisherUpdate[/clock] -> http://ubuntu:44231/ []
[rosmaster.master][INFO] 2021-05-02 14:15:21,845: publisherUpdate[/clock] -> http://ubuntu:37243/ []: sec=0.00, result=[1, '', 0]
[rosmaster.master][INFO] 2021-05-02 14:15:21,845: publisherUpdate[/clock] -> http://ubuntu:36259/ []
[rosmaster.master][INFO] 2021-05-02 14:15:21,844: -SERVICE [/gazebo/apply_joint_effort] /gazebo rosrpc://ubuntu:46911
[rosmaster.master][INFO] 2021-05-02 14:15:21,847: -SERVICE [/gazebo/clear_joint_forces] /gazebo rosrpc://ubuntu:46911
[rosmaster.master][INFO] 2021-05-02 14:15:21,847: publisherUpdate[/clock] -> http://ubuntu:36259/ []: sec=0.00, result=[1, '', 0]
[rosmaster.master][INFO] 2021-05-02 14:15:21,848: publisherUpdate[/clock] -> http://ubuntu:44231/ []: sec=0.00, result=[1, '', 0]
[rosmaster.master][INFO] 2021-05-02 14:15:21,848: publisherUpdate[/clock] -> http://ubuntu:40925/ []
[rosmaster.master][INFO] 2021-05-02 14:15:21,850: publisherUpdate[/clock] -> http://ubuntu:40925/ []: sec=0.00, result=[1, '', 0]
[rosmaster.master][INFO] 2021-05-02 14:15:21,849: -SERVICE [/gazebo/clear_body_wrenches] /gazebo rosrpc://ubuntu:46911
[rosmaster.master][INFO] 2021-05-02 14:15:21,850: -SERVICE [/gazebo/reset_simulation] /gazebo rosrpc://ubuntu:46911
[rosmaster.master][INFO] 2021-05-02 14:15:21,851: -SERVICE [/gazebo/reset_world] /gazebo rosrpc://ubuntu:46911
[rosmaster.master][INFO] 2021-05-02 14:15:21,853: -PUB [/gazebo/parameter_descriptions] /gazebo http://ubuntu:40925/
[rosmaster.master][INFO] 2021-05-02 14:15:21,854: -PUB [/gazebo/parameter_updates] /gazebo http://ubuntu:40925/
[rosmaster.master][INFO] 2021-05-02 14:15:21,855: -SERVICE [/gazebo/set_parameters] /gazebo rosrpc://ubuntu:46911
[rosmaster.master][INFO] 2021-05-02 14:15:21,951: publisherUpdate[/rosout] -> http://ubuntu:37243/ ['http://ubuntu:44231/', 'http://ubuntu:36259/']
[rosmaster.master][INFO] 2021-05-02 14:15:21,951: -PUB [/rosout] /gazebo http://ubuntu:40925/
[rosmaster.master][INFO] 2021-05-02 14:15:21,953: -SUB [/clock] /gazebo http://ubuntu:40925/
[rosmaster.master][INFO] 2021-05-02 14:15:21,955: -SERVICE [/gazebo/get_loggers] /gazebo rosrpc://ubuntu:46911
[rosmaster.master][INFO] 2021-05-02 14:15:21,955: publisherUpdate[/rosout] -> http://ubuntu:37243/ ['http://ubuntu:44231/', 'http://ubuntu:36259/']: sec=0.00, result=[1, '', 0]
[rosmaster.master][INFO] 2021-05-02 14:15:21,957: -SERVICE [/gazebo/set_logger_level] /gazebo rosrpc://ubuntu:46911
[rosmaster.master][INFO] 2021-05-02 14:15:21,958: -CACHEDPARAM [/rosout_disable_topics_generation] by /gazebo
[rosmaster.master][INFO] 2021-05-02 14:15:35,528: -SUB [/clock] /keyboard_teleop http://ubuntu:44231/
[rosmaster.master][INFO] 2021-05-02 14:15:35,529: -PUB [/vesc/low_level/ackermann_cmd_mux/input/teleop] /keyboard_teleop http://ubuntu:44231/
[rosmaster.master][INFO] 2021-05-02 14:15:35,529: -PUB [/rosout] /keyboard_teleop http://ubuntu:44231/
[rosmaster.master][INFO] 2021-05-02 14:15:35,529: -SERVICE [/keyboard_teleop/set_logger_level] /keyboard_teleop rosrpc://ubuntu:45183
[rosmaster.master][INFO] 2021-05-02 14:15:35,529: -SERVICE [/keyboard_teleop/get_loggers] /keyboard_teleop rosrpc://ubuntu:45183
[rosmaster.master][INFO] 2021-05-02 14:15:35,530: publisherUpdate[/rosout] -> http://ubuntu:37243/ ['http://ubuntu:36259/']
[rosmaster.master][INFO] 2021-05-02 14:15:35,531: publisherUpdate[/rosout] -> http://ubuntu:37243/ ['http://ubuntu:36259/']: sec=0.00, result=[1, '', 0]
[rosmaster.master][INFO] 2021-05-02 14:15:37,040: -PUB [/rosout_agg] /rosout http://ubuntu:37243/
[rosmaster.master][INFO] 2021-05-02 14:15:37,041: -SUB [/clock] /rosout http://ubuntu:37243/
[rosmaster.master][INFO] 2021-05-02 14:15:37,042: -SUB [/rosout] /rosout http://ubuntu:37243/
[rosmaster.master][INFO] 2021-05-02 14:15:37,042: -SERVICE [/rosout/get_loggers] /rosout rosrpc://ubuntu:59711
[rosmaster.master][INFO] 2021-05-02 14:15:37,043: -SERVICE [/rosout/set_logger_level] /rosout rosrpc://ubuntu:59711
[rosmaster.master][INFO] 2021-05-02 14:15:37,043: -CACHEDPARAM [/rosout/omit_topics] by /rosout
[rosmaster.main][INFO] 2021-05-02 14:15:37,112: keyboard interrupt, will exit
[rosmaster.main][INFO] 2021-05-02 14:15:37,112: stopping master...
[rospy.core][INFO] 2021-05-02 14:15:37,113: signal_shutdown [atexit]
