[rospy.client][INFO] 2021-05-02 14:15:01,997: init_node, name[/racecar/controller_manager], pid[17344]
[xmlrpc][INFO] 2021-05-02 14:15:01,998: XML-RPC server binding to 0.0.0.0:0
[xmlrpc][INFO] 2021-05-02 14:15:01,998: Started XML-RPC server [http://ubuntu:41151/]
[rospy.impl.masterslave][INFO] 2021-05-02 14:15:01,998: _ready: http://ubuntu:41151/
[rospy.init][INFO] 2021-05-02 14:15:02,006: ROS Slave URI: [http://ubuntu:41151/]
[rospy.registration][INFO] 2021-05-02 14:15:02,007: Registering with master node http://localhost:11311
[xmlrpc][INFO] 2021-05-02 14:15:02,007: xml rpc node: starting XML-RPC server
[rospy.init][INFO] 2021-05-02 14:15:02,107: registered with master
[rospy.rosout][INFO] 2021-05-02 14:15:02,107: initializing /rosout core topic
[rospy.rosout][INFO] 2021-05-02 14:15:02,111: connected to core topic /rosout
[rospy.simtime][INFO] 2021-05-02 14:15:02,112: initializing /clock core topic
[rospy.simtime][INFO] 2021-05-02 14:15:02,114: connected to core topic /clock
[rosout][INFO] 2021-05-02 14:15:02,117: Controller Spawner: Waiting for service controller_manager/load_controller
[rospy.internal][INFO] 2021-05-02 14:15:02,332: topic[/rosout] adding connection to [/rosout], count 0
[rospy.internal][INFO] 2021-05-02 14:15:04,315: topic[/clock] adding connection to [http://ubuntu:40925/], count 0
[rospy.core][INFO] 2021-05-02 14:15:21,611: signal_shutdown [signal-2]
[rospy.internal][INFO] 2021-05-02 14:15:21,618: topic[/rosout] removing connection to /rosout
[rospy.internal][INFO] 2021-05-02 14:15:21,619: topic[/clock] removing connection to http://ubuntu:40925/
[rospy.impl.masterslave][INFO] 2021-05-02 14:15:21,619: signal-2
[rosout][WARNING] 2021-05-02 14:15:21,752: Controller Spawner couldn't find the expected controller_manager ROS interface.
[rospy.core][INFO] 2021-05-02 14:15:21,755: signal_shutdown [atexit]
