[rospy.client][INFO] 2021-05-02 14:15:02,057: init_node, name[/servo_commands], pid[17346]
[xmlrpc][INFO] 2021-05-02 14:15:02,058: XML-RPC server binding to 0.0.0.0:0
[xmlrpc][INFO] 2021-05-02 14:15:02,059: Started XML-RPC server [http://ubuntu:34853/]
[rospy.init][INFO] 2021-05-02 14:15:02,059: ROS Slave URI: [http://ubuntu:34853/]
[rospy.impl.masterslave][INFO] 2021-05-02 14:15:02,059: _ready: http://ubuntu:34853/
[rospy.registration][INFO] 2021-05-02 14:15:02,060: Registering with master node http://localhost:11311
[xmlrpc][INFO] 2021-05-02 14:15:02,065: xml rpc node: starting XML-RPC server
[rospy.init][INFO] 2021-05-02 14:15:02,160: registered with master
[rospy.rosout][INFO] 2021-05-02 14:15:02,160: initializing /rosout core topic
[rospy.rosout][INFO] 2021-05-02 14:15:02,163: connected to core topic /rosout
[rospy.simtime][INFO] 2021-05-02 14:15:02,176: initializing /clock core topic
[rospy.simtime][INFO] 2021-05-02 14:15:02,178: connected to core topic /clock
[rospy.internal][INFO] 2021-05-02 14:15:02,202: topic[/vesc/low_level/ackermann_cmd_mux/output] adding connection to [http://ubuntu:43599/], count 0
[rospy.internal][INFO] 2021-05-02 14:15:02,434: topic[/rosout] adding connection to [/rosout], count 0
[rospy.internal][INFO] 2021-05-02 14:15:04,282: topic[/clock] adding connection to [http://ubuntu:40925/], count 0
[rospy.internal][WARNING] 2021-05-02 14:15:21,518: Unknown error initiating TCP/IP socket to ubuntu:40103 (http://ubuntu:43599/): Traceback (most recent call last):
  File "/opt/ros/melodic/lib/python2.7/dist-packages/rospy/impl/tcpros_base.py", line 562, in connect
    self.read_header()
  File "/opt/ros/melodic/lib/python2.7/dist-packages/rospy/impl/tcpros_base.py", line 657, in read_header
    self._validate_header(read_ros_handshake_header(sock, self.read_buff, self.protocol.buff_size))
  File "/opt/ros/melodic/lib/python2.7/dist-packages/rosgraph/network.py", line 357, in read_ros_handshake_header
    d = sock.recv(buff_size)
error: [Errno 104] Connection reset by peer

[rospy.internal][INFO] 2021-05-02 14:15:21,518: topic[/vesc/low_level/ackermann_cmd_mux/output] removing connection to http://ubuntu:43599/
[rospy.core][INFO] 2021-05-02 14:15:21,608: signal_shutdown [signal-2]
[rospy.internal][INFO] 2021-05-02 14:15:21,611: topic[/rosout] removing connection to /rosout
[rospy.internal][INFO] 2021-05-02 14:15:21,612: topic[/clock] removing connection to http://ubuntu:40925/
[rospy.impl.masterslave][INFO] 2021-05-02 14:15:21,612: signal-2
[rospy.core][INFO] 2021-05-02 14:15:21,714: signal_shutdown [atexit]
