[rospy.client][INFO] 2021-05-18 13:58:40,083: init_node, name[/keyboard_teleop], pid[70963]
[xmlrpc][INFO] 2021-05-18 13:58:40,084: XML-RPC server binding to 0.0.0.0:0
[xmlrpc][INFO] 2021-05-18 13:58:40,084: Started XML-RPC server [http://ubuntu:43285/]
[rospy.impl.masterslave][INFO] 2021-05-18 13:58:40,084: _ready: http://ubuntu:43285/
[rospy.init][INFO] 2021-05-18 13:58:40,086: ROS Slave URI: [http://ubuntu:43285/]
[rospy.registration][INFO] 2021-05-18 13:58:40,086: Registering with master node http://localhost:11311
[xmlrpc][INFO] 2021-05-18 13:58:40,087: xml rpc node: starting XML-RPC server
[rospy.init][INFO] 2021-05-18 13:58:40,188: registered with master
[rospy.rosout][INFO] 2021-05-18 13:58:40,189: initializing /rosout core topic
[rospy.rosout][INFO] 2021-05-18 13:58:40,206: connected to core topic /rosout
[rospy.simtime][INFO] 2021-05-18 13:58:40,208: initializing /clock core topic
[rospy.simtime][INFO] 2021-05-18 13:58:40,226: connected to core topic /clock
[rospy.internal][INFO] 2021-05-18 13:58:41,841: topic[/rosout] adding connection to [/rosout], count 0
[rospy.internal][INFO] 2021-05-18 13:58:41,843: topic[/vesc/low_level/ackermann_cmd_mux/input/teleop] adding connection to [/vesc/low_level/ackermann_cmd_mux_nodelet_manager], count 0
[rospy.internal][INFO] 2021-05-18 13:58:43,082: topic[/clock] adding connection to [http://ubuntu:44295/], count 0
[rospy.internal][INFO] 2021-05-18 13:59:28,103: topic[/vesc/low_level/ackermann_cmd_mux/input/teleop] removing connection to /vesc/low_level/ackermann_cmd_mux_nodelet_manager
[rospy.internal][WARNING] 2021-05-18 13:59:28,557: Unknown error initiating TCP/IP socket to ubuntu:49515 (http://ubuntu:44295/): Traceback (most recent call last):
  File "/opt/ros/melodic/lib/python2.7/dist-packages/rospy/impl/tcpros_base.py", line 562, in connect
    self.read_header()
  File "/opt/ros/melodic/lib/python2.7/dist-packages/rospy/impl/tcpros_base.py", line 657, in read_header
    self._validate_header(read_ros_handshake_header(sock, self.read_buff, self.protocol.buff_size))
  File "/opt/ros/melodic/lib/python2.7/dist-packages/rosgraph/network.py", line 357, in read_ros_handshake_header
    d = sock.recv(buff_size)
error: [Errno 104] Connection reset by peer

[rospy.internal][INFO] 2021-05-18 13:59:28,557: topic[/clock] removing connection to http://ubuntu:44295/
