[rospy.client][INFO] 2021-05-18 13:58:39,856: init_node, name[/racecar/controller_manager], pid[70910]
[xmlrpc][INFO] 2021-05-18 13:58:39,857: XML-RPC server binding to 0.0.0.0:0
[xmlrpc][INFO] 2021-05-18 13:58:39,857: Started XML-RPC server [http://ubuntu:43549/]
[rospy.impl.masterslave][INFO] 2021-05-18 13:58:39,858: _ready: http://ubuntu:43549/
[rospy.init][INFO] 2021-05-18 13:58:39,858: ROS Slave URI: [http://ubuntu:43549/]
[xmlrpc][INFO] 2021-05-18 13:58:39,867: xml rpc node: starting XML-RPC server
[rospy.registration][INFO] 2021-05-18 13:58:39,868: Registering with master node http://localhost:11311
[rospy.init][INFO] 2021-05-18 13:58:39,958: registered with master
[rospy.rosout][INFO] 2021-05-18 13:58:39,959: initializing /rosout core topic
[rospy.rosout][INFO] 2021-05-18 13:58:39,972: connected to core topic /rosout
[rospy.simtime][INFO] 2021-05-18 13:58:39,973: initializing /clock core topic
[rospy.simtime][INFO] 2021-05-18 13:58:39,975: connected to core topic /clock
[rosout][INFO] 2021-05-18 13:58:39,978: Controller Spawner: Waiting for service controller_manager/load_controller
[rospy.internal][INFO] 2021-05-18 13:58:40,234: topic[/rosout] adding connection to [/rosout], count 0
[rospy.internal][INFO] 2021-05-18 13:58:43,080: topic[/clock] adding connection to [http://ubuntu:44295/], count 0
[rosout][INFO] 2021-05-18 13:58:44,532: Controller Spawner: Waiting for service controller_manager/switch_controller
[rosout][INFO] 2021-05-18 13:58:44,536: Controller Spawner: Waiting for service controller_manager/unload_controller
[rosout][INFO] 2021-05-18 13:58:44,543: Loading controller: left_rear_wheel_velocity_controller
[rosout][INFO] 2021-05-18 13:58:44,736: Loading controller: right_rear_wheel_velocity_controller
[rosout][INFO] 2021-05-18 13:58:44,883: Loading controller: left_front_wheel_velocity_controller
[rosout][INFO] 2021-05-18 13:58:44,989: Loading controller: right_front_wheel_velocity_controller
[rosout][INFO] 2021-05-18 13:58:45,101: Loading controller: left_steering_hinge_position_controller
[rosout][INFO] 2021-05-18 13:58:45,189: Loading controller: right_steering_hinge_position_controller
[rosout][INFO] 2021-05-18 13:58:45,315: Loading controller: joint_state_controller
[rosout][INFO] 2021-05-18 13:58:45,384: Controller Spawner: Loaded controllers: left_rear_wheel_velocity_controller, right_rear_wheel_velocity_controller, left_front_wheel_velocity_controller, right_front_wheel_velocity_controller, left_steering_hinge_position_controller, right_steering_hinge_position_controller, joint_state_controller
[rosout][INFO] 2021-05-18 13:58:45,505: Started controllers: left_rear_wheel_velocity_controller, right_rear_wheel_velocity_controller, left_front_wheel_velocity_controller, right_front_wheel_velocity_controller, left_steering_hinge_position_controller, right_steering_hinge_position_controller, joint_state_controller
[rospy.core][INFO] 2021-05-18 13:59:28,078: signal_shutdown [signal-2]
[rosout][INFO] 2021-05-18 13:59:28,078: Shutting down spawner. Stopping and unloading controllers...
[rosout][INFO] 2021-05-18 13:59:28,080: Stopping all controllers...
[rosout][INFO] 2021-05-18 13:59:28,106: Unloading all loaded controllers...
[rosout][INFO] 2021-05-18 13:59:28,110: Trying to unload joint_state_controller
[rosout][INFO] 2021-05-18 13:59:28,129: Succeeded in unloading joint_state_controller
[rosout][INFO] 2021-05-18 13:59:28,132: Trying to unload right_steering_hinge_position_controller
[rospy.internal][WARNING] 2021-05-18 13:59:28,558: Unknown error initiating TCP/IP socket to ubuntu:49515 (http://ubuntu:44295/): Traceback (most recent call last):
  File "/opt/ros/melodic/lib/python2.7/dist-packages/rospy/impl/tcpros_base.py", line 562, in connect
    self.read_header()
  File "/opt/ros/melodic/lib/python2.7/dist-packages/rospy/impl/tcpros_base.py", line 657, in read_header
    self._validate_header(read_ros_handshake_header(sock, self.read_buff, self.protocol.buff_size))
  File "/opt/ros/melodic/lib/python2.7/dist-packages/rosgraph/network.py", line 357, in read_ros_handshake_header
    d = sock.recv(buff_size)
error: [Errno 104] Connection reset by peer

[rospy.internal][INFO] 2021-05-18 13:59:28,559: topic[/clock] removing connection to http://ubuntu:44295/
[rosout][WARNING] 2021-05-18 13:59:28,557: Controller Spawner error while taking down controllers: transport error completing service call: unable to receive data from sender, check sender's logs for details
[rospy.internal][INFO] 2021-05-18 13:59:28,563: topic[/rosout] removing connection to /rosout
[rospy.impl.masterslave][INFO] 2021-05-18 13:59:28,564: signal-2
[rospy.core][INFO] 2021-05-18 13:59:28,684: signal_shutdown [atexit]
