2021-04-21T06:40:40.063533Z 0 [Note] Giving 0 client threads a chance to die gracefully
2021-04-21T06:40:40.065056Z 0 [Note] Shutting down slave threads
2021-04-21T06:40:40.065550Z 0 [Note] Forcefully disconnecting 0 remaining clients
2021-04-21T06:40:40.066447Z 0 [Note] Event Scheduler: Purging the queue. 0 events
2021-04-21T06:40:40.069662Z 0 [Note] Binlog end
2021-04-21T06:40:40.166550Z 0 [Note] Shutting down plugin 'ngram'
2021-04-21T06:40:40.167554Z 0 [Note] Shutting down plugin 'partition'
2021-04-21T06:40:40.167568Z 0 [Note] Shutting down plugin 'BLACKHOLE'
2021-04-21T06:40:40.168308Z 0 [Note] Shutting down plugin 'ARCHIVE'
2021-04-21T06:40:40.168317Z 0 [Note] Shutting down plugin 'PERFORMANCE_SCHEMA'
2021-04-21T06:40:40.169284Z 0 [Note] Shutting down plugin 'MRG_MYISAM'
2021-04-21T06:40:40.169297Z 0 [Note] Shutting down plugin 'MyISAM'
2021-04-21T06:40:40.170392Z 0 [Note] Shutting down plugin 'INNODB_SYS_VIRTUAL'
2021-04-21T06:40:40.171352Z 0 [Note] Shutting down plugin 'INNODB_SYS_DATAFILES'
2021-04-21T06:40:40.171363Z 0 [Note] Shutting down plugin 'INNODB_SYS_TABLESPACES'
2021-04-21T06:40:40.171366Z 0 [Note] Shutting down plugin 'INNODB_SYS_FOREIGN_COLS'
2021-04-21T06:40:40.171368Z 0 [Note] Shutting down plugin 'INNODB_SYS_FOREIGN'
2021-04-21T06:40:40.171370Z 0 [Note] Shutting down plugin 'INNODB_SYS_FIELDS'
2021-04-21T06:40:40.171372Z 0 [Note] Shutting down plugin 'INNODB_SYS_COLUMNS'
2021-04-21T06:40:40.171374Z 0 [Note] Shutting down plugin 'INNODB_SYS_INDEXES'
2021-04-21T06:40:40.171377Z 0 [Note] Shutting down plugin 'INNODB_SYS_TABLESTATS'
2021-04-21T06:40:40.171379Z 0 [Note] Shutting down plugin 'INNODB_SYS_TABLES'
2021-04-21T06:40:40.171381Z 0 [Note] Shutting down plugin 'INNODB_FT_INDEX_TABLE'
2021-04-21T06:40:40.171383Z 0 [Note] Shutting down plugin 'INNODB_FT_INDEX_CACHE'
2021-04-21T06:40:40.171385Z 0 [Note] Shutting down plugin 'INNODB_FT_CONFIG'
2021-04-21T06:40:40.171388Z 0 [Note] Shutting down plugin 'INNODB_FT_BEING_DELETED'
2021-04-21T06:40:40.171390Z 0 [Note] Shutting down plugin 'INNODB_FT_DELETED'
2021-04-21T06:40:40.171392Z 0 [Note] Shutting down plugin 'INNODB_FT_DEFAULT_STOPWORD'
2021-04-21T06:40:40.171394Z 0 [Note] Shutting down plugin 'INNODB_METRICS'
2021-04-21T06:40:40.171396Z 0 [Note] Shutting down plugin 'INNODB_TEMP_TABLE_INFO'
2021-04-21T06:40:40.171620Z 0 [Note] Shutting down plugin 'INNODB_BUFFER_POOL_STATS'
2021-04-21T06:40:40.171628Z 0 [Note] Shutting down plugin 'INNODB_BUFFER_PAGE_LRU'
2021-04-21T06:40:40.171631Z 0 [Note] Shutting down plugin 'INNODB_BUFFER_PAGE'
2021-04-21T06:40:40.171633Z 0 [Note] Shutting down plugin 'INNODB_CMP_PER_INDEX_RESET'
2021-04-21T06:40:40.171635Z 0 [Note] Shutting down plugin 'INNODB_CMP_PER_INDEX'
2021-04-21T06:40:40.171637Z 0 [Note] Shutting down plugin 'INNODB_CMPMEM_RESET'
2021-04-21T06:40:40.171639Z 0 [Note] Shutting down plugin 'INNODB_CMPMEM'
2021-04-21T06:40:40.171641Z 0 [Note] Shutting down plugin 'INNODB_CMP_RESET'
2021-04-21T06:40:40.171644Z 0 [Note] Shutting down plugin 'INNODB_CMP'
2021-04-21T06:40:40.171646Z 0 [Note] Shutting down plugin 'INNODB_LOCK_WAITS'
2021-04-21T06:40:40.171648Z 0 [Note] Shutting down plugin 'INNODB_LOCKS'
2021-04-21T06:40:40.171650Z 0 [Note] Shutting down plugin 'INNODB_TRX'
2021-04-21T06:40:40.171652Z 0 [Note] Shutting down plugin 'InnoDB'
2021-04-21T06:40:40.177059Z 0 [Note] InnoDB: FTS optimize thread exiting.
2021-04-21T06:40:40.181019Z 0 [Note] InnoDB: Starting shutdown...
2021-04-21T06:40:40.287613Z 0 [Note] InnoDB: Dumping buffer pool(s) to /var/lib/mysql/ib_buffer_pool
2021-04-21T06:40:40.296237Z 0 [Note] InnoDB: Buffer pool(s) dump completed at 210420 23:40:40
2021-04-21T06:40:41.603891Z 0 [Note] InnoDB: Shutdown completed; log sequence number 2752141
2021-04-21T06:40:41.605660Z 0 [Note] InnoDB: Removed temporary tablespace data file: "ibtmp1"
2021-04-21T06:40:41.605685Z 0 [Note] Shutting down plugin 'MEMORY'
2021-04-21T06:40:41.605695Z 0 [Note] Shutting down plugin 'CSV'
2021-04-21T06:40:41.605702Z 0 [Note] Shutting down plugin 'sha256_password'
2021-04-21T06:40:41.605704Z 0 [Note] Shutting down plugin 'mysql_native_password'
2021-04-21T06:40:41.611828Z 0 [Note] Shutting down plugin 'binlog'
2021-04-21T06:40:41.629956Z 0 [Note] /usr/sbin/mysqld: Shutdown complete

2021-04-21T06:40:42.159271Z 0 [Warning] TIMESTAMP with implicit DEFAULT value is deprecated. Please use --explicit_defaults_for_timestamp server option (see documentation for more details).
2021-04-21T06:40:42.167862Z 0 [Note] /usr/sbin/mysqld (mysqld 5.7.33-0ubuntu0.18.04.1) starting as process 3172 ...
2021-04-21T06:40:42.183609Z 0 [Note] InnoDB: PUNCH HOLE support available
2021-04-21T06:40:42.183644Z 0 [Note] InnoDB: Mutexes and rw_locks use GCC atomic builtins
2021-04-21T06:40:42.183647Z 0 [Note] InnoDB: Uses event mutexes
2021-04-21T06:40:42.183651Z 0 [Note] InnoDB: GCC builtin __atomic_thread_fence() is used for memory barrier
2021-04-21T06:40:42.183654Z 0 [Note] InnoDB: Compressed tables use zlib 1.2.11
2021-04-21T06:40:42.183657Z 0 [Note] InnoDB: Using Linux native AIO
2021-04-21T06:40:42.185816Z 0 [Note] InnoDB: Number of pools: 1
2021-04-21T06:40:42.191291Z 0 [Note] InnoDB: Using CPU crc32 instructions
2021-04-21T06:40:42.194926Z 0 [Note] InnoDB: Initializing buffer pool, total size = 128M, instances = 1, chunk size = 128M
2021-04-21T06:40:42.206002Z 0 [Note] InnoDB: Completed initialization of buffer pool
2021-04-21T06:40:42.210938Z 0 [Note] InnoDB: If the mysqld execution user is authorized, page cleaner thread priority can be changed. See the man page of setpriority().
2021-04-21T06:40:42.236501Z 0 [Note] InnoDB: Highest supported file format is Barracuda.
2021-04-21T06:40:42.277005Z 0 [Note] InnoDB: Creating shared tablespace for temporary tables
2021-04-21T06:40:42.277083Z 0 [Note] InnoDB: Setting file './ibtmp1' size to 12 MB. Physically writing the file full; Please wait ...
2021-04-21T06:40:42.301111Z 0 [Note] InnoDB: File './ibtmp1' size is now 12 MB.
2021-04-21T06:40:42.301857Z 0 [Note] InnoDB: 96 redo rollback segment(s) found. 96 redo rollback segment(s) are active.
2021-04-21T06:40:42.301870Z 0 [Note] InnoDB: 32 non-redo rollback segment(s) are active.
2021-04-21T06:40:42.302116Z 0 [Note] InnoDB: Waiting for purge to start
2021-04-21T06:40:42.352477Z 0 [Note] InnoDB: 5.7.33 started; log sequence number 2752141
2021-04-21T06:40:42.355356Z 0 [Note] InnoDB: Loading buffer pool(s) from /var/lib/mysql/ib_buffer_pool
2021-04-21T06:40:42.359086Z 0 [Note] Plugin 'FEDERATED' is disabled.
2021-04-21T06:40:42.406810Z 0 [Note] InnoDB: Buffer pool(s) load completed at 210420 23:40:42
2021-04-21T06:40:42.413550Z 0 [Note] Found ca.pem, server-cert.pem and server-key.pem in data directory. Trying to enable SSL support using them.
2021-04-21T06:40:42.413569Z 0 [Note] Skipping generation of SSL certificates as certificate files are present in data directory.
2021-04-21T06:40:42.416291Z 0 [Warning] CA certificate ca.pem is self signed.
2021-04-21T06:40:42.416329Z 0 [Note] Skipping generation of RSA key pair as key files are present in data directory.
2021-04-21T06:40:42.417048Z 0 [Note] Server hostname (bind-address): '127.0.0.1'; port: 3306
2021-04-21T06:40:42.417067Z 0 [Note]   - '127.0.0.1' resolves to '127.0.0.1';
2021-04-21T06:40:42.417086Z 0 [Note] Server socket created on IP: '127.0.0.1'.
2021-04-21T06:40:42.471217Z 0 [Note] Event Scheduler: Loaded 0 events
2021-04-21T06:40:42.471533Z 0 [Note] /usr/sbin/mysqld: ready for connections.
Version: '5.7.33-0ubuntu0.18.04.1'  socket: '/var/run/mysqld/mysqld.sock'  port: 3306  (Ubuntu)
2021-04-21T06:42:00.479778Z 0 [Note] Giving 0 client threads a chance to die gracefully
2021-04-21T06:42:00.480329Z 0 [Note] Shutting down slave threads
2021-04-21T06:42:00.480348Z 0 [Note] Forcefully disconnecting 0 remaining clients
2021-04-21T06:42:00.480511Z 0 [Note] Event Scheduler: Purging the queue. 0 events
2021-04-21T06:42:00.480604Z 0 [Note] Binlog end
2021-04-21T06:42:00.484428Z 0 [Note] Shutting down plugin 'auth_socket'
2021-04-21T06:42:00.484690Z 0 [Note] Shutting down plugin 'ngram'
2021-04-21T06:42:00.484720Z 0 [Note] Shutting down plugin 'partition'
2021-04-21T06:42:00.484728Z 0 [Note] Shutting down plugin 'BLACKHOLE'
2021-04-21T06:42:00.484733Z 0 [Note] Shutting down plugin 'ARCHIVE'
2021-04-21T06:42:00.484736Z 0 [Note] Shutting down plugin 'PERFORMANCE_SCHEMA'
2021-04-21T06:42:00.484759Z 0 [Note] Shutting down plugin 'MRG_MYISAM'
2021-04-21T06:42:00.484764Z 0 [Note] Shutting down plugin 'MyISAM'
2021-04-21T06:42:00.484781Z 0 [Note] Shutting down plugin 'INNODB_SYS_VIRTUAL'
2021-04-21T06:42:00.484785Z 0 [Note] Shutting down plugin 'INNODB_SYS_DATAFILES'
2021-04-21T06:42:00.484788Z 0 [Note] Shutting down plugin 'INNODB_SYS_TABLESPACES'
2021-04-21T06:42:00.484790Z 0 [Note] Shutting down plugin 'INNODB_SYS_FOREIGN_COLS'
2021-04-21T06:42:00.484793Z 0 [Note] Shutting down plugin 'INNODB_SYS_FOREIGN'
2021-04-21T06:42:00.484795Z 0 [Note] Shutting down plugin 'INNODB_SYS_FIELDS'
2021-04-21T06:42:00.484797Z 0 [Note] Shutting down plugin 'INNODB_SYS_COLUMNS'
2021-04-21T06:42:00.484800Z 0 [Note] Shutting down plugin 'INNODB_SYS_INDEXES'
2021-04-21T06:42:00.484802Z 0 [Note] Shutting down plugin 'INNODB_SYS_TABLESTATS'
2021-04-21T06:42:00.484805Z 0 [Note] Shutting down plugin 'INNODB_SYS_TABLES'
2021-04-21T06:42:00.484807Z 0 [Note] Shutting down plugin 'INNODB_FT_INDEX_TABLE'
2021-04-21T06:42:00.484810Z 0 [Note] Shutting down plugin 'INNODB_FT_INDEX_CACHE'
2021-04-21T06:42:00.484812Z 0 [Note] Shutting down plugin 'INNODB_FT_CONFIG'
2021-04-21T06:42:00.484815Z 0 [Note] Shutting down plugin 'INNODB_FT_BEING_DELETED'
2021-04-21T06:42:00.484817Z 0 [Note] Shutting down plugin 'INNODB_FT_DELETED'
2021-04-21T06:42:00.484833Z 0 [Note] Shutting down plugin 'INNODB_FT_DEFAULT_STOPWORD'
2021-04-21T06:42:00.484839Z 0 [Note] Shutting down plugin 'INNODB_METRICS'
2021-04-21T06:42:00.484842Z 0 [Note] Shutting down plugin 'INNODB_TEMP_TABLE_INFO'
2021-04-21T06:42:00.484844Z 0 [Note] Shutting down plugin 'INNODB_BUFFER_POOL_STATS'
2021-04-21T06:42:00.484847Z 0 [Note] Shutting down plugin 'INNODB_BUFFER_PAGE_LRU'
2021-04-21T06:42:00.484849Z 0 [Note] Shutting down plugin 'INNODB_BUFFER_PAGE'
2021-04-21T06:42:00.484851Z 0 [Note] Shutting down plugin 'INNODB_CMP_PER_INDEX_RESET'
2021-04-21T06:42:00.484854Z 0 [Note] Shutting down plugin 'INNODB_CMP_PER_INDEX'
2021-04-21T06:42:00.484856Z 0 [Note] Shutting down plugin 'INNODB_CMPMEM_RESET'
2021-04-21T06:42:00.484859Z 0 [Note] Shutting down plugin 'INNODB_CMPMEM'
2021-04-21T06:42:00.484861Z 0 [Note] Shutting down plugin 'INNODB_CMP_RESET'
2021-04-21T06:42:00.484863Z 0 [Note] Shutting down plugin 'INNODB_CMP'
2021-04-21T06:42:00.484866Z 0 [Note] Shutting down plugin 'INNODB_LOCK_WAITS'
2021-04-21T06:42:00.484868Z 0 [Note] Shutting down plugin 'INNODB_LOCKS'
2021-04-21T06:42:00.484871Z 0 [Note] Shutting down plugin 'INNODB_TRX'
2021-04-21T06:42:00.484873Z 0 [Note] Shutting down plugin 'InnoDB'
2021-04-21T06:42:00.485613Z 0 [Note] InnoDB: FTS optimize thread exiting.
2021-04-21T06:42:00.485873Z 0 [Note] InnoDB: Starting shutdown...
2021-04-21T06:42:00.591510Z 0 [Note] InnoDB: Dumping buffer pool(s) to /var/lib/mysql/ib_buffer_pool
2021-04-21T06:42:00.594029Z 0 [Note] InnoDB: Buffer pool(s) dump completed at 210420 23:42:00
2021-04-21T06:42:02.222932Z 0 [Note] InnoDB: Shutdown completed; log sequence number 2752169
2021-04-21T06:42:02.224272Z 0 [Note] InnoDB: Removed temporary tablespace data file: "ibtmp1"
2021-04-21T06:42:02.224360Z 0 [Note] Shutting down plugin 'MEMORY'
2021-04-21T06:42:02.224382Z 0 [Note] Shutting down plugin 'CSV'
2021-04-21T06:42:02.224392Z 0 [Note] Shutting down plugin 'sha256_password'
2021-04-21T06:42:02.224396Z 0 [Note] Shutting down plugin 'mysql_native_password'
2021-04-21T06:42:02.226393Z 0 [Note] Shutting down plugin 'binlog'
2021-04-21T06:42:02.234443Z 0 [Note] /usr/sbin/mysqld: Shutdown complete

2021-04-21T06:42:02.608905Z 0 [Warning] TIMESTAMP with implicit DEFAULT value is deprecated. Please use --explicit_defaults_for_timestamp server option (see documentation for more details).
2021-04-21T06:42:02.610551Z 0 [Note] /usr/sbin/mysqld (mysqld 5.7.33-0ubuntu0.18.04.1) starting as process 3237 ...
2021-04-21T06:42:02.614420Z 0 [Note] InnoDB: PUNCH HOLE support available
2021-04-21T06:42:02.614461Z 0 [Note] InnoDB: Mutexes and rw_locks use GCC atomic builtins
2021-04-21T06:42:02.614468Z 0 [Note] InnoDB: Uses event mutexes
2021-04-21T06:42:02.614472Z 0 [Note] InnoDB: GCC builtin __atomic_thread_fence() is used for memory barrier
2021-04-21T06:42:02.614482Z 0 [Note] InnoDB: Compressed tables use zlib 1.2.11
2021-04-21T06:42:02.614485Z 0 [Note] InnoDB: Using Linux native AIO
2021-04-21T06:42:02.616484Z 0 [Note] InnoDB: Number of pools: 1
2021-04-21T06:42:02.616621Z 0 [Note] InnoDB: Using CPU crc32 instructions
2021-04-21T06:42:02.619536Z 0 [Note] InnoDB: Initializing buffer pool, total size = 128M, instances = 1, chunk size = 128M
2021-04-21T06:42:02.627055Z 0 [Note] InnoDB: Completed initialization of buffer pool
2021-04-21T06:42:02.629211Z 0 [Note] InnoDB: If the mysqld execution user is authorized, page cleaner thread priority can be changed. See the man page of setpriority().
2021-04-21T06:42:02.650674Z 0 [Note] InnoDB: Highest supported file format is Barracuda.
2021-04-21T06:42:02.684541Z 0 [Note] InnoDB: Creating shared tablespace for temporary tables
2021-04-21T06:42:02.684620Z 0 [Note] InnoDB: Setting file './ibtmp1' size to 12 MB. Physically writing the file full; Please wait ...
2021-04-21T06:42:02.705187Z 0 [Note] InnoDB: File './ibtmp1' size is now 12 MB.
2021-04-21T06:42:02.705790Z 0 [Note] InnoDB: 96 redo rollback segment(s) found. 96 redo rollback segment(s) are active.
2021-04-21T06:42:02.705801Z 0 [Note] InnoDB: 32 non-redo rollback segment(s) are active.
2021-04-21T06:42:02.706648Z 0 [Note] InnoDB: Waiting for purge to start
2021-04-21T06:42:02.757790Z 0 [Note] InnoDB: 5.7.33 started; log sequence number 2752169
2021-04-21T06:42:02.758065Z 0 [Note] InnoDB: Loading buffer pool(s) from /var/lib/mysql/ib_buffer_pool
2021-04-21T06:42:02.759171Z 0 [Note] Plugin 'FEDERATED' is disabled.
2021-04-21T06:42:02.776500Z 0 [Note] InnoDB: Buffer pool(s) load completed at 210420 23:42:02
2021-04-21T06:42:02.779070Z 0 [Note] Found ca.pem, server-cert.pem and server-key.pem in data directory. Trying to enable SSL support using them.
2021-04-21T06:42:02.779094Z 0 [Note] Skipping generation of SSL certificates as certificate files are present in data directory.
2021-04-21T06:42:02.779936Z 0 [Warning] CA certificate ca.pem is self signed.
2021-04-21T06:42:02.779966Z 0 [Note] Skipping generation of RSA key pair as key files are present in data directory.
2021-04-21T06:42:02.780357Z 0 [Note] Server hostname (bind-address): '127.0.0.1'; port: 3306
2021-04-21T06:42:02.780372Z 0 [Note]   - '127.0.0.1' resolves to '127.0.0.1';
2021-04-21T06:42:02.780390Z 0 [Note] Server socket created on IP: '127.0.0.1'.
2021-04-21T06:42:02.816727Z 0 [Note] Event Scheduler: Loaded 0 events
2021-04-21T06:42:02.817275Z 0 [Note] /usr/sbin/mysqld: ready for connections.
Version: '5.7.33-0ubuntu0.18.04.1'  socket: '/var/run/mysqld/mysqld.sock'  port: 3306  (Ubuntu)
2021-04-21T06:42:58.662084Z 0 [Note] Giving 0 client threads a chance to die gracefully
2021-04-21T06:42:58.662198Z 0 [Note] Shutting down slave threads
2021-04-21T06:42:58.662208Z 0 [Note] Forcefully disconnecting 0 remaining clients
2021-04-21T06:42:58.662213Z 0 [Note] Event Scheduler: Purging the queue. 0 events
2021-04-21T06:42:58.662283Z 0 [Note] Binlog end
2021-04-21T06:42:58.662730Z 0 [Note] Shutting down plugin 'auth_socket'
2021-04-21T06:42:58.662847Z 0 [Note] Shutting down plugin 'ngram'
2021-04-21T06:42:58.662855Z 0 [Note] Shutting down plugin 'partition'
2021-04-21T06:42:58.662859Z 0 [Note] Shutting down plugin 'BLACKHOLE'
2021-04-21T06:42:58.662864Z 0 [Note] Shutting down plugin 'ARCHIVE'
2021-04-21T06:42:58.662867Z 0 [Note] Shutting down plugin 'PERFORMANCE_SCHEMA'
2021-04-21T06:42:58.662904Z 0 [Note] Shutting down plugin 'MRG_MYISAM'
2021-04-21T06:42:58.662908Z 0 [Note] Shutting down plugin 'MyISAM'
2021-04-21T06:42:58.662914Z 0 [Note] Shutting down plugin 'INNODB_SYS_VIRTUAL'
2021-04-21T06:42:58.662917Z 0 [Note] Shutting down plugin 'INNODB_SYS_DATAFILES'
2021-04-21T06:42:58.662920Z 0 [Note] Shutting down plugin 'INNODB_SYS_TABLESPACES'
2021-04-21T06:42:58.662923Z 0 [Note] Shutting down plugin 'INNODB_SYS_FOREIGN_COLS'
2021-04-21T06:42:58.662926Z 0 [Note] Shutting down plugin 'INNODB_SYS_FOREIGN'
2021-04-21T06:42:58.662928Z 0 [Note] Shutting down plugin 'INNODB_SYS_FIELDS'
2021-04-21T06:42:58.662931Z 0 [Note] Shutting down plugin 'INNODB_SYS_COLUMNS'
2021-04-21T06:42:58.662942Z 0 [Note] Shutting down plugin 'INNODB_SYS_INDEXES'
2021-04-21T06:42:58.662945Z 0 [Note] Shutting down plugin 'INNODB_SYS_TABLESTATS'
2021-04-21T06:42:58.662947Z 0 [Note] Shutting down plugin 'INNODB_SYS_TABLES'
2021-04-21T06:42:58.662949Z 0 [Note] Shutting down plugin 'INNODB_FT_INDEX_TABLE'
2021-04-21T06:42:58.662952Z 0 [Note] Shutting down plugin 'INNODB_FT_INDEX_CACHE'
2021-04-21T06:42:58.662954Z 0 [Note] Shutting down plugin 'INNODB_FT_CONFIG'
2021-04-21T06:42:58.662956Z 0 [Note] Shutting down plugin 'INNODB_FT_BEING_DELETED'
2021-04-21T06:42:58.662959Z 0 [Note] Shutting down plugin 'INNODB_FT_DELETED'
2021-04-21T06:42:58.662961Z 0 [Note] Shutting down plugin 'INNODB_FT_DEFAULT_STOPWORD'
2021-04-21T06:42:58.662963Z 0 [Note] Shutting down plugin 'INNODB_METRICS'
2021-04-21T06:42:58.662966Z 0 [Note] Shutting down plugin 'INNODB_TEMP_TABLE_INFO'
2021-04-21T06:42:58.662968Z 0 [Note] Shutting down plugin 'INNODB_BUFFER_POOL_STATS'
2021-04-21T06:42:58.662970Z 0 [Note] Shutting down plugin 'INNODB_BUFFER_PAGE_LRU'
2021-04-21T06:42:58.662973Z 0 [Note] Shutting down plugin 'INNODB_BUFFER_PAGE'
2021-04-21T06:42:58.662975Z 0 [Note] Shutting down plugin 'INNODB_CMP_PER_INDEX_RESET'
2021-04-21T06:42:58.662977Z 0 [Note] Shutting down plugin 'INNODB_CMP_PER_INDEX'
2021-04-21T06:42:58.662980Z 0 [Note] Shutting down plugin 'INNODB_CMPMEM_RESET'
2021-04-21T06:42:58.662982Z 0 [Note] Shutting down plugin 'INNODB_CMPMEM'
2021-04-21T06:42:58.662984Z 0 [Note] Shutting down plugin 'INNODB_CMP_RESET'
2021-04-21T06:42:58.662986Z 0 [Note] Shutting down plugin 'INNODB_CMP'
2021-04-21T06:42:58.662989Z 0 [Note] Shutting down plugin 'INNODB_LOCK_WAITS'
2021-04-21T06:42:58.662991Z 0 [Note] Shutting down plugin 'INNODB_LOCKS'
2021-04-21T06:42:58.662994Z 0 [Note] Shutting down plugin 'INNODB_TRX'
2021-04-21T06:42:58.662996Z 0 [Note] Shutting down plugin 'InnoDB'
2021-04-21T06:42:58.663054Z 0 [Note] InnoDB: FTS optimize thread exiting.
2021-04-21T06:42:58.663199Z 0 [Note] InnoDB: Starting shutdown...
2021-04-21T06:42:58.764923Z 0 [Note] InnoDB: Dumping buffer pool(s) to /var/lib/mysql/ib_buffer_pool
2021-04-21T06:42:58.765272Z 0 [Note] InnoDB: Buffer pool(s) dump completed at 210420 23:42:58
2021-04-21T06:42:59.686158Z 0 [Note] InnoDB: Shutdown completed; log sequence number 2752197
2021-04-21T06:42:59.689620Z 0 [Note] InnoDB: Removed temporary tablespace data file: "ibtmp1"
2021-04-21T06:42:59.689708Z 0 [Note] Shutting down plugin 'MEMORY'
2021-04-21T06:42:59.689729Z 0 [Note] Shutting down plugin 'CSV'
2021-04-21T06:42:59.689741Z 0 [Note] Shutting down plugin 'sha256_password'
2021-04-21T06:42:59.689748Z 0 [Note] Shutting down plugin 'mysql_native_password'
2021-04-21T06:42:59.690071Z 0 [Note] Shutting down plugin 'binlog'
2021-04-21T06:42:59.690788Z 0 [Note] /usr/sbin/mysqld: Shutdown complete

2021-04-21T06:49:31.317481Z 0 [Warning] TIMESTAMP with implicit DEFAULT value is deprecated. Please use --explicit_defaults_for_timestamp server option (see documentation for more details).
2021-04-21T06:49:31.676188Z 0 [Note] /usr/sbin/mysqld (mysqld 5.7.33-0ubuntu0.18.04.1) starting as process 3559 ...
2021-04-21T06:49:32.033079Z 0 [Note] InnoDB: PUNCH HOLE support available
2021-04-21T06:49:32.033918Z 0 [Note] InnoDB: Mutexes and rw_locks use GCC atomic builtins
2021-04-21T06:49:32.033943Z 0 [Note] InnoDB: Uses event mutexes
2021-04-21T06:49:32.033952Z 0 [Note] InnoDB: GCC builtin __atomic_thread_fence() is used for memory barrier
2021-04-21T06:49:32.033957Z 0 [Note] InnoDB: Compressed tables use zlib 1.2.11
2021-04-21T06:49:32.034203Z 0 [Note] InnoDB: Using Linux native AIO
2021-04-21T06:49:32.057787Z 0 [Note] InnoDB: Number of pools: 1
2021-04-21T06:49:32.067254Z 0 [Note] InnoDB: Using CPU crc32 instructions
2021-04-21T06:49:32.274396Z 0 [Note] InnoDB: Initializing buffer pool, total size = 128M, instances = 1, chunk size = 128M
2021-04-21T06:49:33.200132Z 0 [Note] InnoDB: Completed initialization of buffer pool
2021-04-21T06:49:33.496177Z 0 [Note] InnoDB: If the mysqld execution user is authorized, page cleaner thread priority can be changed. See the man page of setpriority().
2021-04-21T06:49:33.722583Z 0 [Note] InnoDB: Highest supported file format is Barracuda.
2021-04-21T06:49:34.079054Z 0 [Note] InnoDB: Creating shared tablespace for temporary tables
2021-04-21T06:49:34.079203Z 0 [Note] InnoDB: Setting file './ibtmp1' size to 12 MB. Physically writing the file full; Please wait ...
2021-04-21T06:49:35.352663Z 0 [Note] InnoDB: File './ibtmp1' size is now 12 MB.
2021-04-21T06:49:35.390740Z 0 [Note] InnoDB: 96 redo rollback segment(s) found. 96 redo rollback segment(s) are active.
2021-04-21T06:49:35.390817Z 0 [Note] InnoDB: 32 non-redo rollback segment(s) are active.
2021-04-21T06:49:35.395833Z 0 [Note] InnoDB: Waiting for purge to start
2021-04-21T06:49:35.455433Z 0 [Note] InnoDB: 5.7.33 started; log sequence number 2752197
2021-04-21T06:49:35.470733Z 0 [Note] InnoDB: Loading buffer pool(s) from /var/lib/mysql/ib_buffer_pool
2021-04-21T06:49:35.472968Z 0 [Note] Plugin 'FEDERATED' is disabled.
2021-04-21T06:49:35.765456Z 0 [Note] InnoDB: Buffer pool(s) load completed at 210420 23:49:35
2021-04-21T06:49:36.507545Z 0 [Note] Found ca.pem, server-cert.pem and server-key.pem in data directory. Trying to enable SSL support using them.
2021-04-21T06:49:36.507623Z 0 [Note] Skipping generation of SSL certificates as certificate files are present in data directory.
2021-04-21T06:49:36.508466Z 0 [Warning] CA certificate ca.pem is self signed.
2021-04-21T06:49:36.508497Z 0 [Note] Skipping generation of RSA key pair as key files are present in data directory.
2021-04-21T06:49:36.508555Z 0 [Note] Server hostname (bind-address): '127.0.0.1'; port: 3306
2021-04-21T06:49:36.508565Z 0 [Note]   - '127.0.0.1' resolves to '127.0.0.1';
2021-04-21T06:49:36.508616Z 0 [Note] Server socket created on IP: '127.0.0.1'.
2021-04-21T06:49:36.575203Z 0 [Note] Event Scheduler: Loaded 0 events
2021-04-21T06:49:36.577697Z 0 [Note] /usr/sbin/mysqld: ready for connections.
Version: '5.7.33-0ubuntu0.18.04.1'  socket: '/var/run/mysqld/mysqld.sock'  port: 3306  (Ubuntu)
2021-04-21T06:50:18.706726Z 0 [Note] Giving 0 client threads a chance to die gracefully
2021-04-21T06:50:18.706772Z 0 [Note] Shutting down slave threads
2021-04-21T06:50:18.706782Z 0 [Note] Forcefully disconnecting 0 remaining clients
2021-04-21T06:50:18.706790Z 0 [Note] Event Scheduler: Purging the queue. 0 events
2021-04-21T06:50:18.707074Z 0 [Note] Binlog end
2021-04-21T06:50:18.707675Z 0 [Note] Shutting down plugin 'auth_socket'
2021-04-21T06:50:18.707712Z 0 [Note] Shutting down plugin 'ngram'
2021-04-21T06:50:18.707716Z 0 [Note] Shutting down plugin 'partition'
2021-04-21T06:50:18.707720Z 0 [Note] Shutting down plugin 'BLACKHOLE'
2021-04-21T06:50:18.707724Z 0 [Note] Shutting down plugin 'ARCHIVE'
2021-04-21T06:50:18.707727Z 0 [Note] Shutting down plugin 'PERFORMANCE_SCHEMA'
2021-04-21T06:50:18.707769Z 0 [Note] Shutting down plugin 'MRG_MYISAM'
2021-04-21T06:50:18.707774Z 0 [Note] Shutting down plugin 'MyISAM'
2021-04-21T06:50:18.707780Z 0 [Note] Shutting down plugin 'INNODB_SYS_VIRTUAL'
2021-04-21T06:50:18.707784Z 0 [Note] Shutting down plugin 'INNODB_SYS_DATAFILES'
2021-04-21T06:50:18.707787Z 0 [Note] Shutting down plugin 'INNODB_SYS_TABLESPACES'
2021-04-21T06:50:18.707790Z 0 [Note] Shutting down plugin 'INNODB_SYS_FOREIGN_COLS'
2021-04-21T06:50:18.707793Z 0 [Note] Shutting down plugin 'INNODB_SYS_FOREIGN'
2021-04-21T06:50:18.707796Z 0 [Note] Shutting down plugin 'INNODB_SYS_FIELDS'
2021-04-21T06:50:18.707799Z 0 [Note] Shutting down plugin 'INNODB_SYS_COLUMNS'
2021-04-21T06:50:18.707822Z 0 [Note] Shutting down plugin 'INNODB_SYS_INDEXES'
2021-04-21T06:50:18.707826Z 0 [Note] Shutting down plugin 'INNODB_SYS_TABLESTATS'
2021-04-21T06:50:18.707829Z 0 [Note] Shutting down plugin 'INNODB_SYS_TABLES'
2021-04-21T06:50:18.707849Z 0 [Note] Shutting down plugin 'INNODB_FT_INDEX_TABLE'
2021-04-21T06:50:18.707852Z 0 [Note] Shutting down plugin 'INNODB_FT_INDEX_CACHE'
2021-04-21T06:50:18.707855Z 0 [Note] Shutting down plugin 'INNODB_FT_CONFIG'
2021-04-21T06:50:18.707859Z 0 [Note] Shutting down plugin 'INNODB_FT_BEING_DELETED'
2021-04-21T06:50:18.707891Z 0 [Note] Shutting down plugin 'INNODB_FT_DELETED'
2021-04-21T06:50:18.707910Z 0 [Note] Shutting down plugin 'INNODB_FT_DEFAULT_STOPWORD'
2021-04-21T06:50:18.707913Z 0 [Note] Shutting down plugin 'INNODB_METRICS'
2021-04-21T06:50:18.707916Z 0 [Note] Shutting down plugin 'INNODB_TEMP_TABLE_INFO'
2021-04-21T06:50:18.707918Z 0 [Note] Shutting down plugin 'INNODB_BUFFER_POOL_STATS'
2021-04-21T06:50:18.707938Z 0 [Note] Shutting down plugin 'INNODB_BUFFER_PAGE_LRU'
2021-04-21T06:50:18.707941Z 0 [Note] Shutting down plugin 'INNODB_BUFFER_PAGE'
2021-04-21T06:50:18.707943Z 0 [Note] Shutting down plugin 'INNODB_CMP_PER_INDEX_RESET'
2021-04-21T06:50:18.707946Z 0 [Note] Shutting down plugin 'INNODB_CMP_PER_INDEX'
2021-04-21T06:50:18.707948Z 0 [Note] Shutting down plugin 'INNODB_CMPMEM_RESET'
2021-04-21T06:50:18.707951Z 0 [Note] Shutting down plugin 'INNODB_CMPMEM'
2021-04-21T06:50:18.707953Z 0 [Note] Shutting down plugin 'INNODB_CMP_RESET'
2021-04-21T06:50:18.707956Z 0 [Note] Shutting down plugin 'INNODB_CMP'
2021-04-21T06:50:18.707958Z 0 [Note] Shutting down plugin 'INNODB_LOCK_WAITS'
2021-04-21T06:50:18.707961Z 0 [Note] Shutting down plugin 'INNODB_LOCKS'
2021-04-21T06:50:18.707964Z 0 [Note] Shutting down plugin 'INNODB_TRX'
2021-04-21T06:50:18.707966Z 0 [Note] Shutting down plugin 'InnoDB'
2021-04-21T06:50:18.708003Z 0 [Note] InnoDB: FTS optimize thread exiting.
2021-04-21T06:50:18.708312Z 0 [Note] InnoDB: Starting shutdown...
2021-04-21T06:50:18.809467Z 0 [Note] InnoDB: Dumping buffer pool(s) to /var/lib/mysql/ib_buffer_pool
2021-04-21T06:50:18.809756Z 0 [Note] InnoDB: Buffer pool(s) dump completed at 210420 23:50:18
2021-04-21T06:50:20.350372Z 0 [Note] InnoDB: Shutdown completed; log sequence number 2752225
2021-04-21T06:50:20.353641Z 0 [Note] InnoDB: Removed temporary tablespace data file: "ibtmp1"
2021-04-21T06:50:20.354483Z 0 [Note] Shutting down plugin 'MEMORY'
2021-04-21T06:50:20.355575Z 0 [Note] Shutting down plugin 'CSV'
2021-04-21T06:50:20.355614Z 0 [Note] Shutting down plugin 'sha256_password'
2021-04-21T06:50:20.355621Z 0 [Note] Shutting down plugin 'mysql_native_password'
2021-04-21T06:50:20.357138Z 0 [Note] Shutting down plugin 'binlog'
2021-04-21T06:50:20.358826Z 0 [Note] /usr/sbin/mysqld: Shutdown complete
