[rospy.client][INFO] 2021-05-18 14:39:32,732: init_node, name[/gazebo_odometry_node], pid[79791]
[xmlrpc][INFO] 2021-05-18 14:39:32,733: XML-RPC server binding to 0.0.0.0:0
[xmlrpc][INFO] 2021-05-18 14:39:32,733: Started XML-RPC server [http://ubuntu:46253/]
[rospy.impl.masterslave][INFO] 2021-05-18 14:39:32,733: _ready: http://ubuntu:46253/
[rospy.init][INFO] 2021-05-18 14:39:32,733: ROS Slave URI: [http://ubuntu:46253/]
[xmlrpc][INFO] 2021-05-18 14:39:32,734: xml rpc node: starting XML-RPC server
[rospy.registration][INFO] 2021-05-18 14:39:32,735: Registering with master node http://localhost:11311
[rospy.registration][INFO] 2021-05-18 14:39:32,735: Registering publisher topic [/vesc/odom] type [nav_msgs/Odometry] with master
[rospy.init][INFO] 2021-05-18 14:39:32,834: registered with master
[rospy.rosout][INFO] 2021-05-18 14:39:32,835: initializing /rosout core topic
[rospy.rosout][INFO] 2021-05-18 14:39:32,836: connected to core topic /rosout
[rospy.simtime][INFO] 2021-05-18 14:39:32,837: initializing /clock core topic
[rospy.simtime][INFO] 2021-05-18 14:39:32,838: connected to core topic /clock
[rospy.internal][INFO] 2021-05-18 14:39:33,011: topic[/vesc/odom] adding connection to [/better_odom], count 0
[rospy.internal][INFO] 2021-05-18 14:39:33,109: topic[/rosout] adding connection to [/rosout], count 0
[rospy.internal][INFO] 2021-05-18 14:39:33,110: topic[/tf] adding connection to [/move_base], count 0
[rospy.internal][INFO] 2021-05-18 14:39:35,208: topic[/clock] adding connection to [http://ubuntu:32989/], count 0
[rospy.internal][INFO] 2021-05-18 14:39:35,209: topic[/gazebo/link_states] adding connection to [http://ubuntu:32989/], count 0
[rospy.internal][INFO] 2021-05-18 14:39:57,597: topic[/tf] removing connection to /move_base
[rospy.core][INFO] 2021-05-18 14:39:57,689: signal_shutdown [signal-2]
[rospy.internal][INFO] 2021-05-18 14:39:57,702: topic[/rosout] removing connection to /rosout
[rospy.internal][INFO] 2021-05-18 14:39:57,703: topic[/vesc/odom] removing connection to /better_odom
[rospy.internal][INFO] 2021-05-18 14:39:57,704: topic[/clock] removing connection to http://ubuntu:32989/
[rospy.internal][INFO] 2021-05-18 14:39:57,704: topic[/gazebo/link_states] removing connection to http://ubuntu:32989/
[rospy.impl.masterslave][INFO] 2021-05-18 14:39:57,704: signal-2
[rospy.internal][ERROR] 2021-05-18 14:39:57,705: Traceback (most recent call last):
  File "/opt/ros/melodic/lib/python2.7/dist-packages/rospy/impl/tcpros_base.py", line 737, in receive_once
    self.stat_bytes += recv_buff(sock, b, p.buff_size)
  File "/opt/ros/melodic/lib/python2.7/dist-packages/rospy/impl/tcpros_base.py", line 104, in recv_buff
    d = sock.recv(buff_size)
error: [Errno 104] Connection reset by peer

[rospy.core][INFO] 2021-05-18 14:39:57,837: signal_shutdown [atexit]
