[rospy.client][INFO] 2021-05-18 14:39:32,208: init_node, name[/racecar/controller_manager], pid[79784]
[xmlrpc][INFO] 2021-05-18 14:39:32,209: XML-RPC server binding to 0.0.0.0:0
[xmlrpc][INFO] 2021-05-18 14:39:32,209: Started XML-RPC server [http://ubuntu:38813/]
[rospy.impl.masterslave][INFO] 2021-05-18 14:39:32,209: _ready: http://ubuntu:38813/
[xmlrpc][INFO] 2021-05-18 14:39:32,209: xml rpc node: starting XML-RPC server
[rospy.registration][INFO] 2021-05-18 14:39:32,210: Registering with master node http://localhost:11311
[rospy.init][INFO] 2021-05-18 14:39:32,217: ROS Slave URI: [http://ubuntu:38813/]
[rospy.init][INFO] 2021-05-18 14:39:32,217: registered with master
[rospy.rosout][INFO] 2021-05-18 14:39:32,217: initializing /rosout core topic
[rospy.rosout][INFO] 2021-05-18 14:39:32,222: connected to core topic /rosout
[rospy.simtime][INFO] 2021-05-18 14:39:32,232: initializing /clock core topic
[rospy.simtime][INFO] 2021-05-18 14:39:32,241: connected to core topic /clock
[rosout][INFO] 2021-05-18 14:39:32,249: Controller Spawner: Waiting for service controller_manager/load_controller
[rospy.internal][INFO] 2021-05-18 14:39:32,498: topic[/rosout] adding connection to [/rosout], count 0
[rospy.internal][INFO] 2021-05-18 14:39:35,167: topic[/clock] adding connection to [http://ubuntu:32989/], count 0
[rosout][INFO] 2021-05-18 14:39:36,490: Controller Spawner: Waiting for service controller_manager/switch_controller
[rosout][INFO] 2021-05-18 14:39:36,496: Controller Spawner: Waiting for service controller_manager/unload_controller
[rosout][INFO] 2021-05-18 14:39:36,503: Loading controller: left_rear_wheel_velocity_controller
[rosout][INFO] 2021-05-18 14:39:36,610: Loading controller: right_rear_wheel_velocity_controller
[rosout][INFO] 2021-05-18 14:39:36,677: Loading controller: left_front_wheel_velocity_controller
[rosout][INFO] 2021-05-18 14:39:36,785: Loading controller: right_front_wheel_velocity_controller
[rosout][INFO] 2021-05-18 14:39:36,903: Loading controller: left_steering_hinge_position_controller
[rosout][INFO] 2021-05-18 14:39:37,010: Loading controller: right_steering_hinge_position_controller
[rosout][INFO] 2021-05-18 14:39:37,070: Loading controller: joint_state_controller
[rosout][INFO] 2021-05-18 14:39:37,102: Controller Spawner: Loaded controllers: left_rear_wheel_velocity_controller, right_rear_wheel_velocity_controller, left_front_wheel_velocity_controller, right_front_wheel_velocity_controller, left_steering_hinge_position_controller, right_steering_hinge_position_controller, joint_state_controller
[rosout][INFO] 2021-05-18 14:39:37,120: Started controllers: left_rear_wheel_velocity_controller, right_rear_wheel_velocity_controller, left_front_wheel_velocity_controller, right_front_wheel_velocity_controller, left_steering_hinge_position_controller, right_steering_hinge_position_controller, joint_state_controller
[rospy.core][INFO] 2021-05-18 14:39:57,786: signal_shutdown [signal-2]
[rosout][INFO] 2021-05-18 14:39:57,786: Shutting down spawner. Stopping and unloading controllers...
[rosout][INFO] 2021-05-18 14:39:57,791: Stopping all controllers...
[rosout][INFO] 2021-05-18 14:39:57,802: Unloading all loaded controllers...
[rosout][INFO] 2021-05-18 14:39:57,817: Trying to unload joint_state_controller
[rosout][INFO] 2021-05-18 14:39:57,834: Succeeded in unloading joint_state_controller
[rosout][INFO] 2021-05-18 14:39:57,836: Trying to unload right_steering_hinge_position_controller
[rosout][INFO] 2021-05-18 14:39:57,893: Succeeded in unloading right_steering_hinge_position_controller
[rosout][INFO] 2021-05-18 14:39:57,904: Trying to unload left_steering_hinge_position_controller
[rosout][INFO] 2021-05-18 14:39:57,970: Succeeded in unloading left_steering_hinge_position_controller
[rosout][INFO] 2021-05-18 14:39:57,977: Trying to unload right_front_wheel_velocity_controller
[rospy.core][INFO] 2021-05-18 14:40:12,857: signal_shutdown [signal-15]
[rospy.internal][ERROR] 2021-05-18 14:40:12,858: Traceback (most recent call last):
  File "/opt/ros/melodic/lib/python2.7/dist-packages/rospy/impl/tcpros_base.py", line 737, in receive_once
    self.stat_bytes += recv_buff(sock, b, p.buff_size)
  File "/opt/ros/melodic/lib/python2.7/dist-packages/rospy/impl/tcpros_base.py", line 104, in recv_buff
    d = sock.recv(buff_size)
error: [Errno 4] Interrupted system call

[rosout][WARNING] 2021-05-18 14:40:12,858: Controller Spawner error while taking down controllers: transport error completing service call: receive_once[/racecar/controller_manager/unload_controller]: unexpected error [Errno 4] Interrupted system call
[rospy.internal][INFO] 2021-05-18 14:40:12,865: topic[/rosout] removing connection to /rosout
[rospy.internal][INFO] 2021-05-18 14:40:12,866: topic[/clock] removing connection to http://ubuntu:32989/
[rospy.impl.masterslave][INFO] 2021-05-18 14:40:12,867: signal-2
[rospy.internal][WARNING] 2021-05-18 14:40:12,867: Unknown error initiating TCP/IP socket to ubuntu:56337 (http://ubuntu:32989/): Traceback (most recent call last):
  File "/opt/ros/melodic/lib/python2.7/dist-packages/rospy/impl/tcpros_base.py", line 562, in connect
    self.read_header()
  File "/opt/ros/melodic/lib/python2.7/dist-packages/rospy/impl/tcpros_base.py", line 657, in read_header
    self._validate_header(read_ros_handshake_header(sock, self.read_buff, self.protocol.buff_size))
AttributeError: 'NoneType' object has no attribute 'buff_size'

[rospy.core][INFO] 2021-05-18 14:40:13,490: signal_shutdown [atexit]
