[rospy.client][INFO] 2021-05-18 14:39:32,805: init_node, name[/racecar_spawn], pid[79783]
[xmlrpc][INFO] 2021-05-18 14:39:32,806: XML-RPC server binding to 0.0.0.0:0
[xmlrpc][INFO] 2021-05-18 14:39:32,806: Started XML-RPC server [http://ubuntu:35953/]
[rospy.impl.masterslave][INFO] 2021-05-18 14:39:32,806: _ready: http://ubuntu:35953/
[rospy.init][INFO] 2021-05-18 14:39:32,806: ROS Slave URI: [http://ubuntu:35953/]
[xmlrpc][INFO] 2021-05-18 14:39:32,807: xml rpc node: starting XML-RPC server
[rospy.registration][INFO] 2021-05-18 14:39:32,808: Registering with master node http://localhost:11311
[rospy.init][INFO] 2021-05-18 14:39:32,907: registered with master
[rospy.rosout][INFO] 2021-05-18 14:39:32,908: initializing /rosout core topic
[rospy.rosout][INFO] 2021-05-18 14:39:32,912: connected to core topic /rosout
[rospy.simtime][INFO] 2021-05-18 14:39:32,914: initializing /clock core topic
[rospy.simtime][INFO] 2021-05-18 14:39:32,918: connected to core topic /clock
[rosout][INFO] 2021-05-18 14:39:32,923: Loading model XML from ros parameter robot_description
[rosout][INFO] 2021-05-18 14:39:32,944: Waiting for service /gazebo/spawn_urdf_model
[rospy.internal][INFO] 2021-05-18 14:39:33,211: topic[/rosout] adding connection to [/rosout], count 0
[rospy.internal][INFO] 2021-05-18 14:39:35,210: topic[/clock] adding connection to [http://ubuntu:32989/], count 0
[rosout][INFO] 2021-05-18 14:39:35,348: Calling service /gazebo/spawn_urdf_model
[rosout][INFO] 2021-05-18 14:39:35,909: Spawn status: SpawnModel: Successfully spawned entity
[rospy.core][INFO] 2021-05-18 14:39:35,912: signal_shutdown [atexit]
[rospy.internal][INFO] 2021-05-18 14:39:35,915: topic[/rosout] removing connection to /rosout
[rospy.internal][INFO] 2021-05-18 14:39:35,915: topic[/clock] removing connection to http://ubuntu:32989/
[rospy.impl.masterslave][INFO] 2021-05-18 14:39:35,915: atexit
