

1621319971.333853775  Node Startup
0.000000000 INFO /vesc/high_level/ackermann_cmd_mux [/tmp/binarydeb/ros-melodic-roscpp-1.14.10/src/libros/service.cpp:80(service::exists)] [topics: /rosout] waitForService: Service [/vesc/high_level/ackermann_cmd_mux_nodelet_manager/load_nodelet] has not been advertised, waiting...
0.000000000 INFO /vesc/high_level/ackermann_cmd_mux [/tmp/binarydeb/ros-melodic-roscpp-1.14.10/src/libros/service.cpp:123(service::waitForService)] [topics: /rosout] waitForService: Service [/vesc/high_level/ackermann_cmd_mux_nodelet_manager/load_nodelet] is now available.
0.000000000 INFO /vesc/low_level/ackermann_cmd_mux [/tmp/binarydeb/ros-melodic-roscpp-1.14.10/src/libros/service.cpp:123(service::waitForService)] [topics: /rosout] waitForService: Service [/vesc/low_level/ackermann_cmd_mux_nodelet_manager/load_nodelet] is now available.
0.000000000 INFO /vesc/low_level/ackermann_cmd_mux_nodelet_manager [/home/liike/ROS/src/racecar/system/racecar/ackermann_cmd_mux/src/ackermann_cmd_mux_nodelet.cpp:181(AckermannCmdMuxNodelet::reloadConfiguration)] [topics: /rosout, /vesc/low_level/ackermann_cmd_mux/parameter_descriptions, /vesc/low_level/ackermann_cmd_mux/parameter_updates, /vesc/low_level/ackermann_cmd_mux/output] AckermannCmdMux : (re)configured [/home/liike/ROS/src/racecar/system/racecar/racecar/config/racecar-v2/low_level_mux.yaml]
0.000000000 INFO /vesc/high_level/ackermann_cmd_mux_nodelet_manager [/tmp/binarydeb/ros-melodic-nodelet-1.9.16/src/loader.cpp:233(Loader::Impl::advertiseRosApi)] [topics: /rosout] Initializing nodelet with 4 worker threads.
0.000000000 INFO /vesc/high_level/ackermann_cmd_mux_nodelet_manager [/home/liike/ROS/src/racecar/system/racecar/ackermann_cmd_mux/src/ackermann_cmd_mux_nodelet.cpp:181(AckermannCmdMuxNodelet::reloadConfiguration)] [topics: /rosout, /vesc/high_level/ackermann_cmd_mux/parameter_descriptions, /vesc/high_level/ackermann_cmd_mux/parameter_updates, /vesc/high_level/ackermann_cmd_mux/output] AckermannCmdMux : (re)configured [/home/liike/ROS/src/racecar/system/racecar/racecar/config/racecar-v2/high_level_mux.yaml]
0.000000000 INFO /racecar/controller_manager [spawner:121(main)] [topics: /clock, /rosout] Controller Spawner: Waiting for service controller_manager/load_controller
0.000000000 INFO /gazebo [/tmp/binarydeb/ros-melodic-roscpp-1.14.10/src/libros/service.cpp:80(service::exists)] [topics: /rosout] waitForService: Service [/gazebo/set_physics_properties] has not been advertised, waiting...
0.000000000 INFO /gazebo_gui [/tmp/binarydeb/ros-melodic-roscpp-1.14.10/src/libros/service.cpp:80(service::exists)] [topics: /rosout] waitForService: Service [/gazebo_gui/set_physics_properties] has not been advertised, waiting...
0.000000000 INFO /vesc/mux_chainer [/tmp/binarydeb/ros-melodic-topic-tools-1.14.10/src/relay.cpp:101(MessageEvent<topic_tools::ShapeShifter>&))] [topics: /rosout, /vesc/low_level/ackermann_cmd_mux/input/navigation] advertised as /vesc/low_level/ackermann_cmd_mux/input/navigation

0.000000000 INFO /racecar_spawn [gazebo_interface.py:27(spawn_urdf_model_client)] [topics: /clock, /rosout] Waiting for service /gazebo/spawn_urdf_model
0.000000000 INFO /gazebo [/tmp/binarydeb/ros-melodic-roscpp-1.14.10/src/libros/service.cpp:123(service::waitForService)] [topics: /rosout, /clock, /gazebo/link_states, /gazebo/model_states] waitForService: Service [/gazebo/set_physics_properties] is now available.
830.940000000 INFO /gazebo [/tmp/binarydeb/ros-melodic-gazebo-ros-2.8.7/src/gazebo_ros_api_plugin.cpp:2334(GazeboRosApiPlugin::physicsReconfigureThread)] [topics: /rosout, /clock, /gazebo/link_states, /gazebo/model_states, /gazebo/parameter_descriptions, /gazebo/parameter_updates] Physics dynamic reconfigure ready.
0.000000000 INFO /better_odom [/tmp/binarydeb/ros-melodic-topic-tools-1.14.10/src/relay.cpp:101(MessageEvent<topic_tools::ShapeShifter>&))] [topics: /rosout, /pf/pose/odom] advertised as /pf/pose/odom

831.022000000 INFO /racecar_spawn [gazebo_interface.py:31(spawn_urdf_model_client)] [topics: /clock, /rosout] Calling service /gazebo/spawn_urdf_model
831.033000000 WARN /move_base [/tmp/binarydeb/ros-melodic-costmap-2d-1.16.7/src/costmap_2d_ros.cpp:101(Costmap2DROS::Costmap2DROS)] [topics: /rosout, /cmd_vel, /move_base/current_goal, /move_base/goal] Timed out waiting for transform from base_link to map to become available before running costmap, tf error: canTransform: target_frame map does not exist.. canTransform returned after 831.033 timeout was 0.1.
831.063000000 INFO /gazebo [/tmp/binarydeb/ros-melodic-gazebo-plugins-2.8.7/include/gazebo_plugins/gazebo_ros_utils.h:99(__cxx11::string gazebo::GetRobotNamespace)] [topics: /rosout, /clock, /gazebo/link_states, /gazebo/model_states, /gazebo/parameter_descriptions, /gazebo/parameter_updates] Laser Plugin: Using the 'robotNamespace' param: '/'
831.063000000 INFO /gazebo [/tmp/binarydeb/ros-melodic-gazebo-plugins-2.8.7/src/gazebo_ros_laser.cpp:111(GazeboRosLaser::Load)] [topics: /rosout, /clock, /gazebo/link_states, /gazebo/model_states, /gazebo/parameter_descriptions, /gazebo/parameter_updates] Starting Laser Plugin (ns = /)
831.063000000 INFO /gazebo [/tmp/binarydeb/ros-melodic-gazebo-plugins-2.8.7/src/gazebo_ros_laser.cpp:135(GazeboRosLaser::LoadThread)] [topics: /rosout, /clock, /gazebo/link_states, /gazebo/model_states, /gazebo/parameter_descriptions, /gazebo/parameter_updates] Laser Plugin (ns = /)  <tf_prefix_>, set to ""
831.063000000 INFO /racecar_spawn [gazebo_interface.py:33(spawn_urdf_model_client)] [topics: /clock, /rosout] Spawn status: SpawnModel: Successfully spawned entity
831.063000000 INFO /gazebo [/tmp/binarydeb/ros-melodic-gazebo-plugins-2.8.7/include/gazebo_plugins/gazebo_ros_utils.h:99(__cxx11::string gazebo::GetRobotNamespace)] [topics: /rosout, /clock, /gazebo/link_states, /gazebo/model_states, /gazebo/parameter_descriptions, /gazebo/parameter_updates, /scan] Camera Plugin: Using the 'robotNamespace' param: '/'
831.063000000 INFO /gazebo [/tmp/binarydeb/ros-melodic-gazebo-plugins-2.8.7/src/gazebo_ros_camera_utils.cpp:305(GazeboRosCameraUtils::LoadThread)] [topics: /rosout, /clock, /gazebo/link_states, /gazebo/model_states, /gazebo/parameter_descriptions, /gazebo/parameter_updates, /scan] Camera Plugin (ns = /)  <tf_prefix_>, set to ""
831.063000000 INFO /gazebo [/tmp/binarydeb/ros-melodic-gazebo-ros-control-2.8.7/src/gazebo_ros_control_plugin.cpp:62(GazeboRosControlPlugin::Load)] [topics: /rosout, /clock, /gazebo/link_states, /gazebo/model_states, /gazebo/parameter_descriptions, /gazebo/parameter_updates, /scan, /camera/zed/parameter_descriptions, /camera/zed/parameter_updates, /camera/zed/rgb/image_rect_color/compressedDepth, /camera/zed/rgb/image_rect_color/compressedDepth/parameter_descriptions, /camera/zed/rgb/image_rect_color/compressedDepth/parameter_updates, /camera/zed/rgb/image_rect_color/compressed] Loading gazebo_ros_control plugin
831.063000000 INFO /gazebo [/tmp/binarydeb/ros-melodic-gazebo-ros-control-2.8.7/src/gazebo_ros_control_plugin.cpp:161(GazeboRosControlPlugin::Load)] [topics: /rosout, /clock, /gazebo/link_states, /gazebo/model_states, /gazebo/parameter_descriptions, /gazebo/parameter_updates, /scan, /camera/zed/parameter_descriptions, /camera/zed/parameter_updates, /camera/zed/rgb/image_rect_color/compressedDepth, /camera/zed/rgb/image_rect_color/compressedDepth/parameter_descriptions, /camera/zed/rgb/image_rect_color/compressedDepth/parameter_updates, /camera/zed/rgb/image_rect_color/compressed] Starting gazebo_ros_control plugin in namespace: /racecar
831.063000000 INFO /gazebo [/tmp/binarydeb/ros-melodic-gazebo-ros-control-2.8.7/src/gazebo_ros_control_plugin.cpp:280(__cxx11::string gazebo_ros_control::GazeboRosControlPlugin::getURDF)] [topics: /rosout, /clock, /gazebo/link_states, /gazebo/model_states, /gazebo/parameter_descriptions, /gazebo/parameter_updates, /scan, /camera/zed/parameter_descriptions, /camera/zed/parameter_updates, /camera/zed/rgb/image_rect_color/compressedDepth, /camera/zed/rgb/image_rect_color/compressedDepth/parameter_descriptions, /camera/zed/rgb/image_rect_color/compressedDepth/parameter_updates, /camera/zed/rgb/image_rect_color/compressed] gazebo_ros_control plugin is waiting for model URDF in parameter [/robot_description] on the ROS param server.
831.063000000 INFO /gazebo [/tmp/binarydeb/ros-melodic-gazebo-ros-control-2.8.7/src/gazebo_ros_control_plugin.cpp:207(GazeboRosControlPlugin::Load)] [topics: /rosout, /clock, /gazebo/link_states, /gazebo/model_states, /gazebo/parameter_descriptions, /gazebo/parameter_updates, /scan, /camera/zed/parameter_descriptions, /camera/zed/parameter_updates, /camera/zed/rgb/image_rect_color/compressedDepth, /camera/zed/rgb/image_rect_color/compressedDepth/parameter_descriptions, /camera/zed/rgb/image_rect_color/compressedDepth/parameter_updates, /camera/zed/rgb/image_rect_color/compressed, /camera/zed/rgb/image_rect_color/compressed/parameter_descriptions, /camera/zed/rgb/image_rect_color/compressed/parameter_updates, /camera/zed/rgb/image_rect_color, /camera/zed/rgb/image_rect_color/theora, /camera/zed/rgb/image_rect_color/theora/parameter_descriptions, /camera/zed/rgb/image_rect_color/theora/parameter_updates, /camera/zed/rgb/camera_info] Loaded gazebo_ros_control.
831.097000000 WARN /move_base [/tmp/binarydeb/ros-melodic-costmap-2d-1.16.7/src/costmap_2d_ros.cpp:317(Costmap2DROS::checkOldParam)] [topics: /rosout, /cmd_vel, /move_base/current_goal, /move_base/goal] global_costmap: Pre-Hydro parameter "static_map" unused since "plugins" is provided
831.098000000 WARN /move_base [/tmp/binarydeb/ros-melodic-costmap-2d-1.16.7/src/costmap_2d_ros.cpp:317(Costmap2DROS::checkOldParam)] [topics: /rosout, /cmd_vel, /move_base/current_goal, /move_base/goal] global_costmap: Pre-Hydro parameter "map_type" unused since "plugins" is provided
831.099000000 INFO /move_base [/tmp/binarydeb/ros-melodic-costmap-2d-1.16.7/src/costmap_2d_ros.cpp:132(Costmap2DROS::Costmap2DROS)] [topics: /rosout, /cmd_vel, /move_base/current_goal, /move_base/goal] global_costmap: Using plugin "static_layer"
831.104000000 INFO /racecar/controller_manager [spawner:126(main)] [topics: /clock, /rosout] Controller Spawner: Waiting for service controller_manager/switch_controller
831.104000000 INFO /racecar/controller_manager [spawner:134(main)] [topics: /clock, /rosout] Controller Spawner: Waiting for service controller_manager/unload_controller
831.113000000 INFO /racecar/controller_manager [spawner:189(main)] [topics: /clock, /rosout] Loading controller: left_rear_wheel_velocity_controller
831.117000000 INFO /move_base [/tmp/binarydeb/ros-melodic-costmap-2d-1.16.7/plugins/static_layer.cpp:89(StaticLayer::onInitialize)] [topics: /rosout, /cmd_vel, /move_base/current_goal, /move_base/goal] Requesting the map...
831.186000000 INFO /racecar/controller_manager [spawner:189(main)] [topics: /clock, /rosout] Loading controller: right_rear_wheel_velocity_controller
831.232000000 INFO /racecar/controller_manager [spawner:189(main)] [topics: /clock, /rosout] Loading controller: left_front_wheel_velocity_controller
831.316000000 INFO /racecar/controller_manager [spawner:189(main)] [topics: /clock, /rosout] Loading controller: right_front_wheel_velocity_controller
831.406000000 INFO /racecar/controller_manager [spawner:189(main)] [topics: /clock, /rosout] Loading controller: left_steering_hinge_position_controller
831.475000000 INFO /racecar/controller_manager [spawner:189(main)] [topics: /clock, /rosout] Loading controller: right_steering_hinge_position_controller
831.507000000 INFO /racecar/controller_manager [spawner:189(main)] [topics: /clock, /rosout] Loading controller: joint_state_controller
831.523000000 INFO /racecar/controller_manager [spawner:197(main)] [topics: /clock, /rosout] Controller Spawner: Loaded controllers: left_rear_wheel_velocity_controller, right_rear_wheel_velocity_controller, left_front_wheel_velocity_controller, right_front_wheel_velocity_controller, left_steering_hinge_position_controller, right_steering_hinge_position_controller, joint_state_controller
831.528000000 INFO /racecar/controller_manager [spawner:206(main)] [topics: /clock, /rosout] Started controllers: left_rear_wheel_velocity_controller, right_rear_wheel_velocity_controller, left_front_wheel_velocity_controller, right_front_wheel_velocity_controller, left_steering_hinge_position_controller, right_steering_hinge_position_controller, joint_state_controller
845.318000000 INFO /vesc/low_level/ackermann_cmd_mux [/tmp/binarydeb/ros-melodic-nodelet-1.9.16/src/nodelet.cpp:159(unloadNodelet)] [topics: /rosout, /vesc/low_level/ackermann_cmd_mux_nodelet_manager/bond] Unloading nodelet /vesc/low_level/ackermann_cmd_mux from manager ackermann_cmd_mux_nodelet_manager
845.318000000 INFO /vesc/high_level/ackermann_cmd_mux [/tmp/binarydeb/ros-melodic-nodelet-1.9.16/src/nodelet.cpp:159(unloadNodelet)] [topics: /rosout, /vesc/high_level/ackermann_cmd_mux_nodelet_manager/bond] Unloading nodelet /vesc/high_level/ackermann_cmd_mux from manager ackermann_cmd_mux_nodelet_manager
845.424000000 INFO /racecar/controller_manager [spawner:55(shutdown)] [topics: /clock, /rosout] Shutting down spawner. Stopping and unloading controllers...
845.426000000 INFO /racecar/controller_manager [spawner:64(shutdown)] [topics: /clock, /rosout] Stopping all controllers...
845.430000000 INFO /racecar/controller_manager [spawner:66(shutdown)] [topics: /clock, /rosout] Unloading all loaded controllers...
845.430000000 INFO /racecar/controller_manager [spawner:68(shutdown)] [topics: /clock, /rosout] Trying to unload joint_state_controller
845.435000000 INFO /racecar/controller_manager [spawner:70(shutdown)] [topics: /clock, /rosout] Succeeded in unloading joint_state_controller
845.436000000 INFO /racecar/controller_manager [spawner:68(shutdown)] [topics: /clock, /rosout] Trying to unload right_steering_hinge_position_controller
845.454000000 INFO /racecar/controller_manager [spawner:70(shutdown)] [topics: /clock, /rosout] Succeeded in unloading right_steering_hinge_position_controller
845.462000000 INFO /racecar/controller_manager [spawner:68(shutdown)] [topics: /clock, /rosout] Trying to unload left_steering_hinge_position_controller
845.477000000 INFO /racecar/controller_manager [spawner:70(shutdown)] [topics: /clock, /rosout] Succeeded in unloading left_steering_hinge_position_controller
845.477000000 INFO /racecar/controller_manager [spawner:68(shutdown)] [topics: /clock, /rosout] Trying to unload right_front_wheel_velocity_controller
845.477000000 WARN /racecar/controller_manager [spawner:72(shutdown)] [topics: /clock, /rosout] Controller Spawner error while taking down controllers: transport error completing service call: receive_once[/racecar/controller_manager/unload_controller]: unexpected error [Errno 4] Interrupted system call
