[rospy.client][INFO] 2021-05-02 14:53:50,149: init_node, name[/gazebo_odometry_node], pid[24923]
[xmlrpc][INFO] 2021-05-02 14:53:50,150: XML-RPC server binding to 0.0.0.0:0
[xmlrpc][INFO] 2021-05-02 14:53:50,150: Started XML-RPC server [http://ubuntu:43815/]
[rospy.impl.masterslave][INFO] 2021-05-02 14:53:50,150: _ready: http://ubuntu:43815/
[rospy.init][INFO] 2021-05-02 14:53:50,151: ROS Slave URI: [http://ubuntu:43815/]
[xmlrpc][INFO] 2021-05-02 14:53:50,151: xml rpc node: starting XML-RPC server
[rospy.registration][INFO] 2021-05-02 14:53:50,152: Registering with master node http://localhost:11311
[rospy.registration][INFO] 2021-05-02 14:53:50,152: Registering publisher topic [/vesc/odom] type [nav_msgs/Odometry] with master
[rospy.init][INFO] 2021-05-02 14:53:50,252: registered with master
[rospy.rosout][INFO] 2021-05-02 14:53:50,252: initializing /rosout core topic
[rospy.rosout][INFO] 2021-05-02 14:53:50,253: connected to core topic /rosout
[rospy.simtime][INFO] 2021-05-02 14:53:50,254: initializing /clock core topic
[rospy.simtime][INFO] 2021-05-02 14:53:50,255: connected to core topic /clock
[rospy.internal][INFO] 2021-05-02 14:53:50,426: topic[/vesc/odom] adding connection to [/better_odom], count 0
[rospy.internal][INFO] 2021-05-02 14:53:50,529: topic[/rosout] adding connection to [/rosout], count 0
[rospy.internal][INFO] 2021-05-02 14:53:51,594: topic[/clock] adding connection to [http://ubuntu:46441/], count 0
[rospy.internal][INFO] 2021-05-02 14:53:51,596: topic[/gazebo/link_states] adding connection to [http://ubuntu:46441/], count 0
[rospy.core][INFO] 2021-05-02 14:54:24,156: signal_shutdown [signal-2]
[rospy.internal][INFO] 2021-05-02 14:54:24,167: topic[/vesc/odom] removing connection to /better_odom
[rospy.internal][INFO] 2021-05-02 14:54:24,180: topic[/rosout] removing connection to /rosout
[rospy.internal][INFO] 2021-05-02 14:54:24,181: topic[/clock] removing connection to http://ubuntu:46441/
[rospy.internal][INFO] 2021-05-02 14:54:24,181: topic[/gazebo/link_states] removing connection to http://ubuntu:46441/
[rospy.impl.masterslave][INFO] 2021-05-02 14:54:24,181: signal-2
[rospy.internal][ERROR] 2021-05-02 14:54:24,185: Traceback (most recent call last):
  File "/opt/ros/melodic/lib/python2.7/dist-packages/rospy/impl/tcpros_base.py", line 737, in receive_once
    self.stat_bytes += recv_buff(sock, b, p.buff_size)
  File "/opt/ros/melodic/lib/python2.7/dist-packages/rospy/impl/tcpros_base.py", line 104, in recv_buff
    d = sock.recv(buff_size)
error: [Errno 104] Connection reset by peer

[rospy.core][INFO] 2021-05-02 14:54:24,799: signal_shutdown [atexit]
