[rospy.client][INFO] 2021-05-02 14:53:49,721: init_node, name[/keyboard_teleop], pid[24977]
[xmlrpc][INFO] 2021-05-02 14:53:49,724: XML-RPC server binding to 0.0.0.0:0
[xmlrpc][INFO] 2021-05-02 14:53:49,724: Started XML-RPC server [http://ubuntu:44111/]
[rospy.impl.masterslave][INFO] 2021-05-02 14:53:49,724: _ready: http://ubuntu:44111/
[rospy.registration][INFO] 2021-05-02 14:53:49,725: Registering with master node http://localhost:11311
[rospy.init][INFO] 2021-05-02 14:53:49,726: ROS Slave URI: [http://ubuntu:44111/]
[xmlrpc][INFO] 2021-05-02 14:53:49,729: xml rpc node: starting XML-RPC server
[rospy.init][INFO] 2021-05-02 14:53:49,827: registered with master
[rospy.rosout][INFO] 2021-05-02 14:53:49,827: initializing /rosout core topic
[rospy.rosout][INFO] 2021-05-02 14:53:49,830: connected to core topic /rosout
[rospy.simtime][INFO] 2021-05-02 14:53:49,831: initializing /clock core topic
[rospy.simtime][INFO] 2021-05-02 14:53:49,835: connected to core topic /clock
[rospy.internal][INFO] 2021-05-02 14:53:50,772: topic[/rosout] adding connection to [/rosout], count 0
[rospy.internal][INFO] 2021-05-02 14:53:50,778: topic[/vesc/low_level/ackermann_cmd_mux/input/teleop] adding connection to [/vesc/low_level/ackermann_cmd_mux_nodelet_manager], count 0
[rospy.internal][INFO] 2021-05-02 14:53:51,610: topic[/clock] adding connection to [http://ubuntu:46441/], count 0
[rospy.core][INFO] 2021-05-02 14:54:20,921: signal_shutdown [shutdown]
[rospy.internal][INFO] 2021-05-02 14:54:20,924: topic[/vesc/low_level/ackermann_cmd_mux/input/teleop] removing connection to /vesc/low_level/ackermann_cmd_mux_nodelet_manager
[rospy.internal][INFO] 2021-05-02 14:54:20,927: topic[/rosout] removing connection to /rosout
[rospy.internal][INFO] 2021-05-02 14:54:20,928: topic[/clock] removing connection to http://ubuntu:46441/
[rospy.impl.masterslave][INFO] 2021-05-02 14:54:20,928: shutdown
[rospy.core][INFO] 2021-05-02 14:54:21,068: signal_shutdown [atexit]
