2021-04-15T07:55:37.587525Z 0 [Note] Giving 0 client threads a chance to die gracefully
2021-04-15T07:55:37.587903Z 0 [Note] Shutting down slave threads
2021-04-15T07:55:37.587913Z 0 [Note] Forcefully disconnecting 0 remaining clients
2021-04-15T07:55:37.587920Z 0 [Note] Event Scheduler: Purging the queue. 0 events
2021-04-15T07:55:37.587986Z 0 [Note] Binlog end
2021-04-15T07:55:37.591042Z 0 [Note] Shutting down plugin 'auth_socket'
2021-04-15T07:55:37.591057Z 0 [Note] Shutting down plugin 'ngram'
2021-04-15T07:55:37.591061Z 0 [Note] Shutting down plugin 'partition'
2021-04-15T07:55:37.591064Z 0 [Note] Shutting down plugin 'BLACKHOLE'
2021-04-15T07:55:37.591067Z 0 [Note] Shutting down plugin 'ARCHIVE'
2021-04-15T07:55:37.591070Z 0 [Note] Shutting down plugin 'PERFORMANCE_SCHEMA'
2021-04-15T07:55:37.591543Z 0 [Note] Shutting down plugin 'MRG_MYISAM'
2021-04-15T07:55:37.591556Z 0 [Note] Shutting down plugin 'MyISAM'
2021-04-15T07:55:37.591565Z 0 [Note] Shutting down plugin 'INNODB_SYS_VIRTUAL'
2021-04-15T07:55:37.591569Z 0 [Note] Shutting down plugin 'INNODB_SYS_DATAFILES'
2021-04-15T07:55:37.591572Z 0 [Note] Shutting down plugin 'INNODB_SYS_TABLESPACES'
2021-04-15T07:55:37.591574Z 0 [Note] Shutting down plugin 'INNODB_SYS_FOREIGN_COLS'
2021-04-15T07:55:37.591577Z 0 [Note] Shutting down plugin 'INNODB_SYS_FOREIGN'
2021-04-15T07:55:37.591586Z 0 [Note] Shutting down plugin 'INNODB_SYS_FIELDS'
2021-04-15T07:55:37.591588Z 0 [Note] Shutting down plugin 'INNODB_SYS_COLUMNS'
2021-04-15T07:55:37.591590Z 0 [Note] Shutting down plugin 'INNODB_SYS_INDEXES'
2021-04-15T07:55:37.591592Z 0 [Note] Shutting down plugin 'INNODB_SYS_TABLESTATS'
2021-04-15T07:55:37.591594Z 0 [Note] Shutting down plugin 'INNODB_SYS_TABLES'
2021-04-15T07:55:37.591596Z 0 [Note] Shutting down plugin 'INNODB_FT_INDEX_TABLE'
2021-04-15T07:55:37.591598Z 0 [Note] Shutting down plugin 'INNODB_FT_INDEX_CACHE'
2021-04-15T07:55:37.591600Z 0 [Note] Shutting down plugin 'INNODB_FT_CONFIG'
2021-04-15T07:55:37.591602Z 0 [Note] Shutting down plugin 'INNODB_FT_BEING_DELETED'
2021-04-15T07:55:37.591604Z 0 [Note] Shutting down plugin 'INNODB_FT_DELETED'
2021-04-15T07:55:37.591606Z 0 [Note] Shutting down plugin 'INNODB_FT_DEFAULT_STOPWORD'
2021-04-15T07:55:37.591608Z 0 [Note] Shutting down plugin 'INNODB_METRICS'
2021-04-15T07:55:37.591610Z 0 [Note] Shutting down plugin 'INNODB_TEMP_TABLE_INFO'
2021-04-15T07:55:37.591613Z 0 [Note] Shutting down plugin 'INNODB_BUFFER_POOL_STATS'
2021-04-15T07:55:37.591615Z 0 [Note] Shutting down plugin 'INNODB_BUFFER_PAGE_LRU'
2021-04-15T07:55:37.591617Z 0 [Note] Shutting down plugin 'INNODB_BUFFER_PAGE'
2021-04-15T07:55:37.591619Z 0 [Note] Shutting down plugin 'INNODB_CMP_PER_INDEX_RESET'
2021-04-15T07:55:37.591621Z 0 [Note] Shutting down plugin 'INNODB_CMP_PER_INDEX'
2021-04-15T07:55:37.591623Z 0 [Note] Shutting down plugin 'INNODB_CMPMEM_RESET'
2021-04-15T07:55:37.591625Z 0 [Note] Shutting down plugin 'INNODB_CMPMEM'
2021-04-15T07:55:37.591627Z 0 [Note] Shutting down plugin 'INNODB_CMP_RESET'
2021-04-15T07:55:37.591629Z 0 [Note] Shutting down plugin 'INNODB_CMP'
2021-04-15T07:55:37.591631Z 0 [Note] Shutting down plugin 'INNODB_LOCK_WAITS'
2021-04-15T07:55:37.591634Z 0 [Note] Shutting down plugin 'INNODB_LOCKS'
2021-04-15T07:55:37.591636Z 0 [Note] Shutting down plugin 'INNODB_TRX'
2021-04-15T07:55:37.591638Z 0 [Note] Shutting down plugin 'InnoDB'
2021-04-15T07:55:37.592307Z 0 [Note] InnoDB: FTS optimize thread exiting.
2021-04-15T07:55:37.594139Z 0 [Note] InnoDB: Starting shutdown...
2021-04-15T07:55:37.695602Z 0 [Note] InnoDB: Dumping buffer pool(s) to /var/lib/mysql/ib_buffer_pool
2021-04-15T07:55:37.695826Z 0 [Note] InnoDB: Buffer pool(s) dump completed at 210415  0:55:37
2021-04-15T07:55:39.341570Z 0 [Note] InnoDB: Shutdown completed; log sequence number 3452875
2021-04-15T07:55:39.341845Z 0 [Note] InnoDB: Removed temporary tablespace data file: "ibtmp1"
2021-04-15T07:55:39.341857Z 0 [Note] Shutting down plugin 'MEMORY'
2021-04-15T07:55:39.341862Z 0 [Note] Shutting down plugin 'CSV'
2021-04-15T07:55:39.341867Z 0 [Note] Shutting down plugin 'sha256_password'
2021-04-15T07:55:39.341869Z 0 [Note] Shutting down plugin 'mysql_native_password'
2021-04-15T07:55:39.342947Z 0 [Note] Shutting down plugin 'binlog'
2021-04-15T07:55:39.344983Z 0 [Note] /usr/sbin/mysqld: Shutdown complete

2021-04-15T07:55:40.071536Z 0 [Warning] TIMESTAMP with implicit DEFAULT value is deprecated. Please use --explicit_defaults_for_timestamp server option (see documentation for more details).
2021-04-15T07:55:40.078755Z 0 [Note] /usr/sbin/mysqld (mysqld 5.7.33-0ubuntu0.18.04.1) starting as process 8067 ...
2021-04-15T07:55:40.091416Z 0 [Note] InnoDB: PUNCH HOLE support available
2021-04-15T07:55:40.091455Z 0 [Note] InnoDB: Mutexes and rw_locks use GCC atomic builtins
2021-04-15T07:55:40.091459Z 0 [Note] InnoDB: Uses event mutexes
2021-04-15T07:55:40.091462Z 0 [Note] InnoDB: GCC builtin __atomic_thread_fence() is used for memory barrier
2021-04-15T07:55:40.091465Z 0 [Note] InnoDB: Compressed tables use zlib 1.2.11
2021-04-15T07:55:40.091469Z 0 [Note] InnoDB: Using Linux native AIO
2021-04-15T07:55:40.091718Z 0 [Note] InnoDB: Number of pools: 1
2021-04-15T07:55:40.091814Z 0 [Note] InnoDB: Using CPU crc32 instructions
2021-04-15T07:55:40.108249Z 0 [Note] InnoDB: Initializing buffer pool, total size = 128M, instances = 1, chunk size = 128M
2021-04-15T07:55:40.160446Z 0 [Note] InnoDB: Completed initialization of buffer pool
2021-04-15T07:55:40.182782Z 0 [Note] InnoDB: If the mysqld execution user is authorized, page cleaner thread priority can be changed. See the man page of setpriority().
2021-04-15T07:55:40.227954Z 0 [Note] InnoDB: Highest supported file format is Barracuda.
2021-04-15T07:55:40.266287Z 0 [Note] InnoDB: Creating shared tablespace for temporary tables
2021-04-15T07:55:40.266353Z 0 [Note] InnoDB: Setting file './ibtmp1' size to 12 MB. Physically writing the file full; Please wait ...
2021-04-15T07:55:40.344549Z 0 [Note] InnoDB: File './ibtmp1' size is now 12 MB.
2021-04-15T07:55:40.348114Z 0 [Note] InnoDB: 96 redo rollback segment(s) found. 96 redo rollback segment(s) are active.
2021-04-15T07:55:40.348141Z 0 [Note] InnoDB: 32 non-redo rollback segment(s) are active.
2021-04-15T07:55:40.350115Z 0 [Note] InnoDB: Waiting for purge to start
2021-04-15T07:55:40.400973Z 0 [Note] InnoDB: 5.7.33 started; log sequence number 3452875
2021-04-15T07:55:40.407432Z 0 [Note] InnoDB: Loading buffer pool(s) from /var/lib/mysql/ib_buffer_pool
2021-04-15T07:55:40.407612Z 0 [Note] Plugin 'FEDERATED' is disabled.
2021-04-15T07:55:40.439457Z 0 [Note] InnoDB: Buffer pool(s) load completed at 210415  0:55:40
2021-04-15T07:55:40.486203Z 0 [Note] Skipping generation of SSL certificates as options related to SSL are specified.
2021-04-15T07:55:40.486586Z 0 [Warning] Failed to set up SSL because of the following SSL library error: SSL_CTX_set_default_verify_paths failed
2021-04-15T07:55:40.486600Z 0 [Note] Skipping generation of RSA key pair as key files are present in data directory.
2021-04-15T07:55:40.487006Z 0 [Note] Server hostname (bind-address): '127.0.0.1'; port: 3306
2021-04-15T07:55:40.487020Z 0 [Note]   - '127.0.0.1' resolves to '127.0.0.1';
2021-04-15T07:55:40.487067Z 0 [Note] Server socket created on IP: '127.0.0.1'.
2021-04-15T07:55:40.500705Z 0 [Note] Event Scheduler: Loaded 0 events
2021-04-15T07:55:40.501246Z 0 [Note] /usr/sbin/mysqld: ready for connections.
Version: '5.7.33-0ubuntu0.18.04.1'  socket: '/var/run/mysqld/mysqld.sock'  port: 3306  (Ubuntu)
2021-04-15T07:57:20.633458Z 0 [Note] Giving 0 client threads a chance to die gracefully
2021-04-15T07:57:20.633536Z 0 [Note] Shutting down slave threads
2021-04-15T07:57:20.633547Z 0 [Note] Forcefully disconnecting 0 remaining clients
2021-04-15T07:57:20.633554Z 0 [Note] Event Scheduler: Purging the queue. 0 events
2021-04-15T07:57:20.634505Z 0 [Note] Binlog end
2021-04-15T07:57:20.639018Z 0 [Note] Shutting down plugin 'auth_socket'
2021-04-15T07:57:20.639046Z 0 [Note] Shutting down plugin 'ngram'
2021-04-15T07:57:20.639049Z 0 [Note] Shutting down plugin 'partition'
2021-04-15T07:57:20.639053Z 0 [Note] Shutting down plugin 'BLACKHOLE'
2021-04-15T07:57:20.639057Z 0 [Note] Shutting down plugin 'ARCHIVE'
2021-04-15T07:57:20.639060Z 0 [Note] Shutting down plugin 'PERFORMANCE_SCHEMA'
2021-04-15T07:57:20.639084Z 0 [Note] Shutting down plugin 'MRG_MYISAM'
2021-04-15T07:57:20.639088Z 0 [Note] Shutting down plugin 'MyISAM'
2021-04-15T07:57:20.639094Z 0 [Note] Shutting down plugin 'INNODB_SYS_VIRTUAL'
2021-04-15T07:57:20.639098Z 0 [Note] Shutting down plugin 'INNODB_SYS_DATAFILES'
2021-04-15T07:57:20.639101Z 0 [Note] Shutting down plugin 'INNODB_SYS_TABLESPACES'
2021-04-15T07:57:20.639103Z 0 [Note] Shutting down plugin 'INNODB_SYS_FOREIGN_COLS'
2021-04-15T07:57:20.639106Z 0 [Note] Shutting down plugin 'INNODB_SYS_FOREIGN'
2021-04-15T07:57:20.639109Z 0 [Note] Shutting down plugin 'INNODB_SYS_FIELDS'
2021-04-15T07:57:20.639112Z 0 [Note] Shutting down plugin 'INNODB_SYS_COLUMNS'
2021-04-15T07:57:20.639114Z 0 [Note] Shutting down plugin 'INNODB_SYS_INDEXES'
2021-04-15T07:57:20.639117Z 0 [Note] Shutting down plugin 'INNODB_SYS_TABLESTATS'
2021-04-15T07:57:20.639120Z 0 [Note] Shutting down plugin 'INNODB_SYS_TABLES'
2021-04-15T07:57:20.639122Z 0 [Note] Shutting down plugin 'INNODB_FT_INDEX_TABLE'
2021-04-15T07:57:20.639125Z 0 [Note] Shutting down plugin 'INNODB_FT_INDEX_CACHE'
2021-04-15T07:57:20.639128Z 0 [Note] Shutting down plugin 'INNODB_FT_CONFIG'
2021-04-15T07:57:20.639138Z 0 [Note] Shutting down plugin 'INNODB_FT_BEING_DELETED'
2021-04-15T07:57:20.639141Z 0 [Note] Shutting down plugin 'INNODB_FT_DELETED'
2021-04-15T07:57:20.639143Z 0 [Note] Shutting down plugin 'INNODB_FT_DEFAULT_STOPWORD'
2021-04-15T07:57:20.639146Z 0 [Note] Shutting down plugin 'INNODB_METRICS'
2021-04-15T07:57:20.639148Z 0 [Note] Shutting down plugin 'INNODB_TEMP_TABLE_INFO'
2021-04-15T07:57:20.639150Z 0 [Note] Shutting down plugin 'INNODB_BUFFER_POOL_STATS'
2021-04-15T07:57:20.639153Z 0 [Note] Shutting down plugin 'INNODB_BUFFER_PAGE_LRU'
2021-04-15T07:57:20.639155Z 0 [Note] Shutting down plugin 'INNODB_BUFFER_PAGE'
2021-04-15T07:57:20.639157Z 0 [Note] Shutting down plugin 'INNODB_CMP_PER_INDEX_RESET'
2021-04-15T07:57:20.639160Z 0 [Note] Shutting down plugin 'INNODB_CMP_PER_INDEX'
2021-04-15T07:57:20.639162Z 0 [Note] Shutting down plugin 'INNODB_CMPMEM_RESET'
2021-04-15T07:57:20.639164Z 0 [Note] Shutting down plugin 'INNODB_CMPMEM'
2021-04-15T07:57:20.639167Z 0 [Note] Shutting down plugin 'INNODB_CMP_RESET'
2021-04-15T07:57:20.639169Z 0 [Note] Shutting down plugin 'INNODB_CMP'
2021-04-15T07:57:20.639171Z 0 [Note] Shutting down plugin 'INNODB_LOCK_WAITS'
2021-04-15T07:57:20.639174Z 0 [Note] Shutting down plugin 'INNODB_LOCKS'
2021-04-15T07:57:20.639176Z 0 [Note] Shutting down plugin 'INNODB_TRX'
2021-04-15T07:57:20.639178Z 0 [Note] Shutting down plugin 'InnoDB'
2021-04-15T07:57:20.640062Z 0 [Note] InnoDB: FTS optimize thread exiting.
2021-04-15T07:57:20.640206Z 0 [Note] InnoDB: Starting shutdown...
2021-04-15T07:57:20.740692Z 0 [Note] InnoDB: Dumping buffer pool(s) to /var/lib/mysql/ib_buffer_pool
2021-04-15T07:57:20.741206Z 0 [Note] InnoDB: Buffer pool(s) dump completed at 210415  0:57:20
2021-04-15T07:57:22.264219Z 0 [Note] InnoDB: Shutdown completed; log sequence number 3452903
2021-04-15T07:57:22.267229Z 0 [Note] InnoDB: Removed temporary tablespace data file: "ibtmp1"
2021-04-15T07:57:22.267257Z 0 [Note] Shutting down plugin 'MEMORY'
2021-04-15T07:57:22.267265Z 0 [Note] Shutting down plugin 'CSV'
2021-04-15T07:57:22.267272Z 0 [Note] Shutting down plugin 'sha256_password'
2021-04-15T07:57:22.267276Z 0 [Note] Shutting down plugin 'mysql_native_password'
2021-04-15T07:57:22.267518Z 0 [Note] Shutting down plugin 'binlog'
2021-04-15T07:57:22.267923Z 0 [Note] /usr/sbin/mysqld: Shutdown complete
