2021-04-19T05:36:28.996994Z 0 [Note] Giving 0 client threads a chance to die gracefully
2021-04-19T05:36:28.997362Z 0 [Note] Shutting down slave threads
2021-04-19T05:36:28.997409Z 0 [Note] Forcefully disconnecting 0 remaining clients
2021-04-19T05:36:28.997421Z 0 [Note] Event Scheduler: Purging the queue. 0 events
2021-04-19T05:36:28.997773Z 0 [Note] Binlog end
2021-04-19T05:36:29.001017Z 0 [Note] Shutting down plugin 'auth_socket'
2021-04-19T05:36:29.001049Z 0 [Note] Shutting down plugin 'ngram'
2021-04-19T05:36:29.001053Z 0 [Note] Shutting down plugin 'partition'
2021-04-19T05:36:29.001057Z 0 [Note] Shutting down plugin 'BLACKHOLE'
2021-04-19T05:36:29.001061Z 0 [Note] Shutting down plugin 'ARCHIVE'
2021-04-19T05:36:29.001064Z 0 [Note] Shutting down plugin 'PERFORMANCE_SCHEMA'
2021-04-19T05:36:29.001086Z 0 [Note] Shutting down plugin 'MRG_MYISAM'
2021-04-19T05:36:29.001090Z 0 [Note] Shutting down plugin 'MyISAM'
2021-04-19T05:36:29.001095Z 0 [Note] Shutting down plugin 'INNODB_SYS_VIRTUAL'
2021-04-19T05:36:29.001110Z 0 [Note] Shutting down plugin 'INNODB_SYS_DATAFILES'
2021-04-19T05:36:29.001113Z 0 [Note] Shutting down plugin 'INNODB_SYS_TABLESPACES'
2021-04-19T05:36:29.001115Z 0 [Note] Shutting down plugin 'INNODB_SYS_FOREIGN_COLS'
2021-04-19T05:36:29.001118Z 0 [Note] Shutting down plugin 'INNODB_SYS_FOREIGN'
2021-04-19T05:36:29.001120Z 0 [Note] Shutting down plugin 'INNODB_SYS_FIELDS'
2021-04-19T05:36:29.001122Z 0 [Note] Shutting down plugin 'INNODB_SYS_COLUMNS'
2021-04-19T05:36:29.001125Z 0 [Note] Shutting down plugin 'INNODB_SYS_INDEXES'
2021-04-19T05:36:29.001127Z 0 [Note] Shutting down plugin 'INNODB_SYS_TABLESTATS'
2021-04-19T05:36:29.001129Z 0 [Note] Shutting down plugin 'INNODB_SYS_TABLES'
2021-04-19T05:36:29.001131Z 0 [Note] Shutting down plugin 'INNODB_FT_INDEX_TABLE'
2021-04-19T05:36:29.001134Z 0 [Note] Shutting down plugin 'INNODB_FT_INDEX_CACHE'
2021-04-19T05:36:29.001136Z 0 [Note] Shutting down plugin 'INNODB_FT_CONFIG'
2021-04-19T05:36:29.001138Z 0 [Note] Shutting down plugin 'INNODB_FT_BEING_DELETED'
2021-04-19T05:36:29.001141Z 0 [Note] Shutting down plugin 'INNODB_FT_DELETED'
2021-04-19T05:36:29.001143Z 0 [Note] Shutting down plugin 'INNODB_FT_DEFAULT_STOPWORD'
2021-04-19T05:36:29.001145Z 0 [Note] Shutting down plugin 'INNODB_METRICS'
2021-04-19T05:36:29.001147Z 0 [Note] Shutting down plugin 'INNODB_TEMP_TABLE_INFO'
2021-04-19T05:36:29.001150Z 0 [Note] Shutting down plugin 'INNODB_BUFFER_POOL_STATS'
2021-04-19T05:36:29.001152Z 0 [Note] Shutting down plugin 'INNODB_BUFFER_PAGE_LRU'
2021-04-19T05:36:29.001154Z 0 [Note] Shutting down plugin 'INNODB_BUFFER_PAGE'
2021-04-19T05:36:29.001157Z 0 [Note] Shutting down plugin 'INNODB_CMP_PER_INDEX_RESET'
2021-04-19T05:36:29.001159Z 0 [Note] Shutting down plugin 'INNODB_CMP_PER_INDEX'
2021-04-19T05:36:29.001161Z 0 [Note] Shutting down plugin 'INNODB_CMPMEM_RESET'
2021-04-19T05:36:29.001163Z 0 [Note] Shutting down plugin 'INNODB_CMPMEM'
2021-04-19T05:36:29.001166Z 0 [Note] Shutting down plugin 'INNODB_CMP_RESET'
2021-04-19T05:36:29.001168Z 0 [Note] Shutting down plugin 'INNODB_CMP'
2021-04-19T05:36:29.001170Z 0 [Note] Shutting down plugin 'INNODB_LOCK_WAITS'
2021-04-19T05:36:29.001172Z 0 [Note] Shutting down plugin 'INNODB_LOCKS'
2021-04-19T05:36:29.001175Z 0 [Note] Shutting down plugin 'INNODB_TRX'
2021-04-19T05:36:29.001177Z 0 [Note] Shutting down plugin 'InnoDB'
2021-04-19T05:36:29.001974Z 0 [Note] InnoDB: FTS optimize thread exiting.
2021-04-19T05:36:29.005781Z 0 [Note] InnoDB: Starting shutdown...
2021-04-19T05:36:29.106684Z 0 [Note] InnoDB: Dumping buffer pool(s) to /var/lib/mysql/ib_buffer_pool
2021-04-19T05:36:29.109796Z 0 [Note] InnoDB: Buffer pool(s) dump completed at 210418 22:36:29
2021-04-19T05:36:30.445351Z 0 [Note] InnoDB: Shutdown completed; log sequence number 3453859
2021-04-19T05:36:30.445731Z 0 [Note] InnoDB: Removed temporary tablespace data file: "ibtmp1"
2021-04-19T05:36:30.445761Z 0 [Note] Shutting down plugin 'MEMORY'
2021-04-19T05:36:30.446108Z 0 [Note] Shutting down plugin 'CSV'
2021-04-19T05:36:30.446134Z 0 [Note] Shutting down plugin 'sha256_password'
2021-04-19T05:36:30.446139Z 0 [Note] Shutting down plugin 'mysql_native_password'
2021-04-19T05:36:30.446571Z 0 [Note] Shutting down plugin 'binlog'
2021-04-19T05:36:30.447391Z 0 [Note] /usr/sbin/mysqld: Shutdown complete

2021-04-19T06:00:13.548191Z 0 [Warning] TIMESTAMP with implicit DEFAULT value is deprecated. Please use --explicit_defaults_for_timestamp server option (see documentation for more details).
2021-04-19T06:00:13.564548Z 0 [Note] /usr/sbin/mysqld (mysqld 5.7.33-0ubuntu0.18.04.1) starting as process 6309 ...
2021-04-19T06:00:13.579626Z 0 [Note] InnoDB: PUNCH HOLE support available
2021-04-19T06:00:13.579716Z 0 [Note] InnoDB: Mutexes and rw_locks use GCC atomic builtins
2021-04-19T06:00:13.579724Z 0 [Note] InnoDB: Uses event mutexes
2021-04-19T06:00:13.579728Z 0 [Note] InnoDB: GCC builtin __atomic_thread_fence() is used for memory barrier
2021-04-19T06:00:13.579731Z 0 [Note] InnoDB: Compressed tables use zlib 1.2.11
2021-04-19T06:00:13.579785Z 0 [Note] InnoDB: Using Linux native AIO
2021-04-19T06:00:13.587028Z 0 [Note] InnoDB: Number of pools: 1
2021-04-19T06:00:13.598753Z 0 [Note] InnoDB: Using CPU crc32 instructions
2021-04-19T06:00:13.624085Z 0 [Note] InnoDB: Initializing buffer pool, total size = 128M, instances = 1, chunk size = 128M
2021-04-19T06:00:13.677560Z 0 [Note] InnoDB: Completed initialization of buffer pool
2021-04-19T06:00:13.698610Z 0 [Note] InnoDB: If the mysqld execution user is authorized, page cleaner thread priority can be changed. See the man page of setpriority().
2021-04-19T06:00:13.734202Z 0 [Note] InnoDB: Highest supported file format is Barracuda.
2021-04-19T06:00:13.823459Z 0 [Note] InnoDB: Creating shared tablespace for temporary tables
2021-04-19T06:00:13.823613Z 0 [Note] InnoDB: Setting file './ibtmp1' size to 12 MB. Physically writing the file full; Please wait ...
2021-04-19T06:00:13.888341Z 0 [Note] InnoDB: File './ibtmp1' size is now 12 MB.
2021-04-19T06:00:13.890933Z 0 [Note] InnoDB: 96 redo rollback segment(s) found. 96 redo rollback segment(s) are active.
2021-04-19T06:00:13.890957Z 0 [Note] InnoDB: 32 non-redo rollback segment(s) are active.
2021-04-19T06:00:13.891180Z 0 [Note] InnoDB: Waiting for purge to start
2021-04-19T06:00:13.941989Z 0 [Note] InnoDB: 5.7.33 started; log sequence number 3453859
2021-04-19T06:00:13.942187Z 0 [Note] InnoDB: Loading buffer pool(s) from /var/lib/mysql/ib_buffer_pool
2021-04-19T06:00:13.943104Z 0 [Note] Plugin 'FEDERATED' is disabled.
2021-04-19T06:00:13.997877Z 0 [Note] InnoDB: Buffer pool(s) load completed at 210418 23:00:13
2021-04-19T06:00:14.009925Z 0 [Note] Found ca.pem, server-cert.pem and server-key.pem in data directory. Trying to enable SSL support using them.
2021-04-19T06:00:14.009947Z 0 [Note] Skipping generation of SSL certificates as certificate files are present in data directory.
2021-04-19T06:00:14.014685Z 0 [Warning] CA certificate ca.pem is self signed.
2021-04-19T06:00:14.016780Z 0 [Note] Skipping generation of RSA key pair as key files are present in data directory.
2021-04-19T06:00:14.017643Z 0 [Note] Server hostname (bind-address): '127.0.0.1'; port: 3306
2021-04-19T06:00:14.017677Z 0 [Note]   - '127.0.0.1' resolves to '127.0.0.1';
2021-04-19T06:00:14.017706Z 0 [Note] Server socket created on IP: '127.0.0.1'.
2021-04-19T06:00:14.074844Z 0 [Note] Event Scheduler: Loaded 0 events
2021-04-19T06:00:14.075194Z 0 [Note] /usr/sbin/mysqld: ready for connections.
Version: '5.7.33-0ubuntu0.18.04.1'  socket: '/var/run/mysqld/mysqld.sock'  port: 3306  (Ubuntu)
2021-04-19T06:01:02.070648Z 2 [Note] Access denied for user 'root'@'localhost' (using password: YES)
2021-04-19T06:02:41.850770Z 4 [Note] Access denied for user 'root'@'localhost' (using password: NO)
2021-04-19T06:02:45.337066Z 0 [Note] Giving 0 client threads a chance to die gracefully
2021-04-19T06:02:45.337106Z 0 [Note] Shutting down slave threads
2021-04-19T06:02:45.337115Z 0 [Note] Forcefully disconnecting 0 remaining clients
2021-04-19T06:02:45.337123Z 0 [Note] Event Scheduler: Purging the queue. 0 events
2021-04-19T06:02:45.338797Z 0 [Note] Binlog end
2021-04-19T06:02:45.340292Z 0 [Note] Shutting down plugin 'auth_socket'
2021-04-19T06:02:45.340309Z 0 [Note] Shutting down plugin 'ngram'
2021-04-19T06:02:45.340313Z 0 [Note] Shutting down plugin 'partition'
2021-04-19T06:02:45.340316Z 0 [Note] Shutting down plugin 'BLACKHOLE'
2021-04-19T06:02:45.340320Z 0 [Note] Shutting down plugin 'ARCHIVE'
2021-04-19T06:02:45.340322Z 0 [Note] Shutting down plugin 'PERFORMANCE_SCHEMA'
2021-04-19T06:02:45.340415Z 0 [Note] Shutting down plugin 'MRG_MYISAM'
2021-04-19T06:02:45.340424Z 0 [Note] Shutting down plugin 'MyISAM'
2021-04-19T06:02:45.340430Z 0 [Note] Shutting down plugin 'INNODB_SYS_VIRTUAL'
2021-04-19T06:02:45.340434Z 0 [Note] Shutting down plugin 'INNODB_SYS_DATAFILES'
2021-04-19T06:02:45.340437Z 0 [Note] Shutting down plugin 'INNODB_SYS_TABLESPACES'
2021-04-19T06:02:45.340440Z 0 [Note] Shutting down plugin 'INNODB_SYS_FOREIGN_COLS'
2021-04-19T06:02:45.340443Z 0 [Note] Shutting down plugin 'INNODB_SYS_FOREIGN'
2021-04-19T06:02:45.340460Z 0 [Note] Shutting down plugin 'INNODB_SYS_FIELDS'
2021-04-19T06:02:45.340463Z 0 [Note] Shutting down plugin 'INNODB_SYS_COLUMNS'
2021-04-19T06:02:45.340465Z 0 [Note] Shutting down plugin 'INNODB_SYS_INDEXES'
2021-04-19T06:02:45.340467Z 0 [Note] Shutting down plugin 'INNODB_SYS_TABLESTATS'
2021-04-19T06:02:45.340470Z 0 [Note] Shutting down plugin 'INNODB_SYS_TABLES'
2021-04-19T06:02:45.340472Z 0 [Note] Shutting down plugin 'INNODB_FT_INDEX_TABLE'
2021-04-19T06:02:45.340475Z 0 [Note] Shutting down plugin 'INNODB_FT_INDEX_CACHE'
2021-04-19T06:02:45.340477Z 0 [Note] Shutting down plugin 'INNODB_FT_CONFIG'
2021-04-19T06:02:45.340480Z 0 [Note] Shutting down plugin 'INNODB_FT_BEING_DELETED'
2021-04-19T06:02:45.340482Z 0 [Note] Shutting down plugin 'INNODB_FT_DELETED'
2021-04-19T06:02:45.340484Z 0 [Note] Shutting down plugin 'INNODB_FT_DEFAULT_STOPWORD'
2021-04-19T06:02:45.340487Z 0 [Note] Shutting down plugin 'INNODB_METRICS'
2021-04-19T06:02:45.340489Z 0 [Note] Shutting down plugin 'INNODB_TEMP_TABLE_INFO'
2021-04-19T06:02:45.340491Z 0 [Note] Shutting down plugin 'INNODB_BUFFER_POOL_STATS'
2021-04-19T06:02:45.340493Z 0 [Note] Shutting down plugin 'INNODB_BUFFER_PAGE_LRU'
2021-04-19T06:02:45.340496Z 0 [Note] Shutting down plugin 'INNODB_BUFFER_PAGE'
2021-04-19T06:02:45.340514Z 0 [Note] Shutting down plugin 'INNODB_CMP_PER_INDEX_RESET'
2021-04-19T06:02:45.340521Z 0 [Note] Shutting down plugin 'INNODB_CMP_PER_INDEX'
2021-04-19T06:02:45.340523Z 0 [Note] Shutting down plugin 'INNODB_CMPMEM_RESET'
2021-04-19T06:02:45.340526Z 0 [Note] Shutting down plugin 'INNODB_CMPMEM'
2021-04-19T06:02:45.340528Z 0 [Note] Shutting down plugin 'INNODB_CMP_RESET'
2021-04-19T06:02:45.340530Z 0 [Note] Shutting down plugin 'INNODB_CMP'
2021-04-19T06:02:45.340533Z 0 [Note] Shutting down plugin 'INNODB_LOCK_WAITS'
2021-04-19T06:02:45.340535Z 0 [Note] Shutting down plugin 'INNODB_LOCKS'
2021-04-19T06:02:45.340537Z 0 [Note] Shutting down plugin 'INNODB_TRX'
2021-04-19T06:02:45.340540Z 0 [Note] Shutting down plugin 'InnoDB'
2021-04-19T06:02:45.340672Z 0 [Note] InnoDB: FTS optimize thread exiting.
2021-04-19T06:02:45.340920Z 0 [Note] InnoDB: Starting shutdown...
2021-04-19T06:02:45.442061Z 0 [Note] InnoDB: Dumping buffer pool(s) to /var/lib/mysql/ib_buffer_pool
2021-04-19T06:02:45.444220Z 0 [Note] InnoDB: Buffer pool(s) dump completed at 210418 23:02:45
2021-04-19T06:02:46.859241Z 0 [Note] InnoDB: Shutdown completed; log sequence number 3453887
2021-04-19T06:02:46.859600Z 0 [Note] InnoDB: Removed temporary tablespace data file: "ibtmp1"
2021-04-19T06:02:46.859629Z 0 [Note] Shutting down plugin 'MEMORY'
2021-04-19T06:02:46.859636Z 0 [Note] Shutting down plugin 'CSV'
2021-04-19T06:02:46.859642Z 0 [Note] Shutting down plugin 'sha256_password'
2021-04-19T06:02:46.859645Z 0 [Note] Shutting down plugin 'mysql_native_password'
2021-04-19T06:02:46.859793Z 0 [Note] Shutting down plugin 'binlog'
2021-04-19T06:02:46.860138Z 0 [Note] /usr/sbin/mysqld: Shutdown complete
