[rospy.client][INFO] 2021-05-02 14:49:57,986: init_node, name[/racecar/controller_manager], pid[23938]
[xmlrpc][INFO] 2021-05-02 14:49:57,987: XML-RPC server binding to 0.0.0.0:0
[rospy.init][INFO] 2021-05-02 14:49:57,993: ROS Slave URI: [http://ubuntu:37933/]
[xmlrpc][INFO] 2021-05-02 14:49:57,993: Started XML-RPC server [http://ubuntu:37933/]
[rospy.impl.masterslave][INFO] 2021-05-02 14:49:57,994: _ready: http://ubuntu:37933/
[xmlrpc][INFO] 2021-05-02 14:49:58,001: xml rpc node: starting XML-RPC server
[rospy.registration][INFO] 2021-05-02 14:49:58,002: Registering with master node http://localhost:11311
[rospy.init][INFO] 2021-05-02 14:49:58,093: registered with master
[rospy.rosout][INFO] 2021-05-02 14:49:58,094: initializing /rosout core topic
[rospy.rosout][INFO] 2021-05-02 14:49:58,097: connected to core topic /rosout
[rospy.simtime][INFO] 2021-05-02 14:49:58,098: initializing /clock core topic
[rospy.simtime][INFO] 2021-05-02 14:49:58,101: connected to core topic /clock
[rosout][INFO] 2021-05-02 14:49:58,104: Controller Spawner: Waiting for service controller_manager/load_controller
[rospy.internal][INFO] 2021-05-02 14:49:58,344: topic[/rosout] adding connection to [/rosout], count 0
[rospy.internal][INFO] 2021-05-02 14:49:59,953: topic[/clock] adding connection to [http://ubuntu:33169/], count 0
[rosout][INFO] 2021-05-02 14:50:01,437: Controller Spawner: Waiting for service controller_manager/switch_controller
[rosout][INFO] 2021-05-02 14:50:01,441: Controller Spawner: Waiting for service controller_manager/unload_controller
[rosout][INFO] 2021-05-02 14:50:01,446: Loading controller: left_rear_wheel_velocity_controller
[rosout][INFO] 2021-05-02 14:50:01,542: Loading controller: right_rear_wheel_velocity_controller
[rosout][INFO] 2021-05-02 14:50:01,625: Loading controller: left_front_wheel_velocity_controller
[rosout][INFO] 2021-05-02 14:50:01,755: Loading controller: right_front_wheel_velocity_controller
[rosout][INFO] 2021-05-02 14:50:01,798: Loading controller: left_steering_hinge_position_controller
[rosout][INFO] 2021-05-02 14:50:01,884: Loading controller: right_steering_hinge_position_controller
[rosout][INFO] 2021-05-02 14:50:01,939: Loading controller: joint_state_controller
[rosout][INFO] 2021-05-02 14:50:01,971: Controller Spawner: Loaded controllers: left_rear_wheel_velocity_controller, right_rear_wheel_velocity_controller, left_front_wheel_velocity_controller, right_front_wheel_velocity_controller, left_steering_hinge_position_controller, right_steering_hinge_position_controller, joint_state_controller
[rosout][INFO] 2021-05-02 14:50:02,002: Started controllers: left_rear_wheel_velocity_controller, right_rear_wheel_velocity_controller, left_front_wheel_velocity_controller, right_front_wheel_velocity_controller, left_steering_hinge_position_controller, right_steering_hinge_position_controller, joint_state_controller
[rospy.core][INFO] 2021-05-02 14:50:16,266: signal_shutdown [signal-2]
[rosout][INFO] 2021-05-02 14:50:16,266: Shutting down spawner. Stopping and unloading controllers...
[rosout][INFO] 2021-05-02 14:50:16,269: Stopping all controllers...
[rosout][INFO] 2021-05-02 14:50:16,285: Unloading all loaded controllers...
[rosout][INFO] 2021-05-02 14:50:16,287: Trying to unload joint_state_controller
[rosout][INFO] 2021-05-02 14:50:16,319: Succeeded in unloading joint_state_controller
[rosout][INFO] 2021-05-02 14:50:16,321: Trying to unload right_steering_hinge_position_controller
[rosout][INFO] 2021-05-02 14:50:16,352: Succeeded in unloading right_steering_hinge_position_controller
[rosout][INFO] 2021-05-02 14:50:16,354: Trying to unload left_steering_hinge_position_controller
[rospy.core][INFO] 2021-05-02 14:50:31,325: signal_shutdown [signal-15]
[rospy.internal][ERROR] 2021-05-02 14:50:31,326: Traceback (most recent call last):
  File "/opt/ros/melodic/lib/python2.7/dist-packages/rospy/impl/tcpros_base.py", line 737, in receive_once
    self.stat_bytes += recv_buff(sock, b, p.buff_size)
  File "/opt/ros/melodic/lib/python2.7/dist-packages/rospy/impl/tcpros_base.py", line 104, in recv_buff
    d = sock.recv(buff_size)
error: [Errno 4] Interrupted system call

[rosout][WARNING] 2021-05-02 14:50:31,326: Controller Spawner error while taking down controllers: transport error completing service call: receive_once[/racecar/controller_manager/unload_controller]: unexpected error [Errno 4] Interrupted system call
[rospy.internal][INFO] 2021-05-02 14:50:31,331: topic[/rosout] removing connection to /rosout
[rospy.internal][INFO] 2021-05-02 14:50:31,332: topic[/clock] removing connection to http://ubuntu:33169/
[rospy.impl.masterslave][INFO] 2021-05-02 14:50:31,332: signal-2
[rospy.core][INFO] 2021-05-02 14:50:31,449: signal_shutdown [atexit]
