[rospy.client][INFO] 2021-05-02 14:49:58,922: init_node, name[/racecar_spawn], pid[23937]
[xmlrpc][INFO] 2021-05-02 14:49:58,922: XML-RPC server binding to 0.0.0.0:0
[xmlrpc][INFO] 2021-05-02 14:49:58,923: Started XML-RPC server [http://ubuntu:39229/]
[rospy.impl.masterslave][INFO] 2021-05-02 14:49:58,923: _ready: http://ubuntu:39229/
[rospy.init][INFO] 2021-05-02 14:49:58,923: ROS Slave URI: [http://ubuntu:39229/]
[xmlrpc][INFO] 2021-05-02 14:49:58,923: xml rpc node: starting XML-RPC server
[rospy.registration][INFO] 2021-05-02 14:49:58,924: Registering with master node http://localhost:11311
[rospy.init][INFO] 2021-05-02 14:49:59,023: registered with master
[rospy.rosout][INFO] 2021-05-02 14:49:59,024: initializing /rosout core topic
[rospy.rosout][INFO] 2021-05-02 14:49:59,026: connected to core topic /rosout
[rospy.simtime][INFO] 2021-05-02 14:49:59,028: initializing /clock core topic
[rospy.simtime][INFO] 2021-05-02 14:49:59,031: connected to core topic /clock
[rosout][INFO] 2021-05-02 14:49:59,036: Loading model XML from ros parameter robot_description
[rosout][INFO] 2021-05-02 14:49:59,055: Waiting for service /gazebo/spawn_urdf_model
[rospy.internal][INFO] 2021-05-02 14:49:59,271: topic[/rosout] adding connection to [/rosout], count 0
[rospy.internal][INFO] 2021-05-02 14:49:59,961: topic[/clock] adding connection to [http://ubuntu:33169/], count 0
[rosout][INFO] 2021-05-02 14:49:59,978: Calling service /gazebo/spawn_urdf_model
[rosout][INFO] 2021-05-02 14:50:00,722: Spawn status: SpawnModel: Successfully spawned entity
[rospy.core][INFO] 2021-05-02 14:50:00,725: signal_shutdown [atexit]
[rospy.internal][INFO] 2021-05-02 14:50:00,732: topic[/rosout] removing connection to /rosout
[rospy.internal][INFO] 2021-05-02 14:50:00,733: topic[/clock] removing connection to http://ubuntu:33169/
[rospy.impl.masterslave][INFO] 2021-05-02 14:50:00,733: atexit
