[rospy.client][INFO] 2021-05-18 15:23:36,854: init_node, name[/gazebo_odometry_node], pid[86893]
[xmlrpc][INFO] 2021-05-18 15:23:36,855: XML-RPC server binding to 0.0.0.0:0
[xmlrpc][INFO] 2021-05-18 15:23:36,855: Started XML-RPC server [http://ubuntu:46799/]
[rospy.impl.masterslave][INFO] 2021-05-18 15:23:36,855: _ready: http://ubuntu:46799/
[rospy.init][INFO] 2021-05-18 15:23:36,856: ROS Slave URI: [http://ubuntu:46799/]
[rospy.registration][INFO] 2021-05-18 15:23:36,857: Registering with master node http://localhost:11311
[xmlrpc][INFO] 2021-05-18 15:23:36,857: xml rpc node: starting XML-RPC server
[rospy.registration][INFO] 2021-05-18 15:23:36,858: Registering publisher topic [/vesc/odom] type [nav_msgs/Odometry] with master
[rospy.init][INFO] 2021-05-18 15:23:36,957: registered with master
[rospy.rosout][INFO] 2021-05-18 15:23:36,958: initializing /rosout core topic
[rospy.rosout][INFO] 2021-05-18 15:23:36,962: connected to core topic /rosout
[rospy.simtime][INFO] 2021-05-18 15:23:36,972: initializing /clock core topic
[rospy.simtime][INFO] 2021-05-18 15:23:36,982: connected to core topic /clock
[rospy.internal][INFO] 2021-05-18 15:23:37,127: topic[/vesc/odom] adding connection to [/better_odom], count 0
[rospy.internal][INFO] 2021-05-18 15:23:37,231: topic[/tf] adding connection to [/move_base], count 0
[rospy.internal][INFO] 2021-05-18 15:23:37,311: topic[/rosout] adding connection to [/rosout], count 0
[rospy.internal][INFO] 2021-05-18 15:23:37,857: topic[/gazebo/link_states] adding connection to [http://ubuntu:41721/], count 0
[rospy.internal][INFO] 2021-05-18 15:23:37,858: topic[/clock] adding connection to [http://ubuntu:41721/], count 0
[rospy.internal][INFO] 2021-05-18 15:24:29,441: topic[/tf] adding connection to [/rviz], count 1
[rospy.internal][INFO] 2021-05-18 15:24:29,733: topic[/vesc/odom] adding connection to [/rviz], count 1
[rospy.internal][INFO] 2021-05-18 15:25:32,232: topic[/tf] removing connection to /rviz
[rospy.internal][INFO] 2021-05-18 15:25:32,233: topic[/vesc/odom] removing connection to /rviz
[rospy.internal][INFO] 2021-05-18 15:25:39,432: topic[/vesc/odom] removing connection to /better_odom
[rospy.internal][INFO] 2021-05-18 15:25:39,555: topic[/tf] removing connection to /move_base
[rospy.core][INFO] 2021-05-18 15:25:39,617: signal_shutdown [signal-2]
[rospy.internal][INFO] 2021-05-18 15:25:39,637: topic[/rosout] removing connection to /rosout
[rospy.internal][INFO] 2021-05-18 15:25:39,638: topic[/clock] removing connection to http://ubuntu:41721/
[rospy.internal][INFO] 2021-05-18 15:25:39,638: topic[/gazebo/link_states] removing connection to http://ubuntu:41721/
[rospy.impl.masterslave][INFO] 2021-05-18 15:25:39,639: signal-2
[rospy.internal][ERROR] 2021-05-18 15:25:39,642: Traceback (most recent call last):
  File "/opt/ros/melodic/lib/python2.7/dist-packages/rospy/impl/tcpros_base.py", line 737, in receive_once
    self.stat_bytes += recv_buff(sock, b, p.buff_size)
  File "/opt/ros/melodic/lib/python2.7/dist-packages/rospy/impl/tcpros_base.py", line 104, in recv_buff
    d = sock.recv(buff_size)
error: [Errno 104] Connection reset by peer

[rospy.core][INFO] 2021-05-18 15:25:39,756: signal_shutdown [atexit]
