[rospy.client][INFO] 2021-05-18 15:23:36,425: init_node, name[/keyboard_teleop], pid[86961]
[xmlrpc][INFO] 2021-05-18 15:23:36,426: XML-RPC server binding to 0.0.0.0:0
[xmlrpc][INFO] 2021-05-18 15:23:36,426: Started XML-RPC server [http://ubuntu:36419/]
[rospy.init][INFO] 2021-05-18 15:23:36,426: ROS Slave URI: [http://ubuntu:36419/]
[rospy.impl.masterslave][INFO] 2021-05-18 15:23:36,427: _ready: http://ubuntu:36419/
[xmlrpc][INFO] 2021-05-18 15:23:36,427: xml rpc node: starting XML-RPC server
[rospy.registration][INFO] 2021-05-18 15:23:36,427: Registering with master node http://localhost:11311
[rospy.init][INFO] 2021-05-18 15:23:36,527: registered with master
[rospy.rosout][INFO] 2021-05-18 15:23:36,527: initializing /rosout core topic
[rospy.rosout][INFO] 2021-05-18 15:23:36,530: connected to core topic /rosout
[rospy.simtime][INFO] 2021-05-18 15:23:36,531: initializing /clock core topic
[rospy.simtime][INFO] 2021-05-18 15:23:36,534: connected to core topic /clock
[rospy.internal][INFO] 2021-05-18 15:23:37,211: topic[/rosout] adding connection to [/rosout], count 0
[rospy.internal][INFO] 2021-05-18 15:23:37,212: topic[/vesc/low_level/ackermann_cmd_mux/input/teleop] adding connection to [/vesc/low_level/ackermann_cmd_mux_nodelet_manager], count 0
[rospy.internal][INFO] 2021-05-18 15:23:37,862: topic[/clock] adding connection to [http://ubuntu:41721/], count 0
[rospy.internal][INFO] 2021-05-18 15:25:39,485: topic[/vesc/low_level/ackermann_cmd_mux/input/teleop] removing connection to /vesc/low_level/ackermann_cmd_mux_nodelet_manager
[rospy.core][INFO] 2021-05-18 15:25:47,807: signal_shutdown [shutdown]
[rospy.internal][INFO] 2021-05-18 15:25:47,810: topic[/rosout] removing connection to /rosout
[rospy.internal][INFO] 2021-05-18 15:25:47,811: topic[/clock] removing connection to http://ubuntu:41721/
[rospy.impl.masterslave][INFO] 2021-05-18 15:25:47,811: shutdown
[rospy.core][INFO] 2021-05-18 15:25:47,938: signal_shutdown [atexit]
