[rospy.client][INFO] 2021-05-18 15:23:36,269: init_node, name[/racecar/controller_manager], pid[86886]
[xmlrpc][INFO] 2021-05-18 15:23:36,270: XML-RPC server binding to 0.0.0.0:0
[xmlrpc][INFO] 2021-05-18 15:23:36,270: Started XML-RPC server [http://ubuntu:39055/]
[rospy.impl.masterslave][INFO] 2021-05-18 15:23:36,270: _ready: http://ubuntu:39055/
[xmlrpc][INFO] 2021-05-18 15:23:36,270: xml rpc node: starting XML-RPC server
[rospy.registration][INFO] 2021-05-18 15:23:36,271: Registering with master node http://localhost:11311
[rospy.init][INFO] 2021-05-18 15:23:36,275: ROS Slave URI: [http://ubuntu:39055/]
[rospy.init][INFO] 2021-05-18 15:23:36,276: registered with master
[rospy.rosout][INFO] 2021-05-18 15:23:36,276: initializing /rosout core topic
[rospy.rosout][INFO] 2021-05-18 15:23:36,279: connected to core topic /rosout
[rospy.simtime][INFO] 2021-05-18 15:23:36,284: initializing /clock core topic
[rospy.simtime][INFO] 2021-05-18 15:23:36,292: connected to core topic /clock
[rosout][INFO] 2021-05-18 15:23:36,307: Controller Spawner: Waiting for service controller_manager/load_controller
[rospy.internal][INFO] 2021-05-18 15:23:36,515: topic[/rosout] adding connection to [/rosout], count 0
[rospy.internal][INFO] 2021-05-18 15:23:37,856: topic[/clock] adding connection to [http://ubuntu:41721/], count 0
[rosout][INFO] 2021-05-18 15:23:39,509: Controller Spawner: Waiting for service controller_manager/switch_controller
[rosout][INFO] 2021-05-18 15:23:39,514: Controller Spawner: Waiting for service controller_manager/unload_controller
[rosout][INFO] 2021-05-18 15:23:39,517: Loading controller: left_rear_wheel_velocity_controller
[rosout][INFO] 2021-05-18 15:23:39,624: Loading controller: right_rear_wheel_velocity_controller
[rosout][INFO] 2021-05-18 15:23:39,726: Loading controller: left_front_wheel_velocity_controller
[rosout][INFO] 2021-05-18 15:23:39,808: Loading controller: right_front_wheel_velocity_controller
[rosout][INFO] 2021-05-18 15:23:39,879: Loading controller: left_steering_hinge_position_controller
[rosout][INFO] 2021-05-18 15:23:39,975: Loading controller: right_steering_hinge_position_controller
[rosout][INFO] 2021-05-18 15:23:40,074: Loading controller: joint_state_controller
[rosout][INFO] 2021-05-18 15:23:40,108: Controller Spawner: Loaded controllers: left_rear_wheel_velocity_controller, right_rear_wheel_velocity_controller, left_front_wheel_velocity_controller, right_front_wheel_velocity_controller, left_steering_hinge_position_controller, right_steering_hinge_position_controller, joint_state_controller
[rosout][INFO] 2021-05-18 15:23:40,137: Started controllers: left_rear_wheel_velocity_controller, right_rear_wheel_velocity_controller, left_front_wheel_velocity_controller, right_front_wheel_velocity_controller, left_steering_hinge_position_controller, right_steering_hinge_position_controller, joint_state_controller
[rospy.core][INFO] 2021-05-18 15:25:39,734: signal_shutdown [signal-2]
[rosout][INFO] 2021-05-18 15:25:39,735: Shutting down spawner. Stopping and unloading controllers...
[rosout][INFO] 2021-05-18 15:25:39,744: Stopping all controllers...
[rosout][INFO] 2021-05-18 15:25:39,767: Unloading all loaded controllers...
[rosout][INFO] 2021-05-18 15:25:39,770: Trying to unload joint_state_controller
[rosout][INFO] 2021-05-18 15:25:39,785: Succeeded in unloading joint_state_controller
[rosout][INFO] 2021-05-18 15:25:39,788: Trying to unload right_steering_hinge_position_controller
[rosout][INFO] 2021-05-18 15:25:39,839: Succeeded in unloading right_steering_hinge_position_controller
[rosout][INFO] 2021-05-18 15:25:39,846: Trying to unload left_steering_hinge_position_controller
[rosout][INFO] 2021-05-18 15:25:39,872: Succeeded in unloading left_steering_hinge_position_controller
[rosout][INFO] 2021-05-18 15:25:39,879: Trying to unload right_front_wheel_velocity_controller
[rosout][INFO] 2021-05-18 15:25:39,908: Succeeded in unloading right_front_wheel_velocity_controller
[rosout][INFO] 2021-05-18 15:25:39,911: Trying to unload left_front_wheel_velocity_controller
[rospy.core][INFO] 2021-05-18 15:25:54,815: signal_shutdown [signal-15]
[rospy.internal][ERROR] 2021-05-18 15:25:54,815: Traceback (most recent call last):
  File "/opt/ros/melodic/lib/python2.7/dist-packages/rospy/impl/tcpros_base.py", line 737, in receive_once
    self.stat_bytes += recv_buff(sock, b, p.buff_size)
  File "/opt/ros/melodic/lib/python2.7/dist-packages/rospy/impl/tcpros_base.py", line 104, in recv_buff
    d = sock.recv(buff_size)
error: [Errno 4] Interrupted system call

[rosout][WARNING] 2021-05-18 15:25:54,816: Controller Spawner error while taking down controllers: transport error completing service call: receive_once[/racecar/controller_manager/unload_controller]: unexpected error [Errno 4] Interrupted system call
[rospy.internal][INFO] 2021-05-18 15:25:54,819: topic[/rosout] removing connection to /rosout
[rospy.internal][INFO] 2021-05-18 15:25:54,819: topic[/clock] removing connection to http://ubuntu:41721/
[rospy.impl.masterslave][INFO] 2021-05-18 15:25:54,820: signal-2
[rospy.core][INFO] 2021-05-18 15:25:54,929: signal_shutdown [atexit]
