[rospy.client][INFO] 2021-05-18 15:23:36,859: init_node, name[/racecar_spawn], pid[86885]
[xmlrpc][INFO] 2021-05-18 15:23:36,859: XML-RPC server binding to 0.0.0.0:0
[xmlrpc][INFO] 2021-05-18 15:23:36,860: Started XML-RPC server [http://ubuntu:46147/]
[rospy.impl.masterslave][INFO] 2021-05-18 15:23:36,860: _ready: http://ubuntu:46147/
[rospy.init][INFO] 2021-05-18 15:23:36,861: ROS Slave URI: [http://ubuntu:46147/]
[xmlrpc][INFO] 2021-05-18 15:23:36,861: xml rpc node: starting XML-RPC server
[rospy.registration][INFO] 2021-05-18 15:23:36,861: Registering with master node http://localhost:11311
[rospy.init][INFO] 2021-05-18 15:23:36,961: registered with master
[rospy.rosout][INFO] 2021-05-18 15:23:36,962: initializing /rosout core topic
[rospy.rosout][INFO] 2021-05-18 15:23:36,974: connected to core topic /rosout
[rospy.simtime][INFO] 2021-05-18 15:23:36,980: initializing /clock core topic
[rospy.simtime][INFO] 2021-05-18 15:23:36,990: connected to core topic /clock
[rosout][INFO] 2021-05-18 15:23:37,020: Loading model XML from ros parameter robot_description
[rosout][INFO] 2021-05-18 15:23:37,040: Waiting for service /gazebo/spawn_urdf_model
[rospy.internal][INFO] 2021-05-18 15:23:37,311: topic[/rosout] adding connection to [/rosout], count 0
[rospy.internal][INFO] 2021-05-18 15:23:37,858: topic[/clock] adding connection to [http://ubuntu:41721/], count 0
[rosout][INFO] 2021-05-18 15:23:38,009: Calling service /gazebo/spawn_urdf_model
[rosout][INFO] 2021-05-18 15:23:38,663: Spawn status: SpawnModel: Successfully spawned entity
[rospy.core][INFO] 2021-05-18 15:23:38,666: signal_shutdown [atexit]
[rospy.internal][INFO] 2021-05-18 15:23:38,669: topic[/rosout] removing connection to /rosout
[rospy.internal][INFO] 2021-05-18 15:23:38,670: topic[/clock] removing connection to http://ubuntu:41721/
[rospy.impl.masterslave][INFO] 2021-05-18 15:23:38,671: atexit
