[rospy.client][INFO] 2021-05-18 15:23:36,176: init_node, name[/servo_commands], pid[86888]
[xmlrpc][INFO] 2021-05-18 15:23:36,177: XML-RPC server binding to 0.0.0.0:0
[xmlrpc][INFO] 2021-05-18 15:23:36,177: Started XML-RPC server [http://ubuntu:41833/]
[rospy.impl.masterslave][INFO] 2021-05-18 15:23:36,177: _ready: http://ubuntu:41833/
[rospy.registration][INFO] 2021-05-18 15:23:36,178: Registering with master node http://localhost:11311
[xmlrpc][INFO] 2021-05-18 15:23:36,178: xml rpc node: starting XML-RPC server
[rospy.init][INFO] 2021-05-18 15:23:36,183: ROS Slave URI: [http://ubuntu:41833/]
[rospy.init][INFO] 2021-05-18 15:23:36,184: registered with master
[rospy.rosout][INFO] 2021-05-18 15:23:36,184: initializing /rosout core topic
[rospy.rosout][INFO] 2021-05-18 15:23:36,195: connected to core topic /rosout
[rospy.simtime][INFO] 2021-05-18 15:23:36,207: initializing /clock core topic
[rospy.simtime][INFO] 2021-05-18 15:23:36,221: connected to core topic /clock
[rospy.internal][INFO] 2021-05-18 15:23:36,263: topic[/vesc/low_level/ackermann_cmd_mux/output] adding connection to [http://ubuntu:39273/], count 0
[rospy.internal][INFO] 2021-05-18 15:23:36,416: topic[/rosout] adding connection to [/rosout], count 0
[rospy.internal][INFO] 2021-05-18 15:23:37,826: topic[/clock] adding connection to [http://ubuntu:41721/], count 0
[rospy.internal][INFO] 2021-05-18 15:23:39,751: topic[/racecar/left_rear_wheel_velocity_controller/command] adding connection to [/gazebo], count 0
[rospy.internal][INFO] 2021-05-18 15:23:39,857: topic[/racecar/right_rear_wheel_velocity_controller/command] adding connection to [/gazebo], count 0
[rospy.internal][INFO] 2021-05-18 15:23:39,962: topic[/racecar/left_front_wheel_velocity_controller/command] adding connection to [/gazebo], count 0
[rospy.internal][INFO] 2021-05-18 15:23:40,086: topic[/racecar/right_front_wheel_velocity_controller/command] adding connection to [/gazebo], count 0
[rospy.internal][INFO] 2021-05-18 15:23:40,264: topic[/racecar/left_steering_hinge_position_controller/command] adding connection to [/gazebo], count 0
[rospy.internal][INFO] 2021-05-18 15:23:40,266: topic[/racecar/right_steering_hinge_position_controller/command] adding connection to [/gazebo], count 0
[rospy.core][INFO] 2021-05-18 15:25:39,711: signal_shutdown [signal-2]
[rospy.internal][INFO] 2021-05-18 15:25:39,736: topic[/racecar/right_steering_hinge_position_controller/command] removing connection to /gazebo
[rospy.internal][INFO] 2021-05-18 15:25:39,736: topic[/racecar/left_rear_wheel_velocity_controller/command] removing connection to /gazebo
[rospy.internal][INFO] 2021-05-18 15:25:39,737: topic[/racecar/left_steering_hinge_position_controller/command] removing connection to /gazebo
[rospy.internal][INFO] 2021-05-18 15:25:39,738: topic[/racecar/right_rear_wheel_velocity_controller/command] removing connection to /gazebo
[rospy.internal][INFO] 2021-05-18 15:25:39,738: topic[/racecar/left_front_wheel_velocity_controller/command] removing connection to /gazebo
[rospy.internal][INFO] 2021-05-18 15:25:39,738: topic[/rosout] removing connection to /rosout
[rospy.internal][INFO] 2021-05-18 15:25:39,739: topic[/racecar/right_front_wheel_velocity_controller/command] removing connection to /gazebo
[rospy.internal][INFO] 2021-05-18 15:25:39,739: topic[/clock] removing connection to http://ubuntu:41721/
[rospy.internal][INFO] 2021-05-18 15:25:39,740: topic[/vesc/low_level/ackermann_cmd_mux/output] removing connection to http://ubuntu:39273/
[rospy.impl.masterslave][INFO] 2021-05-18 15:25:39,740: signal-2
[rospy.internal][WARNING] 2021-05-18 15:25:39,745: Unknown error initiating TCP/IP socket to ubuntu:38251 (http://ubuntu:39273/): Traceback (most recent call last):
  File "/opt/ros/melodic/lib/python2.7/dist-packages/rospy/impl/tcpros_base.py", line 562, in connect
    self.read_header()
  File "/opt/ros/melodic/lib/python2.7/dist-packages/rospy/impl/tcpros_base.py", line 657, in read_header
    self._validate_header(read_ros_handshake_header(sock, self.read_buff, self.protocol.buff_size))
  File "/opt/ros/melodic/lib/python2.7/dist-packages/rosgraph/network.py", line 359, in read_ros_handshake_header
    raise ROSHandshakeException("connection from sender terminated before handshake header received. %s bytes were received. Please check sender for additional details."%b.tell())
ROSHandshakeException: connection from sender terminated before handshake header received. 0 bytes were received. Please check sender for additional details.

[rospy.core][INFO] 2021-05-18 15:25:40,358: signal_shutdown [atexit]
