2021/04/26 14:28:35 [debug] 41541#41541: epoll add event: fd:6 op:1 ev:10000001
2021/04/26 14:28:35 [debug] 41541#41541: epoll add event: fd:7 op:1 ev:10000001
2021/04/26 14:28:35 [debug] 41542#41542: epoll add event: fd:6 op:1 ev:10000001
2021/04/26 14:28:35 [debug] 41542#41542: epoll add event: fd:7 op:1 ev:10000001
2021/04/26 14:28:35 [debug] 41543#41543: epoll add event: fd:6 op:1 ev:10000001
2021/04/26 14:28:35 [debug] 41543#41543: epoll add event: fd:7 op:1 ev:10000001
2021/04/26 14:28:35 [debug] 41544#41544: epoll add event: fd:6 op:1 ev:10000001
2021/04/26 14:28:35 [debug] 41544#41544: epoll add event: fd:7 op:1 ev:10000001
2021/04/26 14:28:36 [debug] 41541#41541: epoll del event: fd:6 op:2 ev:00000000
2021/04/26 14:28:36 [debug] 41544#41544: epoll del event: fd:6 op:2 ev:00000000
2021/04/26 14:28:36 [debug] 41541#41541: epoll del event: fd:7 op:2 ev:00000000
2021/04/26 14:28:36 [debug] 41544#41544: epoll del event: fd:7 op:2 ev:00000000
2021/04/26 14:28:36 [debug] 41542#41542: epoll del event: fd:6 op:2 ev:00000000
2021/04/26 14:28:36 [debug] 41542#41542: epoll del event: fd:7 op:2 ev:00000000
2021/04/26 14:28:36 [debug] 41543#41543: epoll del event: fd:6 op:2 ev:00000000
2021/04/26 14:28:36 [debug] 41543#41543: epoll del event: fd:7 op:2 ev:00000000
2021/04/26 14:28:36 [debug] 41554#41554: epoll add event: fd:6 op:1 ev:10000001
2021/04/26 14:28:36 [debug] 41554#41554: epoll add event: fd:7 op:1 ev:10000001
2021/04/26 14:28:36 [debug] 41555#41555: epoll add event: fd:6 op:1 ev:10000001
2021/04/26 14:28:36 [debug] 41555#41555: epoll add event: fd:7 op:1 ev:10000001
2021/04/26 14:28:36 [debug] 41556#41556: epoll add event: fd:6 op:1 ev:10000001
2021/04/26 14:28:36 [debug] 41556#41556: epoll add event: fd:7 op:1 ev:10000001
2021/04/26 14:28:36 [debug] 41557#41557: epoll add event: fd:6 op:1 ev:10000001
2021/04/26 14:28:36 [debug] 41557#41557: epoll add event: fd:7 op:1 ev:10000001
2021/04/26 14:28:39 [debug] 41554#41554: accept on 0.0.0.0:80, ready: 0
2021/04/26 14:28:39 [debug] 41554#41554: posix_memalign: 0000560C51772920:512 @16
2021/04/26 14:28:39 [debug] 41554#41554: *1 accept: 127.0.0.1:46204 fd:13
2021/04/26 14:28:39 [debug] 41554#41554: *1 event timer add: 13: 60000:61948423
2021/04/26 14:28:39 [debug] 41554#41554: *1 reusable connection: 1
2021/04/26 14:28:39 [debug] 41554#41554: *1 epoll add event: fd:13 op:1 ev:80002001
2021/04/26 14:28:39 [debug] 41554#41554: *1 http wait request handler
2021/04/26 14:28:39 [debug] 41554#41554: *1 malloc: 0000560C51773330:1024
2021/04/26 14:28:39 [debug] 41554#41554: *1 recv: eof:0, avail:1
2021/04/26 14:28:39 [debug] 41554#41554: *1 recv: fd:13 482 of 1024
2021/04/26 14:28:39 [debug] 41554#41554: *1 reusable connection: 0
2021/04/26 14:28:39 [debug] 41554#41554: *1 posix_memalign: 0000560C51789B40:4096 @16
2021/04/26 14:28:39 [debug] 41554#41554: *1 http process request line
2021/04/26 14:28:39 [debug] 41554#41554: *1 http request line: "GET / HTTP/1.1"
2021/04/26 14:28:39 [debug] 41554#41554: *1 http uri: "/"
2021/04/26 14:28:39 [debug] 41554#41554: *1 http args: ""
2021/04/26 14:28:39 [debug] 41554#41554: *1 http exten: ""
2021/04/26 14:28:39 [debug] 41554#41554: *1 posix_memalign: 0000560C517D1B20:4096 @16
2021/04/26 14:28:39 [debug] 41554#41554: *1 http process request header line
2021/04/26 14:28:39 [debug] 41554#41554: *1 http header: "Host: localhost"
2021/04/26 14:28:39 [debug] 41554#41554: *1 http header: "User-Agent: Mozilla/5.0 (X11; Ubuntu; Linux x86_64; rv:87.0) Gecko/20100101 Firefox/87.0"
2021/04/26 14:28:39 [debug] 41554#41554: *1 http header: "Accept: text/html,application/xhtml+xml,application/xml;q=0.9,image/webp,*/*;q=0.8"
2021/04/26 14:28:39 [debug] 41554#41554: *1 http header: "Accept-Language: zh-CN,zh;q=0.8,zh-TW;q=0.7,zh-HK;q=0.5,en-US;q=0.3,en;q=0.2"
2021/04/26 14:28:39 [debug] 41554#41554: *1 http header: "Accept-Encoding: gzip, deflate"
2021/04/26 14:28:39 [debug] 41554#41554: *1 http header: "Connection: keep-alive"
2021/04/26 14:28:39 [debug] 41554#41554: *1 http header: "Upgrade-Insecure-Requests: 1"
2021/04/26 14:28:39 [debug] 41554#41554: *1 http header: "If-Modified-Since: Fri, 23 Apr 2021 07:39:14 GMT"
2021/04/26 14:28:39 [debug] 41554#41554: *1 http header: "If-None-Match: W/"608279a2-264""
2021/04/26 14:28:39 [debug] 41554#41554: *1 http header: "Cache-Control: max-age=0"
2021/04/26 14:28:39 [debug] 41554#41554: *1 http header done
2021/04/26 14:28:39 [debug] 41554#41554: *1 event timer del: 13: 61948423
2021/04/26 14:28:39 [debug] 41554#41554: *1 generic phase: 0
2021/04/26 14:28:39 [debug] 41554#41554: *1 rewrite phase: 1
2021/04/26 14:28:39 [debug] 41554#41554: *1 test location: "/"
2021/04/26 14:28:39 [debug] 41554#41554: *1 using configuration "/"
2021/04/26 14:28:39 [debug] 41554#41554: *1 http cl:-1 max:1048576
2021/04/26 14:28:39 [debug] 41554#41554: *1 rewrite phase: 3
2021/04/26 14:28:39 [debug] 41554#41554: *1 post rewrite phase: 4
2021/04/26 14:28:39 [debug] 41554#41554: *1 generic phase: 5
2021/04/26 14:28:39 [debug] 41554#41554: *1 generic phase: 6
2021/04/26 14:28:39 [debug] 41554#41554: *1 generic phase: 7
2021/04/26 14:28:39 [debug] 41554#41554: *1 access phase: 8
2021/04/26 14:28:39 [debug] 41554#41554: *1 access phase: 9
2021/04/26 14:28:39 [debug] 41554#41554: *1 access phase: 10
2021/04/26 14:28:39 [debug] 41554#41554: *1 post access phase: 11
2021/04/26 14:28:39 [debug] 41554#41554: *1 generic phase: 12
2021/04/26 14:28:39 [debug] 41554#41554: *1 try files handler
2021/04/26 14:28:39 [debug] 41554#41554: *1 http script var: "/"
2021/04/26 14:28:39 [debug] 41554#41554: *1 trying to use file: "/" "/var/www/html/"
2021/04/26 14:28:39 [debug] 41554#41554: *1 http script var: "/"
2021/04/26 14:28:39 [debug] 41554#41554: *1 trying to use dir: "/" "/var/www/html/"
2021/04/26 14:28:39 [debug] 41554#41554: *1 try file uri: "/"
2021/04/26 14:28:39 [debug] 41554#41554: *1 generic phase: 13
2021/04/26 14:28:39 [debug] 41554#41554: *1 content phase: 14
2021/04/26 14:28:39 [debug] 41554#41554: *1 open index "/var/www/html/index.html"
2021/04/26 14:28:39 [debug] 41554#41554: *1 stat() "/var/www/html/index.html" failed (2: No such file or directory)
2021/04/26 14:28:39 [debug] 41554#41554: *1 http index check dir: "/var/www/html"
2021/04/26 14:28:39 [debug] 41554#41554: *1 open index "/var/www/html/index.htm"
2021/04/26 14:28:39 [debug] 41554#41554: *1 stat() "/var/www/html/index.htm" failed (2: No such file or directory)
2021/04/26 14:28:39 [debug] 41554#41554: *1 open index "/var/www/html/index.nginx-debian.html"
2021/04/26 14:28:39 [debug] 41554#41554: *1 internal redirect: "/index.nginx-debian.html?"
2021/04/26 14:28:39 [debug] 41554#41554: *1 rewrite phase: 1
2021/04/26 14:28:39 [debug] 41554#41554: *1 test location: "/"
2021/04/26 14:28:39 [debug] 41554#41554: *1 using configuration "/"
2021/04/26 14:28:39 [debug] 41554#41554: *1 http cl:-1 max:1048576
2021/04/26 14:28:39 [debug] 41554#41554: *1 rewrite phase: 3
2021/04/26 14:28:39 [debug] 41554#41554: *1 post rewrite phase: 4
2021/04/26 14:28:39 [debug] 41554#41554: *1 generic phase: 5
2021/04/26 14:28:39 [debug] 41554#41554: *1 generic phase: 6
2021/04/26 14:28:39 [debug] 41554#41554: *1 generic phase: 7
2021/04/26 14:28:39 [debug] 41554#41554: *1 access phase: 8
2021/04/26 14:28:39 [debug] 41554#41554: *1 access phase: 9
2021/04/26 14:28:39 [debug] 41554#41554: *1 access phase: 10
2021/04/26 14:28:39 [debug] 41554#41554: *1 post access phase: 11
2021/04/26 14:28:39 [debug] 41554#41554: *1 generic phase: 12
2021/04/26 14:28:39 [debug] 41554#41554: *1 try files handler
2021/04/26 14:28:39 [debug] 41554#41554: *1 http script var: "/index.nginx-debian.html"
2021/04/26 14:28:39 [debug] 41554#41554: *1 trying to use file: "/index.nginx-debian.html" "/var/www/html/index.nginx-debian.html"
2021/04/26 14:28:39 [debug] 41554#41554: *1 try file uri: "/index.nginx-debian.html"
2021/04/26 14:28:39 [debug] 41554#41554: *1 generic phase: 13
2021/04/26 14:28:39 [debug] 41554#41554: *1 content phase: 14
2021/04/26 14:28:39 [debug] 41554#41554: *1 content phase: 15
2021/04/26 14:28:39 [debug] 41554#41554: *1 content phase: 16
2021/04/26 14:28:39 [debug] 41554#41554: *1 content phase: 17
2021/04/26 14:28:39 [debug] 41554#41554: *1 content phase: 18
2021/04/26 14:28:39 [debug] 41554#41554: *1 http filename: "/var/www/html/index.nginx-debian.html"
2021/04/26 14:28:39 [debug] 41554#41554: *1 add cleanup: 0000560C5178A9A0
2021/04/26 14:28:39 [debug] 41554#41554: *1 http static fd: 14
2021/04/26 14:28:39 [debug] 41554#41554: *1 http set discard body
2021/04/26 14:28:39 [debug] 41554#41554: *1 http ims:1619163554 lm:1619163554
2021/04/26 14:28:39 [debug] 41554#41554: *1 http im:"W/"608279a2-264"" etag:"608279a2-264"
2021/04/26 14:28:39 [debug] 41554#41554: *1 xslt filter header
2021/04/26 14:28:39 [debug] 41554#41554: *1 HTTP/1.1 304 Not Modified
Server: nginx/1.14.0 (Ubuntu)
Date: Mon, 26 Apr 2021 06:28:39 GMT
Last-Modified: Fri, 23 Apr 2021 07:39:14 GMT
Connection: keep-alive
ETag: "608279a2-264"

2021/04/26 14:28:39 [debug] 41554#41554: *1 write new buf t:1 f:0 0000560C517D1F50, pos 0000560C517D1F50, size: 189 file: 0, size: 0
2021/04/26 14:28:39 [debug] 41554#41554: *1 http write filter: l:1 f:0 s:189
2021/04/26 14:28:39 [debug] 41554#41554: *1 http write filter limit 0
2021/04/26 14:28:39 [debug] 41554#41554: *1 writev: 189 of 189
2021/04/26 14:28:39 [debug] 41554#41554: *1 http write filter 0000000000000000
2021/04/26 14:28:39 [debug] 41554#41554: *1 http finalize request: 0, "/index.nginx-debian.html?" a:1, c:2
2021/04/26 14:28:39 [debug] 41554#41554: *1 http request count:2 blk:0
2021/04/26 14:28:39 [debug] 41554#41554: *1 http finalize request: -4, "/index.nginx-debian.html?" a:1, c:1
2021/04/26 14:28:39 [debug] 41554#41554: *1 set http keepalive handler
2021/04/26 14:28:39 [debug] 41554#41554: *1 http close request
2021/04/26 14:28:39 [debug] 41554#41554: *1 http log handler
2021/04/26 14:28:39 [debug] 41554#41554: *1 run cleanup: 0000560C5178A9A0
2021/04/26 14:28:39 [debug] 41554#41554: *1 file cleanup: fd:14
2021/04/26 14:28:39 [debug] 41554#41554: *1 free: 0000560C51789B40, unused: 0
2021/04/26 14:28:39 [debug] 41554#41554: *1 free: 0000560C517D1B20, unused: 2650
2021/04/26 14:28:39 [debug] 41554#41554: *1 free: 0000560C51773330
2021/04/26 14:28:39 [debug] 41554#41554: *1 hc free: 0000000000000000
2021/04/26 14:28:39 [debug] 41554#41554: *1 hc busy: 0000000000000000 0
2021/04/26 14:28:39 [debug] 41554#41554: *1 tcp_nodelay
2021/04/26 14:28:39 [debug] 41554#41554: *1 reusable connection: 1
2021/04/26 14:28:39 [debug] 41554#41554: *1 event timer add: 13: 65000:61953431
2021/04/26 14:28:52 [debug] 41554#41554: *1 http keepalive handler
2021/04/26 14:28:52 [debug] 41554#41554: *1 malloc: 0000560C51773330:1024
2021/04/26 14:28:52 [debug] 41554#41554: *1 recv: eof:0, avail:1
2021/04/26 14:28:52 [debug] 41554#41554: *1 recv: fd:13 482 of 1024
2021/04/26 14:28:52 [debug] 41554#41554: *1 reusable connection: 0
2021/04/26 14:28:52 [debug] 41554#41554: *1 posix_memalign: 0000560C51789B40:4096 @16
2021/04/26 14:28:52 [debug] 41554#41554: *1 event timer del: 13: 61953431
2021/04/26 14:28:52 [debug] 41554#41554: *1 http process request line
2021/04/26 14:28:52 [debug] 41554#41554: *1 http request line: "GET / HTTP/1.1"
2021/04/26 14:28:52 [debug] 41554#41554: *1 http uri: "/"
2021/04/26 14:28:52 [debug] 41554#41554: *1 http args: ""
2021/04/26 14:28:52 [debug] 41554#41554: *1 http exten: ""
2021/04/26 14:28:52 [debug] 41554#41554: *1 posix_memalign: 0000560C517D1B20:4096 @16
2021/04/26 14:28:52 [debug] 41554#41554: *1 http process request header line
2021/04/26 14:28:52 [debug] 41554#41554: *1 http header: "Host: localhost"
2021/04/26 14:28:52 [debug] 41554#41554: *1 http header: "User-Agent: Mozilla/5.0 (X11; Ubuntu; Linux x86_64; rv:87.0) Gecko/20100101 Firefox/87.0"
2021/04/26 14:28:52 [debug] 41554#41554: *1 http header: "Accept: text/html,application/xhtml+xml,application/xml;q=0.9,image/webp,*/*;q=0.8"
2021/04/26 14:28:52 [debug] 41554#41554: *1 http header: "Accept-Language: zh-CN,zh;q=0.8,zh-TW;q=0.7,zh-HK;q=0.5,en-US;q=0.3,en;q=0.2"
2021/04/26 14:28:52 [debug] 41554#41554: *1 http header: "Accept-Encoding: gzip, deflate"
2021/04/26 14:28:52 [debug] 41554#41554: *1 http header: "Connection: keep-alive"
2021/04/26 14:28:52 [debug] 41554#41554: *1 http header: "Upgrade-Insecure-Requests: 1"
2021/04/26 14:28:52 [debug] 41554#41554: *1 http header: "If-Modified-Since: Fri, 23 Apr 2021 07:39:14 GMT"
2021/04/26 14:28:52 [debug] 41554#41554: *1 http header: "If-None-Match: W/"608279a2-264""
2021/04/26 14:28:52 [debug] 41554#41554: *1 http header: "Cache-Control: max-age=0"
2021/04/26 14:28:52 [debug] 41554#41554: *1 http header done
2021/04/26 14:28:52 [debug] 41554#41554: *1 generic phase: 0
2021/04/26 14:28:52 [debug] 41554#41554: *1 rewrite phase: 1
2021/04/26 14:28:52 [debug] 41554#41554: *1 test location: "/"
2021/04/26 14:28:52 [debug] 41554#41554: *1 using configuration "/"
2021/04/26 14:28:52 [debug] 41554#41554: *1 http cl:-1 max:1048576
2021/04/26 14:28:52 [debug] 41554#41554: *1 rewrite phase: 3
2021/04/26 14:28:52 [debug] 41554#41554: *1 post rewrite phase: 4
2021/04/26 14:28:52 [debug] 41554#41554: *1 generic phase: 5
2021/04/26 14:28:52 [debug] 41554#41554: *1 generic phase: 6
2021/04/26 14:28:52 [debug] 41554#41554: *1 generic phase: 7
2021/04/26 14:28:52 [debug] 41554#41554: *1 access phase: 8
2021/04/26 14:28:52 [debug] 41554#41554: *1 access phase: 9
2021/04/26 14:28:52 [debug] 41554#41554: *1 access phase: 10
2021/04/26 14:28:52 [debug] 41554#41554: *1 post access phase: 11
2021/04/26 14:28:52 [debug] 41554#41554: *1 generic phase: 12
2021/04/26 14:28:52 [debug] 41554#41554: *1 try files handler
2021/04/26 14:28:52 [debug] 41554#41554: *1 http script var: "/"
2021/04/26 14:28:52 [debug] 41554#41554: *1 trying to use file: "/" "/var/www/html/"
2021/04/26 14:28:52 [debug] 41554#41554: *1 http script var: "/"
2021/04/26 14:28:52 [debug] 41554#41554: *1 trying to use dir: "/" "/var/www/html/"
2021/04/26 14:28:52 [debug] 41554#41554: *1 try file uri: "/"
2021/04/26 14:28:52 [debug] 41554#41554: *1 generic phase: 13
2021/04/26 14:28:52 [debug] 41554#41554: *1 content phase: 14
2021/04/26 14:28:52 [debug] 41554#41554: *1 open index "/var/www/html/index.html"
2021/04/26 14:28:52 [debug] 41554#41554: *1 stat() "/var/www/html/index.html" failed (2: No such file or directory)
2021/04/26 14:28:52 [debug] 41554#41554: *1 http index check dir: "/var/www/html"
2021/04/26 14:28:52 [debug] 41554#41554: *1 open index "/var/www/html/index.htm"
2021/04/26 14:28:52 [debug] 41554#41554: *1 stat() "/var/www/html/index.htm" failed (2: No such file or directory)
2021/04/26 14:28:52 [debug] 41554#41554: *1 open index "/var/www/html/index.nginx-debian.html"
2021/04/26 14:28:52 [debug] 41554#41554: *1 internal redirect: "/index.nginx-debian.html?"
2021/04/26 14:28:52 [debug] 41554#41554: *1 rewrite phase: 1
2021/04/26 14:28:52 [debug] 41554#41554: *1 test location: "/"
2021/04/26 14:28:52 [debug] 41554#41554: *1 using configuration "/"
2021/04/26 14:28:52 [debug] 41554#41554: *1 http cl:-1 max:1048576
2021/04/26 14:28:52 [debug] 41554#41554: *1 rewrite phase: 3
2021/04/26 14:28:52 [debug] 41554#41554: *1 post rewrite phase: 4
2021/04/26 14:28:52 [debug] 41554#41554: *1 generic phase: 5
2021/04/26 14:28:52 [debug] 41554#41554: *1 generic phase: 6
2021/04/26 14:28:52 [debug] 41554#41554: *1 generic phase: 7
2021/04/26 14:28:52 [debug] 41554#41554: *1 access phase: 8
2021/04/26 14:28:52 [debug] 41554#41554: *1 access phase: 9
2021/04/26 14:28:52 [debug] 41554#41554: *1 access phase: 10
2021/04/26 14:28:52 [debug] 41554#41554: *1 post access phase: 11
2021/04/26 14:28:52 [debug] 41554#41554: *1 generic phase: 12
2021/04/26 14:28:52 [debug] 41554#41554: *1 try files handler
2021/04/26 14:28:52 [debug] 41554#41554: *1 http script var: "/index.nginx-debian.html"
2021/04/26 14:28:52 [debug] 41554#41554: *1 trying to use file: "/index.nginx-debian.html" "/var/www/html/index.nginx-debian.html"
2021/04/26 14:28:52 [debug] 41554#41554: *1 try file uri: "/index.nginx-debian.html"
2021/04/26 14:28:52 [debug] 41554#41554: *1 generic phase: 13
2021/04/26 14:28:52 [debug] 41554#41554: *1 content phase: 14
2021/04/26 14:28:52 [debug] 41554#41554: *1 content phase: 15
2021/04/26 14:28:52 [debug] 41554#41554: *1 content phase: 16
2021/04/26 14:28:52 [debug] 41554#41554: *1 content phase: 17
2021/04/26 14:28:52 [debug] 41554#41554: *1 content phase: 18
2021/04/26 14:28:52 [debug] 41554#41554: *1 http filename: "/var/www/html/index.nginx-debian.html"
2021/04/26 14:28:52 [debug] 41554#41554: *1 add cleanup: 0000560C5178A9A0
2021/04/26 14:28:52 [debug] 41554#41554: *1 http static fd: 14
2021/04/26 14:28:52 [debug] 41554#41554: *1 http set discard body
2021/04/26 14:28:52 [debug] 41554#41554: *1 http ims:1619163554 lm:1619163554
2021/04/26 14:28:52 [debug] 41554#41554: *1 http im:"W/"608279a2-264"" etag:"608279a2-264"
2021/04/26 14:28:52 [debug] 41554#41554: *1 xslt filter header
2021/04/26 14:28:52 [debug] 41554#41554: *1 HTTP/1.1 304 Not Modified
Server: nginx/1.14.0 (Ubuntu)
Date: Mon, 26 Apr 2021 06:28:52 GMT
Last-Modified: Fri, 23 Apr 2021 07:39:14 GMT
Connection: keep-alive
ETag: "608279a2-264"

2021/04/26 14:28:52 [debug] 41554#41554: *1 write new buf t:1 f:0 0000560C517D1F50, pos 0000560C517D1F50, size: 189 file: 0, size: 0
2021/04/26 14:28:52 [debug] 41554#41554: *1 http write filter: l:1 f:0 s:189
2021/04/26 14:28:52 [debug] 41554#41554: *1 http write filter limit 0
2021/04/26 14:28:52 [debug] 41554#41554: *1 writev: 189 of 189
2021/04/26 14:28:52 [debug] 41554#41554: *1 http write filter 0000000000000000
2021/04/26 14:28:52 [debug] 41554#41554: *1 http finalize request: 0, "/index.nginx-debian.html?" a:1, c:2
2021/04/26 14:28:52 [debug] 41554#41554: *1 http request count:2 blk:0
2021/04/26 14:28:52 [debug] 41554#41554: *1 http finalize request: -4, "/index.nginx-debian.html?" a:1, c:1
2021/04/26 14:28:52 [debug] 41554#41554: *1 set http keepalive handler
2021/04/26 14:28:52 [debug] 41554#41554: *1 http close request
2021/04/26 14:28:52 [debug] 41554#41554: *1 http log handler
2021/04/26 14:28:52 [debug] 41554#41554: *1 run cleanup: 0000560C5178A9A0
2021/04/26 14:28:52 [debug] 41554#41554: *1 file cleanup: fd:14
2021/04/26 14:28:52 [debug] 41554#41554: *1 free: 0000560C51789B40, unused: 0
2021/04/26 14:28:52 [debug] 41554#41554: *1 free: 0000560C517D1B20, unused: 2650
2021/04/26 14:28:52 [debug] 41554#41554: *1 free: 0000560C51773330
2021/04/26 14:28:52 [debug] 41554#41554: *1 hc free: 0000000000000000
2021/04/26 14:28:52 [debug] 41554#41554: *1 hc busy: 0000000000000000 0
2021/04/26 14:28:52 [debug] 41554#41554: *1 reusable connection: 1
2021/04/26 14:28:52 [debug] 41554#41554: *1 event timer add: 13: 65000:61965931
2021/04/26 14:29:47 [debug] 41554#41554: epoll del event: fd:6 op:2 ev:00000000
2021/04/26 14:29:47 [debug] 41554#41554: epoll del event: fd:7 op:2 ev:00000000
2021/04/26 14:29:47 [debug] 41554#41554: *1 http keepalive handler
2021/04/26 14:29:47 [debug] 41554#41554: *1 close http connection: 13
2021/04/26 14:29:47 [debug] 41554#41554: *1 event timer del: 13: 61965931
2021/04/26 14:29:47 [debug] 41554#41554: *1 reusable connection: 0
2021/04/26 14:29:47 [debug] 41555#41555: epoll del event: fd:6 op:2 ev:00000000
2021/04/26 14:29:47 [debug] 41555#41555: epoll del event: fd:7 op:2 ev:00000000
2021/04/26 14:29:47 [debug] 41554#41554: *1 free: 0000000000000000
2021/04/26 14:29:47 [debug] 41554#41554: *1 free: 0000560C51772920, unused: 136
2021/04/26 14:29:47 [debug] 41557#41557: epoll del event: fd:6 op:2 ev:00000000
2021/04/26 14:29:47 [debug] 41557#41557: epoll del event: fd:7 op:2 ev:00000000
2021/04/26 14:29:47 [debug] 41556#41556: epoll del event: fd:6 op:2 ev:00000000
2021/04/26 14:29:47 [debug] 41556#41556: epoll del event: fd:7 op:2 ev:00000000
2021/04/26 14:29:47 [emerg] 41577#41577: "keepalive_timeout" directive invalid value in /etc/nginx/nginx.conf:20
2021/04/26 14:29:49 [emerg] 41584#41584: "keepalive_timeout" directive invalid value in /etc/nginx/nginx.conf:20
