2021-04-15T06:31:58.384364Z 0 [Note] Giving 0 client threads a chance to die gracefully
2021-04-15T06:31:58.385739Z 0 [Note] Shutting down slave threads
2021-04-15T06:31:58.386132Z 0 [Note] Forcefully disconnecting 0 remaining clients
2021-04-15T06:31:58.386990Z 0 [Note] Event Scheduler: Purging the queue. 0 events
2021-04-15T06:31:58.389640Z 0 [Note] Binlog end
2021-04-15T06:31:58.418958Z 0 [Note] Shutting down plugin 'auth_socket'
2021-04-15T06:31:58.420020Z 0 [Note] Shutting down plugin 'ngram'
2021-04-15T06:31:58.420042Z 0 [Note] Shutting down plugin 'partition'
2021-04-15T06:31:58.420048Z 0 [Note] Shutting down plugin 'BLACKHOLE'
2021-04-15T06:31:58.420788Z 0 [Note] Shutting down plugin 'ARCHIVE'
2021-04-15T06:31:58.420803Z 0 [Note] Shutting down plugin 'PERFORMANCE_SCHEMA'
2021-04-15T06:31:58.420833Z 0 [Note] Shutting down plugin 'MRG_MYISAM'
2021-04-15T06:31:58.420840Z 0 [Note] Shutting down plugin 'MyISAM'
2021-04-15T06:31:58.421605Z 0 [Note] Shutting down plugin 'INNODB_SYS_VIRTUAL'
2021-04-15T06:31:58.423050Z 0 [Note] Shutting down plugin 'INNODB_SYS_DATAFILES'
2021-04-15T06:31:58.423106Z 0 [Note] Shutting down plugin 'INNODB_SYS_TABLESPACES'
2021-04-15T06:31:58.423125Z 0 [Note] Shutting down plugin 'INNODB_SYS_FOREIGN_COLS'
2021-04-15T06:31:58.423143Z 0 [Note] Shutting down plugin 'INNODB_SYS_FOREIGN'
2021-04-15T06:31:58.423163Z 0 [Note] Shutting down plugin 'INNODB_SYS_FIELDS'
2021-04-15T06:31:58.423181Z 0 [Note] Shutting down plugin 'INNODB_SYS_COLUMNS'
2021-04-15T06:31:58.423198Z 0 [Note] Shutting down plugin 'INNODB_SYS_INDEXES'
2021-04-15T06:31:58.423215Z 0 [Note] Shutting down plugin 'INNODB_SYS_TABLESTATS'
2021-04-15T06:31:58.423232Z 0 [Note] Shutting down plugin 'INNODB_SYS_TABLES'
2021-04-15T06:31:58.423249Z 0 [Note] Shutting down plugin 'INNODB_FT_INDEX_TABLE'
2021-04-15T06:31:58.423266Z 0 [Note] Shutting down plugin 'INNODB_FT_INDEX_CACHE'
2021-04-15T06:31:58.423284Z 0 [Note] Shutting down plugin 'INNODB_FT_CONFIG'
2021-04-15T06:31:58.423301Z 0 [Note] Shutting down plugin 'INNODB_FT_BEING_DELETED'
2021-04-15T06:31:58.423318Z 0 [Note] Shutting down plugin 'INNODB_FT_DELETED'
2021-04-15T06:31:58.423336Z 0 [Note] Shutting down plugin 'INNODB_FT_DEFAULT_STOPWORD'
2021-04-15T06:31:58.423353Z 0 [Note] Shutting down plugin 'INNODB_METRICS'
2021-04-15T06:31:58.423370Z 0 [Note] Shutting down plugin 'INNODB_TEMP_TABLE_INFO'
2021-04-15T06:31:58.423387Z 0 [Note] Shutting down plugin 'INNODB_BUFFER_POOL_STATS'
2021-04-15T06:31:58.423392Z 0 [Note] Shutting down plugin 'INNODB_BUFFER_PAGE_LRU'
2021-04-15T06:31:58.423395Z 0 [Note] Shutting down plugin 'INNODB_BUFFER_PAGE'
2021-04-15T06:31:58.423398Z 0 [Note] Shutting down plugin 'INNODB_CMP_PER_INDEX_RESET'
2021-04-15T06:31:58.423400Z 0 [Note] Shutting down plugin 'INNODB_CMP_PER_INDEX'
2021-04-15T06:31:58.423403Z 0 [Note] Shutting down plugin 'INNODB_CMPMEM_RESET'
2021-04-15T06:31:58.423406Z 0 [Note] Shutting down plugin 'INNODB_CMPMEM'
2021-04-15T06:31:58.423409Z 0 [Note] Shutting down plugin 'INNODB_CMP_RESET'
2021-04-15T06:31:58.423412Z 0 [Note] Shutting down plugin 'INNODB_CMP'
2021-04-15T06:31:58.423427Z 0 [Note] Shutting down plugin 'INNODB_LOCK_WAITS'
2021-04-15T06:31:58.423429Z 0 [Note] Shutting down plugin 'INNODB_LOCKS'
2021-04-15T06:31:58.423432Z 0 [Note] Shutting down plugin 'INNODB_TRX'
2021-04-15T06:31:58.423434Z 0 [Note] Shutting down plugin 'InnoDB'
2021-04-15T06:31:58.430829Z 0 [Note] InnoDB: FTS optimize thread exiting.
2021-04-15T06:31:58.430944Z 0 [Note] InnoDB: Starting shutdown...
2021-04-15T06:31:58.534058Z 0 [Note] InnoDB: Dumping buffer pool(s) to /var/lib/mysql/ib_buffer_pool
2021-04-15T06:31:58.535586Z 0 [Note] InnoDB: Buffer pool(s) dump completed at 210414 23:31:58
2021-04-15T06:32:00.194477Z 0 [Note] InnoDB: Shutdown completed; log sequence number 3452819
2021-04-15T06:32:00.195037Z 0 [Note] InnoDB: Removed temporary tablespace data file: "ibtmp1"
2021-04-15T06:32:00.195089Z 0 [Note] Shutting down plugin 'MEMORY'
2021-04-15T06:32:00.195111Z 0 [Note] Shutting down plugin 'CSV'
2021-04-15T06:32:00.195124Z 0 [Note] Shutting down plugin 'sha256_password'
2021-04-15T06:32:00.195130Z 0 [Note] Shutting down plugin 'mysql_native_password'
2021-04-15T06:32:00.206082Z 0 [Note] Shutting down plugin 'binlog'
2021-04-15T06:32:00.223793Z 0 [Note] /usr/sbin/mysqld: Shutdown complete
