[rospy.client][INFO] 2021-05-02 14:57:33,000: init_node, name[/gazebo_odometry.node], pid[25374]
[xmlrpc][INFO] 2021-05-02 14:57:33,000: XML-RPC server binding to 0.0.0.0:0
[xmlrpc][INFO] 2021-05-02 14:57:33,000: Started XML-RPC server [http://ubuntu:40305/]
[rospy.impl.masterslave][INFO] 2021-05-02 14:57:33,001: _ready: http://ubuntu:40305/
[xmlrpc][INFO] 2021-05-02 14:57:33,001: xml rpc node: starting XML-RPC server
[rospy.init][INFO] 2021-05-02 14:57:33,002: ROS Slave URI: [http://ubuntu:40305/]
[rospy.registration][INFO] 2021-05-02 14:57:33,002: Registering with master node http://localhost:11311
[rospy.registration][INFO] 2021-05-02 14:57:33,002: Registering publisher topic [/vesc/odom] type [nav_msgs/Odometry] with master
[rospy.init][INFO] 2021-05-02 14:57:33,102: registered with master
[rospy.rosout][INFO] 2021-05-02 14:57:33,102: initializing /rosout core topic
[rospy.rosout][INFO] 2021-05-02 14:57:33,104: connected to core topic /rosout
[rospy.simtime][INFO] 2021-05-02 14:57:33,109: initializing /clock core topic
[rospy.simtime][INFO] 2021-05-02 14:57:33,112: connected to core topic /clock
[rospy.internal][INFO] 2021-05-02 14:57:33,263: topic[/rosout] adding connection to [/rosout], count 0
[rospy.internal][INFO] 2021-05-02 14:57:33,265: topic[/vesc/odom] adding connection to [/better_odom], count 0
[rospy.internal][INFO] 2021-05-02 14:57:34,357: topic[/clock] adding connection to [http://ubuntu:37271/], count 0
[rospy.internal][INFO] 2021-05-02 14:57:34,358: topic[/gazebo/link_states] adding connection to [http://ubuntu:37271/], count 0
[rospy.core][INFO] 2021-05-02 14:57:44,586: signal_shutdown [signal-2]
[rospy.internal][INFO] 2021-05-02 14:57:44,589: topic[/rosout] removing connection to /rosout
[rospy.internal][INFO] 2021-05-02 14:57:44,589: topic[/vesc/odom] removing connection to /better_odom
[rospy.internal][INFO] 2021-05-02 14:57:44,589: topic[/clock] removing connection to http://ubuntu:37271/
[rospy.internal][INFO] 2021-05-02 14:57:44,590: topic[/gazebo/link_states] removing connection to http://ubuntu:37271/
[rospy.impl.masterslave][INFO] 2021-05-02 14:57:44,590: signal-2
[rospy.internal][ERROR] 2021-05-02 14:57:44,591: Traceback (most recent call last):
  File "/opt/ros/melodic/lib/python2.7/dist-packages/rospy/impl/tcpros_base.py", line 737, in receive_once
    self.stat_bytes += recv_buff(sock, b, p.buff_size)
  File "/opt/ros/melodic/lib/python2.7/dist-packages/rospy/impl/tcpros_base.py", line 104, in recv_buff
    d = sock.recv(buff_size)
error: [Errno 104] Connection reset by peer

[rospy.core][INFO] 2021-05-02 14:57:44,756: signal_shutdown [atexit]
