[rospy.client][INFO] 2021-05-02 14:57:32,494: init_node, name[/keyboard_teleop], pid[25439]
[xmlrpc][INFO] 2021-05-02 14:57:32,495: XML-RPC server binding to 0.0.0.0:0
[xmlrpc][INFO] 2021-05-02 14:57:32,496: Started XML-RPC server [http://ubuntu:40335/]
[rospy.impl.masterslave][INFO] 2021-05-02 14:57:32,496: _ready: http://ubuntu:40335/
[rospy.registration][INFO] 2021-05-02 14:57:32,498: Registering with master node http://localhost:11311
[rospy.init][INFO] 2021-05-02 14:57:32,497: ROS Slave URI: [http://ubuntu:40335/]
[rospy.init][INFO] 2021-05-02 14:57:32,499: registered with master
[rospy.rosout][INFO] 2021-05-02 14:57:32,501: initializing /rosout core topic
[xmlrpc][INFO] 2021-05-02 14:57:32,502: xml rpc node: starting XML-RPC server
[rospy.rosout][INFO] 2021-05-02 14:57:32,506: connected to core topic /rosout
[rospy.simtime][INFO] 2021-05-02 14:57:32,509: initializing /clock core topic
[rospy.simtime][INFO] 2021-05-02 14:57:32,511: connected to core topic /clock
[rospy.internal][INFO] 2021-05-02 14:57:32,656: topic[/rosout] adding connection to [/rosout], count 0
[rospy.internal][INFO] 2021-05-02 14:57:32,753: topic[/vesc/low_level/ackermann_cmd_mux/input/teleop] adding connection to [/vesc/low_level/ackermann_cmd_mux_nodelet_manager], count 0
[rospy.internal][INFO] 2021-05-02 14:57:34,356: topic[/clock] adding connection to [http://ubuntu:37271/], count 0
[rospy.core][INFO] 2021-05-02 14:57:41,144: signal_shutdown [shutdown]
[rospy.internal][INFO] 2021-05-02 14:57:41,148: topic[/vesc/low_level/ackermann_cmd_mux/input/teleop] removing connection to /vesc/low_level/ackermann_cmd_mux_nodelet_manager
[rospy.internal][INFO] 2021-05-02 14:57:41,149: topic[/rosout] removing connection to /rosout
[rospy.internal][INFO] 2021-05-02 14:57:41,149: topic[/clock] removing connection to http://ubuntu:37271/
[rospy.impl.masterslave][INFO] 2021-05-02 14:57:41,151: shutdown
[rospy.core][INFO] 2021-05-02 14:57:41,291: signal_shutdown [atexit]
