[rospy.client][INFO] 2021-05-02 14:57:32,982: init_node, name[/racecar_spawn], pid[25366]
[xmlrpc][INFO] 2021-05-02 14:57:32,982: XML-RPC server binding to 0.0.0.0:0
[xmlrpc][INFO] 2021-05-02 14:57:32,983: Started XML-RPC server [http://ubuntu:38103/]
[rospy.impl.masterslave][INFO] 2021-05-02 14:57:32,983: _ready: http://ubuntu:38103/
[xmlrpc][INFO] 2021-05-02 14:57:32,983: xml rpc node: starting XML-RPC server
[rospy.init][INFO] 2021-05-02 14:57:32,983: ROS Slave URI: [http://ubuntu:38103/]
[rospy.registration][INFO] 2021-05-02 14:57:32,984: Registering with master node http://localhost:11311
[rospy.init][INFO] 2021-05-02 14:57:33,085: registered with master
[rospy.rosout][INFO] 2021-05-02 14:57:33,085: initializing /rosout core topic
[rospy.rosout][INFO] 2021-05-02 14:57:33,087: connected to core topic /rosout
[rospy.simtime][INFO] 2021-05-02 14:57:33,087: initializing /clock core topic
[rospy.simtime][INFO] 2021-05-02 14:57:33,089: connected to core topic /clock
[rosout][INFO] 2021-05-02 14:57:33,093: Loading model XML from ros parameter robot_description
[rosout][INFO] 2021-05-02 14:57:33,101: Waiting for service /gazebo/spawn_urdf_model
[rospy.internal][INFO] 2021-05-02 14:57:33,263: topic[/rosout] adding connection to [/rosout], count 0
[rosout][INFO] 2021-05-02 14:57:34,327: Calling service /gazebo/spawn_urdf_model
[rospy.internal][INFO] 2021-05-02 14:57:34,356: topic[/clock] adding connection to [http://ubuntu:37271/], count 0
[rosout][INFO] 2021-05-02 14:57:34,916: Spawn status: SpawnModel: Successfully spawned entity
[rospy.core][INFO] 2021-05-02 14:57:34,922: signal_shutdown [atexit]
[rospy.internal][INFO] 2021-05-02 14:57:34,925: topic[/rosout] removing connection to /rosout
[rospy.internal][INFO] 2021-05-02 14:57:34,926: topic[/clock] removing connection to http://ubuntu:37271/
[rospy.impl.masterslave][INFO] 2021-05-02 14:57:34,926: atexit
