[rospy.client][INFO] 2021-05-02 14:57:32,325: init_node, name[/racecar/controller_manager], pid[25367]
[xmlrpc][INFO] 2021-05-02 14:57:32,326: XML-RPC server binding to 0.0.0.0:0
[xmlrpc][INFO] 2021-05-02 14:57:32,326: Started XML-RPC server [http://ubuntu:37701/]
[rospy.impl.masterslave][INFO] 2021-05-02 14:57:32,326: _ready: http://ubuntu:37701/
[xmlrpc][INFO] 2021-05-02 14:57:32,326: xml rpc node: starting XML-RPC server
[rospy.registration][INFO] 2021-05-02 14:57:32,327: Registering with master node http://localhost:11311
[rospy.init][INFO] 2021-05-02 14:57:32,329: ROS Slave URI: [http://ubuntu:37701/]
[rospy.init][INFO] 2021-05-02 14:57:32,329: registered with master
[rospy.rosout][INFO] 2021-05-02 14:57:32,330: initializing /rosout core topic
[rospy.rosout][INFO] 2021-05-02 14:57:32,333: connected to core topic /rosout
[rospy.simtime][INFO] 2021-05-02 14:57:32,340: initializing /clock core topic
[rospy.simtime][INFO] 2021-05-02 14:57:32,341: connected to core topic /clock
[rosout][INFO] 2021-05-02 14:57:32,357: Controller Spawner: Waiting for service controller_manager/load_controller
[rospy.internal][INFO] 2021-05-02 14:57:32,552: topic[/rosout] adding connection to [/rosout], count 0
[rospy.internal][INFO] 2021-05-02 14:57:34,325: topic[/clock] adding connection to [http://ubuntu:37271/], count 0
[rosout][INFO] 2021-05-02 14:57:35,683: Controller Spawner: Waiting for service controller_manager/switch_controller
[rosout][INFO] 2021-05-02 14:57:35,705: Controller Spawner: Waiting for service controller_manager/unload_controller
[rosout][INFO] 2021-05-02 14:57:35,710: Loading controller: left_rear_wheel_velocity_controller
[rosout][INFO] 2021-05-02 14:57:35,793: Loading controller: right_rear_wheel_velocity_controller
[rosout][INFO] 2021-05-02 14:57:35,846: Loading controller: left_front_wheel_velocity_controller
[rosout][INFO] 2021-05-02 14:57:35,938: Loading controller: right_front_wheel_velocity_controller
[rosout][INFO] 2021-05-02 14:57:36,062: Loading controller: left_steering_hinge_position_controller
[rosout][INFO] 2021-05-02 14:57:36,145: Loading controller: right_steering_hinge_position_controller
[rosout][INFO] 2021-05-02 14:57:36,196: Loading controller: joint_state_controller
[rosout][INFO] 2021-05-02 14:57:36,218: Controller Spawner: Loaded controllers: left_rear_wheel_velocity_controller, right_rear_wheel_velocity_controller, left_front_wheel_velocity_controller, right_front_wheel_velocity_controller, left_steering_hinge_position_controller, right_steering_hinge_position_controller, joint_state_controller
[rosout][INFO] 2021-05-02 14:57:36,233: Started controllers: left_rear_wheel_velocity_controller, right_rear_wheel_velocity_controller, left_front_wheel_velocity_controller, right_front_wheel_velocity_controller, left_steering_hinge_position_controller, right_steering_hinge_position_controller, joint_state_controller
[rospy.core][INFO] 2021-05-02 14:57:44,674: signal_shutdown [signal-2]
[rosout][INFO] 2021-05-02 14:57:44,674: Shutting down spawner. Stopping and unloading controllers...
[rosout][INFO] 2021-05-02 14:57:44,681: Stopping all controllers...
[rosout][INFO] 2021-05-02 14:57:44,713: Unloading all loaded controllers...
[rosout][INFO] 2021-05-02 14:57:44,726: Trying to unload joint_state_controller
[rosout][INFO] 2021-05-02 14:57:44,776: Succeeded in unloading joint_state_controller
[rosout][INFO] 2021-05-02 14:57:44,777: Trying to unload right_steering_hinge_position_controller
[rosout][INFO] 2021-05-02 14:57:44,829: Succeeded in unloading right_steering_hinge_position_controller
[rosout][INFO] 2021-05-02 14:57:44,832: Trying to unload left_steering_hinge_position_controller
[rospy.core][INFO] 2021-05-02 14:57:59,732: signal_shutdown [signal-15]
[rospy.internal][ERROR] 2021-05-02 14:57:59,733: Traceback (most recent call last):
  File "/opt/ros/melodic/lib/python2.7/dist-packages/rospy/impl/tcpros_base.py", line 737, in receive_once
    self.stat_bytes += recv_buff(sock, b, p.buff_size)
  File "/opt/ros/melodic/lib/python2.7/dist-packages/rospy/impl/tcpros_base.py", line 104, in recv_buff
    d = sock.recv(buff_size)
error: [Errno 4] Interrupted system call

[rosout][WARNING] 2021-05-02 14:57:59,733: Controller Spawner error while taking down controllers: transport error completing service call: receive_once[/racecar/controller_manager/unload_controller]: unexpected error [Errno 4] Interrupted system call
[rospy.internal][INFO] 2021-05-02 14:57:59,737: topic[/rosout] removing connection to /rosout
[rospy.internal][INFO] 2021-05-02 14:57:59,738: topic[/clock] removing connection to http://ubuntu:37271/
[rospy.impl.masterslave][INFO] 2021-05-02 14:57:59,738: signal-2
[rospy.core][INFO] 2021-05-02 14:57:59,872: signal_shutdown [atexit]
