[rospy.client][INFO] 2021-05-18 13:14:45,808: init_node, name[/gazebo_odometry_node], pid[66690]
[xmlrpc][INFO] 2021-05-18 13:14:45,808: XML-RPC server binding to 0.0.0.0:0
[xmlrpc][INFO] 2021-05-18 13:14:45,809: Started XML-RPC server [http://ubuntu:39475/]
[rospy.impl.masterslave][INFO] 2021-05-18 13:14:45,809: _ready: http://ubuntu:39475/
[rospy.init][INFO] 2021-05-18 13:14:45,809: ROS Slave URI: [http://ubuntu:39475/]
[xmlrpc][INFO] 2021-05-18 13:14:45,809: xml rpc node: starting XML-RPC server
[rospy.registration][INFO] 2021-05-18 13:14:45,810: Registering with master node http://localhost:11311
[rospy.registration][INFO] 2021-05-18 13:14:45,810: Registering publisher topic [/vesc/odom] type [nav_msgs/Odometry] with master
[rospy.init][INFO] 2021-05-18 13:14:45,910: registered with master
[rospy.rosout][INFO] 2021-05-18 13:14:45,911: initializing /rosout core topic
[rospy.rosout][INFO] 2021-05-18 13:14:45,912: connected to core topic /rosout
[rospy.simtime][INFO] 2021-05-18 13:14:45,913: initializing /clock core topic
[rospy.simtime][INFO] 2021-05-18 13:14:45,914: connected to core topic /clock
[rospy.internal][INFO] 2021-05-18 13:14:46,041: topic[/vesc/odom] adding connection to [/better_odom], count 0
[rospy.internal][INFO] 2021-05-18 13:14:46,142: topic[/rosout] adding connection to [/rosout], count 0
[rospy.internal][INFO] 2021-05-18 13:14:47,671: topic[/gazebo/link_states] adding connection to [http://ubuntu:39467/], count 0
[rospy.internal][INFO] 2021-05-18 13:14:47,672: topic[/clock] adding connection to [http://ubuntu:39467/], count 0
[rospy.core][INFO] 2021-05-18 13:15:01,003: signal_shutdown [signal-2]
[rospy.internal][INFO] 2021-05-18 13:15:01,013: topic[/rosout] removing connection to /rosout
[rospy.internal][INFO] 2021-05-18 13:15:01,013: topic[/vesc/odom] removing connection to /better_odom
[rospy.internal][INFO] 2021-05-18 13:15:01,014: topic[/clock] removing connection to http://ubuntu:39467/
[rospy.internal][ERROR] 2021-05-18 13:15:01,015: Traceback (most recent call last):
  File "/opt/ros/melodic/lib/python2.7/dist-packages/rospy/impl/tcpros_base.py", line 737, in receive_once
    self.stat_bytes += recv_buff(sock, b, p.buff_size)
  File "/opt/ros/melodic/lib/python2.7/dist-packages/rospy/impl/tcpros_base.py", line 104, in recv_buff
    d = sock.recv(buff_size)
error: [Errno 104] Connection reset by peer

[rospy.internal][INFO] 2021-05-18 13:15:01,014: topic[/gazebo/link_states] removing connection to http://ubuntu:39467/
[rospy.impl.masterslave][INFO] 2021-05-18 13:15:01,015: signal-2
[rospy.core][INFO] 2021-05-18 13:15:01,183: signal_shutdown [atexit]
