2021/04/28 14:55:54 [debug] 60343#60343: epoll add event: fd:6 op:1 ev:10000001
2021/04/28 14:55:54 [debug] 60343#60343: epoll add event: fd:7 op:1 ev:10000001
2021/04/28 14:55:54 [debug] 60344#60344: epoll add event: fd:6 op:1 ev:10000001
2021/04/28 14:55:54 [debug] 60344#60344: epoll add event: fd:7 op:1 ev:10000001
2021/04/28 14:55:54 [debug] 60345#60345: epoll add event: fd:6 op:1 ev:10000001
2021/04/28 14:55:54 [debug] 60345#60345: epoll add event: fd:7 op:1 ev:10000001
2021/04/28 14:55:54 [debug] 60346#60346: epoll add event: fd:6 op:1 ev:10000001
2021/04/28 14:55:54 [debug] 60346#60346: epoll add event: fd:7 op:1 ev:10000001
2021/04/28 14:55:55 [debug] 60343#60343: epoll del event: fd:6 op:2 ev:00000000
2021/04/28 14:55:55 [debug] 60344#60344: epoll del event: fd:6 op:2 ev:00000000
2021/04/28 14:55:55 [debug] 60346#60346: epoll del event: fd:6 op:2 ev:00000000
2021/04/28 14:55:55 [debug] 60343#60343: epoll del event: fd:7 op:2 ev:00000000
2021/04/28 14:55:55 [debug] 60344#60344: epoll del event: fd:7 op:2 ev:00000000
2021/04/28 14:55:55 [debug] 60345#60345: epoll del event: fd:6 op:2 ev:00000000
2021/04/28 14:55:55 [debug] 60346#60346: epoll del event: fd:7 op:2 ev:00000000
2021/04/28 14:55:55 [debug] 60345#60345: epoll del event: fd:7 op:2 ev:00000000
2021/04/28 14:55:55 [debug] 60356#60356: epoll add event: fd:6 op:1 ev:10000001
2021/04/28 14:55:55 [debug] 60356#60356: epoll add event: fd:7 op:1 ev:10000001
2021/04/28 14:55:55 [debug] 60357#60357: epoll add event: fd:6 op:1 ev:10000001
2021/04/28 14:55:55 [debug] 60357#60357: epoll add event: fd:7 op:1 ev:10000001
2021/04/28 14:55:55 [debug] 60358#60358: epoll add event: fd:6 op:1 ev:10000001
2021/04/28 14:55:55 [debug] 60358#60358: epoll add event: fd:7 op:1 ev:10000001
2021/04/28 14:55:55 [debug] 60359#60359: epoll add event: fd:6 op:1 ev:10000001
2021/04/28 14:55:55 [debug] 60359#60359: epoll add event: fd:7 op:1 ev:10000001
2021/04/28 14:55:58 [debug] 60356#60356: accept on 0.0.0.0:80, ready: 0
2021/04/28 14:55:58 [debug] 60356#60356: posix_memalign: 00005629F7EF8920:512 @16
2021/04/28 14:55:58 [debug] 60356#60356: *1 accept: 127.0.0.1:48210 fd:15
2021/04/28 14:55:58 [debug] 60356#60356: *1 event timer add: 15: 60000:95139191
2021/04/28 14:55:58 [debug] 60356#60356: *1 reusable connection: 1
2021/04/28 14:55:58 [debug] 60356#60356: *1 epoll add event: fd:15 op:1 ev:80002001
2021/04/28 14:55:58 [debug] 60356#60356: *1 http wait request handler
2021/04/28 14:55:58 [debug] 60356#60356: *1 malloc: 00005629F7EF9330:1024
2021/04/28 14:55:58 [debug] 60356#60356: *1 recv: eof:0, avail:1
2021/04/28 14:55:58 [debug] 60356#60356: *1 recv: fd:15 482 of 1024
2021/04/28 14:55:58 [debug] 60356#60356: *1 reusable connection: 0
2021/04/28 14:55:58 [debug] 60356#60356: *1 posix_memalign: 00005629F7F57B20:4096 @16
2021/04/28 14:55:58 [debug] 60356#60356: *1 http process request line
2021/04/28 14:55:58 [debug] 60356#60356: *1 http request line: "GET / HTTP/1.1"
2021/04/28 14:55:58 [debug] 60356#60356: *1 http uri: "/"
2021/04/28 14:55:58 [debug] 60356#60356: *1 http args: ""
2021/04/28 14:55:58 [debug] 60356#60356: *1 http exten: ""
2021/04/28 14:55:58 [debug] 60356#60356: *1 posix_memalign: 00005629F7F43DE0:4096 @16
2021/04/28 14:55:58 [debug] 60356#60356: *1 http process request header line
2021/04/28 14:55:58 [debug] 60356#60356: *1 http header: "Host: localhost"
2021/04/28 14:55:58 [debug] 60356#60356: *1 http header: "User-Agent: Mozilla/5.0 (X11; Ubuntu; Linux x86_64; rv:87.0) Gecko/20100101 Firefox/87.0"
2021/04/28 14:55:58 [debug] 60356#60356: *1 http header: "Accept: text/html,application/xhtml+xml,application/xml;q=0.9,image/webp,*/*;q=0.8"
2021/04/28 14:55:58 [debug] 60356#60356: *1 http header: "Accept-Language: zh-CN,zh;q=0.8,zh-TW;q=0.7,zh-HK;q=0.5,en-US;q=0.3,en;q=0.2"
2021/04/28 14:55:58 [debug] 60356#60356: *1 http header: "Accept-Encoding: gzip, deflate"
2021/04/28 14:55:58 [debug] 60356#60356: *1 http header: "Connection: keep-alive"
2021/04/28 14:55:58 [debug] 60356#60356: *1 http header: "Upgrade-Insecure-Requests: 1"
2021/04/28 14:55:58 [debug] 60356#60356: *1 http header: "If-Modified-Since: Fri, 23 Apr 2021 07:39:14 GMT"
2021/04/28 14:55:58 [debug] 60356#60356: *1 http header: "If-None-Match: W/"608279a2-264""
2021/04/28 14:55:58 [debug] 60356#60356: *1 http header: "Cache-Control: max-age=0"
2021/04/28 14:55:58 [debug] 60356#60356: *1 http header done
2021/04/28 14:55:58 [debug] 60356#60356: *1 event timer del: 15: 95139191
2021/04/28 14:55:58 [debug] 60356#60356: *1 generic phase: 0
2021/04/28 14:55:58 [debug] 60356#60356: *1 rewrite phase: 1
2021/04/28 14:55:58 [debug] 60356#60356: *1 test location: "/"
2021/04/28 14:55:58 [debug] 60356#60356: *1 using configuration "/"
2021/04/28 14:55:58 [debug] 60356#60356: *1 http cl:-1 max:1048576
2021/04/28 14:55:58 [debug] 60356#60356: *1 rewrite phase: 3
2021/04/28 14:55:58 [debug] 60356#60356: *1 post rewrite phase: 4
2021/04/28 14:55:58 [debug] 60356#60356: *1 generic phase: 5
2021/04/28 14:55:58 [debug] 60356#60356: *1 generic phase: 6
2021/04/28 14:55:58 [debug] 60356#60356: *1 generic phase: 7
2021/04/28 14:55:58 [debug] 60356#60356: *1 access phase: 8
2021/04/28 14:55:58 [debug] 60356#60356: *1 access phase: 9
2021/04/28 14:55:58 [debug] 60356#60356: *1 access phase: 10
2021/04/28 14:55:58 [debug] 60356#60356: *1 post access phase: 11
2021/04/28 14:55:58 [debug] 60356#60356: *1 generic phase: 12
2021/04/28 14:55:58 [debug] 60356#60356: *1 try files handler
2021/04/28 14:55:58 [debug] 60356#60356: *1 http script var: "/"
2021/04/28 14:55:58 [debug] 60356#60356: *1 trying to use file: "/" "/var/www/html/"
2021/04/28 14:55:58 [debug] 60356#60356: *1 http script var: "/"
2021/04/28 14:55:58 [debug] 60356#60356: *1 trying to use dir: "/" "/var/www/html/"
2021/04/28 14:55:58 [debug] 60356#60356: *1 try file uri: "/"
2021/04/28 14:55:58 [debug] 60356#60356: *1 generic phase: 13
2021/04/28 14:55:58 [debug] 60356#60356: *1 content phase: 14
2021/04/28 14:55:58 [debug] 60356#60356: *1 open index "/var/www/html/index.html"
2021/04/28 14:55:58 [debug] 60356#60356: *1 stat() "/var/www/html/index.html" failed (2: No such file or directory)
2021/04/28 14:55:58 [debug] 60356#60356: *1 http index check dir: "/var/www/html"
2021/04/28 14:55:58 [debug] 60356#60356: *1 open index "/var/www/html/index.htm"
2021/04/28 14:55:58 [debug] 60356#60356: *1 stat() "/var/www/html/index.htm" failed (2: No such file or directory)
2021/04/28 14:55:58 [debug] 60356#60356: *1 open index "/var/www/html/index.nginx-debian.html"
2021/04/28 14:55:58 [debug] 60356#60356: *1 internal redirect: "/index.nginx-debian.html?"
2021/04/28 14:55:58 [debug] 60356#60356: *1 rewrite phase: 1
2021/04/28 14:55:58 [debug] 60356#60356: *1 test location: "/"
2021/04/28 14:55:58 [debug] 60356#60356: *1 using configuration "/"
2021/04/28 14:55:58 [debug] 60356#60356: *1 http cl:-1 max:1048576
2021/04/28 14:55:58 [debug] 60356#60356: *1 rewrite phase: 3
2021/04/28 14:55:58 [debug] 60356#60356: *1 post rewrite phase: 4
2021/04/28 14:55:58 [debug] 60356#60356: *1 generic phase: 5
2021/04/28 14:55:58 [debug] 60356#60356: *1 generic phase: 6
2021/04/28 14:55:58 [debug] 60356#60356: *1 generic phase: 7
2021/04/28 14:55:58 [debug] 60356#60356: *1 access phase: 8
2021/04/28 14:55:58 [debug] 60356#60356: *1 access phase: 9
2021/04/28 14:55:58 [debug] 60356#60356: *1 access phase: 10
2021/04/28 14:55:58 [debug] 60356#60356: *1 post access phase: 11
2021/04/28 14:55:58 [debug] 60356#60356: *1 generic phase: 12
2021/04/28 14:55:58 [debug] 60356#60356: *1 try files handler
2021/04/28 14:55:58 [debug] 60356#60356: *1 http script var: "/index.nginx-debian.html"
2021/04/28 14:55:58 [debug] 60356#60356: *1 trying to use file: "/index.nginx-debian.html" "/var/www/html/index.nginx-debian.html"
2021/04/28 14:55:58 [debug] 60356#60356: *1 try file uri: "/index.nginx-debian.html"
2021/04/28 14:55:58 [debug] 60356#60356: *1 generic phase: 13
2021/04/28 14:55:58 [debug] 60356#60356: *1 content phase: 14
2021/04/28 14:55:58 [debug] 60356#60356: *1 content phase: 15
2021/04/28 14:55:58 [debug] 60356#60356: *1 content phase: 16
2021/04/28 14:55:58 [debug] 60356#60356: *1 content phase: 17
2021/04/28 14:55:58 [debug] 60356#60356: *1 content phase: 18
2021/04/28 14:55:58 [debug] 60356#60356: *1 http filename: "/var/www/html/index.nginx-debian.html"
2021/04/28 14:55:58 [debug] 60356#60356: *1 add cleanup: 00005629F7F58980
2021/04/28 14:55:58 [debug] 60356#60356: *1 http static fd: 16
2021/04/28 14:55:58 [debug] 60356#60356: *1 http set discard body
2021/04/28 14:55:58 [debug] 60356#60356: *1 http ims:1619163554 lm:1619163554
2021/04/28 14:55:58 [debug] 60356#60356: *1 http im:"W/"608279a2-264"" etag:"608279a2-264"
2021/04/28 14:55:58 [debug] 60356#60356: *1 xslt filter header
2021/04/28 14:55:58 [debug] 60356#60356: *1 HTTP/1.1 304 Not Modified
Server: nginx/1.14.0 (Ubuntu)
Date: Wed, 28 Apr 2021 06:55:58 GMT
Last-Modified: Fri, 23 Apr 2021 07:39:14 GMT
Connection: keep-alive
ETag: "608279a2-264"

2021/04/28 14:55:58 [debug] 60356#60356: *1 write new buf t:1 f:0 00005629F7F44210, pos 00005629F7F44210, size: 189 file: 0, size: 0
2021/04/28 14:55:58 [debug] 60356#60356: *1 http write filter: l:1 f:0 s:189
2021/04/28 14:55:58 [debug] 60356#60356: *1 http write filter limit 0
2021/04/28 14:55:58 [debug] 60356#60356: *1 writev: 189 of 189
2021/04/28 14:55:58 [debug] 60356#60356: *1 http write filter 0000000000000000
2021/04/28 14:55:58 [debug] 60356#60356: *1 http finalize request: 0, "/index.nginx-debian.html?" a:1, c:2
2021/04/28 14:55:58 [debug] 60356#60356: *1 http request count:2 blk:0
2021/04/28 14:55:58 [debug] 60356#60356: *1 http finalize request: -4, "/index.nginx-debian.html?" a:1, c:1
2021/04/28 14:55:58 [debug] 60356#60356: *1 set http keepalive handler
2021/04/28 14:55:58 [debug] 60356#60356: *1 http close request
2021/04/28 14:55:58 [debug] 60356#60356: *1 http log handler
2021/04/28 14:55:58 [debug] 60356#60356: *1 run cleanup: 00005629F7F58980
2021/04/28 14:55:58 [debug] 60356#60356: *1 file cleanup: fd:16
2021/04/28 14:55:58 [debug] 60356#60356: *1 free: 00005629F7F57B20, unused: 0
2021/04/28 14:55:58 [debug] 60356#60356: *1 free: 00005629F7F43DE0, unused: 2650
2021/04/28 14:55:58 [debug] 60356#60356: *1 free: 00005629F7EF9330
2021/04/28 14:55:58 [debug] 60356#60356: *1 hc free: 0000000000000000
2021/04/28 14:55:58 [debug] 60356#60356: *1 hc busy: 0000000000000000 0
2021/04/28 14:55:58 [debug] 60356#60356: *1 tcp_nodelay
2021/04/28 14:55:58 [debug] 60356#60356: *1 reusable connection: 1
2021/04/28 14:55:58 [debug] 60356#60356: *1 event timer add: 15: 65000:95144191
2021/04/28 14:57:03 [debug] 60356#60356: *1 event timer del: 15: 95144191
2021/04/28 14:57:03 [debug] 60356#60356: *1 http keepalive handler
2021/04/28 14:57:03 [debug] 60356#60356: *1 close http connection: 15
2021/04/28 14:57:03 [debug] 60356#60356: *1 reusable connection: 0
2021/04/28 14:57:03 [debug] 60356#60356: *1 free: 0000000000000000
2021/04/28 14:57:03 [debug] 60356#60356: *1 free: 00005629F7EF8920, unused: 136
2021/04/28 15:32:32 [debug] 60356#60356: epoll del event: fd:6 op:2 ev:00000000
2021/04/28 15:32:32 [debug] 60357#60357: epoll del event: fd:6 op:2 ev:00000000
2021/04/28 15:32:32 [debug] 60356#60356: epoll del event: fd:7 op:2 ev:00000000
2021/04/28 15:32:32 [debug] 60357#60357: epoll del event: fd:7 op:2 ev:00000000
2021/04/28 15:32:32 [debug] 60359#60359: epoll del event: fd:6 op:2 ev:00000000
2021/04/28 15:32:32 [debug] 60358#60358: epoll del event: fd:6 op:2 ev:00000000
2021/04/28 15:32:32 [debug] 60359#60359: epoll del event: fd:7 op:2 ev:00000000
2021/04/28 15:32:32 [debug] 60358#60358: epoll del event: fd:7 op:2 ev:00000000
2021/04/28 15:32:32 [debug] 60512#60512: epoll add event: fd:6 op:1 ev:10000001
2021/04/28 15:32:32 [debug] 60512#60512: epoll add event: fd:7 op:1 ev:10000001
2021/04/28 15:32:32 [debug] 60515#60515: epoll add event: fd:6 op:1 ev:10000001
2021/04/28 15:32:32 [debug] 60515#60515: epoll add event: fd:7 op:1 ev:10000001
2021/04/28 15:32:32 [debug] 60513#60513: epoll add event: fd:6 op:1 ev:10000001
2021/04/28 15:32:32 [debug] 60513#60513: epoll add event: fd:7 op:1 ev:10000001
2021/04/28 15:32:32 [debug] 60514#60514: epoll add event: fd:6 op:1 ev:10000001
2021/04/28 15:32:32 [debug] 60514#60514: epoll add event: fd:7 op:1 ev:10000001
2021/04/28 15:32:50 [debug] 60512#60512: epoll del event: fd:6 op:2 ev:00000000
2021/04/28 15:32:50 [debug] 60512#60512: epoll del event: fd:7 op:2 ev:00000000
2021/04/28 15:32:50 [debug] 60513#60513: epoll del event: fd:6 op:2 ev:00000000
2021/04/28 15:32:50 [debug] 60513#60513: epoll del event: fd:7 op:2 ev:00000000
2021/04/28 15:32:50 [debug] 60514#60514: epoll del event: fd:6 op:2 ev:00000000
2021/04/28 15:32:50 [debug] 60515#60515: epoll del event: fd:6 op:2 ev:00000000
2021/04/28 15:32:50 [debug] 60514#60514: epoll del event: fd:7 op:2 ev:00000000
2021/04/28 15:32:50 [debug] 60515#60515: epoll del event: fd:7 op:2 ev:00000000
2021/04/28 15:32:50 [debug] 60528#60528: epoll add event: fd:6 op:1 ev:10000001
2021/04/28 15:32:50 [debug] 60528#60528: epoll add event: fd:7 op:1 ev:10000001
2021/04/28 15:32:50 [debug] 60529#60529: epoll add event: fd:6 op:1 ev:10000001
2021/04/28 15:32:50 [debug] 60529#60529: epoll add event: fd:7 op:1 ev:10000001
2021/04/28 15:32:50 [debug] 60530#60530: epoll add event: fd:6 op:1 ev:10000001
2021/04/28 15:32:50 [debug] 60530#60530: epoll add event: fd:7 op:1 ev:10000001
2021/04/28 15:32:50 [debug] 60531#60531: epoll add event: fd:6 op:1 ev:10000001
2021/04/28 15:32:50 [debug] 60531#60531: epoll add event: fd:7 op:1 ev:10000001
2021/04/28 15:34:22 [debug] 60529#60529: epoll del event: fd:6 op:2 ev:00000000
2021/04/28 15:34:22 [debug] 60530#60530: epoll del event: fd:6 op:2 ev:00000000
2021/04/28 15:34:22 [debug] 60528#60528: epoll del event: fd:6 op:2 ev:00000000
2021/04/28 15:34:22 [debug] 60529#60529: epoll del event: fd:7 op:2 ev:00000000
2021/04/28 15:34:22 [debug] 60530#60530: epoll del event: fd:7 op:2 ev:00000000
2021/04/28 15:34:22 [debug] 60528#60528: epoll del event: fd:7 op:2 ev:00000000
2021/04/28 15:34:22 [debug] 60531#60531: epoll del event: fd:6 op:2 ev:00000000
2021/04/28 15:34:22 [debug] 60531#60531: epoll del event: fd:7 op:2 ev:00000000
2021/04/28 15:34:22 [emerg] 60621#60621: unexpected """ in /etc/nginx/nginx.conf:71
2021/04/28 15:34:23 [emerg] 60627#60627: unexpected """ in /etc/nginx/nginx.conf:71
