[rospy.client][INFO] 2021-05-18 16:33:46,039: init_node, name[/gazebo_odometry_node], pid[97436]
[xmlrpc][INFO] 2021-05-18 16:33:46,040: XML-RPC server binding to 0.0.0.0:0
[xmlrpc][INFO] 2021-05-18 16:33:46,041: Started XML-RPC server [http://ubuntu:40019/]
[rospy.impl.masterslave][INFO] 2021-05-18 16:33:46,041: _ready: http://ubuntu:40019/
[rospy.init][INFO] 2021-05-18 16:33:46,041: ROS Slave URI: [http://ubuntu:40019/]
[xmlrpc][INFO] 2021-05-18 16:33:46,041: xml rpc node: starting XML-RPC server
[rospy.registration][INFO] 2021-05-18 16:33:46,042: Registering with master node http://localhost:11311
[rospy.registration][INFO] 2021-05-18 16:33:46,042: Registering publisher topic [/vesc/odom] type [nav_msgs/Odometry] with master
[rospy.init][INFO] 2021-05-18 16:33:46,142: registered with master
[rospy.rosout][INFO] 2021-05-18 16:33:46,143: initializing /rosout core topic
[rospy.rosout][INFO] 2021-05-18 16:33:46,149: connected to core topic /rosout
[rospy.simtime][INFO] 2021-05-18 16:33:46,152: initializing /clock core topic
[rospy.simtime][INFO] 2021-05-18 16:33:46,158: connected to core topic /clock
[rospy.internal][INFO] 2021-05-18 16:33:46,319: topic[/vesc/odom] adding connection to [/better_odom], count 0
[rospy.internal][INFO] 2021-05-18 16:33:46,422: topic[/rosout] adding connection to [/rosout], count 0
[rospy.internal][INFO] 2021-05-18 16:33:48,318: topic[/gazebo/link_states] adding connection to [http://ubuntu:39689/], count 0
[rospy.internal][INFO] 2021-05-18 16:33:48,322: topic[/clock] adding connection to [http://ubuntu:39689/], count 0
[rospy.internal][INFO] 2021-05-18 16:34:12,735: topic[/vesc/odom] removing connection to /better_odom
[rospy.core][INFO] 2021-05-18 16:34:12,814: signal_shutdown [signal-2]
[rospy.internal][INFO] 2021-05-18 16:34:12,820: topic[/rosout] removing connection to /rosout
[rospy.internal][INFO] 2021-05-18 16:34:12,820: topic[/clock] removing connection to http://ubuntu:39689/
[rospy.internal][INFO] 2021-05-18 16:34:12,821: topic[/gazebo/link_states] removing connection to http://ubuntu:39689/
[rospy.impl.masterslave][INFO] 2021-05-18 16:34:12,821: signal-2
[rospy.core][INFO] 2021-05-18 16:34:12,948: signal_shutdown [atexit]
