[rospy.client][INFO] 2021-05-18 16:33:45,671: init_node, name[/keyboard_teleop], pid[97490]
[xmlrpc][INFO] 2021-05-18 16:33:45,672: XML-RPC server binding to 0.0.0.0:0
[xmlrpc][INFO] 2021-05-18 16:33:45,672: Started XML-RPC server [http://ubuntu:46017/]
[rospy.impl.masterslave][INFO] 2021-05-18 16:33:45,672: _ready: http://ubuntu:46017/
[xmlrpc][INFO] 2021-05-18 16:33:45,672: xml rpc node: starting XML-RPC server
[rospy.init][INFO] 2021-05-18 16:33:45,673: ROS Slave URI: [http://ubuntu:46017/]
[rospy.registration][INFO] 2021-05-18 16:33:45,673: Registering with master node http://localhost:11311
[rospy.init][INFO] 2021-05-18 16:33:45,773: registered with master
[rospy.rosout][INFO] 2021-05-18 16:33:45,774: initializing /rosout core topic
[rospy.rosout][INFO] 2021-05-18 16:33:45,776: connected to core topic /rosout
[rospy.simtime][INFO] 2021-05-18 16:33:45,777: initializing /clock core topic
[rospy.simtime][INFO] 2021-05-18 16:33:45,779: connected to core topic /clock
[rospy.internal][INFO] 2021-05-18 16:33:46,010: topic[/vesc/low_level/ackermann_cmd_mux/input/teleop] adding connection to [/vesc/low_level/ackermann_cmd_mux_nodelet_manager], count 0
[rospy.internal][INFO] 2021-05-18 16:33:46,012: topic[/rosout] adding connection to [/rosout], count 0
[rospy.internal][INFO] 2021-05-18 16:33:48,305: topic[/clock] adding connection to [http://ubuntu:39689/], count 0
[rospy.internal][INFO] 2021-05-18 16:34:12,807: topic[/vesc/low_level/ackermann_cmd_mux/input/teleop] removing connection to /vesc/low_level/ackermann_cmd_mux_nodelet_manager
[rospy.core][INFO] 2021-05-18 16:34:23,179: signal_shutdown [shutdown]
[rospy.internal][INFO] 2021-05-18 16:34:23,181: topic[/rosout] removing connection to /rosout
[rospy.internal][INFO] 2021-05-18 16:34:23,181: topic[/clock] removing connection to http://ubuntu:39689/
[rospy.impl.masterslave][INFO] 2021-05-18 16:34:23,182: shutdown
[rospy.core][INFO] 2021-05-18 16:34:23,318: signal_shutdown [atexit]
