[rospy.client][INFO] 2021-05-18 16:33:46,064: init_node, name[/racecar_spawn], pid[97428]
[xmlrpc][INFO] 2021-05-18 16:33:46,065: XML-RPC server binding to 0.0.0.0:0
[xmlrpc][INFO] 2021-05-18 16:33:46,065: Started XML-RPC server [http://ubuntu:45873/]
[rospy.impl.masterslave][INFO] 2021-05-18 16:33:46,065: _ready: http://ubuntu:45873/
[rospy.init][INFO] 2021-05-18 16:33:46,065: ROS Slave URI: [http://ubuntu:45873/]
[xmlrpc][INFO] 2021-05-18 16:33:46,066: xml rpc node: starting XML-RPC server
[rospy.registration][INFO] 2021-05-18 16:33:46,066: Registering with master node http://localhost:11311
[rospy.init][INFO] 2021-05-18 16:33:46,167: registered with master
[rospy.rosout][INFO] 2021-05-18 16:33:46,168: initializing /rosout core topic
[rospy.rosout][INFO] 2021-05-18 16:33:46,183: connected to core topic /rosout
[rospy.simtime][INFO] 2021-05-18 16:33:46,186: initializing /clock core topic
[rospy.simtime][INFO] 2021-05-18 16:33:46,189: connected to core topic /clock
[rosout][INFO] 2021-05-18 16:33:46,195: Loading model XML from ros parameter robot_description
[rosout][INFO] 2021-05-18 16:33:46,219: Waiting for service /gazebo/spawn_urdf_model
[rospy.internal][INFO] 2021-05-18 16:33:46,422: topic[/rosout] adding connection to [/rosout], count 0
[rospy.internal][INFO] 2021-05-18 16:33:48,306: topic[/clock] adding connection to [http://ubuntu:39689/], count 0
[rosout][INFO] 2021-05-18 16:33:48,472: Calling service /gazebo/spawn_urdf_model
[rosout][INFO] 2021-05-18 16:33:49,021: Spawn status: SpawnModel: Successfully spawned entity
[rospy.core][INFO] 2021-05-18 16:33:49,023: signal_shutdown [atexit]
[rospy.internal][INFO] 2021-05-18 16:33:49,025: topic[/rosout] removing connection to /rosout
[rospy.internal][INFO] 2021-05-18 16:33:49,026: topic[/clock] removing connection to http://ubuntu:39689/
[rospy.impl.masterslave][INFO] 2021-05-18 16:33:49,026: atexit
