[rospy.client][INFO] 2021-05-18 16:33:45,570: init_node, name[/racecar/controller_manager], pid[97429]
[xmlrpc][INFO] 2021-05-18 16:33:45,572: XML-RPC server binding to 0.0.0.0:0
[xmlrpc][INFO] 2021-05-18 16:33:45,573: Started XML-RPC server [http://ubuntu:38961/]
[rospy.impl.masterslave][INFO] 2021-05-18 16:33:45,573: _ready: http://ubuntu:38961/
[xmlrpc][INFO] 2021-05-18 16:33:45,573: xml rpc node: starting XML-RPC server
[rospy.init][INFO] 2021-05-18 16:33:45,574: ROS Slave URI: [http://ubuntu:38961/]
[rospy.registration][INFO] 2021-05-18 16:33:45,574: Registering with master node http://localhost:11311
[rospy.init][INFO] 2021-05-18 16:33:45,677: registered with master
[rospy.rosout][INFO] 2021-05-18 16:33:45,677: initializing /rosout core topic
[rospy.rosout][INFO] 2021-05-18 16:33:45,680: connected to core topic /rosout
[rospy.simtime][INFO] 2021-05-18 16:33:45,682: initializing /clock core topic
[rospy.simtime][INFO] 2021-05-18 16:33:45,693: connected to core topic /clock
[rosout][INFO] 2021-05-18 16:33:45,695: Controller Spawner: Waiting for service controller_manager/load_controller
[rospy.internal][INFO] 2021-05-18 16:33:45,908: topic[/rosout] adding connection to [/rosout], count 0
[rospy.internal][INFO] 2021-05-18 16:33:48,314: topic[/clock] adding connection to [http://ubuntu:39689/], count 0
[rosout][INFO] 2021-05-18 16:33:49,922: Controller Spawner: Waiting for service controller_manager/switch_controller
[rosout][INFO] 2021-05-18 16:33:49,927: Controller Spawner: Waiting for service controller_manager/unload_controller
[rosout][INFO] 2021-05-18 16:33:49,932: Loading controller: left_rear_wheel_velocity_controller
[rosout][INFO] 2021-05-18 16:33:50,034: Loading controller: right_rear_wheel_velocity_controller
[rosout][INFO] 2021-05-18 16:33:50,166: Loading controller: left_front_wheel_velocity_controller
[rosout][INFO] 2021-05-18 16:33:50,236: Loading controller: right_front_wheel_velocity_controller
[rosout][INFO] 2021-05-18 16:33:50,347: Loading controller: left_steering_hinge_position_controller
[rosout][INFO] 2021-05-18 16:33:50,469: Loading controller: right_steering_hinge_position_controller
[rosout][INFO] 2021-05-18 16:33:50,581: Loading controller: joint_state_controller
[rosout][INFO] 2021-05-18 16:33:50,633: Controller Spawner: Loaded controllers: left_rear_wheel_velocity_controller, right_rear_wheel_velocity_controller, left_front_wheel_velocity_controller, right_front_wheel_velocity_controller, left_steering_hinge_position_controller, right_steering_hinge_position_controller, joint_state_controller
[rosout][INFO] 2021-05-18 16:33:50,657: Started controllers: left_rear_wheel_velocity_controller, right_rear_wheel_velocity_controller, left_front_wheel_velocity_controller, right_front_wheel_velocity_controller, left_steering_hinge_position_controller, right_steering_hinge_position_controller, joint_state_controller
[rospy.core][INFO] 2021-05-18 16:34:12,897: signal_shutdown [signal-2]
[rosout][INFO] 2021-05-18 16:34:12,898: Shutting down spawner. Stopping and unloading controllers...
[rosout][INFO] 2021-05-18 16:34:12,903: Stopping all controllers...
[rosout][INFO] 2021-05-18 16:34:12,922: Unloading all loaded controllers...
[rosout][INFO] 2021-05-18 16:34:12,927: Trying to unload joint_state_controller
[rosout][INFO] 2021-05-18 16:34:12,945: Succeeded in unloading joint_state_controller
[rosout][INFO] 2021-05-18 16:34:12,948: Trying to unload right_steering_hinge_position_controller
[rosout][INFO] 2021-05-18 16:34:12,985: Succeeded in unloading right_steering_hinge_position_controller
[rosout][INFO] 2021-05-18 16:34:12,988: Trying to unload left_steering_hinge_position_controller
[rosout][INFO] 2021-05-18 16:34:13,016: Succeeded in unloading left_steering_hinge_position_controller
[rosout][INFO] 2021-05-18 16:34:13,029: Trying to unload right_front_wheel_velocity_controller
[rospy.core][INFO] 2021-05-18 16:34:27,973: signal_shutdown [signal-15]
[rospy.internal][ERROR] 2021-05-18 16:34:27,973: Traceback (most recent call last):
  File "/opt/ros/melodic/lib/python2.7/dist-packages/rospy/impl/tcpros_base.py", line 737, in receive_once
    self.stat_bytes += recv_buff(sock, b, p.buff_size)
  File "/opt/ros/melodic/lib/python2.7/dist-packages/rospy/impl/tcpros_base.py", line 104, in recv_buff
    d = sock.recv(buff_size)
error: [Errno 4] Interrupted system call

[rosout][WARNING] 2021-05-18 16:34:27,973: Controller Spawner error while taking down controllers: transport error completing service call: receive_once[/racecar/controller_manager/unload_controller]: unexpected error [Errno 4] Interrupted system call
[rospy.internal][INFO] 2021-05-18 16:34:27,978: topic[/rosout] removing connection to /rosout
[rospy.internal][INFO] 2021-05-18 16:34:27,979: topic[/clock] removing connection to http://ubuntu:39689/
[rospy.impl.masterslave][INFO] 2021-05-18 16:34:27,979: signal-2
[rospy.core][INFO] 2021-05-18 16:34:28,145: signal_shutdown [atexit]
