[rospy.client][INFO] 2021-05-18 16:33:45,423: init_node, name[/servo_commands], pid[97431]
[xmlrpc][INFO] 2021-05-18 16:33:45,423: XML-RPC server binding to 0.0.0.0:0
[xmlrpc][INFO] 2021-05-18 16:33:45,423: Started XML-RPC server [http://ubuntu:40639/]
[rospy.impl.masterslave][INFO] 2021-05-18 16:33:45,424: _ready: http://ubuntu:40639/
[rospy.init][INFO] 2021-05-18 16:33:45,431: ROS Slave URI: [http://ubuntu:40639/]
[xmlrpc][INFO] 2021-05-18 16:33:45,432: xml rpc node: starting XML-RPC server
[rospy.registration][INFO] 2021-05-18 16:33:45,432: Registering with master node http://localhost:11311
[rospy.init][INFO] 2021-05-18 16:33:45,532: registered with master
[rospy.rosout][INFO] 2021-05-18 16:33:45,532: initializing /rosout core topic
[rospy.rosout][INFO] 2021-05-18 16:33:45,535: connected to core topic /rosout
[rospy.simtime][INFO] 2021-05-18 16:33:45,538: initializing /clock core topic
[rospy.simtime][INFO] 2021-05-18 16:33:45,540: connected to core topic /clock
[rospy.internal][INFO] 2021-05-18 16:33:45,558: topic[/vesc/low_level/ackermann_cmd_mux/output] adding connection to [http://ubuntu:43603/], count 0
[rospy.internal][INFO] 2021-05-18 16:33:45,804: topic[/rosout] adding connection to [/rosout], count 0
[rospy.internal][INFO] 2021-05-18 16:33:48,282: topic[/clock] adding connection to [http://ubuntu:39689/], count 0
[rospy.internal][INFO] 2021-05-18 16:33:50,219: topic[/racecar/left_rear_wheel_velocity_controller/command] adding connection to [/gazebo], count 0
[rospy.internal][INFO] 2021-05-18 16:33:50,318: topic[/racecar/right_rear_wheel_velocity_controller/command] adding connection to [/gazebo], count 0
[rospy.internal][INFO] 2021-05-18 16:33:50,429: topic[/racecar/left_front_wheel_velocity_controller/command] adding connection to [/gazebo], count 0
[rospy.internal][INFO] 2021-05-18 16:33:50,539: topic[/racecar/right_front_wheel_velocity_controller/command] adding connection to [/gazebo], count 0
[rospy.internal][INFO] 2021-05-18 16:33:50,643: topic[/racecar/left_steering_hinge_position_controller/command] adding connection to [/gazebo], count 0
[rospy.internal][INFO] 2021-05-18 16:33:50,809: topic[/racecar/right_steering_hinge_position_controller/command] adding connection to [/gazebo], count 0
[rospy.core][INFO] 2021-05-18 16:34:12,822: signal_shutdown [signal-2]
[rospy.internal][INFO] 2021-05-18 16:34:12,829: topic[/racecar/right_steering_hinge_position_controller/command] removing connection to /gazebo
[rospy.internal][INFO] 2021-05-18 16:34:12,830: topic[/racecar/left_rear_wheel_velocity_controller/command] removing connection to /gazebo
[rospy.internal][INFO] 2021-05-18 16:34:12,830: topic[/racecar/left_steering_hinge_position_controller/command] removing connection to /gazebo
[rospy.internal][INFO] 2021-05-18 16:34:12,831: topic[/racecar/right_rear_wheel_velocity_controller/command] removing connection to /gazebo
[rospy.internal][INFO] 2021-05-18 16:34:12,831: topic[/racecar/left_front_wheel_velocity_controller/command] removing connection to /gazebo
[rospy.internal][INFO] 2021-05-18 16:34:12,831: topic[/rosout] removing connection to /rosout
[rospy.internal][INFO] 2021-05-18 16:34:12,831: topic[/racecar/right_front_wheel_velocity_controller/command] removing connection to /gazebo
[rospy.internal][INFO] 2021-05-18 16:34:12,836: topic[/clock] removing connection to http://ubuntu:39689/
[rospy.internal][INFO] 2021-05-18 16:34:12,836: topic[/vesc/low_level/ackermann_cmd_mux/output] removing connection to http://ubuntu:43603/
[rospy.impl.masterslave][INFO] 2021-05-18 16:34:12,837: signal-2
[rospy.internal][WARNING] 2021-05-18 16:34:12,839: Unknown error initiating TCP/IP socket to ubuntu:37075 (http://ubuntu:43603/): Traceback (most recent call last):
  File "/opt/ros/melodic/lib/python2.7/dist-packages/rospy/impl/tcpros_base.py", line 562, in connect
    self.read_header()
  File "/opt/ros/melodic/lib/python2.7/dist-packages/rospy/impl/tcpros_base.py", line 657, in read_header
    self._validate_header(read_ros_handshake_header(sock, self.read_buff, self.protocol.buff_size))
  File "/opt/ros/melodic/lib/python2.7/dist-packages/rosgraph/network.py", line 359, in read_ros_handshake_header
    raise ROSHandshakeException("connection from sender terminated before handshake header received. %s bytes were received. Please check sender for additional details."%b.tell())
ROSHandshakeException: connection from sender terminated before handshake header received. 0 bytes were received. Please check sender for additional details.

[rospy.internal][WARNING] 2021-05-18 16:34:12,864: Unknown error initiating TCP/IP socket to ubuntu:56757 (http://ubuntu:39689/): Traceback (most recent call last):
  File "/opt/ros/melodic/lib/python2.7/dist-packages/rospy/impl/tcpros_base.py", line 563, in connect
    self.local_endpoint = self.socket.getsockname()
AttributeError: 'NoneType' object has no attribute 'getsockname'

[rospy.core][INFO] 2021-05-18 16:34:12,944: signal_shutdown [atexit]
