2021-04-19T05:28:56.198438Z 0 [Note] Giving 0 client threads a chance to die gracefully
2021-04-19T05:28:56.199459Z 0 [Note] Shutting down slave threads
2021-04-19T05:28:56.199996Z 0 [Note] Forcefully disconnecting 0 remaining clients
2021-04-19T05:28:56.201059Z 0 [Note] Event Scheduler: Purging the queue. 0 events
2021-04-19T05:28:56.205045Z 0 [Note] Binlog end
2021-04-19T05:28:56.291872Z 0 [Note] Shutting down plugin 'auth_socket'
2021-04-19T05:28:56.292910Z 0 [Note] Shutting down plugin 'ngram'
2021-04-19T05:28:56.293167Z 0 [Note] Shutting down plugin 'partition'
2021-04-19T05:28:56.293180Z 0 [Note] Shutting down plugin 'BLACKHOLE'
2021-04-19T05:28:56.294113Z 0 [Note] Shutting down plugin 'ARCHIVE'
2021-04-19T05:28:56.294124Z 0 [Note] Shutting down plugin 'PERFORMANCE_SCHEMA'
2021-04-19T05:28:56.295592Z 0 [Note] Shutting down plugin 'MRG_MYISAM'
2021-04-19T05:28:56.295606Z 0 [Note] Shutting down plugin 'MyISAM'
2021-04-19T05:28:56.296765Z 0 [Note] Shutting down plugin 'INNODB_SYS_VIRTUAL'
2021-04-19T05:28:56.297668Z 0 [Note] Shutting down plugin 'INNODB_SYS_DATAFILES'
2021-04-19T05:28:56.297679Z 0 [Note] Shutting down plugin 'INNODB_SYS_TABLESPACES'
2021-04-19T05:28:56.297682Z 0 [Note] Shutting down plugin 'INNODB_SYS_FOREIGN_COLS'
2021-04-19T05:28:56.297685Z 0 [Note] Shutting down plugin 'INNODB_SYS_FOREIGN'
2021-04-19T05:28:56.297688Z 0 [Note] Shutting down plugin 'INNODB_SYS_FIELDS'
2021-04-19T05:28:56.297691Z 0 [Note] Shutting down plugin 'INNODB_SYS_COLUMNS'
2021-04-19T05:28:56.297694Z 0 [Note] Shutting down plugin 'INNODB_SYS_INDEXES'
2021-04-19T05:28:56.297696Z 0 [Note] Shutting down plugin 'INNODB_SYS_TABLESTATS'
2021-04-19T05:28:56.297699Z 0 [Note] Shutting down plugin 'INNODB_SYS_TABLES'
2021-04-19T05:28:56.297701Z 0 [Note] Shutting down plugin 'INNODB_FT_INDEX_TABLE'
2021-04-19T05:28:56.297703Z 0 [Note] Shutting down plugin 'INNODB_FT_INDEX_CACHE'
2021-04-19T05:28:56.297706Z 0 [Note] Shutting down plugin 'INNODB_FT_CONFIG'
2021-04-19T05:28:56.297708Z 0 [Note] Shutting down plugin 'INNODB_FT_BEING_DELETED'
2021-04-19T05:28:56.297711Z 0 [Note] Shutting down plugin 'INNODB_FT_DELETED'
2021-04-19T05:28:56.297713Z 0 [Note] Shutting down plugin 'INNODB_FT_DEFAULT_STOPWORD'
2021-04-19T05:28:56.297716Z 0 [Note] Shutting down plugin 'INNODB_METRICS'
2021-04-19T05:28:56.297718Z 0 [Note] Shutting down plugin 'INNODB_TEMP_TABLE_INFO'
2021-04-19T05:28:56.297990Z 0 [Note] Shutting down plugin 'INNODB_BUFFER_POOL_STATS'
2021-04-19T05:28:56.298001Z 0 [Note] Shutting down plugin 'INNODB_BUFFER_PAGE_LRU'
2021-04-19T05:28:56.298004Z 0 [Note] Shutting down plugin 'INNODB_BUFFER_PAGE'
2021-04-19T05:28:56.298007Z 0 [Note] Shutting down plugin 'INNODB_CMP_PER_INDEX_RESET'
2021-04-19T05:28:56.298009Z 0 [Note] Shutting down plugin 'INNODB_CMP_PER_INDEX'
2021-04-19T05:28:56.298012Z 0 [Note] Shutting down plugin 'INNODB_CMPMEM_RESET'
2021-04-19T05:28:56.298014Z 0 [Note] Shutting down plugin 'INNODB_CMPMEM'
2021-04-19T05:28:56.298017Z 0 [Note] Shutting down plugin 'INNODB_CMP_RESET'
2021-04-19T05:28:56.298019Z 0 [Note] Shutting down plugin 'INNODB_CMP'
2021-04-19T05:28:56.298022Z 0 [Note] Shutting down plugin 'INNODB_LOCK_WAITS'
2021-04-19T05:28:56.298024Z 0 [Note] Shutting down plugin 'INNODB_LOCKS'
2021-04-19T05:28:56.298027Z 0 [Note] Shutting down plugin 'INNODB_TRX'
2021-04-19T05:28:56.298029Z 0 [Note] Shutting down plugin 'InnoDB'
2021-04-19T05:28:56.304978Z 0 [Note] InnoDB: FTS optimize thread exiting.
2021-04-19T05:28:56.306721Z 0 [Note] InnoDB: Starting shutdown...
2021-04-19T05:28:56.423599Z 0 [Note] InnoDB: Dumping buffer pool(s) to /var/lib/mysql/ib_buffer_pool
2021-04-19T05:28:56.435911Z 0 [Note] InnoDB: Buffer pool(s) dump completed at 210418 22:28:56
2021-04-19T05:28:57.802237Z 0 [Note] InnoDB: Shutdown completed; log sequence number 3453831
2021-04-19T05:28:57.803240Z 0 [Note] InnoDB: Removed temporary tablespace data file: "ibtmp1"
2021-04-19T05:28:57.803300Z 0 [Note] Shutting down plugin 'MEMORY'
2021-04-19T05:28:57.803329Z 0 [Note] Shutting down plugin 'CSV'
2021-04-19T05:28:57.803341Z 0 [Note] Shutting down plugin 'sha256_password'
2021-04-19T05:28:57.803345Z 0 [Note] Shutting down plugin 'mysql_native_password'
2021-04-19T05:28:57.814285Z 0 [Note] Shutting down plugin 'binlog'
2021-04-19T05:28:57.824377Z 0 [Note] /usr/sbin/mysqld: Shutdown complete
