2021-04-18T09:07:45.004688Z 0 [Note] Giving 0 client threads a chance to die gracefully
2021-04-18T09:07:45.004719Z 0 [Note] Shutting down slave threads
2021-04-18T09:07:45.004728Z 0 [Note] Forcefully disconnecting 0 remaining clients
2021-04-18T09:07:45.004736Z 0 [Note] Event Scheduler: Purging the queue. 0 events
2021-04-18T09:07:45.004942Z 0 [Note] Binlog end
2021-04-18T09:07:45.005381Z 0 [Note] Shutting down plugin 'auth_socket'
2021-04-18T09:07:45.005391Z 0 [Note] Shutting down plugin 'ngram'
2021-04-18T09:07:45.005395Z 0 [Note] Shutting down plugin 'partition'
2021-04-18T09:07:45.005398Z 0 [Note] Shutting down plugin 'BLACKHOLE'
2021-04-18T09:07:45.005402Z 0 [Note] Shutting down plugin 'ARCHIVE'
2021-04-18T09:07:45.005405Z 0 [Note] Shutting down plugin 'PERFORMANCE_SCHEMA'
2021-04-18T09:07:45.005428Z 0 [Note] Shutting down plugin 'MRG_MYISAM'
2021-04-18T09:07:45.005432Z 0 [Note] Shutting down plugin 'MyISAM'
2021-04-18T09:07:45.005438Z 0 [Note] Shutting down plugin 'INNODB_SYS_VIRTUAL'
2021-04-18T09:07:45.005442Z 0 [Note] Shutting down plugin 'INNODB_SYS_DATAFILES'
2021-04-18T09:07:45.005445Z 0 [Note] Shutting down plugin 'INNODB_SYS_TABLESPACES'
2021-04-18T09:07:45.005448Z 0 [Note] Shutting down plugin 'INNODB_SYS_FOREIGN_COLS'
2021-04-18T09:07:45.005450Z 0 [Note] Shutting down plugin 'INNODB_SYS_FOREIGN'
2021-04-18T09:07:45.005453Z 0 [Note] Shutting down plugin 'INNODB_SYS_FIELDS'
2021-04-18T09:07:45.005456Z 0 [Note] Shutting down plugin 'INNODB_SYS_COLUMNS'
2021-04-18T09:07:45.005459Z 0 [Note] Shutting down plugin 'INNODB_SYS_INDEXES'
2021-04-18T09:07:45.005461Z 0 [Note] Shutting down plugin 'INNODB_SYS_TABLESTATS'
2021-04-18T09:07:45.005464Z 0 [Note] Shutting down plugin 'INNODB_SYS_TABLES'
2021-04-18T09:07:45.005473Z 0 [Note] Shutting down plugin 'INNODB_FT_INDEX_TABLE'
2021-04-18T09:07:45.005476Z 0 [Note] Shutting down plugin 'INNODB_FT_INDEX_CACHE'
2021-04-18T09:07:45.005478Z 0 [Note] Shutting down plugin 'INNODB_FT_CONFIG'
2021-04-18T09:07:45.005481Z 0 [Note] Shutting down plugin 'INNODB_FT_BEING_DELETED'
2021-04-18T09:07:45.005483Z 0 [Note] Shutting down plugin 'INNODB_FT_DELETED'
2021-04-18T09:07:45.005486Z 0 [Note] Shutting down plugin 'INNODB_FT_DEFAULT_STOPWORD'
2021-04-18T09:07:45.005488Z 0 [Note] Shutting down plugin 'INNODB_METRICS'
2021-04-18T09:07:45.005491Z 0 [Note] Shutting down plugin 'INNODB_TEMP_TABLE_INFO'
2021-04-18T09:07:45.005493Z 0 [Note] Shutting down plugin 'INNODB_BUFFER_POOL_STATS'
2021-04-18T09:07:45.005495Z 0 [Note] Shutting down plugin 'INNODB_BUFFER_PAGE_LRU'
2021-04-18T09:07:45.005498Z 0 [Note] Shutting down plugin 'INNODB_BUFFER_PAGE'
2021-04-18T09:07:45.005500Z 0 [Note] Shutting down plugin 'INNODB_CMP_PER_INDEX_RESET'
2021-04-18T09:07:45.005503Z 0 [Note] Shutting down plugin 'INNODB_CMP_PER_INDEX'
2021-04-18T09:07:45.005505Z 0 [Note] Shutting down plugin 'INNODB_CMPMEM_RESET'
2021-04-18T09:07:45.005508Z 0 [Note] Shutting down plugin 'INNODB_CMPMEM'
2021-04-18T09:07:45.005510Z 0 [Note] Shutting down plugin 'INNODB_CMP_RESET'
2021-04-18T09:07:45.005513Z 0 [Note] Shutting down plugin 'INNODB_CMP'
2021-04-18T09:07:45.005515Z 0 [Note] Shutting down plugin 'INNODB_LOCK_WAITS'
2021-04-18T09:07:45.005517Z 0 [Note] Shutting down plugin 'INNODB_LOCKS'
2021-04-18T09:07:45.005520Z 0 [Note] Shutting down plugin 'INNODB_TRX'
2021-04-18T09:07:45.005522Z 0 [Note] Shutting down plugin 'InnoDB'
2021-04-18T09:07:45.005579Z 0 [Note] InnoDB: FTS optimize thread exiting.
2021-04-18T09:07:45.007751Z 0 [Note] InnoDB: Starting shutdown...
2021-04-18T09:07:45.108284Z 0 [Note] InnoDB: Dumping buffer pool(s) to /var/lib/mysql/ib_buffer_pool
2021-04-18T09:07:45.109137Z 0 [Note] InnoDB: Buffer pool(s) dump completed at 210418  2:07:45
2021-04-18T09:07:46.128509Z 0 [Note] InnoDB: Shutdown completed; log sequence number 3453616
2021-04-18T09:07:46.130111Z 0 [Note] InnoDB: Removed temporary tablespace data file: "ibtmp1"
2021-04-18T09:07:46.130163Z 0 [Note] Shutting down plugin 'MEMORY'
2021-04-18T09:07:46.130173Z 0 [Note] Shutting down plugin 'CSV'
2021-04-18T09:07:46.130179Z 0 [Note] Shutting down plugin 'sha256_password'
2021-04-18T09:07:46.130182Z 0 [Note] Shutting down plugin 'mysql_native_password'
2021-04-18T09:07:46.130426Z 0 [Note] Shutting down plugin 'binlog'
2021-04-18T09:07:46.130733Z 0 [Note] /usr/sbin/mysqld: Shutdown complete

2021-04-18T09:07:46.433693Z 0 [Warning] option 'slow_query_log': boolean value '1.2' wasn't recognized. Set to OFF.
2021-04-18T09:07:46.433798Z 0 [Warning] TIMESTAMP with implicit DEFAULT value is deprecated. Please use --explicit_defaults_for_timestamp server option (see documentation for more details).
2021-04-18T09:07:46.435355Z 0 [Note] /usr/sbin/mysqld (mysqld 5.7.33-0ubuntu0.18.04.1) starting as process 22387 ...
2021-04-18T09:07:46.439402Z 0 [Note] InnoDB: PUNCH HOLE support available
2021-04-18T09:07:46.439471Z 0 [Note] InnoDB: Mutexes and rw_locks use GCC atomic builtins
2021-04-18T09:07:46.439480Z 0 [Note] InnoDB: Uses event mutexes
2021-04-18T09:07:46.439484Z 0 [Note] InnoDB: GCC builtin __atomic_thread_fence() is used for memory barrier
2021-04-18T09:07:46.439487Z 0 [Note] InnoDB: Compressed tables use zlib 1.2.11
2021-04-18T09:07:46.439491Z 0 [Note] InnoDB: Using Linux native AIO
2021-04-18T09:07:46.439755Z 0 [Note] InnoDB: Number of pools: 1
2021-04-18T09:07:46.439893Z 0 [Note] InnoDB: Using CPU crc32 instructions
2021-04-18T09:07:46.442122Z 0 [Note] InnoDB: Initializing buffer pool, total size = 128M, instances = 1, chunk size = 128M
2021-04-18T09:07:46.450838Z 0 [Note] InnoDB: Completed initialization of buffer pool
2021-04-18T09:07:46.454860Z 0 [Note] InnoDB: If the mysqld execution user is authorized, page cleaner thread priority can be changed. See the man page of setpriority().
2021-04-18T09:07:46.470266Z 0 [Note] InnoDB: Highest supported file format is Barracuda.
2021-04-18T09:07:46.483592Z 0 [Note] InnoDB: Creating shared tablespace for temporary tables
2021-04-18T09:07:46.483663Z 0 [Note] InnoDB: Setting file './ibtmp1' size to 12 MB. Physically writing the file full; Please wait ...
2021-04-18T09:07:46.504306Z 0 [Note] InnoDB: File './ibtmp1' size is now 12 MB.
2021-04-18T09:07:46.504947Z 0 [Note] InnoDB: 96 redo rollback segment(s) found. 96 redo rollback segment(s) are active.
2021-04-18T09:07:46.504961Z 0 [Note] InnoDB: 32 non-redo rollback segment(s) are active.
2021-04-18T09:07:46.505362Z 0 [Note] InnoDB: 5.7.33 started; log sequence number 3453616
2021-04-18T09:07:46.505502Z 0 [Note] InnoDB: Loading buffer pool(s) from /var/lib/mysql/ib_buffer_pool
2021-04-18T09:07:46.505689Z 0 [Note] Plugin 'FEDERATED' is disabled.
2021-04-18T09:07:46.506981Z 0 [Note] InnoDB: Buffer pool(s) load completed at 210418  2:07:46
2021-04-18T09:07:46.512327Z 0 [Note] Found ca.pem, server-cert.pem and server-key.pem in data directory. Trying to enable SSL support using them.
2021-04-18T09:07:46.512346Z 0 [Note] Skipping generation of SSL certificates as certificate files are present in data directory.
2021-04-18T09:07:46.512888Z 0 [Warning] CA certificate ca.pem is self signed.
2021-04-18T09:07:46.512918Z 0 [Note] Skipping generation of RSA key pair as key files are present in data directory.
2021-04-18T09:07:46.512971Z 0 [Note] Server hostname (bind-address): '127.0.0.1'; port: 3306
2021-04-18T09:07:46.512980Z 0 [Note]   - '127.0.0.1' resolves to '127.0.0.1';
2021-04-18T09:07:46.512996Z 0 [Note] Server socket created on IP: '127.0.0.1'.
2021-04-18T09:07:46.519400Z 0 [Note] Event Scheduler: Loaded 0 events
2021-04-18T09:07:46.519537Z 0 [Note] /usr/sbin/mysqld: ready for connections.
Version: '5.7.33-0ubuntu0.18.04.1'  socket: '/var/run/mysqld/mysqld.sock'  port: 3306  (Ubuntu)
