[rospy.client][INFO] 2021-05-18 12:51:46,456: init_node, name[/keyboard_teleop], pid[62531]
[xmlrpc][INFO] 2021-05-18 12:51:46,456: XML-RPC server binding to 0.0.0.0:0
[xmlrpc][INFO] 2021-05-18 12:51:46,457: Started XML-RPC server [http://ubuntu:41773/]
[rospy.impl.masterslave][INFO] 2021-05-18 12:51:46,457: _ready: http://ubuntu:41773/
[xmlrpc][INFO] 2021-05-18 12:51:46,458: xml rpc node: starting XML-RPC server
[rospy.registration][INFO] 2021-05-18 12:51:46,458: Registering with master node http://localhost:11311
[rospy.init][INFO] 2021-05-18 12:51:46,462: ROS Slave URI: [http://ubuntu:41773/]
[rospy.init][INFO] 2021-05-18 12:51:46,463: registered with master
[rospy.rosout][INFO] 2021-05-18 12:51:46,463: initializing /rosout core topic
[rospy.rosout][INFO] 2021-05-18 12:51:46,468: connected to core topic /rosout
[rospy.simtime][INFO] 2021-05-18 12:51:46,469: initializing /clock core topic
[rospy.simtime][INFO] 2021-05-18 12:51:46,473: connected to core topic /clock
[rospy.internal][INFO] 2021-05-18 12:51:46,798: topic[/rosout] adding connection to [/rosout], count 0
[rospy.internal][INFO] 2021-05-18 12:51:46,813: topic[/vesc/low_level/ackermann_cmd_mux/input/teleop] adding connection to [/vesc/low_level/ackermann_cmd_mux_nodelet_manager], count 0
[rospy.internal][INFO] 2021-05-18 12:51:49,760: topic[/clock] adding connection to [http://ubuntu:44607/], count 0
[rospy.core][INFO] 2021-05-18 12:54:54,552: signal_shutdown [shutdown]
[rospy.internal][INFO] 2021-05-18 12:54:54,555: topic[/vesc/low_level/ackermann_cmd_mux/input/teleop] removing connection to /vesc/low_level/ackermann_cmd_mux_nodelet_manager
[rospy.internal][INFO] 2021-05-18 12:54:54,555: topic[/rosout] removing connection to /rosout
[rospy.internal][INFO] 2021-05-18 12:54:54,556: topic[/clock] removing connection to http://ubuntu:44607/
[rospy.impl.masterslave][INFO] 2021-05-18 12:54:54,557: shutdown
[rospy.internal][WARNING] 2021-05-18 12:54:54,579: Unknown error initiating TCP/IP socket to ubuntu:47957 (http://ubuntu:44607/): Traceback (most recent call last):
  File "/opt/ros/melodic/lib/python2.7/dist-packages/rospy/impl/tcpros_base.py", line 563, in connect
    self.local_endpoint = self.socket.getsockname()
AttributeError: 'NoneType' object has no attribute 'getsockname'

[rospy.core][INFO] 2021-05-18 12:54:54,700: signal_shutdown [atexit]
