[rospy.client][INFO] 2021-05-18 12:51:46,376: init_node, name[/racecar/controller_manager], pid[62442]
[xmlrpc][INFO] 2021-05-18 12:51:46,377: XML-RPC server binding to 0.0.0.0:0
[xmlrpc][INFO] 2021-05-18 12:51:46,377: Started XML-RPC server [http://ubuntu:38091/]
[rospy.impl.masterslave][INFO] 2021-05-18 12:51:46,377: _ready: http://ubuntu:38091/
[rospy.registration][INFO] 2021-05-18 12:51:46,378: Registering with master node http://localhost:11311
[xmlrpc][INFO] 2021-05-18 12:51:46,380: xml rpc node: starting XML-RPC server
[rospy.init][INFO] 2021-05-18 12:51:46,381: ROS Slave URI: [http://ubuntu:38091/]
[rospy.init][INFO] 2021-05-18 12:51:46,381: registered with master
[rospy.rosout][INFO] 2021-05-18 12:51:46,381: initializing /rosout core topic
[rospy.rosout][INFO] 2021-05-18 12:51:46,390: connected to core topic /rosout
[rospy.simtime][INFO] 2021-05-18 12:51:46,393: initializing /clock core topic
[rospy.simtime][INFO] 2021-05-18 12:51:46,405: connected to core topic /clock
[rosout][INFO] 2021-05-18 12:51:46,411: Controller Spawner: Waiting for service controller_manager/load_controller
[rospy.internal][INFO] 2021-05-18 12:51:46,688: topic[/rosout] adding connection to [/rosout], count 0
[rospy.internal][INFO] 2021-05-18 12:51:49,760: topic[/clock] adding connection to [http://ubuntu:44607/], count 0
[rosout][INFO] 2021-05-18 12:51:51,638: Controller Spawner: Waiting for service controller_manager/switch_controller
[rosout][INFO] 2021-05-18 12:51:51,642: Controller Spawner: Waiting for service controller_manager/unload_controller
[rosout][INFO] 2021-05-18 12:51:51,645: Loading controller: left_rear_wheel_velocity_controller
[rosout][INFO] 2021-05-18 12:51:51,699: Loading controller: right_rear_wheel_velocity_controller
[rosout][INFO] 2021-05-18 12:51:51,753: Loading controller: left_front_wheel_velocity_controller
[rosout][INFO] 2021-05-18 12:51:51,867: Loading controller: right_front_wheel_velocity_controller
[rosout][INFO] 2021-05-18 12:51:51,959: Loading controller: left_steering_hinge_position_controller
[rosout][INFO] 2021-05-18 12:51:52,019: Loading controller: right_steering_hinge_position_controller
[rosout][INFO] 2021-05-18 12:51:52,074: Loading controller: joint_state_controller
[rosout][INFO] 2021-05-18 12:51:52,092: Controller Spawner: Loaded controllers: left_rear_wheel_velocity_controller, right_rear_wheel_velocity_controller, left_front_wheel_velocity_controller, right_front_wheel_velocity_controller, left_steering_hinge_position_controller, right_steering_hinge_position_controller, joint_state_controller
[rosout][INFO] 2021-05-18 12:51:52,104: Started controllers: left_rear_wheel_velocity_controller, right_rear_wheel_velocity_controller, left_front_wheel_velocity_controller, right_front_wheel_velocity_controller, left_steering_hinge_position_controller, right_steering_hinge_position_controller, joint_state_controller
[rospy.core][INFO] 2021-05-18 12:54:59,818: signal_shutdown [signal-2]
[rosout][INFO] 2021-05-18 12:54:59,819: Shutting down spawner. Stopping and unloading controllers...
[rosout][INFO] 2021-05-18 12:54:59,828: Stopping all controllers...
[rosout][INFO] 2021-05-18 12:54:59,878: Unloading all loaded controllers...
[rosout][INFO] 2021-05-18 12:54:59,883: Trying to unload joint_state_controller
[rospy.core][INFO] 2021-05-18 12:55:14,886: signal_shutdown [signal-15]
[rospy.internal][ERROR] 2021-05-18 12:55:14,886: Traceback (most recent call last):
  File "/opt/ros/melodic/lib/python2.7/dist-packages/rospy/impl/tcpros_base.py", line 737, in receive_once
    self.stat_bytes += recv_buff(sock, b, p.buff_size)
  File "/opt/ros/melodic/lib/python2.7/dist-packages/rospy/impl/tcpros_base.py", line 104, in recv_buff
    d = sock.recv(buff_size)
error: [Errno 4] Interrupted system call

[rosout][WARNING] 2021-05-18 12:55:14,887: Controller Spawner error while taking down controllers: transport error completing service call: receive_once[/racecar/controller_manager/unload_controller]: unexpected error [Errno 4] Interrupted system call
[rospy.internal][INFO] 2021-05-18 12:55:14,892: topic[/rosout] removing connection to /rosout
[rospy.internal][INFO] 2021-05-18 12:55:14,892: topic[/clock] removing connection to http://ubuntu:44607/
[rospy.impl.masterslave][INFO] 2021-05-18 12:55:14,893: signal-2
[rospy.core][INFO] 2021-05-18 12:55:15,027: signal_shutdown [atexit]
