[rospy.client][INFO] 2021-05-18 12:51:47,103: init_node, name[/racecar_spawn], pid[62441]
[xmlrpc][INFO] 2021-05-18 12:51:47,107: XML-RPC server binding to 0.0.0.0:0
[xmlrpc][INFO] 2021-05-18 12:51:47,108: Started XML-RPC server [http://ubuntu:36261/]
[rospy.impl.masterslave][INFO] 2021-05-18 12:51:47,108: _ready: http://ubuntu:36261/
[rospy.init][INFO] 2021-05-18 12:51:47,109: ROS Slave URI: [http://ubuntu:36261/]
[xmlrpc][INFO] 2021-05-18 12:51:47,110: xml rpc node: starting XML-RPC server
[rospy.registration][INFO] 2021-05-18 12:51:47,110: Registering with master node http://localhost:11311
[rospy.init][INFO] 2021-05-18 12:51:47,210: registered with master
[rospy.rosout][INFO] 2021-05-18 12:51:47,210: initializing /rosout core topic
[rospy.rosout][INFO] 2021-05-18 12:51:47,213: connected to core topic /rosout
[rospy.simtime][INFO] 2021-05-18 12:51:47,213: initializing /clock core topic
[rospy.simtime][INFO] 2021-05-18 12:51:47,215: connected to core topic /clock
[rosout][INFO] 2021-05-18 12:51:47,218: Loading model XML from ros parameter robot_description
[rosout][INFO] 2021-05-18 12:51:47,227: Waiting for service /gazebo/spawn_urdf_model
[rospy.internal][INFO] 2021-05-18 12:51:47,498: topic[/rosout] adding connection to [/rosout], count 0
[rospy.internal][INFO] 2021-05-18 12:51:49,791: topic[/clock] adding connection to [http://ubuntu:44607/], count 0
[rosout][INFO] 2021-05-18 12:51:49,830: Calling service /gazebo/spawn_urdf_model
[rosout][INFO] 2021-05-18 12:51:50,710: Spawn status: SpawnModel: Successfully spawned entity
[rospy.core][INFO] 2021-05-18 12:51:50,712: signal_shutdown [atexit]
[rospy.internal][INFO] 2021-05-18 12:51:50,713: topic[/rosout] removing connection to /rosout
[rospy.internal][INFO] 2021-05-18 12:51:50,714: topic[/clock] removing connection to http://ubuntu:44607/
[rospy.impl.masterslave][INFO] 2021-05-18 12:51:50,714: atexit
