[rospy.client][INFO] 2021-05-18 12:51:46,290: init_node, name[/servo_commands], pid[62444]
[xmlrpc][INFO] 2021-05-18 12:51:46,290: XML-RPC server binding to 0.0.0.0:0
[xmlrpc][INFO] 2021-05-18 12:51:46,290: Started XML-RPC server [http://ubuntu:38361/]
[rospy.impl.masterslave][INFO] 2021-05-18 12:51:46,290: _ready: http://ubuntu:38361/
[xmlrpc][INFO] 2021-05-18 12:51:46,291: xml rpc node: starting XML-RPC server
[rospy.init][INFO] 2021-05-18 12:51:46,291: ROS Slave URI: [http://ubuntu:38361/]
[rospy.registration][INFO] 2021-05-18 12:51:46,291: Registering with master node http://localhost:11311
[rospy.init][INFO] 2021-05-18 12:51:46,393: registered with master
[rospy.rosout][INFO] 2021-05-18 12:51:46,393: initializing /rosout core topic
[rospy.rosout][INFO] 2021-05-18 12:51:46,396: connected to core topic /rosout
[rospy.simtime][INFO] 2021-05-18 12:51:46,403: initializing /clock core topic
[rospy.simtime][INFO] 2021-05-18 12:51:46,409: connected to core topic /clock
[rospy.internal][INFO] 2021-05-18 12:51:46,438: topic[/vesc/low_level/ackermann_cmd_mux/output] adding connection to [http://ubuntu:36785/], count 0
[rospy.internal][INFO] 2021-05-18 12:51:46,689: topic[/rosout] adding connection to [/rosout], count 0
[rospy.internal][INFO] 2021-05-18 12:51:49,761: topic[/clock] adding connection to [http://ubuntu:44607/], count 0
[rospy.internal][INFO] 2021-05-18 12:51:51,859: topic[/racecar/left_rear_wheel_velocity_controller/command] adding connection to [/gazebo], count 0
[rospy.internal][INFO] 2021-05-18 12:51:51,964: topic[/racecar/right_rear_wheel_velocity_controller/command] adding connection to [/gazebo], count 0
[rospy.internal][INFO] 2021-05-18 12:51:52,067: topic[/racecar/left_front_wheel_velocity_controller/command] adding connection to [/gazebo], count 0
[rospy.internal][INFO] 2021-05-18 12:51:52,068: topic[/racecar/right_front_wheel_velocity_controller/command] adding connection to [/gazebo], count 0
[rospy.internal][INFO] 2021-05-18 12:51:52,181: topic[/racecar/left_steering_hinge_position_controller/command] adding connection to [/gazebo], count 0
[rospy.internal][INFO] 2021-05-18 12:51:52,365: topic[/racecar/right_steering_hinge_position_controller/command] adding connection to [/gazebo], count 0
[rospy.core][INFO] 2021-05-18 12:54:59,677: signal_shutdown [signal-2]
[rospy.internal][INFO] 2021-05-18 12:54:59,682: topic[/racecar/right_steering_hinge_position_controller/command] removing connection to /gazebo
[rospy.internal][INFO] 2021-05-18 12:54:59,683: topic[/racecar/left_rear_wheel_velocity_controller/command] removing connection to /gazebo
[rospy.internal][INFO] 2021-05-18 12:54:59,683: topic[/racecar/left_steering_hinge_position_controller/command] removing connection to /gazebo
[rospy.internal][INFO] 2021-05-18 12:54:59,683: topic[/racecar/right_rear_wheel_velocity_controller/command] removing connection to /gazebo
[rospy.internal][INFO] 2021-05-18 12:54:59,684: topic[/racecar/left_front_wheel_velocity_controller/command] removing connection to /gazebo
[rospy.internal][INFO] 2021-05-18 12:54:59,684: topic[/rosout] removing connection to /rosout
[rospy.internal][INFO] 2021-05-18 12:54:59,684: topic[/racecar/right_front_wheel_velocity_controller/command] removing connection to /gazebo
[rospy.internal][INFO] 2021-05-18 12:54:59,685: topic[/clock] removing connection to http://ubuntu:44607/
[rospy.internal][INFO] 2021-05-18 12:54:59,685: topic[/vesc/low_level/ackermann_cmd_mux/output] removing connection to http://ubuntu:36785/
[rospy.impl.masterslave][INFO] 2021-05-18 12:54:59,685: signal-2
[rospy.core][INFO] 2021-05-18 12:54:59,795: signal_shutdown [atexit]
