2021-04-15T07:45:38.624111Z 0 [Warning] TIMESTAMP with implicit DEFAULT value is deprecated. Please use --explicit_defaults_for_timestamp server option (see documentation for more details).
2021-04-15T07:45:38.652957Z 0 [Note] /usr/sbin/mysqld (mysqld 5.7.33-0ubuntu0.18.04.1) starting as process 7924 ...
2021-04-15T07:45:38.693598Z 0 [Note] InnoDB: PUNCH HOLE support available
2021-04-15T07:45:38.693734Z 0 [Note] InnoDB: Mutexes and rw_locks use GCC atomic builtins
2021-04-15T07:45:38.693742Z 0 [Note] InnoDB: Uses event mutexes
2021-04-15T07:45:38.693746Z 0 [Note] InnoDB: GCC builtin __atomic_thread_fence() is used for memory barrier
2021-04-15T07:45:38.693749Z 0 [Note] InnoDB: Compressed tables use zlib 1.2.11
2021-04-15T07:45:38.693752Z 0 [Note] InnoDB: Using Linux native AIO
2021-04-15T07:45:38.697270Z 0 [Note] InnoDB: Number of pools: 1
2021-04-15T07:45:38.707535Z 0 [Note] InnoDB: Using CPU crc32 instructions
2021-04-15T07:45:38.737568Z 0 [Note] InnoDB: Initializing buffer pool, total size = 128M, instances = 1, chunk size = 128M
2021-04-15T07:45:38.857509Z 0 [Note] InnoDB: Completed initialization of buffer pool
2021-04-15T07:45:38.894180Z 0 [Note] InnoDB: If the mysqld execution user is authorized, page cleaner thread priority can be changed. See the man page of setpriority().
2021-04-15T07:45:38.986373Z 0 [Note] InnoDB: Highest supported file format is Barracuda.
2021-04-15T07:45:39.228521Z 0 [Note] InnoDB: Creating shared tablespace for temporary tables
2021-04-15T07:45:39.228611Z 0 [Note] InnoDB: Setting file './ibtmp1' size to 12 MB. Physically writing the file full; Please wait ...
2021-04-15T07:45:39.546668Z 0 [Note] InnoDB: File './ibtmp1' size is now 12 MB.
2021-04-15T07:45:39.555278Z 0 [Note] InnoDB: 96 redo rollback segment(s) found. 96 redo rollback segment(s) are active.
2021-04-15T07:45:39.555324Z 0 [Note] InnoDB: 32 non-redo rollback segment(s) are active.
2021-04-15T07:45:39.559235Z 0 [Note] InnoDB: Waiting for purge to start
2021-04-15T07:45:39.610607Z 0 [Note] InnoDB: 5.7.33 started; log sequence number 3452819
2021-04-15T07:45:39.612066Z 0 [Note] InnoDB: Loading buffer pool(s) from /var/lib/mysql/ib_buffer_pool
2021-04-15T07:45:39.613110Z 0 [Note] Plugin 'FEDERATED' is disabled.
2021-04-15T07:45:39.830002Z 0 [Note] InnoDB: Buffer pool(s) load completed at 210415  0:45:39
2021-04-15T07:45:39.940111Z 0 [Note] Found ca.pem, server-cert.pem and server-key.pem in data directory. Trying to enable SSL support using them.
2021-04-15T07:45:39.940179Z 0 [Note] Skipping generation of SSL certificates as certificate files are present in data directory.
2021-04-15T07:45:39.954977Z 0 [Warning] CA certificate ca.pem is self signed.
2021-04-15T07:45:39.958275Z 0 [Note] Skipping generation of RSA key pair as key files are present in data directory.
2021-04-15T07:45:39.959048Z 0 [Note] Server hostname (bind-address): '127.0.0.1'; port: 3306
2021-04-15T07:45:39.959062Z 0 [Note]   - '127.0.0.1' resolves to '127.0.0.1';
2021-04-15T07:45:39.959081Z 0 [Note] Server socket created on IP: '127.0.0.1'.
2021-04-15T07:45:40.047974Z 0 [Note] Event Scheduler: Loaded 0 events
2021-04-15T07:45:40.050135Z 0 [Note] /usr/sbin/mysqld: ready for connections.
Version: '5.7.33-0ubuntu0.18.04.1'  socket: '/var/run/mysqld/mysqld.sock'  port: 3306  (Ubuntu)
2021-04-15T07:46:30.721679Z 0 [Note] Giving 0 client threads a chance to die gracefully
2021-04-15T07:46:30.721722Z 0 [Note] Shutting down slave threads
2021-04-15T07:46:30.721731Z 0 [Note] Forcefully disconnecting 0 remaining clients
2021-04-15T07:46:30.721738Z 0 [Note] Event Scheduler: Purging the queue. 0 events
2021-04-15T07:46:30.730604Z 0 [Note] Binlog end
2021-04-15T07:46:30.791787Z 0 [Note] Shutting down plugin 'auth_socket'
2021-04-15T07:46:30.791871Z 0 [Note] Shutting down plugin 'ngram'
2021-04-15T07:46:30.791882Z 0 [Note] Shutting down plugin 'partition'
2021-04-15T07:46:30.791887Z 0 [Note] Shutting down plugin 'BLACKHOLE'
2021-04-15T07:46:30.791891Z 0 [Note] Shutting down plugin 'ARCHIVE'
2021-04-15T07:46:30.791894Z 0 [Note] Shutting down plugin 'PERFORMANCE_SCHEMA'
2021-04-15T07:46:30.791915Z 0 [Note] Shutting down plugin 'MRG_MYISAM'
2021-04-15T07:46:30.791955Z 0 [Note] Shutting down plugin 'MyISAM'
2021-04-15T07:46:30.791964Z 0 [Note] Shutting down plugin 'INNODB_SYS_VIRTUAL'
2021-04-15T07:46:30.791967Z 0 [Note] Shutting down plugin 'INNODB_SYS_DATAFILES'
2021-04-15T07:46:30.791970Z 0 [Note] Shutting down plugin 'INNODB_SYS_TABLESPACES'
2021-04-15T07:46:30.791973Z 0 [Note] Shutting down plugin 'INNODB_SYS_FOREIGN_COLS'
2021-04-15T07:46:30.791975Z 0 [Note] Shutting down plugin 'INNODB_SYS_FOREIGN'
2021-04-15T07:46:30.791977Z 0 [Note] Shutting down plugin 'INNODB_SYS_FIELDS'
2021-04-15T07:46:30.791980Z 0 [Note] Shutting down plugin 'INNODB_SYS_COLUMNS'
2021-04-15T07:46:30.791982Z 0 [Note] Shutting down plugin 'INNODB_SYS_INDEXES'
2021-04-15T07:46:30.791985Z 0 [Note] Shutting down plugin 'INNODB_SYS_TABLESTATS'
2021-04-15T07:46:30.791987Z 0 [Note] Shutting down plugin 'INNODB_SYS_TABLES'
2021-04-15T07:46:30.791990Z 0 [Note] Shutting down plugin 'INNODB_FT_INDEX_TABLE'
2021-04-15T07:46:30.791992Z 0 [Note] Shutting down plugin 'INNODB_FT_INDEX_CACHE'
2021-04-15T07:46:30.791995Z 0 [Note] Shutting down plugin 'INNODB_FT_CONFIG'
2021-04-15T07:46:30.791997Z 0 [Note] Shutting down plugin 'INNODB_FT_BEING_DELETED'
2021-04-15T07:46:30.792000Z 0 [Note] Shutting down plugin 'INNODB_FT_DELETED'
2021-04-15T07:46:30.792002Z 0 [Note] Shutting down plugin 'INNODB_FT_DEFAULT_STOPWORD'
2021-04-15T07:46:30.792004Z 0 [Note] Shutting down plugin 'INNODB_METRICS'
2021-04-15T07:46:30.792007Z 0 [Note] Shutting down plugin 'INNODB_TEMP_TABLE_INFO'
2021-04-15T07:46:30.792009Z 0 [Note] Shutting down plugin 'INNODB_BUFFER_POOL_STATS'
2021-04-15T07:46:30.792012Z 0 [Note] Shutting down plugin 'INNODB_BUFFER_PAGE_LRU'
2021-04-15T07:46:30.792014Z 0 [Note] Shutting down plugin 'INNODB_BUFFER_PAGE'
2021-04-15T07:46:30.792017Z 0 [Note] Shutting down plugin 'INNODB_CMP_PER_INDEX_RESET'
2021-04-15T07:46:30.792019Z 0 [Note] Shutting down plugin 'INNODB_CMP_PER_INDEX'
2021-04-15T07:46:30.792021Z 0 [Note] Shutting down plugin 'INNODB_CMPMEM_RESET'
2021-04-15T07:46:30.792024Z 0 [Note] Shutting down plugin 'INNODB_CMPMEM'
2021-04-15T07:46:30.792026Z 0 [Note] Shutting down plugin 'INNODB_CMP_RESET'
2021-04-15T07:46:30.792029Z 0 [Note] Shutting down plugin 'INNODB_CMP'
2021-04-15T07:46:30.792031Z 0 [Note] Shutting down plugin 'INNODB_LOCK_WAITS'
2021-04-15T07:46:30.792033Z 0 [Note] Shutting down plugin 'INNODB_LOCKS'
2021-04-15T07:46:30.792036Z 0 [Note] Shutting down plugin 'INNODB_TRX'
2021-04-15T07:46:30.792038Z 0 [Note] Shutting down plugin 'InnoDB'
2021-04-15T07:46:30.792098Z 0 [Note] InnoDB: FTS optimize thread exiting.
2021-04-15T07:46:30.793078Z 0 [Note] InnoDB: Starting shutdown...
2021-04-15T07:46:30.894253Z 0 [Note] InnoDB: Dumping buffer pool(s) to /var/lib/mysql/ib_buffer_pool
2021-04-15T07:46:30.899259Z 0 [Note] InnoDB: Buffer pool(s) dump completed at 210415  0:46:30
2021-04-15T07:46:32.534478Z 0 [Note] InnoDB: Shutdown completed; log sequence number 3452847
2021-04-15T07:46:32.538264Z 0 [Note] InnoDB: Removed temporary tablespace data file: "ibtmp1"
2021-04-15T07:46:32.538383Z 0 [Note] Shutting down plugin 'MEMORY'
2021-04-15T07:46:32.538426Z 0 [Note] Shutting down plugin 'CSV'
2021-04-15T07:46:32.538445Z 0 [Note] Shutting down plugin 'sha256_password'
2021-04-15T07:46:32.538453Z 0 [Note] Shutting down plugin 'mysql_native_password'
2021-04-15T07:46:32.538743Z 0 [Note] Shutting down plugin 'binlog'
2021-04-15T07:46:32.539321Z 0 [Note] /usr/sbin/mysqld: Shutdown complete

2021-04-15T07:46:32.949388Z 0 [Warning] option 'max_connections': unsigned value 0 adjusted to 1
2021-04-15T07:46:36.435116Z 0 [Warning] TIMESTAMP with implicit DEFAULT value is deprecated. Please use --explicit_defaults_for_timestamp server option (see documentation for more details).
2021-04-15T07:46:36.533523Z 0 [Note] /usr/sbin/mysqld (mysqld 5.7.33-0ubuntu0.18.04.1) starting as process 7978 ...
2021-04-15T07:46:36.651105Z 0 [Note] InnoDB: PUNCH HOLE support available
2021-04-15T07:46:36.651463Z 0 [Note] InnoDB: Mutexes and rw_locks use GCC atomic builtins
2021-04-15T07:46:36.651534Z 0 [Note] InnoDB: Uses event mutexes
2021-04-15T07:46:36.651541Z 0 [Note] InnoDB: GCC builtin __atomic_thread_fence() is used for memory barrier
2021-04-15T07:46:36.651545Z 0 [Note] InnoDB: Compressed tables use zlib 1.2.11
2021-04-15T07:46:36.651549Z 0 [Note] InnoDB: Using Linux native AIO
2021-04-15T07:46:36.656561Z 0 [Note] InnoDB: Number of pools: 1
2021-04-15T07:46:36.660281Z 0 [Note] InnoDB: Using CPU crc32 instructions
2021-04-15T07:46:36.731635Z 0 [Note] InnoDB: Initializing buffer pool, total size = 128M, instances = 1, chunk size = 128M
2021-04-15T07:46:37.060173Z 0 [Note] InnoDB: Completed initialization of buffer pool
2021-04-15T07:46:37.185742Z 0 [Note] InnoDB: If the mysqld execution user is authorized, page cleaner thread priority can be changed. See the man page of setpriority().
2021-04-15T07:46:37.331685Z 0 [Note] InnoDB: Highest supported file format is Barracuda.
2021-04-15T07:46:37.548846Z 0 [Note] InnoDB: Creating shared tablespace for temporary tables
2021-04-15T07:46:37.548934Z 0 [Note] InnoDB: Setting file './ibtmp1' size to 12 MB. Physically writing the file full; Please wait ...
2021-04-15T07:46:37.570564Z 0 [Note] InnoDB: File './ibtmp1' size is now 12 MB.
2021-04-15T07:46:37.571150Z 0 [Note] InnoDB: 96 redo rollback segment(s) found. 96 redo rollback segment(s) are active.
2021-04-15T07:46:37.571162Z 0 [Note] InnoDB: 32 non-redo rollback segment(s) are active.
2021-04-15T07:46:37.571714Z 0 [Note] InnoDB: Waiting for purge to start
2021-04-15T07:46:37.622357Z 0 [Note] InnoDB: 5.7.33 started; log sequence number 3452847
2021-04-15T07:46:37.623428Z 0 [Note] InnoDB: Loading buffer pool(s) from /var/lib/mysql/ib_buffer_pool
2021-04-15T07:46:37.623511Z 0 [Note] Plugin 'FEDERATED' is disabled.
2021-04-15T07:46:37.624744Z 0 [Note] InnoDB: Buffer pool(s) load completed at 210415  0:46:37
2021-04-15T07:46:37.629707Z 0 [Note] Found ca.pem, server-cert.pem and server-key.pem in data directory. Trying to enable SSL support using them.
2021-04-15T07:46:37.629725Z 0 [Note] Skipping generation of SSL certificates as certificate files are present in data directory.
2021-04-15T07:46:37.630760Z 0 [Warning] CA certificate ca.pem is self signed.
2021-04-15T07:46:37.630802Z 0 [Note] Skipping generation of RSA key pair as key files are present in data directory.
2021-04-15T07:46:37.630866Z 0 [Note] Server hostname (bind-address): '127.0.0.1'; port: 3306
2021-04-15T07:46:37.630876Z 0 [Note]   - '127.0.0.1' resolves to '127.0.0.1';
2021-04-15T07:46:37.630896Z 0 [Note] Server socket created on IP: '127.0.0.1'.
2021-04-15T07:46:37.637322Z 0 [Note] Event Scheduler: Loaded 0 events
2021-04-15T07:46:37.638207Z 0 [Note] /usr/sbin/mysqld: ready for connections.
Version: '5.7.33-0ubuntu0.18.04.1'  socket: '/var/run/mysqld/mysqld.sock'  port: 3306  (Ubuntu)
