[rospy.client][INFO] 2021-05-18 16:22:19,956: init_node, name[/keyboard_teleop], pid[93748]
[xmlrpc][INFO] 2021-05-18 16:22:19,959: XML-RPC server binding to 0.0.0.0:0
[xmlrpc][INFO] 2021-05-18 16:22:19,960: Started XML-RPC server [http://ubuntu:34005/]
[rospy.impl.masterslave][INFO] 2021-05-18 16:22:19,960: _ready: http://ubuntu:34005/
[rospy.init][INFO] 2021-05-18 16:22:19,960: ROS Slave URI: [http://ubuntu:34005/]
[rospy.registration][INFO] 2021-05-18 16:22:19,961: Registering with master node http://localhost:11311
[xmlrpc][INFO] 2021-05-18 16:22:19,963: xml rpc node: starting XML-RPC server
[rospy.init][INFO] 2021-05-18 16:22:20,061: registered with master
[rospy.rosout][INFO] 2021-05-18 16:22:20,061: initializing /rosout core topic
[rospy.rosout][INFO] 2021-05-18 16:22:20,072: connected to core topic /rosout
[rospy.simtime][INFO] 2021-05-18 16:22:20,073: initializing /clock core topic
[rospy.simtime][INFO] 2021-05-18 16:22:20,076: connected to core topic /clock
[rospy.internal][INFO] 2021-05-18 16:22:20,318: topic[/vesc/low_level/ackermann_cmd_mux/input/teleop] adding connection to [/vesc/low_level/ackermann_cmd_mux_nodelet_manager], count 0
[rospy.internal][INFO] 2021-05-18 16:22:20,319: topic[/rosout] adding connection to [/rosout], count 0
[rospy.internal][INFO] 2021-05-18 16:22:22,716: topic[/clock] adding connection to [http://ubuntu:44103/], count 0
[rospy.internal][INFO] 2021-05-18 16:22:38,227: topic[/vesc/low_level/ackermann_cmd_mux/input/teleop] removing connection to /vesc/low_level/ackermann_cmd_mux_nodelet_manager
[rospy.core][INFO] 2021-05-18 16:22:39,526: signal_shutdown [shutdown]
[rospy.internal][INFO] 2021-05-18 16:22:39,528: topic[/rosout] removing connection to /rosout
[rospy.internal][INFO] 2021-05-18 16:22:39,529: topic[/clock] removing connection to http://ubuntu:44103/
[rospy.impl.masterslave][INFO] 2021-05-18 16:22:39,529: shutdown
[rospy.core][INFO] 2021-05-18 16:22:39,673: signal_shutdown [atexit]
