[rospy.client][INFO] 2021-05-18 16:22:19,665: init_node, name[/racecar/controller_manager], pid[93686]
[xmlrpc][INFO] 2021-05-18 16:22:19,666: XML-RPC server binding to 0.0.0.0:0
[xmlrpc][INFO] 2021-05-18 16:22:19,666: Started XML-RPC server [http://ubuntu:40357/]
[rospy.impl.masterslave][INFO] 2021-05-18 16:22:19,666: _ready: http://ubuntu:40357/
[rospy.init][INFO] 2021-05-18 16:22:19,673: ROS Slave URI: [http://ubuntu:40357/]
[xmlrpc][INFO] 2021-05-18 16:22:19,674: xml rpc node: starting XML-RPC server
[rospy.registration][INFO] 2021-05-18 16:22:19,684: Registering with master node http://localhost:11311
[rospy.init][INFO] 2021-05-18 16:22:19,774: registered with master
[rospy.rosout][INFO] 2021-05-18 16:22:19,774: initializing /rosout core topic
[rospy.rosout][INFO] 2021-05-18 16:22:19,776: connected to core topic /rosout
[rospy.simtime][INFO] 2021-05-18 16:22:19,777: initializing /clock core topic
[rospy.simtime][INFO] 2021-05-18 16:22:19,779: connected to core topic /clock
[rosout][INFO] 2021-05-18 16:22:19,787: Controller Spawner: Waiting for service controller_manager/load_controller
[rospy.internal][INFO] 2021-05-18 16:22:19,949: topic[/rosout] adding connection to [/rosout], count 0
[rospy.internal][INFO] 2021-05-18 16:22:22,751: topic[/clock] adding connection to [http://ubuntu:44103/], count 0
[rosout][INFO] 2021-05-18 16:22:24,385: Controller Spawner: Waiting for service controller_manager/switch_controller
[rosout][INFO] 2021-05-18 16:22:24,388: Controller Spawner: Waiting for service controller_manager/unload_controller
[rosout][INFO] 2021-05-18 16:22:24,391: Loading controller: left_rear_wheel_velocity_controller
[rosout][INFO] 2021-05-18 16:22:24,474: Loading controller: right_rear_wheel_velocity_controller
[rosout][INFO] 2021-05-18 16:22:24,566: Loading controller: left_front_wheel_velocity_controller
[rosout][INFO] 2021-05-18 16:22:24,657: Loading controller: right_front_wheel_velocity_controller
[rosout][INFO] 2021-05-18 16:22:24,791: Loading controller: left_steering_hinge_position_controller
[rosout][INFO] 2021-05-18 16:22:24,904: Loading controller: right_steering_hinge_position_controller
[rosout][INFO] 2021-05-18 16:22:24,974: Loading controller: joint_state_controller
[rosout][INFO] 2021-05-18 16:22:24,987: Controller Spawner: Loaded controllers: left_rear_wheel_velocity_controller, right_rear_wheel_velocity_controller, left_front_wheel_velocity_controller, right_front_wheel_velocity_controller, left_steering_hinge_position_controller, right_steering_hinge_position_controller, joint_state_controller
[rosout][INFO] 2021-05-18 16:22:24,994: Started controllers: left_rear_wheel_velocity_controller, right_rear_wheel_velocity_controller, left_front_wheel_velocity_controller, right_front_wheel_velocity_controller, left_steering_hinge_position_controller, right_steering_hinge_position_controller, joint_state_controller
[rospy.core][INFO] 2021-05-18 16:22:38,068: signal_shutdown [signal-2]
[rosout][INFO] 2021-05-18 16:22:38,068: Shutting down spawner. Stopping and unloading controllers...
[rosout][INFO] 2021-05-18 16:22:38,071: Stopping all controllers...
[rosout][INFO] 2021-05-18 16:22:38,079: Unloading all loaded controllers...
[rosout][INFO] 2021-05-18 16:22:38,081: Trying to unload joint_state_controller
[rosout][INFO] 2021-05-18 16:22:38,098: Succeeded in unloading joint_state_controller
[rosout][INFO] 2021-05-18 16:22:38,100: Trying to unload right_steering_hinge_position_controller
[rosout][INFO] 2021-05-18 16:22:38,132: Succeeded in unloading right_steering_hinge_position_controller
[rosout][INFO] 2021-05-18 16:22:38,137: Trying to unload left_steering_hinge_position_controller
[rosout][INFO] 2021-05-18 16:22:38,154: Succeeded in unloading left_steering_hinge_position_controller
[rosout][INFO] 2021-05-18 16:22:38,156: Trying to unload right_front_wheel_velocity_controller
[rospy.core][INFO] 2021-05-18 16:22:53,155: signal_shutdown [signal-15]
[rospy.internal][ERROR] 2021-05-18 16:22:53,156: Traceback (most recent call last):
  File "/opt/ros/melodic/lib/python2.7/dist-packages/rospy/impl/tcpros_base.py", line 737, in receive_once
    self.stat_bytes += recv_buff(sock, b, p.buff_size)
  File "/opt/ros/melodic/lib/python2.7/dist-packages/rospy/impl/tcpros_base.py", line 104, in recv_buff
    d = sock.recv(buff_size)
error: [Errno 4] Interrupted system call

[rosout][WARNING] 2021-05-18 16:22:53,156: Controller Spawner error while taking down controllers: transport error completing service call: receive_once[/racecar/controller_manager/unload_controller]: unexpected error [Errno 4] Interrupted system call
[rospy.internal][INFO] 2021-05-18 16:22:53,161: topic[/rosout] removing connection to /rosout
[rospy.internal][INFO] 2021-05-18 16:22:53,162: topic[/clock] removing connection to http://ubuntu:44103/
[rospy.impl.masterslave][INFO] 2021-05-18 16:22:53,163: signal-2
[rospy.core][INFO] 2021-05-18 16:22:53,296: signal_shutdown [atexit]
