[rospy.client][INFO] 2021-05-18 16:22:20,375: init_node, name[/racecar_spawn], pid[93685]
[xmlrpc][INFO] 2021-05-18 16:22:20,375: XML-RPC server binding to 0.0.0.0:0
[rospy.init][INFO] 2021-05-18 16:22:20,376: ROS Slave URI: [http://ubuntu:40633/]
[xmlrpc][INFO] 2021-05-18 16:22:20,376: Started XML-RPC server [http://ubuntu:40633/]
[rospy.impl.masterslave][INFO] 2021-05-18 16:22:20,376: _ready: http://ubuntu:40633/
[xmlrpc][INFO] 2021-05-18 16:22:20,377: xml rpc node: starting XML-RPC server
[rospy.registration][INFO] 2021-05-18 16:22:20,377: Registering with master node http://localhost:11311
[rospy.init][INFO] 2021-05-18 16:22:20,477: registered with master
[rospy.rosout][INFO] 2021-05-18 16:22:20,477: initializing /rosout core topic
[rospy.rosout][INFO] 2021-05-18 16:22:20,479: connected to core topic /rosout
[rospy.simtime][INFO] 2021-05-18 16:22:20,480: initializing /clock core topic
[rospy.simtime][INFO] 2021-05-18 16:22:20,481: connected to core topic /clock
[rosout][INFO] 2021-05-18 16:22:20,484: Loading model XML from ros parameter robot_description
[rosout][INFO] 2021-05-18 16:22:20,492: Waiting for service /gazebo/spawn_urdf_model
[rospy.internal][INFO] 2021-05-18 16:22:20,622: topic[/rosout] adding connection to [/rosout], count 0
[rospy.internal][INFO] 2021-05-18 16:22:22,749: topic[/clock] adding connection to [http://ubuntu:44103/], count 0
[rosout][INFO] 2021-05-18 16:22:22,911: Calling service /gazebo/spawn_urdf_model
[rosout][INFO] 2021-05-18 16:22:23,500: Spawn status: SpawnModel: Successfully spawned entity
[rospy.core][INFO] 2021-05-18 16:22:23,502: signal_shutdown [atexit]
[rospy.internal][INFO] 2021-05-18 16:22:23,505: topic[/rosout] removing connection to /rosout
[rospy.internal][INFO] 2021-05-18 16:22:23,506: topic[/clock] removing connection to http://ubuntu:44103/
[rospy.impl.masterslave][INFO] 2021-05-18 16:22:23,506: atexit
